[0.013s] Invoking command in '/home/nash/PycharmProjects/Celestial_Robot/celeste/build/celeste_interfaces': CMAKE_PREFIX_PATH=/opt/ros/humble /usr/bin/cmake --build /home/nash/PycharmProjects/Celestial_Robot/celeste/build/celeste_interfaces -- -j4 -l4
[0.065s] [35m[1mConsolidate compiler generated dependencies of target celeste_interfaces__rosidl_generator_c[0m
[0.083s] [  3%] Built target celeste_interfaces__cpp
[0.086s] [ 12%] Built target celeste_interfaces__rosidl_generator_c
[0.105s] [ 12%] Built target ament_cmake_python_copy_celeste_interfaces
[0.106s] [35m[1mConsolidate compiler generated dependencies of target celeste_interfaces__rosidl_typesupport_fastrtps_cpp[0m
[0.107s] [35m[1mConsolidate compiler generated dependencies of target celeste_interfaces__rosidl_typesupport_cpp[0m
[0.112s] [35m[1mConsolidate compiler generated dependencies of target celeste_interfaces__rosidl_typesupport_introspection_cpp[0m
[0.125s] [35m[1mConsolidate compiler generated dependencies of target celeste_interfaces__rosidl_typesupport_fastrtps_c[0m
[0.135s] [ 22%] Built target celeste_interfaces__rosidl_typesupport_fastrtps_cpp
[0.144s] [ 32%] Built target celeste_interfaces__rosidl_typesupport_cpp
[0.151s] [ 41%] Built target celeste_interfaces__rosidl_typesupport_introspection_cpp
[0.154s] [ 51%] Built target celeste_interfaces__rosidl_typesupport_fastrtps_c
[0.169s] [35m[1mConsolidate compiler generated dependencies of target celeste_interfaces__rosidl_typesupport_introspection_c[0m
[0.170s] [35m[1mConsolidate compiler generated dependencies of target celeste_interfaces__rosidl_typesupport_c[0m
[0.191s] [ 61%] Built target celeste_interfaces__rosidl_typesupport_introspection_c
[0.197s] [ 70%] Built target celeste_interfaces__rosidl_typesupport_c
[0.235s] [ 70%] Built target celeste_interfaces
[0.265s] [ 74%] Built target celeste_interfaces__py
[0.279s] [35m[1mConsolidate compiler generated dependencies of target celeste_interfaces__rosidl_generator_py[0m
[0.298s] [ 80%] Built target celeste_interfaces__rosidl_generator_py
[0.317s] [35m[1mConsolidate compiler generated dependencies of target celeste_interfaces__rosidl_typesupport_fastrtps_c__pyext[0m
[0.317s] [35m[1mConsolidate compiler generated dependencies of target celeste_interfaces__rosidl_typesupport_introspection_c__pyext[0m
[0.318s] [35m[1mConsolidate compiler generated dependencies of target celeste_interfaces__rosidl_typesupport_c__pyext[0m
[0.343s] [ 87%] Built target celeste_interfaces__rosidl_typesupport_fastrtps_c__pyext
[0.344s] [ 93%] Built target celeste_interfaces__rosidl_typesupport_introspection_c__pyext
[0.351s] [100%] Built target celeste_interfaces__rosidl_typesupport_c__pyext
[0.535s] running egg_info
[0.536s] writing celeste_interfaces.egg-info/PKG-INFO
[0.537s] writing dependency_links to celeste_interfaces.egg-info/dependency_links.txt
[0.537s] writing top-level names to celeste_interfaces.egg-info/top_level.txt
[0.539s] reading manifest file 'celeste_interfaces.egg-info/SOURCES.txt'
[0.540s] writing manifest file 'celeste_interfaces.egg-info/SOURCES.txt'
[0.570s] [100%] Built target ament_cmake_python_build_celeste_interfaces_egg
[0.583s] Invoked command in '/home/nash/PycharmProjects/Celestial_Robot/celeste/build/celeste_interfaces' returned '0': CMAKE_PREFIX_PATH=/opt/ros/humble /usr/bin/cmake --build /home/nash/PycharmProjects/Celestial_Robot/celeste/build/celeste_interfaces -- -j4 -l4
[0.680s] Invoking command in '/home/nash/PycharmProjects/Celestial_Robot/celeste/build/celeste_interfaces': CMAKE_PREFIX_PATH=/opt/ros/humble /usr/bin/cmake --install /home/nash/PycharmProjects/Celestial_Robot/celeste/build/celeste_interfaces
[0.690s] -- Install configuration: ""
[0.691s] -- Up-to-date: /home/nash/PycharmProjects/Celestial_Robot/celeste/install/celeste_interfaces/share/ament_index/resource_index/rosidl_interfaces/celeste_interfaces
[0.691s] -- Up-to-date: /home/nash/PycharmProjects/Celestial_Robot/celeste/install/celeste_interfaces/include/celeste_interfaces/celeste_interfaces
[0.691s] -- Up-to-date: /home/nash/PycharmProjects/Celestial_Robot/celeste/install/celeste_interfaces/include/celeste_interfaces/celeste_interfaces/action
[0.691s] -- Up-to-date: /home/nash/PycharmProjects/Celestial_Robot/celeste/install/celeste_interfaces/include/celeste_interfaces/celeste_interfaces/action/return.h
[0.691s] -- Up-to-date: /home/nash/PycharmProjects/Celestial_Robot/celeste/install/celeste_interfaces/include/celeste_interfaces/celeste_interfaces/action/detail
[0.692s] -- Up-to-date: /home/nash/PycharmProjects/Celestial_Robot/celeste/install/celeste_interfaces/include/celeste_interfaces/celeste_interfaces/action/detail/return__type_support.h
[0.692s] -- Up-to-date: /home/nash/PycharmProjects/Celestial_Robot/celeste/install/celeste_interfaces/include/celeste_interfaces/celeste_interfaces/action/detail/return__functions.c
[0.692s] -- Up-to-date: /home/nash/PycharmProjects/Celestial_Robot/celeste/install/celeste_interfaces/include/celeste_interfaces/celeste_interfaces/action/detail/return__struct.h
[0.692s] -- Up-to-date: /home/nash/PycharmProjects/Celestial_Robot/celeste/install/celeste_interfaces/include/celeste_interfaces/celeste_interfaces/action/detail/return__functions.h
[0.692s] -- Up-to-date: /home/nash/PycharmProjects/Celestial_Robot/celeste/install/celeste_interfaces/include/celeste_interfaces/celeste_interfaces/msg
[0.693s] -- Up-to-date: /home/nash/PycharmProjects/Celestial_Robot/celeste/install/celeste_interfaces/include/celeste_interfaces/celeste_interfaces/msg/rosidl_generator_c__visibility_control.h
[0.693s] -- Up-to-date: /home/nash/PycharmProjects/Celestial_Robot/celeste/install/celeste_interfaces/share/celeste_interfaces/environment/library_path.sh
[0.693s] -- Up-to-date: /home/nash/PycharmProjects/Celestial_Robot/celeste/install/celeste_interfaces/share/celeste_interfaces/environment/library_path.dsv
[0.693s] -- Up-to-date: /home/nash/PycharmProjects/Celestial_Robot/celeste/install/celeste_interfaces/lib/libceleste_interfaces__rosidl_generator_c.so
[0.693s] -- Up-to-date: /home/nash/PycharmProjects/Celestial_Robot/celeste/install/celeste_interfaces/include/celeste_interfaces/celeste_interfaces
[0.693s] -- Up-to-date: /home/nash/PycharmProjects/Celestial_Robot/celeste/install/celeste_interfaces/include/celeste_interfaces/celeste_interfaces/action
[0.694s] -- Up-to-date: /home/nash/PycharmProjects/Celestial_Robot/celeste/install/celeste_interfaces/include/celeste_interfaces/celeste_interfaces/action/detail
[0.694s] -- Up-to-date: /home/nash/PycharmProjects/Celestial_Robot/celeste/install/celeste_interfaces/include/celeste_interfaces/celeste_interfaces/action/detail/return__rosidl_typesupport_fastrtps_c.h
[0.694s] -- Up-to-date: /home/nash/PycharmProjects/Celestial_Robot/celeste/install/celeste_interfaces/include/celeste_interfaces/celeste_interfaces/msg
[0.694s] -- Up-to-date: /home/nash/PycharmProjects/Celestial_Robot/celeste/install/celeste_interfaces/include/celeste_interfaces/celeste_interfaces/msg/rosidl_typesupport_fastrtps_c__visibility_control.h
[0.695s] -- Up-to-date: /home/nash/PycharmProjects/Celestial_Robot/celeste/install/celeste_interfaces/lib/libceleste_interfaces__rosidl_typesupport_fastrtps_c.so
[0.695s] -- Up-to-date: /home/nash/PycharmProjects/Celestial_Robot/celeste/install/celeste_interfaces/include/celeste_interfaces/celeste_interfaces
[0.695s] -- Up-to-date: /home/nash/PycharmProjects/Celestial_Robot/celeste/install/celeste_interfaces/include/celeste_interfaces/celeste_interfaces/action
[0.695s] -- Up-to-date: /home/nash/PycharmProjects/Celestial_Robot/celeste/install/celeste_interfaces/include/celeste_interfaces/celeste_interfaces/action/detail
[0.695s] -- Up-to-date: /home/nash/PycharmProjects/Celestial_Robot/celeste/install/celeste_interfaces/include/celeste_interfaces/celeste_interfaces/action/detail/return__rosidl_typesupport_introspection_c.h
[0.695s] -- Up-to-date: /home/nash/PycharmProjects/Celestial_Robot/celeste/install/celeste_interfaces/include/celeste_interfaces/celeste_interfaces/action/detail/return__type_support.c
[0.696s] -- Up-to-date: /home/nash/PycharmProjects/Celestial_Robot/celeste/install/celeste_interfaces/include/celeste_interfaces/celeste_interfaces/msg
[0.696s] -- Up-to-date: /home/nash/PycharmProjects/Celestial_Robot/celeste/install/celeste_interfaces/include/celeste_interfaces/celeste_interfaces/msg/rosidl_typesupport_introspection_c__visibility_control.h
[0.696s] -- Up-to-date: /home/nash/PycharmProjects/Celestial_Robot/celeste/install/celeste_interfaces/lib/libceleste_interfaces__rosidl_typesupport_introspection_c.so
[0.696s] -- Up-to-date: /home/nash/PycharmProjects/Celestial_Robot/celeste/install/celeste_interfaces/lib/libceleste_interfaces__rosidl_typesupport_c.so
[0.696s] -- Up-to-date: /home/nash/PycharmProjects/Celestial_Robot/celeste/install/celeste_interfaces/include/celeste_interfaces/celeste_interfaces
[0.697s] -- Up-to-date: /home/nash/PycharmProjects/Celestial_Robot/celeste/install/celeste_interfaces/include/celeste_interfaces/celeste_interfaces/action
[0.697s] -- Up-to-date: /home/nash/PycharmProjects/Celestial_Robot/celeste/install/celeste_interfaces/include/celeste_interfaces/celeste_interfaces/action/detail
[0.697s] -- Up-to-date: /home/nash/PycharmProjects/Celestial_Robot/celeste/install/celeste_interfaces/include/celeste_interfaces/celeste_interfaces/action/detail/return__builder.hpp
[0.697s] -- Up-to-date: /home/nash/PycharmProjects/Celestial_Robot/celeste/install/celeste_interfaces/include/celeste_interfaces/celeste_interfaces/action/detail/return__traits.hpp
[0.698s] -- Up-to-date: /home/nash/PycharmProjects/Celestial_Robot/celeste/install/celeste_interfaces/include/celeste_interfaces/celeste_interfaces/action/detail/return__struct.hpp
[0.698s] -- Up-to-date: /home/nash/PycharmProjects/Celestial_Robot/celeste/install/celeste_interfaces/include/celeste_interfaces/celeste_interfaces/action/return.hpp
[0.698s] -- Up-to-date: /home/nash/PycharmProjects/Celestial_Robot/celeste/install/celeste_interfaces/include/celeste_interfaces/celeste_interfaces
[0.698s] -- Up-to-date: /home/nash/PycharmProjects/Celestial_Robot/celeste/install/celeste_interfaces/include/celeste_interfaces/celeste_interfaces/action
[0.698s] -- Up-to-date: /home/nash/PycharmProjects/Celestial_Robot/celeste/install/celeste_interfaces/include/celeste_interfaces/celeste_interfaces/action/detail
[0.699s] -- Up-to-date: /home/nash/PycharmProjects/Celestial_Robot/celeste/install/celeste_interfaces/include/celeste_interfaces/celeste_interfaces/action/detail/return__rosidl_typesupport_fastrtps_cpp.hpp
[0.699s] -- Up-to-date: /home/nash/PycharmProjects/Celestial_Robot/celeste/install/celeste_interfaces/include/celeste_interfaces/celeste_interfaces/action/detail/dds_fastrtps
[0.699s] -- Up-to-date: /home/nash/PycharmProjects/Celestial_Robot/celeste/install/celeste_interfaces/include/celeste_interfaces/celeste_interfaces/msg
[0.699s] -- Up-to-date: /home/nash/PycharmProjects/Celestial_Robot/celeste/install/celeste_interfaces/include/celeste_interfaces/celeste_interfaces/msg/rosidl_typesupport_fastrtps_cpp__visibility_control.h
[0.700s] -- Up-to-date: /home/nash/PycharmProjects/Celestial_Robot/celeste/install/celeste_interfaces/lib/libceleste_interfaces__rosidl_typesupport_fastrtps_cpp.so
[0.700s] -- Up-to-date: /home/nash/PycharmProjects/Celestial_Robot/celeste/install/celeste_interfaces/include/celeste_interfaces/celeste_interfaces
[0.700s] -- Up-to-date: /home/nash/PycharmProjects/Celestial_Robot/celeste/install/celeste_interfaces/include/celeste_interfaces/celeste_interfaces/action
[0.700s] -- Up-to-date: /home/nash/PycharmProjects/Celestial_Robot/celeste/install/celeste_interfaces/include/celeste_interfaces/celeste_interfaces/action/detail
[0.700s] -- Up-to-date: /home/nash/PycharmProjects/Celestial_Robot/celeste/install/celeste_interfaces/include/celeste_interfaces/celeste_interfaces/action/detail/return__type_support.cpp
[0.701s] -- Up-to-date: /home/nash/PycharmProjects/Celestial_Robot/celeste/install/celeste_interfaces/include/celeste_interfaces/celeste_interfaces/action/detail/return__rosidl_typesupport_introspection_cpp.hpp
[0.701s] -- Up-to-date: /home/nash/PycharmProjects/Celestial_Robot/celeste/install/celeste_interfaces/lib/libceleste_interfaces__rosidl_typesupport_introspection_cpp.so
[0.701s] -- Up-to-date: /home/nash/PycharmProjects/Celestial_Robot/celeste/install/celeste_interfaces/lib/libceleste_interfaces__rosidl_typesupport_cpp.so
[0.701s] -- Up-to-date: /home/nash/PycharmProjects/Celestial_Robot/celeste/install/celeste_interfaces/share/celeste_interfaces/environment/pythonpath.sh
[0.701s] -- Up-to-date: /home/nash/PycharmProjects/Celestial_Robot/celeste/install/celeste_interfaces/share/celeste_interfaces/environment/pythonpath.dsv
[0.702s] -- Up-to-date: /home/nash/PycharmProjects/Celestial_Robot/celeste/install/celeste_interfaces/local/lib/python3.10/dist-packages/celeste_interfaces-0.0.0-py3.10.egg-info
[0.702s] -- Installing: /home/nash/PycharmProjects/Celestial_Robot/celeste/install/celeste_interfaces/local/lib/python3.10/dist-packages/celeste_interfaces-0.0.0-py3.10.egg-info/top_level.txt
[0.702s] -- Installing: /home/nash/PycharmProjects/Celestial_Robot/celeste/install/celeste_interfaces/local/lib/python3.10/dist-packages/celeste_interfaces-0.0.0-py3.10.egg-info/dependency_links.txt
[0.702s] -- Installing: /home/nash/PycharmProjects/Celestial_Robot/celeste/install/celeste_interfaces/local/lib/python3.10/dist-packages/celeste_interfaces-0.0.0-py3.10.egg-info/PKG-INFO
[0.702s] -- Installing: /home/nash/PycharmProjects/Celestial_Robot/celeste/install/celeste_interfaces/local/lib/python3.10/dist-packages/celeste_interfaces-0.0.0-py3.10.egg-info/SOURCES.txt
[0.703s] -- Up-to-date: /home/nash/PycharmProjects/Celestial_Robot/celeste/install/celeste_interfaces/local/lib/python3.10/dist-packages/celeste_interfaces
[0.703s] -- Up-to-date: /home/nash/PycharmProjects/Celestial_Robot/celeste/install/celeste_interfaces/local/lib/python3.10/dist-packages/celeste_interfaces/celeste_interfaces_s__rosidl_typesupport_c.cpython-310-x86_64-linux-gnu.so
[0.703s] -- Up-to-date: /home/nash/PycharmProjects/Celestial_Robot/celeste/install/celeste_interfaces/local/lib/python3.10/dist-packages/celeste_interfaces/_celeste_interfaces_s.ep.rosidl_typesupport_fastrtps_c.c
[0.703s] -- Up-to-date: /home/nash/PycharmProjects/Celestial_Robot/celeste/install/celeste_interfaces/local/lib/python3.10/dist-packages/celeste_interfaces/action
[0.704s] -- Up-to-date: /home/nash/PycharmProjects/Celestial_Robot/celeste/install/celeste_interfaces/local/lib/python3.10/dist-packages/celeste_interfaces/action/_return_s.c
[0.704s] -- Installing: /home/nash/PycharmProjects/Celestial_Robot/celeste/install/celeste_interfaces/local/lib/python3.10/dist-packages/celeste_interfaces/action/_return.py
[0.704s] -- Up-to-date: /home/nash/PycharmProjects/Celestial_Robot/celeste/install/celeste_interfaces/local/lib/python3.10/dist-packages/celeste_interfaces/action/__init__.py
[0.704s] -- Up-to-date: /home/nash/PycharmProjects/Celestial_Robot/celeste/install/celeste_interfaces/local/lib/python3.10/dist-packages/celeste_interfaces/__init__.py
[0.704s] -- Up-to-date: /home/nash/PycharmProjects/Celestial_Robot/celeste/install/celeste_interfaces/local/lib/python3.10/dist-packages/celeste_interfaces/celeste_interfaces_s__rosidl_typesupport_introspection_c.cpython-310-x86_64-linux-gnu.so
[0.704s] -- Up-to-date: /home/nash/PycharmProjects/Celestial_Robot/celeste/install/celeste_interfaces/local/lib/python3.10/dist-packages/celeste_interfaces/_celeste_interfaces_s.ep.rosidl_typesupport_introspection_c.c
[0.705s] -- Up-to-date: /home/nash/PycharmProjects/Celestial_Robot/celeste/install/celeste_interfaces/local/lib/python3.10/dist-packages/celeste_interfaces/libceleste_interfaces__rosidl_generator_py.so
[0.705s] -- Up-to-date: /home/nash/PycharmProjects/Celestial_Robot/celeste/install/celeste_interfaces/local/lib/python3.10/dist-packages/celeste_interfaces/celeste_interfaces_s__rosidl_typesupport_fastrtps_c.cpython-310-x86_64-linux-gnu.so
[0.705s] -- Up-to-date: /home/nash/PycharmProjects/Celestial_Robot/celeste/install/celeste_interfaces/local/lib/python3.10/dist-packages/celeste_interfaces/_celeste_interfaces_s.ep.rosidl_typesupport_c.c
[0.742s] Listing '/home/nash/PycharmProjects/Celestial_Robot/celeste/install/celeste_interfaces/local/lib/python3.10/dist-packages/celeste_interfaces'...
[0.742s] Listing '/home/nash/PycharmProjects/Celestial_Robot/celeste/install/celeste_interfaces/local/lib/python3.10/dist-packages/celeste_interfaces/action'...
[0.747s] -- Up-to-date: /home/nash/PycharmProjects/Celestial_Robot/celeste/install/celeste_interfaces/local/lib/python3.10/dist-packages/celeste_interfaces/celeste_interfaces_s__rosidl_typesupport_fastrtps_c.cpython-310-x86_64-linux-gnu.so
[0.747s] -- Up-to-date: /home/nash/PycharmProjects/Celestial_Robot/celeste/install/celeste_interfaces/local/lib/python3.10/dist-packages/celeste_interfaces/celeste_interfaces_s__rosidl_typesupport_introspection_c.cpython-310-x86_64-linux-gnu.so
[0.748s] -- Up-to-date: /home/nash/PycharmProjects/Celestial_Robot/celeste/install/celeste_interfaces/local/lib/python3.10/dist-packages/celeste_interfaces/celeste_interfaces_s__rosidl_typesupport_c.cpython-310-x86_64-linux-gnu.so
[0.749s] -- Up-to-date: /home/nash/PycharmProjects/Celestial_Robot/celeste/install/celeste_interfaces/lib/libceleste_interfaces__rosidl_generator_py.so
[0.749s] -- Up-to-date: /home/nash/PycharmProjects/Celestial_Robot/celeste/install/celeste_interfaces/share/celeste_interfaces/action/Return.idl
[0.749s] -- Up-to-date: /home/nash/PycharmProjects/Celestial_Robot/celeste/install/celeste_interfaces/share/celeste_interfaces/action/Return.action
[0.750s] -- Up-to-date: /home/nash/PycharmProjects/Celestial_Robot/celeste/install/celeste_interfaces/share/ament_index/resource_index/package_run_dependencies/celeste_interfaces
[0.750s] -- Up-to-date: /home/nash/PycharmProjects/Celestial_Robot/celeste/install/celeste_interfaces/share/ament_index/resource_index/parent_prefix_path/celeste_interfaces
[0.750s] -- Up-to-date: /home/nash/PycharmProjects/Celestial_Robot/celeste/install/celeste_interfaces/share/celeste_interfaces/environment/ament_prefix_path.sh
[0.750s] -- Up-to-date: /home/nash/PycharmProjects/Celestial_Robot/celeste/install/celeste_interfaces/share/celeste_interfaces/environment/ament_prefix_path.dsv
[0.750s] -- Up-to-date: /home/nash/PycharmProjects/Celestial_Robot/celeste/install/celeste_interfaces/share/celeste_interfaces/environment/path.sh
[0.750s] -- Up-to-date: /home/nash/PycharmProjects/Celestial_Robot/celeste/install/celeste_interfaces/share/celeste_interfaces/environment/path.dsv
[0.750s] -- Up-to-date: /home/nash/PycharmProjects/Celestial_Robot/celeste/install/celeste_interfaces/share/celeste_interfaces/local_setup.bash
[0.751s] -- Up-to-date: /home/nash/PycharmProjects/Celestial_Robot/celeste/install/celeste_interfaces/share/celeste_interfaces/local_setup.sh
[0.751s] -- Up-to-date: /home/nash/PycharmProjects/Celestial_Robot/celeste/install/celeste_interfaces/share/celeste_interfaces/local_setup.zsh
[0.751s] -- Up-to-date: /home/nash/PycharmProjects/Celestial_Robot/celeste/install/celeste_interfaces/share/celeste_interfaces/local_setup.dsv
[0.751s] -- Installing: /home/nash/PycharmProjects/Celestial_Robot/celeste/install/celeste_interfaces/share/celeste_interfaces/package.dsv
[0.751s] -- Up-to-date: /home/nash/PycharmProjects/Celestial_Robot/celeste/install/celeste_interfaces/share/ament_index/resource_index/packages/celeste_interfaces
[0.751s] -- Up-to-date: /home/nash/PycharmProjects/Celestial_Robot/celeste/install/celeste_interfaces/share/celeste_interfaces/cmake/export_celeste_interfaces__rosidl_generator_cExport.cmake
[0.752s] -- Up-to-date: /home/nash/PycharmProjects/Celestial_Robot/celeste/install/celeste_interfaces/share/celeste_interfaces/cmake/export_celeste_interfaces__rosidl_generator_cExport-noconfig.cmake
[0.752s] -- Up-to-date: /home/nash/PycharmProjects/Celestial_Robot/celeste/install/celeste_interfaces/share/celeste_interfaces/cmake/export_celeste_interfaces__rosidl_typesupport_fastrtps_cExport.cmake
[0.752s] -- Up-to-date: /home/nash/PycharmProjects/Celestial_Robot/celeste/install/celeste_interfaces/share/celeste_interfaces/cmake/export_celeste_interfaces__rosidl_typesupport_fastrtps_cExport-noconfig.cmake
[0.752s] -- Up-to-date: /home/nash/PycharmProjects/Celestial_Robot/celeste/install/celeste_interfaces/share/celeste_interfaces/cmake/celeste_interfaces__rosidl_typesupport_introspection_cExport.cmake
[0.752s] -- Up-to-date: /home/nash/PycharmProjects/Celestial_Robot/celeste/install/celeste_interfaces/share/celeste_interfaces/cmake/celeste_interfaces__rosidl_typesupport_introspection_cExport-noconfig.cmake
[0.752s] -- Up-to-date: /home/nash/PycharmProjects/Celestial_Robot/celeste/install/celeste_interfaces/share/celeste_interfaces/cmake/celeste_interfaces__rosidl_typesupport_cExport.cmake
[0.752s] -- Up-to-date: /home/nash/PycharmProjects/Celestial_Robot/celeste/install/celeste_interfaces/share/celeste_interfaces/cmake/celeste_interfaces__rosidl_typesupport_cExport-noconfig.cmake
[0.752s] -- Up-to-date: /home/nash/PycharmProjects/Celestial_Robot/celeste/install/celeste_interfaces/share/celeste_interfaces/cmake/export_celeste_interfaces__rosidl_generator_cppExport.cmake
[0.752s] -- Up-to-date: /home/nash/PycharmProjects/Celestial_Robot/celeste/install/celeste_interfaces/share/celeste_interfaces/cmake/export_celeste_interfaces__rosidl_typesupport_fastrtps_cppExport.cmake
[0.753s] -- Up-to-date: /home/nash/PycharmProjects/Celestial_Robot/celeste/install/celeste_interfaces/share/celeste_interfaces/cmake/export_celeste_interfaces__rosidl_typesupport_fastrtps_cppExport-noconfig.cmake
[0.753s] -- Up-to-date: /home/nash/PycharmProjects/Celestial_Robot/celeste/install/celeste_interfaces/share/celeste_interfaces/cmake/celeste_interfaces__rosidl_typesupport_introspection_cppExport.cmake
[0.753s] -- Up-to-date: /home/nash/PycharmProjects/Celestial_Robot/celeste/install/celeste_interfaces/share/celeste_interfaces/cmake/celeste_interfaces__rosidl_typesupport_introspection_cppExport-noconfig.cmake
[0.753s] -- Up-to-date: /home/nash/PycharmProjects/Celestial_Robot/celeste/install/celeste_interfaces/share/celeste_interfaces/cmake/celeste_interfaces__rosidl_typesupport_cppExport.cmake
[0.753s] -- Up-to-date: /home/nash/PycharmProjects/Celestial_Robot/celeste/install/celeste_interfaces/share/celeste_interfaces/cmake/celeste_interfaces__rosidl_typesupport_cppExport-noconfig.cmake
[0.753s] -- Up-to-date: /home/nash/PycharmProjects/Celestial_Robot/celeste/install/celeste_interfaces/share/celeste_interfaces/cmake/export_celeste_interfaces__rosidl_generator_pyExport.cmake
[0.754s] -- Up-to-date: /home/nash/PycharmProjects/Celestial_Robot/celeste/install/celeste_interfaces/share/celeste_interfaces/cmake/export_celeste_interfaces__rosidl_generator_pyExport-noconfig.cmake
[0.754s] -- Up-to-date: /home/nash/PycharmProjects/Celestial_Robot/celeste/install/celeste_interfaces/share/celeste_interfaces/cmake/rosidl_cmake-extras.cmake
[0.754s] -- Up-to-date: /home/nash/PycharmProjects/Celestial_Robot/celeste/install/celeste_interfaces/share/celeste_interfaces/cmake/ament_cmake_export_dependencies-extras.cmake
[0.754s] -- Up-to-date: /home/nash/PycharmProjects/Celestial_Robot/celeste/install/celeste_interfaces/share/celeste_interfaces/cmake/ament_cmake_export_include_directories-extras.cmake
[0.754s] -- Up-to-date: /home/nash/PycharmProjects/Celestial_Robot/celeste/install/celeste_interfaces/share/celeste_interfaces/cmake/ament_cmake_export_libraries-extras.cmake
[0.754s] -- Up-to-date: /home/nash/PycharmProjects/Celestial_Robot/celeste/install/celeste_interfaces/share/celeste_interfaces/cmake/ament_cmake_export_targets-extras.cmake
[0.754s] -- Up-to-date: /home/nash/PycharmProjects/Celestial_Robot/celeste/install/celeste_interfaces/share/celeste_interfaces/cmake/rosidl_cmake_export_typesupport_targets-extras.cmake
[0.755s] -- Up-to-date: /home/nash/PycharmProjects/Celestial_Robot/celeste/install/celeste_interfaces/share/celeste_interfaces/cmake/rosidl_cmake_export_typesupport_libraries-extras.cmake
[0.755s] -- Up-to-date: /home/nash/PycharmProjects/Celestial_Robot/celeste/install/celeste_interfaces/share/celeste_interfaces/cmake/celeste_interfacesConfig.cmake
[0.755s] -- Up-to-date: /home/nash/PycharmProjects/Celestial_Robot/celeste/install/celeste_interfaces/share/celeste_interfaces/cmake/celeste_interfacesConfig-version.cmake
[0.755s] -- Up-to-date: /home/nash/PycharmProjects/Celestial_Robot/celeste/install/celeste_interfaces/share/celeste_interfaces/package.xml
[0.757s] Invoked command in '/home/nash/PycharmProjects/Celestial_Robot/celeste/build/celeste_interfaces' returned '0': CMAKE_PREFIX_PATH=/opt/ros/humble /usr/bin/cmake --install /home/nash/PycharmProjects/Celestial_Robot/celeste/build/celeste_interfaces
