running egg_info
creating ../../build/my_experiment/my_experiment.egg-info
writing ../../build/my_experiment/my_experiment.egg-info/PKG-INFO
writing dependency_links to ../../build/my_experiment/my_experiment.egg-info/dependency_links.txt
writing entry points to ../../build/my_experiment/my_experiment.egg-info/entry_points.txt
writing requirements to ../../build/my_experiment/my_experiment.egg-info/requires.txt
writing top-level names to ../../build/my_experiment/my_experiment.egg-info/top_level.txt
writing manifest file '../../build/my_experiment/my_experiment.egg-info/SOURCES.txt'
reading manifest file '../../build/my_experiment/my_experiment.egg-info/SOURCES.txt'
adding license file 'LICENSE'
writing manifest file '../../build/my_experiment/my_experiment.egg-info/SOURCES.txt'
running build
running build_py
creating /home/nash/PycharmProjects/Celestial_Robot/celeste/build/my_experiment/build
creating /home/nash/PycharmProjects/Celestial_Robot/celeste/build/my_experiment/build/lib
creating /home/nash/PycharmProjects/Celestial_Robot/celeste/build/my_experiment/build/lib/my_experiment
copying my_experiment/__init__.py -> /home/nash/PycharmProjects/Celestial_Robot/celeste/build/my_experiment/build/lib/my_experiment
copying my_experiment/return_action_server.py -> /home/nash/PycharmProjects/Celestial_Robot/celeste/build/my_experiment/build/lib/my_experiment
running install
running install_lib
creating /home/nash/PycharmProjects/Celestial_Robot/celeste/install/my_experiment/lib/python3.10/site-packages/my_experiment
copying /home/nash/PycharmProjects/Celestial_Robot/celeste/build/my_experiment/build/lib/my_experiment/__init__.py -> /home/nash/PycharmProjects/Celestial_Robot/celeste/install/my_experiment/lib/python3.10/site-packages/my_experiment
copying /home/nash/PycharmProjects/Celestial_Robot/celeste/build/my_experiment/build/lib/my_experiment/return_action_server.py -> /home/nash/PycharmProjects/Celestial_Robot/celeste/install/my_experiment/lib/python3.10/site-packages/my_experiment
byte-compiling /home/nash/PycharmProjects/Celestial_Robot/celeste/install/my_experiment/lib/python3.10/site-packages/my_experiment/__init__.py to __init__.cpython-310.pyc
byte-compiling /home/nash/PycharmProjects/Celestial_Robot/celeste/install/my_experiment/lib/python3.10/site-packages/my_experiment/return_action_server.py to return_action_server.cpython-310.pyc
running install_data
creating /home/nash/PycharmProjects/Celestial_Robot/celeste/install/my_experiment/share/ament_index
creating /home/nash/PycharmProjects/Celestial_Robot/celeste/install/my_experiment/share/ament_index/resource_index
creating /home/nash/PycharmProjects/Celestial_Robot/celeste/install/my_experiment/share/ament_index/resource_index/packages
copying resource/my_experiment -> /home/nash/PycharmProjects/Celestial_Robot/celeste/install/my_experiment/share/ament_index/resource_index/packages
copying package.xml -> /home/nash/PycharmProjects/Celestial_Robot/celeste/install/my_experiment/share/my_experiment
running install_egg_info
Copying ../../build/my_experiment/my_experiment.egg-info to /home/nash/PycharmProjects/Celestial_Robot/celeste/install/my_experiment/lib/python3.10/site-packages/my_experiment-0.0.0-py3.10.egg-info
running install_scripts
writing list of installed files to '/home/nash/PycharmProjects/Celestial_Robot/celeste/build/my_experiment/install.log'
