[0.750s] Invoking command in '/home/nash/PycharmProjects/Celestial_Robot/learn/workspace1/src/py_pubsub': PYTHONPATH=/home/nash/PycharmProjects/Celestial_Robot/learn/workspace1/build/py_pubsub/prefix_override:/home/nash/PycharmProjects/Celestial_Robot/learn/workspace1/install/py_pubsub/lib/python3.10/site-packages:${PYTHONPATH} /usr/bin/python3 -W ignore:setup.py install is deprecated setup.py egg_info --egg-base ../../build/py_pubsub build --build-base /home/nash/PycharmProjects/Celestial_Robot/learn/workspace1/build/py_pubsub/build install --record /home/nash/PycharmProjects/Celestial_Robot/learn/workspace1/build/py_pubsub/install.log --single-version-externally-managed install_data
[1.034s] running egg_info
[1.035s] writing ../../build/py_pubsub/py_pubsub.egg-info/PKG-INFO
[1.035s] writing dependency_links to ../../build/py_pubsub/py_pubsub.egg-info/dependency_links.txt
[1.036s] writing entry points to ../../build/py_pubsub/py_pubsub.egg-info/entry_points.txt
[1.036s] writing requirements to ../../build/py_pubsub/py_pubsub.egg-info/requires.txt
[1.036s] writing top-level names to ../../build/py_pubsub/py_pubsub.egg-info/top_level.txt
[1.039s] reading manifest file '../../build/py_pubsub/py_pubsub.egg-info/SOURCES.txt'
[1.039s] adding license file 'LICENSE'
[1.040s] writing manifest file '../../build/py_pubsub/py_pubsub.egg-info/SOURCES.txt'
[1.040s] running build
[1.040s] running build_py
[1.041s] copying py_pubsub/subscriber_member_function.py -> /home/nash/PycharmProjects/Celestial_Robot/learn/workspace1/build/py_pubsub/build/lib/py_pubsub
[1.041s] copying py_pubsub/publisher_member_function.py -> /home/nash/PycharmProjects/Celestial_Robot/learn/workspace1/build/py_pubsub/build/lib/py_pubsub
[1.041s] running install
[1.042s] running install_lib
[1.043s] copying /home/nash/PycharmProjects/Celestial_Robot/learn/workspace1/build/py_pubsub/build/lib/py_pubsub/subscriber_member_function.py -> /home/nash/PycharmProjects/Celestial_Robot/learn/workspace1/install/py_pubsub/lib/python3.10/site-packages/py_pubsub
[1.043s] copying /home/nash/PycharmProjects/Celestial_Robot/learn/workspace1/build/py_pubsub/build/lib/py_pubsub/publisher_member_function.py -> /home/nash/PycharmProjects/Celestial_Robot/learn/workspace1/install/py_pubsub/lib/python3.10/site-packages/py_pubsub
[1.044s] byte-compiling /home/nash/PycharmProjects/Celestial_Robot/learn/workspace1/install/py_pubsub/lib/python3.10/site-packages/py_pubsub/subscriber_member_function.py to subscriber_member_function.cpython-310.pyc
[1.044s] byte-compiling /home/nash/PycharmProjects/Celestial_Robot/learn/workspace1/install/py_pubsub/lib/python3.10/site-packages/py_pubsub/publisher_member_function.py to publisher_member_function.cpython-310.pyc
[1.045s] running install_data
[1.045s] copying package.xml -> /home/nash/PycharmProjects/Celestial_Robot/learn/workspace1/install/py_pubsub/share/py_pubsub
[1.045s] running install_egg_info
[1.047s] removing '/home/nash/PycharmProjects/Celestial_Robot/learn/workspace1/install/py_pubsub/lib/python3.10/site-packages/py_pubsub-0.0.0-py3.10.egg-info' (and everything under it)
[1.048s] Copying ../../build/py_pubsub/py_pubsub.egg-info to /home/nash/PycharmProjects/Celestial_Robot/learn/workspace1/install/py_pubsub/lib/python3.10/site-packages/py_pubsub-0.0.0-py3.10.egg-info
[1.049s] running install_scripts
[1.074s] Installing listener script to /home/nash/PycharmProjects/Celestial_Robot/learn/workspace1/install/py_pubsub/lib/py_pubsub
[1.074s] Installing talker script to /home/nash/PycharmProjects/Celestial_Robot/learn/workspace1/install/py_pubsub/lib/py_pubsub
[1.074s] writing list of installed files to '/home/nash/PycharmProjects/Celestial_Robot/learn/workspace1/build/py_pubsub/install.log'
[1.099s] Invoked command in '/home/nash/PycharmProjects/Celestial_Robot/learn/workspace1/src/py_pubsub' returned '0': PYTHONPATH=/home/nash/PycharmProjects/Celestial_Robot/learn/workspace1/build/py_pubsub/prefix_override:/home/nash/PycharmProjects/Celestial_Robot/learn/workspace1/install/py_pubsub/lib/python3.10/site-packages:${PYTHONPATH} /usr/bin/python3 -W ignore:setup.py install is deprecated setup.py egg_info --egg-base ../../build/py_pubsub build --build-base /home/nash/PycharmProjects/Celestial_Robot/learn/workspace1/build/py_pubsub/build install --record /home/nash/PycharmProjects/Celestial_Robot/learn/workspace1/build/py_pubsub/install.log --single-version-externally-managed install_data
