[0.718s] Invoking command in '/home/nash/PycharmProjects/Celestial_Robot/learn/workspace1/src/py_srvcli': AMENT_PREFIX_PATH=/home/nash/PycharmProjects/Celestial_Robot/learn/workspace1/install/tutorial_interfaces:${AMENT_PREFIX_PATH} CMAKE_PREFIX_PATH=/home/nash/PycharmProjects/Celestial_Robot/learn/workspace1/install/tutorial_interfaces LD_LIBRARY_PATH=/home/nash/PycharmProjects/Celestial_Robot/learn/workspace1/install/tutorial_interfaces/lib:${LD_LIBRARY_PATH} PYTHONPATH=/home/nash/PycharmProjects/Celestial_Robot/learn/workspace1/build/py_srvcli/prefix_override:/home/nash/PycharmProjects/Celestial_Robot/learn/workspace1/install/py_srvcli/lib/python3.10/site-packages:/home/nash/PycharmProjects/Celestial_Robot/learn/workspace1/install/tutorial_interfaces/local/lib/python3.10/dist-packages:${PYTHONPATH} /usr/bin/python3 -W ignore:setup.py install is deprecated setup.py egg_info --egg-base ../../build/py_srvcli build --build-base /home/nash/PycharmProjects/Celestial_Robot/learn/workspace1/build/py_srvcli/build install --record /home/nash/PycharmProjects/Celestial_Robot/learn/workspace1/build/py_srvcli/install.log --single-version-externally-managed install_data
[0.998s] running egg_info
[0.999s] writing ../../build/py_srvcli/py_srvcli.egg-info/PKG-INFO
[0.999s] writing dependency_links to ../../build/py_srvcli/py_srvcli.egg-info/dependency_links.txt
[0.999s] writing entry points to ../../build/py_srvcli/py_srvcli.egg-info/entry_points.txt
[1.000s] writing requirements to ../../build/py_srvcli/py_srvcli.egg-info/requires.txt
[1.000s] writing top-level names to ../../build/py_srvcli/py_srvcli.egg-info/top_level.txt
[1.002s] reading manifest file '../../build/py_srvcli/py_srvcli.egg-info/SOURCES.txt'
[1.002s] adding license file 'LICENSE'
[1.003s] writing manifest file '../../build/py_srvcli/py_srvcli.egg-info/SOURCES.txt'
[1.004s] running build
[1.004s] running build_py
[1.004s] copying py_srvcli/client_member_function.py -> /home/nash/PycharmProjects/Celestial_Robot/learn/workspace1/build/py_srvcli/build/lib/py_srvcli
[1.005s] running install
[1.005s] running install_lib
[1.006s] copying /home/nash/PycharmProjects/Celestial_Robot/learn/workspace1/build/py_srvcli/build/lib/py_srvcli/client_member_function.py -> /home/nash/PycharmProjects/Celestial_Robot/learn/workspace1/install/py_srvcli/lib/python3.10/site-packages/py_srvcli
[1.007s] byte-compiling /home/nash/PycharmProjects/Celestial_Robot/learn/workspace1/install/py_srvcli/lib/python3.10/site-packages/py_srvcli/client_member_function.py to client_member_function.cpython-310.pyc
[1.007s] running install_data
[1.008s] running install_egg_info
[1.010s] removing '/home/nash/PycharmProjects/Celestial_Robot/learn/workspace1/install/py_srvcli/lib/python3.10/site-packages/py_srvcli-0.0.0-py3.10.egg-info' (and everything under it)
[1.011s] Copying ../../build/py_srvcli/py_srvcli.egg-info to /home/nash/PycharmProjects/Celestial_Robot/learn/workspace1/install/py_srvcli/lib/python3.10/site-packages/py_srvcli-0.0.0-py3.10.egg-info
[1.012s] running install_scripts
[1.035s] Installing client script to /home/nash/PycharmProjects/Celestial_Robot/learn/workspace1/install/py_srvcli/lib/py_srvcli
[1.035s] Installing service script to /home/nash/PycharmProjects/Celestial_Robot/learn/workspace1/install/py_srvcli/lib/py_srvcli
[1.036s] writing list of installed files to '/home/nash/PycharmProjects/Celestial_Robot/learn/workspace1/build/py_srvcli/install.log'
[1.060s] Invoked command in '/home/nash/PycharmProjects/Celestial_Robot/learn/workspace1/src/py_srvcli' returned '0': AMENT_PREFIX_PATH=/home/nash/PycharmProjects/Celestial_Robot/learn/workspace1/install/tutorial_interfaces:${AMENT_PREFIX_PATH} CMAKE_PREFIX_PATH=/home/nash/PycharmProjects/Celestial_Robot/learn/workspace1/install/tutorial_interfaces LD_LIBRARY_PATH=/home/nash/PycharmProjects/Celestial_Robot/learn/workspace1/install/tutorial_interfaces/lib:${LD_LIBRARY_PATH} PYTHONPATH=/home/nash/PycharmProjects/Celestial_Robot/learn/workspace1/build/py_srvcli/prefix_override:/home/nash/PycharmProjects/Celestial_Robot/learn/workspace1/install/py_srvcli/lib/python3.10/site-packages:/home/nash/PycharmProjects/Celestial_Robot/learn/workspace1/install/tutorial_interfaces/local/lib/python3.10/dist-packages:${PYTHONPATH} /usr/bin/python3 -W ignore:setup.py install is deprecated setup.py egg_info --egg-base ../../build/py_srvcli build --build-base /home/nash/PycharmProjects/Celestial_Robot/learn/workspace1/build/py_srvcli/build install --record /home/nash/PycharmProjects/Celestial_Robot/learn/workspace1/build/py_srvcli/install.log --single-version-externally-managed install_data
