[0.112s] DEBUG:colcon:Command line arguments: ['/usr/bin/colcon', 'build']
[0.112s] DEBUG:colcon:Parsed command line arguments: Namespace(log_base=None, log_level=None, verb_name='build', build_base='build', install_base='install', merge_install=False, symlink_install=False, test_result_base=None, continue_on_error=False, executor='parallel', parallel_workers=4, event_handlers=None, ignore_user_meta=False, metas=['./colcon.meta'], base_paths=['.'], packages_ignore=None, packages_ignore_regex=None, paths=None, packages_up_to=None, packages_up_to_regex=None, packages_above=None, packages_above_and_dependencies=None, packages_above_depth=None, packages_select_by_dep=None, packages_skip_by_dep=None, packages_skip_up_to=None, packages_select_build_failed=False, packages_skip_build_finished=False, packages_select_test_failures=False, packages_skip_test_passed=False, packages_select=None, packages_skip=None, packages_select_regex=None, packages_skip_regex=None, packages_start=None, packages_end=None, allow_overriding=[], cmake_args=None, cmake_target=None, cmake_target_skip_unavailable=False, cmake_clean_cache=False, cmake_clean_first=False, cmake_force_configure=False, ament_cmake_args=None, catkin_cmake_args=None, catkin_skip_building_tests=False, verb_parser=<colcon_defaults.argument_parser.defaults.DefaultArgumentsDecorator object at 0x7e8f979d3b20>, verb_extension=<colcon_core.verb.build.BuildVerb object at 0x7e8f979d2b30>, main=<bound method BuildVerb.main of <colcon_core.verb.build.BuildVerb object at 0x7e8f979d2b30>>)
[0.253s] Level 1:colcon.colcon_core.package_discovery:discover_packages(colcon_meta) check parameters
[0.253s] Level 1:colcon.colcon_core.package_discovery:discover_packages(recursive) check parameters
[0.253s] Level 1:colcon.colcon_core.package_discovery:discover_packages(ignore) check parameters
[0.253s] Level 1:colcon.colcon_core.package_discovery:discover_packages(path) check parameters
[0.253s] Level 1:colcon.colcon_core.package_discovery:discover_packages(colcon_meta) discover
[0.253s] Level 1:colcon.colcon_core.package_discovery:discover_packages(recursive) discover
[0.253s] INFO:colcon.colcon_core.package_discovery:Crawling recursively for packages in '/home/nash/PycharmProjects/Celestial_Robot/learn/workspace1'
[0.253s] Level 1:colcon.colcon_core.package_identification:_identify(.) by extensions ['ignore', 'ignore_ament_install']
[0.253s] Level 1:colcon.colcon_core.package_identification:_identify(.) by extension 'ignore'
[0.254s] Level 1:colcon.colcon_core.package_identification:_identify(.) by extension 'ignore_ament_install'
[0.254s] Level 1:colcon.colcon_core.package_identification:_identify(.) by extensions ['colcon_pkg']
[0.254s] Level 1:colcon.colcon_core.package_identification:_identify(.) by extension 'colcon_pkg'
[0.254s] Level 1:colcon.colcon_core.package_identification:_identify(.) by extensions ['colcon_meta']
[0.254s] Level 1:colcon.colcon_core.package_identification:_identify(.) by extension 'colcon_meta'
[0.254s] Level 1:colcon.colcon_core.package_identification:_identify(.) by extensions ['ros']
[0.254s] Level 1:colcon.colcon_core.package_identification:_identify(.) by extension 'ros'
[0.267s] Level 1:colcon.colcon_core.package_identification:_identify(.) by extensions ['cmake', 'python']
[0.267s] Level 1:colcon.colcon_core.package_identification:_identify(.) by extension 'cmake'
[0.267s] Level 1:colcon.colcon_core.package_identification:_identify(.) by extension 'python'
[0.267s] Level 1:colcon.colcon_core.package_identification:_identify(.) by extensions ['python_setup_py']
[0.267s] Level 1:colcon.colcon_core.package_identification:_identify(.) by extension 'python_setup_py'
[0.267s] Level 1:colcon.colcon_core.package_identification:_identify(build) by extensions ['ignore', 'ignore_ament_install']
[0.267s] Level 1:colcon.colcon_core.package_identification:_identify(build) by extension 'ignore'
[0.267s] Level 1:colcon.colcon_core.package_identification:_identify(build) ignored
[0.267s] Level 1:colcon.colcon_core.package_identification:_identify(install) by extensions ['ignore', 'ignore_ament_install']
[0.267s] Level 1:colcon.colcon_core.package_identification:_identify(install) by extension 'ignore'
[0.267s] Level 1:colcon.colcon_core.package_identification:_identify(install) ignored
[0.268s] Level 1:colcon.colcon_core.package_identification:_identify(log) by extensions ['ignore', 'ignore_ament_install']
[0.268s] Level 1:colcon.colcon_core.package_identification:_identify(log) by extension 'ignore'
[0.268s] Level 1:colcon.colcon_core.package_identification:_identify(log) ignored
[0.268s] Level 1:colcon.colcon_core.package_identification:_identify(src) by extensions ['ignore', 'ignore_ament_install']
[0.268s] Level 1:colcon.colcon_core.package_identification:_identify(src) by extension 'ignore'
[0.268s] Level 1:colcon.colcon_core.package_identification:_identify(src) by extension 'ignore_ament_install'
[0.268s] Level 1:colcon.colcon_core.package_identification:_identify(src) by extensions ['colcon_pkg']
[0.268s] Level 1:colcon.colcon_core.package_identification:_identify(src) by extension 'colcon_pkg'
[0.268s] Level 1:colcon.colcon_core.package_identification:_identify(src) by extensions ['colcon_meta']
[0.268s] Level 1:colcon.colcon_core.package_identification:_identify(src) by extension 'colcon_meta'
[0.268s] Level 1:colcon.colcon_core.package_identification:_identify(src) by extensions ['ros']
[0.268s] Level 1:colcon.colcon_core.package_identification:_identify(src) by extension 'ros'
[0.268s] Level 1:colcon.colcon_core.package_identification:_identify(src) by extensions ['cmake', 'python']
[0.268s] Level 1:colcon.colcon_core.package_identification:_identify(src) by extension 'cmake'
[0.268s] Level 1:colcon.colcon_core.package_identification:_identify(src) by extension 'python'
[0.268s] Level 1:colcon.colcon_core.package_identification:_identify(src) by extensions ['python_setup_py']
[0.268s] Level 1:colcon.colcon_core.package_identification:_identify(src) by extension 'python_setup_py'
[0.269s] Level 1:colcon.colcon_core.package_identification:_identify(src/py_pubsub) by extensions ['ignore', 'ignore_ament_install']
[0.269s] Level 1:colcon.colcon_core.package_identification:_identify(src/py_pubsub) by extension 'ignore'
[0.269s] Level 1:colcon.colcon_core.package_identification:_identify(src/py_pubsub) by extension 'ignore_ament_install'
[0.269s] Level 1:colcon.colcon_core.package_identification:_identify(src/py_pubsub) by extensions ['colcon_pkg']
[0.269s] Level 1:colcon.colcon_core.package_identification:_identify(src/py_pubsub) by extension 'colcon_pkg'
[0.269s] Level 1:colcon.colcon_core.package_identification:_identify(src/py_pubsub) by extensions ['colcon_meta']
[0.269s] Level 1:colcon.colcon_core.package_identification:_identify(src/py_pubsub) by extension 'colcon_meta'
[0.269s] Level 1:colcon.colcon_core.package_identification:_identify(src/py_pubsub) by extensions ['ros']
[0.269s] Level 1:colcon.colcon_core.package_identification:_identify(src/py_pubsub) by extension 'ros'
[0.272s] DEBUG:colcon.colcon_core.package_identification:Package 'src/py_pubsub' with type 'ros.ament_python' and name 'py_pubsub'
[0.272s] Level 1:colcon.colcon_core.package_identification:_identify(src/ros_tutorials) by extensions ['ignore', 'ignore_ament_install']
[0.272s] Level 1:colcon.colcon_core.package_identification:_identify(src/ros_tutorials) by extension 'ignore'
[0.272s] Level 1:colcon.colcon_core.package_identification:_identify(src/ros_tutorials) by extension 'ignore_ament_install'
[0.272s] Level 1:colcon.colcon_core.package_identification:_identify(src/ros_tutorials) by extensions ['colcon_pkg']
[0.272s] Level 1:colcon.colcon_core.package_identification:_identify(src/ros_tutorials) by extension 'colcon_pkg'
[0.272s] Level 1:colcon.colcon_core.package_identification:_identify(src/ros_tutorials) by extensions ['colcon_meta']
[0.272s] Level 1:colcon.colcon_core.package_identification:_identify(src/ros_tutorials) by extension 'colcon_meta'
[0.272s] Level 1:colcon.colcon_core.package_identification:_identify(src/ros_tutorials) by extensions ['ros']
[0.272s] Level 1:colcon.colcon_core.package_identification:_identify(src/ros_tutorials) by extension 'ros'
[0.273s] Level 1:colcon.colcon_core.package_identification:_identify(src/ros_tutorials) by extensions ['cmake', 'python']
[0.273s] Level 1:colcon.colcon_core.package_identification:_identify(src/ros_tutorials) by extension 'cmake'
[0.273s] Level 1:colcon.colcon_core.package_identification:_identify(src/ros_tutorials) by extension 'python'
[0.273s] Level 1:colcon.colcon_core.package_identification:_identify(src/ros_tutorials) by extensions ['python_setup_py']
[0.273s] Level 1:colcon.colcon_core.package_identification:_identify(src/ros_tutorials) by extension 'python_setup_py'
[0.273s] Level 1:colcon.colcon_core.package_identification:_identify(src/ros_tutorials/ros_tutorials) by extensions ['ignore', 'ignore_ament_install']
[0.273s] Level 1:colcon.colcon_core.package_identification:_identify(src/ros_tutorials/ros_tutorials) by extension 'ignore'
[0.273s] Level 1:colcon.colcon_core.package_identification:_identify(src/ros_tutorials/ros_tutorials) ignored
[0.273s] Level 1:colcon.colcon_core.package_identification:_identify(src/ros_tutorials/roscpp_tutorials) by extensions ['ignore', 'ignore_ament_install']
[0.273s] Level 1:colcon.colcon_core.package_identification:_identify(src/ros_tutorials/roscpp_tutorials) by extension 'ignore'
[0.273s] Level 1:colcon.colcon_core.package_identification:_identify(src/ros_tutorials/roscpp_tutorials) ignored
[0.273s] Level 1:colcon.colcon_core.package_identification:_identify(src/ros_tutorials/rospy_tutorials) by extensions ['ignore', 'ignore_ament_install']
[0.273s] Level 1:colcon.colcon_core.package_identification:_identify(src/ros_tutorials/rospy_tutorials) by extension 'ignore'
[0.273s] Level 1:colcon.colcon_core.package_identification:_identify(src/ros_tutorials/rospy_tutorials) ignored
[0.274s] Level 1:colcon.colcon_core.package_identification:_identify(src/ros_tutorials/turtlesim) by extensions ['ignore', 'ignore_ament_install']
[0.274s] Level 1:colcon.colcon_core.package_identification:_identify(src/ros_tutorials/turtlesim) by extension 'ignore'
[0.274s] Level 1:colcon.colcon_core.package_identification:_identify(src/ros_tutorials/turtlesim) by extension 'ignore_ament_install'
[0.274s] Level 1:colcon.colcon_core.package_identification:_identify(src/ros_tutorials/turtlesim) by extensions ['colcon_pkg']
[0.274s] Level 1:colcon.colcon_core.package_identification:_identify(src/ros_tutorials/turtlesim) by extension 'colcon_pkg'
[0.274s] Level 1:colcon.colcon_core.package_identification:_identify(src/ros_tutorials/turtlesim) by extensions ['colcon_meta']
[0.274s] Level 1:colcon.colcon_core.package_identification:_identify(src/ros_tutorials/turtlesim) by extension 'colcon_meta'
[0.274s] Level 1:colcon.colcon_core.package_identification:_identify(src/ros_tutorials/turtlesim) by extensions ['ros']
[0.274s] Level 1:colcon.colcon_core.package_identification:_identify(src/ros_tutorials/turtlesim) by extension 'ros'
[0.275s] DEBUG:colcon.colcon_core.package_identification:Package 'src/ros_tutorials/turtlesim' with type 'ros.ament_cmake' and name 'turtlesim'
[0.275s] Level 1:colcon.colcon_core.package_discovery:discover_packages(recursive) using defaults
[0.275s] Level 1:colcon.colcon_core.package_discovery:discover_packages(ignore) discover
[0.275s] Level 1:colcon.colcon_core.package_discovery:discover_packages(ignore) using defaults
[0.276s] Level 1:colcon.colcon_core.package_discovery:discover_packages(path) discover
[0.276s] Level 1:colcon.colcon_core.package_discovery:discover_packages(path) using defaults
[0.298s] Level 1:colcon.colcon_core.package_discovery:discover_packages(prefix_path) check parameters
[0.298s] Level 1:colcon.colcon_core.package_discovery:discover_packages(prefix_path) discover
[0.300s] DEBUG:colcon.colcon_installed_package_information.package_discovery:Found 3 installed packages in /home/nash/PycharmProjects/Celestial_Robot/learn/workspace1/install
[0.300s] Level 1:colcon.colcon_core.package_discovery:discover_packages(prefix_path) using defaults
[0.302s] Level 5:colcon.colcon_core.verb:set package 'py_pubsub' build argument 'cmake_args' from command line to 'None'
[0.302s] Level 5:colcon.colcon_core.verb:set package 'py_pubsub' build argument 'cmake_target' from command line to 'None'
[0.302s] Level 5:colcon.colcon_core.verb:set package 'py_pubsub' build argument 'cmake_target_skip_unavailable' from command line to 'False'
[0.302s] Level 5:colcon.colcon_core.verb:set package 'py_pubsub' build argument 'cmake_clean_cache' from command line to 'False'
[0.302s] Level 5:colcon.colcon_core.verb:set package 'py_pubsub' build argument 'cmake_clean_first' from command line to 'False'
[0.302s] Level 5:colcon.colcon_core.verb:set package 'py_pubsub' build argument 'cmake_force_configure' from command line to 'False'
[0.302s] Level 5:colcon.colcon_core.verb:set package 'py_pubsub' build argument 'ament_cmake_args' from command line to 'None'
[0.302s] Level 5:colcon.colcon_core.verb:set package 'py_pubsub' build argument 'catkin_cmake_args' from command line to 'None'
[0.302s] Level 5:colcon.colcon_core.verb:set package 'py_pubsub' build argument 'catkin_skip_building_tests' from command line to 'False'
[0.302s] DEBUG:colcon.colcon_core.verb:Building package 'py_pubsub' with the following arguments: {'ament_cmake_args': None, 'build_base': '/home/nash/PycharmProjects/Celestial_Robot/learn/workspace1/build/py_pubsub', 'catkin_cmake_args': None, 'catkin_skip_building_tests': False, 'cmake_args': None, 'cmake_clean_cache': False, 'cmake_clean_first': False, 'cmake_force_configure': False, 'cmake_target': None, 'cmake_target_skip_unavailable': False, 'install_base': '/home/nash/PycharmProjects/Celestial_Robot/learn/workspace1/install/py_pubsub', 'merge_install': False, 'path': '/home/nash/PycharmProjects/Celestial_Robot/learn/workspace1/src/py_pubsub', 'symlink_install': False, 'test_result_base': None}
[0.303s] Level 5:colcon.colcon_core.verb:set package 'turtlesim' build argument 'cmake_args' from command line to 'None'
[0.303s] Level 5:colcon.colcon_core.verb:set package 'turtlesim' build argument 'cmake_target' from command line to 'None'
[0.303s] Level 5:colcon.colcon_core.verb:set package 'turtlesim' build argument 'cmake_target_skip_unavailable' from command line to 'False'
[0.303s] Level 5:colcon.colcon_core.verb:set package 'turtlesim' build argument 'cmake_clean_cache' from command line to 'False'
[0.303s] Level 5:colcon.colcon_core.verb:set package 'turtlesim' build argument 'cmake_clean_first' from command line to 'False'
[0.303s] Level 5:colcon.colcon_core.verb:set package 'turtlesim' build argument 'cmake_force_configure' from command line to 'False'
[0.303s] Level 5:colcon.colcon_core.verb:set package 'turtlesim' build argument 'ament_cmake_args' from command line to 'None'
[0.303s] Level 5:colcon.colcon_core.verb:set package 'turtlesim' build argument 'catkin_cmake_args' from command line to 'None'
[0.303s] Level 5:colcon.colcon_core.verb:set package 'turtlesim' build argument 'catkin_skip_building_tests' from command line to 'False'
[0.303s] DEBUG:colcon.colcon_core.verb:Building package 'turtlesim' with the following arguments: {'ament_cmake_args': None, 'build_base': '/home/nash/PycharmProjects/Celestial_Robot/learn/workspace1/build/turtlesim', 'catkin_cmake_args': None, 'catkin_skip_building_tests': False, 'cmake_args': None, 'cmake_clean_cache': False, 'cmake_clean_first': False, 'cmake_force_configure': False, 'cmake_target': None, 'cmake_target_skip_unavailable': False, 'install_base': '/home/nash/PycharmProjects/Celestial_Robot/learn/workspace1/install/turtlesim', 'merge_install': False, 'path': '/home/nash/PycharmProjects/Celestial_Robot/learn/workspace1/src/ros_tutorials/turtlesim', 'symlink_install': False, 'test_result_base': None}
[0.303s] INFO:colcon.colcon_core.executor:Executing jobs using 'parallel' executor
[0.304s] DEBUG:colcon.colcon_parallel_executor.executor.parallel:run_until_complete
[0.305s] INFO:colcon.colcon_ros.task.ament_python.build:Building ROS package in '/home/nash/PycharmProjects/Celestial_Robot/learn/workspace1/src/py_pubsub' with build type 'ament_python'
[0.305s] Level 1:colcon.colcon_core.shell:create_environment_hook('py_pubsub', 'ament_prefix_path')
[0.308s] INFO:colcon.colcon_core.plugin_system:Skipping extension 'colcon_core.shell.bat': Not used on non-Windows systems
[0.308s] INFO:colcon.colcon_core.shell:Creating environment hook '/home/nash/PycharmProjects/Celestial_Robot/learn/workspace1/install/py_pubsub/share/py_pubsub/hook/ament_prefix_path.ps1'
[0.309s] INFO:colcon.colcon_core.shell:Creating environment descriptor '/home/nash/PycharmProjects/Celestial_Robot/learn/workspace1/install/py_pubsub/share/py_pubsub/hook/ament_prefix_path.dsv'
[0.310s] INFO:colcon.colcon_core.shell:Creating environment hook '/home/nash/PycharmProjects/Celestial_Robot/learn/workspace1/install/py_pubsub/share/py_pubsub/hook/ament_prefix_path.sh'
[0.310s] INFO:colcon.colcon_core.shell:Skip shell extension 'powershell' for command environment: Not usable outside of PowerShell
[0.310s] DEBUG:colcon.colcon_core.shell:Skip shell extension 'dsv' for command environment
[0.313s] INFO:colcon.colcon_ros.task.ament_cmake.build:Building ROS package in '/home/nash/PycharmProjects/Celestial_Robot/learn/workspace1/src/ros_tutorials/turtlesim' with build type 'ament_cmake'
[0.313s] INFO:colcon.colcon_cmake.task.cmake.build:Building CMake package in '/home/nash/PycharmProjects/Celestial_Robot/learn/workspace1/src/ros_tutorials/turtlesim'
[0.313s] INFO:colcon.colcon_core.shell:Skip shell extension 'powershell' for command environment: Not usable outside of PowerShell
[0.313s] DEBUG:colcon.colcon_core.shell:Skip shell extension 'dsv' for command environment
[0.558s] INFO:colcon.colcon_core.task.python.build:Building Python package in '/home/nash/PycharmProjects/Celestial_Robot/learn/workspace1/src/py_pubsub'
[0.558s] INFO:colcon.colcon_core.shell:Skip shell extension 'powershell' for command environment: Not usable outside of PowerShell
[0.558s] DEBUG:colcon.colcon_core.shell:Skip shell extension 'dsv' for command environment
[0.565s] DEBUG:colcon.colcon_core.event_handler.log_command:Invoking command in '/home/nash/PycharmProjects/Celestial_Robot/learn/workspace1/build/turtlesim': CMAKE_PREFIX_PATH=${CMAKE_PREFIX_PATH}:/home/nash/PycharmProjects/Celestial_Robot/learn/workspace1/install/py_pubsub:/home/nash/PycharmProjects/Celestial_Robot/learn/workspace1/install/my_package /usr/bin/cmake --build /home/nash/PycharmProjects/Celestial_Robot/learn/workspace1/build/turtlesim -- -j4 -l4
[1.124s] DEBUG:colcon.colcon_core.event_handler.log_command:Invoked command in '/home/nash/PycharmProjects/Celestial_Robot/learn/workspace1/build/turtlesim' returned '0': CMAKE_PREFIX_PATH=${CMAKE_PREFIX_PATH}:/home/nash/PycharmProjects/Celestial_Robot/learn/workspace1/install/py_pubsub:/home/nash/PycharmProjects/Celestial_Robot/learn/workspace1/install/my_package /usr/bin/cmake --build /home/nash/PycharmProjects/Celestial_Robot/learn/workspace1/build/turtlesim -- -j4 -l4
[1.163s] DEBUG:colcon.colcon_core.event_handler.log_command:Invoking command in '/home/nash/PycharmProjects/Celestial_Robot/learn/workspace1/src/py_pubsub': PYTHONPATH=/home/nash/PycharmProjects/Celestial_Robot/learn/workspace1/build/py_pubsub/prefix_override:/home/nash/PycharmProjects/Celestial_Robot/learn/workspace1/install/py_pubsub/lib/python3.10/site-packages:${PYTHONPATH} /usr/bin/python3 -W ignore:setup.py install is deprecated setup.py egg_info --egg-base ../../build/py_pubsub build --build-base /home/nash/PycharmProjects/Celestial_Robot/learn/workspace1/build/py_pubsub/build install --record /home/nash/PycharmProjects/Celestial_Robot/learn/workspace1/build/py_pubsub/install.log --single-version-externally-managed install_data
[1.411s] DEBUG:colcon.colcon_core.event_handler.log_command:Invoking command in '/home/nash/PycharmProjects/Celestial_Robot/learn/workspace1/build/turtlesim': CMAKE_PREFIX_PATH=${CMAKE_PREFIX_PATH}:/home/nash/PycharmProjects/Celestial_Robot/learn/workspace1/install/py_pubsub:/home/nash/PycharmProjects/Celestial_Robot/learn/workspace1/install/my_package /usr/bin/cmake --install /home/nash/PycharmProjects/Celestial_Robot/learn/workspace1/build/turtlesim
[1.504s] DEBUG:colcon.colcon_core.event_handler.log_command:Invoked command in '/home/nash/PycharmProjects/Celestial_Robot/learn/workspace1/src/py_pubsub' returned '0': PYTHONPATH=/home/nash/PycharmProjects/Celestial_Robot/learn/workspace1/build/py_pubsub/prefix_override:/home/nash/PycharmProjects/Celestial_Robot/learn/workspace1/install/py_pubsub/lib/python3.10/site-packages:${PYTHONPATH} /usr/bin/python3 -W ignore:setup.py install is deprecated setup.py egg_info --egg-base ../../build/py_pubsub build --build-base /home/nash/PycharmProjects/Celestial_Robot/learn/workspace1/build/py_pubsub/build install --record /home/nash/PycharmProjects/Celestial_Robot/learn/workspace1/build/py_pubsub/install.log --single-version-externally-managed install_data
[1.518s] Level 1:colcon.colcon_core.environment:checking '/home/nash/PycharmProjects/Celestial_Robot/learn/workspace1/install/py_pubsub' for CMake module files
[1.520s] Level 1:colcon.colcon_core.environment:checking '/home/nash/PycharmProjects/Celestial_Robot/learn/workspace1/install/py_pubsub' for CMake config files
[1.525s] Level 1:colcon.colcon_core.environment:checking '/home/nash/PycharmProjects/Celestial_Robot/learn/workspace1/install/py_pubsub/lib'
[1.525s] Level 1:colcon.colcon_core.environment:checking '/home/nash/PycharmProjects/Celestial_Robot/learn/workspace1/install/py_pubsub/bin'
[1.525s] Level 1:colcon.colcon_core.environment:checking '/home/nash/PycharmProjects/Celestial_Robot/learn/workspace1/install/py_pubsub/lib/pkgconfig/py_pubsub.pc'
[1.526s] Level 1:colcon.colcon_core.environment:checking '/home/nash/PycharmProjects/Celestial_Robot/learn/workspace1/install/py_pubsub/lib/python3.10/site-packages'
[1.526s] Level 1:colcon.colcon_core.shell:create_environment_hook('py_pubsub', 'pythonpath')
[1.526s] INFO:colcon.colcon_core.shell:Creating environment hook '/home/nash/PycharmProjects/Celestial_Robot/learn/workspace1/install/py_pubsub/share/py_pubsub/hook/pythonpath.ps1'
[1.528s] INFO:colcon.colcon_core.shell:Creating environment descriptor '/home/nash/PycharmProjects/Celestial_Robot/learn/workspace1/install/py_pubsub/share/py_pubsub/hook/pythonpath.dsv'
[1.529s] INFO:colcon.colcon_core.shell:Creating environment hook '/home/nash/PycharmProjects/Celestial_Robot/learn/workspace1/install/py_pubsub/share/py_pubsub/hook/pythonpath.sh'
[1.530s] Level 1:colcon.colcon_core.environment:checking '/home/nash/PycharmProjects/Celestial_Robot/learn/workspace1/install/py_pubsub/bin'
[1.530s] Level 1:colcon.colcon_core.environment:create_environment_scripts_only(py_pubsub)
[1.530s] INFO:colcon.colcon_core.shell:Creating package script '/home/nash/PycharmProjects/Celestial_Robot/learn/workspace1/install/py_pubsub/share/py_pubsub/package.ps1'
[1.531s] INFO:colcon.colcon_core.shell:Creating package descriptor '/home/nash/PycharmProjects/Celestial_Robot/learn/workspace1/install/py_pubsub/share/py_pubsub/package.dsv'
[1.532s] INFO:colcon.colcon_core.shell:Creating package script '/home/nash/PycharmProjects/Celestial_Robot/learn/workspace1/install/py_pubsub/share/py_pubsub/package.sh'
[1.533s] INFO:colcon.colcon_core.shell:Creating package script '/home/nash/PycharmProjects/Celestial_Robot/learn/workspace1/install/py_pubsub/share/py_pubsub/package.bash'
[1.533s] INFO:colcon.colcon_core.shell:Creating package script '/home/nash/PycharmProjects/Celestial_Robot/learn/workspace1/install/py_pubsub/share/py_pubsub/package.zsh'
[1.534s] Level 1:colcon.colcon_core.environment:create_file_with_runtime_dependencies(/home/nash/PycharmProjects/Celestial_Robot/learn/workspace1/install/py_pubsub/share/colcon-core/packages/py_pubsub)
[1.535s] Level 1:colcon.colcon_core.environment:create_environment_scripts_only(turtlesim)
[1.536s] Level 1:colcon.colcon_core.environment:checking '/home/nash/PycharmProjects/Celestial_Robot/learn/workspace1/install/turtlesim' for CMake module files
[1.537s] DEBUG:colcon.colcon_core.event_handler.log_command:Invoked command in '/home/nash/PycharmProjects/Celestial_Robot/learn/workspace1/build/turtlesim' returned '0': CMAKE_PREFIX_PATH=${CMAKE_PREFIX_PATH}:/home/nash/PycharmProjects/Celestial_Robot/learn/workspace1/install/py_pubsub:/home/nash/PycharmProjects/Celestial_Robot/learn/workspace1/install/my_package /usr/bin/cmake --install /home/nash/PycharmProjects/Celestial_Robot/learn/workspace1/build/turtlesim
[1.538s] Level 1:colcon.colcon_core.environment:checking '/home/nash/PycharmProjects/Celestial_Robot/learn/workspace1/install/turtlesim' for CMake config files
[1.538s] Level 1:colcon.colcon_core.shell:create_environment_hook('turtlesim', 'cmake_prefix_path')
[1.538s] INFO:colcon.colcon_core.shell:Creating environment hook '/home/nash/PycharmProjects/Celestial_Robot/learn/workspace1/install/turtlesim/share/turtlesim/hook/cmake_prefix_path.ps1'
[1.539s] INFO:colcon.colcon_core.shell:Creating environment descriptor '/home/nash/PycharmProjects/Celestial_Robot/learn/workspace1/install/turtlesim/share/turtlesim/hook/cmake_prefix_path.dsv'
[1.539s] INFO:colcon.colcon_core.shell:Creating environment hook '/home/nash/PycharmProjects/Celestial_Robot/learn/workspace1/install/turtlesim/share/turtlesim/hook/cmake_prefix_path.sh'
[1.540s] Level 1:colcon.colcon_core.environment:checking '/home/nash/PycharmProjects/Celestial_Robot/learn/workspace1/install/turtlesim/lib'
[1.540s] Level 1:colcon.colcon_core.shell:create_environment_hook('turtlesim', 'ld_library_path_lib')
[1.540s] INFO:colcon.colcon_core.shell:Creating environment hook '/home/nash/PycharmProjects/Celestial_Robot/learn/workspace1/install/turtlesim/share/turtlesim/hook/ld_library_path_lib.ps1'
[1.541s] INFO:colcon.colcon_core.shell:Creating environment descriptor '/home/nash/PycharmProjects/Celestial_Robot/learn/workspace1/install/turtlesim/share/turtlesim/hook/ld_library_path_lib.dsv'
[1.541s] INFO:colcon.colcon_core.shell:Creating environment hook '/home/nash/PycharmProjects/Celestial_Robot/learn/workspace1/install/turtlesim/share/turtlesim/hook/ld_library_path_lib.sh'
[1.541s] Level 1:colcon.colcon_core.environment:checking '/home/nash/PycharmProjects/Celestial_Robot/learn/workspace1/install/turtlesim/bin'
[1.542s] Level 1:colcon.colcon_core.environment:checking '/home/nash/PycharmProjects/Celestial_Robot/learn/workspace1/install/turtlesim/lib/pkgconfig/turtlesim.pc'
[1.542s] Level 1:colcon.colcon_core.environment:checking '/home/nash/PycharmProjects/Celestial_Robot/learn/workspace1/install/turtlesim/lib/python3.10/site-packages'
[1.542s] Level 1:colcon.colcon_core.environment:checking '/home/nash/PycharmProjects/Celestial_Robot/learn/workspace1/install/turtlesim/bin'
[1.542s] INFO:colcon.colcon_core.shell:Creating package script '/home/nash/PycharmProjects/Celestial_Robot/learn/workspace1/install/turtlesim/share/turtlesim/package.ps1'
[1.543s] INFO:colcon.colcon_core.shell:Creating package descriptor '/home/nash/PycharmProjects/Celestial_Robot/learn/workspace1/install/turtlesim/share/turtlesim/package.dsv'
[1.543s] INFO:colcon.colcon_core.shell:Creating package script '/home/nash/PycharmProjects/Celestial_Robot/learn/workspace1/install/turtlesim/share/turtlesim/package.sh'
[1.544s] INFO:colcon.colcon_core.shell:Creating package script '/home/nash/PycharmProjects/Celestial_Robot/learn/workspace1/install/turtlesim/share/turtlesim/package.bash'
[1.544s] INFO:colcon.colcon_core.shell:Creating package script '/home/nash/PycharmProjects/Celestial_Robot/learn/workspace1/install/turtlesim/share/turtlesim/package.zsh'
[1.545s] Level 1:colcon.colcon_core.environment:create_file_with_runtime_dependencies(/home/nash/PycharmProjects/Celestial_Robot/learn/workspace1/install/turtlesim/share/colcon-core/packages/turtlesim)
[1.806s] Level 1:colcon.colcon_core.environment:create_environment_scripts_only(turtlesim)
[1.807s] Level 1:colcon.colcon_core.environment:checking '/home/nash/PycharmProjects/Celestial_Robot/learn/workspace1/install/turtlesim' for CMake module files
[1.808s] Level 1:colcon.colcon_core.environment:checking '/home/nash/PycharmProjects/Celestial_Robot/learn/workspace1/install/turtlesim' for CMake config files
[1.809s] Level 1:colcon.colcon_core.shell:create_environment_hook('turtlesim', 'cmake_prefix_path')
[1.809s] INFO:colcon.colcon_core.shell:Creating environment hook '/home/nash/PycharmProjects/Celestial_Robot/learn/workspace1/install/turtlesim/share/turtlesim/hook/cmake_prefix_path.ps1'
[1.809s] INFO:colcon.colcon_core.shell:Creating environment descriptor '/home/nash/PycharmProjects/Celestial_Robot/learn/workspace1/install/turtlesim/share/turtlesim/hook/cmake_prefix_path.dsv'
[1.810s] INFO:colcon.colcon_core.shell:Creating environment hook '/home/nash/PycharmProjects/Celestial_Robot/learn/workspace1/install/turtlesim/share/turtlesim/hook/cmake_prefix_path.sh'
[1.810s] Level 1:colcon.colcon_core.environment:checking '/home/nash/PycharmProjects/Celestial_Robot/learn/workspace1/install/turtlesim/lib'
[1.810s] Level 1:colcon.colcon_core.shell:create_environment_hook('turtlesim', 'ld_library_path_lib')
[1.811s] INFO:colcon.colcon_core.shell:Creating environment hook '/home/nash/PycharmProjects/Celestial_Robot/learn/workspace1/install/turtlesim/share/turtlesim/hook/ld_library_path_lib.ps1'
[1.811s] INFO:colcon.colcon_core.shell:Creating environment descriptor '/home/nash/PycharmProjects/Celestial_Robot/learn/workspace1/install/turtlesim/share/turtlesim/hook/ld_library_path_lib.dsv'
[1.811s] INFO:colcon.colcon_core.shell:Creating environment hook '/home/nash/PycharmProjects/Celestial_Robot/learn/workspace1/install/turtlesim/share/turtlesim/hook/ld_library_path_lib.sh'
[1.812s] Level 1:colcon.colcon_core.environment:checking '/home/nash/PycharmProjects/Celestial_Robot/learn/workspace1/install/turtlesim/bin'
[1.812s] Level 1:colcon.colcon_core.environment:checking '/home/nash/PycharmProjects/Celestial_Robot/learn/workspace1/install/turtlesim/lib/pkgconfig/turtlesim.pc'
[1.812s] Level 1:colcon.colcon_core.environment:checking '/home/nash/PycharmProjects/Celestial_Robot/learn/workspace1/install/turtlesim/lib/python3.10/site-packages'
[1.812s] Level 1:colcon.colcon_core.environment:checking '/home/nash/PycharmProjects/Celestial_Robot/learn/workspace1/install/turtlesim/bin'
[1.813s] INFO:colcon.colcon_core.shell:Creating package script '/home/nash/PycharmProjects/Celestial_Robot/learn/workspace1/install/turtlesim/share/turtlesim/package.ps1'
[1.813s] INFO:colcon.colcon_core.shell:Creating package descriptor '/home/nash/PycharmProjects/Celestial_Robot/learn/workspace1/install/turtlesim/share/turtlesim/package.dsv'
[1.814s] INFO:colcon.colcon_core.shell:Creating package script '/home/nash/PycharmProjects/Celestial_Robot/learn/workspace1/install/turtlesim/share/turtlesim/package.sh'
[1.814s] INFO:colcon.colcon_core.shell:Creating package script '/home/nash/PycharmProjects/Celestial_Robot/learn/workspace1/install/turtlesim/share/turtlesim/package.bash'
[1.815s] INFO:colcon.colcon_core.shell:Creating package script '/home/nash/PycharmProjects/Celestial_Robot/learn/workspace1/install/turtlesim/share/turtlesim/package.zsh'
[1.815s] Level 1:colcon.colcon_core.environment:create_file_with_runtime_dependencies(/home/nash/PycharmProjects/Celestial_Robot/learn/workspace1/install/turtlesim/share/colcon-core/packages/turtlesim)
[1.816s] DEBUG:colcon.colcon_parallel_executor.executor.parallel:closing loop
[1.816s] DEBUG:colcon.colcon_parallel_executor.executor.parallel:loop closed
[1.816s] DEBUG:colcon.colcon_parallel_executor.executor.parallel:run_until_complete finished with '0'
[1.816s] DEBUG:colcon.colcon_core.event_reactor:joining thread
[1.824s] INFO:colcon.colcon_core.plugin_system:Skipping extension 'colcon_notification.desktop_notification.terminal_notifier': Not used on non-Darwin systems
[1.824s] INFO:colcon.colcon_core.plugin_system:Skipping extension 'colcon_notification.desktop_notification.win32': Not used on non-Windows systems
[1.824s] INFO:colcon.colcon_notification.desktop_notification:Sending desktop notification using 'notify2'
[1.834s] DEBUG:colcon.colcon_core.event_reactor:joined thread
[1.834s] INFO:colcon.colcon_core.shell:Creating prefix script '/home/nash/PycharmProjects/Celestial_Robot/learn/workspace1/install/local_setup.ps1'
[1.835s] INFO:colcon.colcon_core.shell:Creating prefix util module '/home/nash/PycharmProjects/Celestial_Robot/learn/workspace1/install/_local_setup_util_ps1.py'
[1.837s] INFO:colcon.colcon_core.shell:Creating prefix chain script '/home/nash/PycharmProjects/Celestial_Robot/learn/workspace1/install/setup.ps1'
[1.839s] INFO:colcon.colcon_core.shell:Creating prefix script '/home/nash/PycharmProjects/Celestial_Robot/learn/workspace1/install/local_setup.sh'
[1.839s] INFO:colcon.colcon_core.shell:Creating prefix util module '/home/nash/PycharmProjects/Celestial_Robot/learn/workspace1/install/_local_setup_util_sh.py'
[1.840s] INFO:colcon.colcon_core.shell:Creating prefix chain script '/home/nash/PycharmProjects/Celestial_Robot/learn/workspace1/install/setup.sh'
[1.841s] INFO:colcon.colcon_core.shell:Creating prefix script '/home/nash/PycharmProjects/Celestial_Robot/learn/workspace1/install/local_setup.bash'
[1.842s] INFO:colcon.colcon_core.shell:Creating prefix chain script '/home/nash/PycharmProjects/Celestial_Robot/learn/workspace1/install/setup.bash'
[1.843s] INFO:colcon.colcon_core.shell:Creating prefix script '/home/nash/PycharmProjects/Celestial_Robot/learn/workspace1/install/local_setup.zsh'
[1.843s] INFO:colcon.colcon_core.shell:Creating prefix chain script '/home/nash/PycharmProjects/Celestial_Robot/learn/workspace1/install/setup.zsh'
