[0.013s] Invoking command in '/home/nash/PycharmProjects/Celestial_Robot/learn/workspace1/build/turtlesim': CMAKE_PREFIX_PATH=/opt/ros/humble /usr/bin/cmake --build /home/nash/PycharmProjects/Celestial_Robot/learn/workspace1/build/turtlesim -- -j4 -l4
[0.094s] [  1%] Built target turtlesim__cpp
[0.102s] [ 11%] Built target turtlesim__rosidl_generator_c
[0.113s] [ 11%] Built target ament_cmake_python_copy_turtlesim
[0.151s] [ 21%] Built target turtlesim__rosidl_typesupport_fastrtps_cpp
[0.153s] [ 31%] Built target turtlesim__rosidl_typesupport_cpp
[0.161s] [ 41%] Built target turtlesim__rosidl_typesupport_introspection_cpp
[0.169s] [ 51%] Built target turtlesim__rosidl_typesupport_fastrtps_c
[0.198s] [ 61%] Built target turtlesim__rosidl_typesupport_c
[0.200s] [ 71%] Built target turtlesim__rosidl_typesupport_introspection_c
[0.241s] [ 72%] [32mBuilding CXX object CMakeFiles/turtlesim_node.dir/src/turtle_frame.cpp.o[0m
[0.254s] [ 74%] Built target draw_square
[0.257s] [ 76%] Built target turtle_teleop_key
[0.297s] [ 76%] Built target turtlesim
[0.313s] [ 78%] Built target mimic
[0.332s] [ 79%] Built target turtlesim__py
[0.364s] [ 88%] Built target turtlesim__rosidl_generator_py
[0.407s] [ 92%] Built target turtlesim__rosidl_typesupport_fastrtps_c__pyext
[0.408s] [ 92%] Built target turtlesim__rosidl_typesupport_introspection_c__pyext
[0.443s] [ 94%] Built target turtlesim__rosidl_typesupport_c__pyext
[0.605s] running egg_info
[0.606s] writing turtlesim.egg-info/PKG-INFO
[0.606s] writing dependency_links to turtlesim.egg-info/dependency_links.txt
[0.607s] writing top-level names to turtlesim.egg-info/top_level.txt
[0.610s] reading manifest file 'turtlesim.egg-info/SOURCES.txt'
[0.610s] writing manifest file 'turtlesim.egg-info/SOURCES.txt'
[0.648s] [ 94%] Built target ament_cmake_python_build_turtlesim_egg
[13.407s] [ 95%] [32m[1mLinking CXX executable turtlesim_node[0m
[16.002s] [100%] Built target turtlesim_node
[16.019s] Invoked command in '/home/nash/PycharmProjects/Celestial_Robot/learn/workspace1/build/turtlesim' returned '0': CMAKE_PREFIX_PATH=/opt/ros/humble /usr/bin/cmake --build /home/nash/PycharmProjects/Celestial_Robot/learn/workspace1/build/turtlesim -- -j4 -l4
[16.338s] Invoking command in '/home/nash/PycharmProjects/Celestial_Robot/learn/workspace1/build/turtlesim': CMAKE_PREFIX_PATH=/opt/ros/humble /usr/bin/cmake --install /home/nash/PycharmProjects/Celestial_Robot/learn/workspace1/build/turtlesim
[16.348s] -- Install configuration: ""
[16.348s] -- Up-to-date: /home/nash/PycharmProjects/Celestial_Robot/learn/workspace1/install/turtlesim/share/ament_index/resource_index/rosidl_interfaces/turtlesim
[16.348s] -- Up-to-date: /home/nash/PycharmProjects/Celestial_Robot/learn/workspace1/install/turtlesim/include/turtlesim/turtlesim
[16.348s] -- Up-to-date: /home/nash/PycharmProjects/Celestial_Robot/learn/workspace1/install/turtlesim/include/turtlesim/turtlesim/action
[16.349s] -- Up-to-date: /home/nash/PycharmProjects/Celestial_Robot/learn/workspace1/install/turtlesim/include/turtlesim/turtlesim/action/rotate_absolute.h
[16.349s] -- Up-to-date: /home/nash/PycharmProjects/Celestial_Robot/learn/workspace1/install/turtlesim/include/turtlesim/turtlesim/action/detail
[16.349s] -- Up-to-date: /home/nash/PycharmProjects/Celestial_Robot/learn/workspace1/install/turtlesim/include/turtlesim/turtlesim/action/detail/rotate_absolute__struct.h
[16.349s] -- Up-to-date: /home/nash/PycharmProjects/Celestial_Robot/learn/workspace1/install/turtlesim/include/turtlesim/turtlesim/action/detail/rotate_absolute__functions.c
[16.349s] -- Up-to-date: /home/nash/PycharmProjects/Celestial_Robot/learn/workspace1/install/turtlesim/include/turtlesim/turtlesim/action/detail/rotate_absolute__type_support.h
[16.350s] -- Up-to-date: /home/nash/PycharmProjects/Celestial_Robot/learn/workspace1/install/turtlesim/include/turtlesim/turtlesim/action/detail/rotate_absolute__functions.h
[16.350s] -- Up-to-date: /home/nash/PycharmProjects/Celestial_Robot/learn/workspace1/install/turtlesim/include/turtlesim/turtlesim/srv
[16.350s] -- Up-to-date: /home/nash/PycharmProjects/Celestial_Robot/learn/workspace1/install/turtlesim/include/turtlesim/turtlesim/srv/teleport_relative.h
[16.350s] -- Up-to-date: /home/nash/PycharmProjects/Celestial_Robot/learn/workspace1/install/turtlesim/include/turtlesim/turtlesim/srv/teleport_absolute.h
[16.351s] -- Up-to-date: /home/nash/PycharmProjects/Celestial_Robot/learn/workspace1/install/turtlesim/include/turtlesim/turtlesim/srv/kill.h
[16.351s] -- Up-to-date: /home/nash/PycharmProjects/Celestial_Robot/learn/workspace1/install/turtlesim/include/turtlesim/turtlesim/srv/set_pen.h
[16.351s] -- Up-to-date: /home/nash/PycharmProjects/Celestial_Robot/learn/workspace1/install/turtlesim/include/turtlesim/turtlesim/srv/spawn.h
[16.351s] -- Up-to-date: /home/nash/PycharmProjects/Celestial_Robot/learn/workspace1/install/turtlesim/include/turtlesim/turtlesim/srv/detail
[16.351s] -- Up-to-date: /home/nash/PycharmProjects/Celestial_Robot/learn/workspace1/install/turtlesim/include/turtlesim/turtlesim/srv/detail/kill__functions.c
[16.351s] -- Up-to-date: /home/nash/PycharmProjects/Celestial_Robot/learn/workspace1/install/turtlesim/include/turtlesim/turtlesim/srv/detail/kill__type_support.h
[16.351s] -- Up-to-date: /home/nash/PycharmProjects/Celestial_Robot/learn/workspace1/install/turtlesim/include/turtlesim/turtlesim/srv/detail/teleport_absolute__functions.c
[16.352s] -- Up-to-date: /home/nash/PycharmProjects/Celestial_Robot/learn/workspace1/install/turtlesim/include/turtlesim/turtlesim/srv/detail/teleport_absolute__struct.h
[16.352s] -- Up-to-date: /home/nash/PycharmProjects/Celestial_Robot/learn/workspace1/install/turtlesim/include/turtlesim/turtlesim/srv/detail/kill__functions.h
[16.352s] -- Up-to-date: /home/nash/PycharmProjects/Celestial_Robot/learn/workspace1/install/turtlesim/include/turtlesim/turtlesim/srv/detail/spawn__type_support.h
[16.352s] -- Up-to-date: /home/nash/PycharmProjects/Celestial_Robot/learn/workspace1/install/turtlesim/include/turtlesim/turtlesim/srv/detail/spawn__functions.c
[16.352s] -- Up-to-date: /home/nash/PycharmProjects/Celestial_Robot/learn/workspace1/install/turtlesim/include/turtlesim/turtlesim/srv/detail/set_pen__functions.c
[16.352s] -- Up-to-date: /home/nash/PycharmProjects/Celestial_Robot/learn/workspace1/install/turtlesim/include/turtlesim/turtlesim/srv/detail/teleport_relative__functions.h
[16.353s] -- Up-to-date: /home/nash/PycharmProjects/Celestial_Robot/learn/workspace1/install/turtlesim/include/turtlesim/turtlesim/srv/detail/teleport_relative__struct.h
[16.353s] -- Up-to-date: /home/nash/PycharmProjects/Celestial_Robot/learn/workspace1/install/turtlesim/include/turtlesim/turtlesim/srv/detail/set_pen__functions.h
[16.353s] -- Up-to-date: /home/nash/PycharmProjects/Celestial_Robot/learn/workspace1/install/turtlesim/include/turtlesim/turtlesim/srv/detail/spawn__struct.h
[16.353s] -- Up-to-date: /home/nash/PycharmProjects/Celestial_Robot/learn/workspace1/install/turtlesim/include/turtlesim/turtlesim/srv/detail/teleport_relative__functions.c
[16.353s] -- Up-to-date: /home/nash/PycharmProjects/Celestial_Robot/learn/workspace1/install/turtlesim/include/turtlesim/turtlesim/srv/detail/teleport_absolute__functions.h
[16.354s] -- Up-to-date: /home/nash/PycharmProjects/Celestial_Robot/learn/workspace1/install/turtlesim/include/turtlesim/turtlesim/srv/detail/teleport_absolute__type_support.h
[16.354s] -- Up-to-date: /home/nash/PycharmProjects/Celestial_Robot/learn/workspace1/install/turtlesim/include/turtlesim/turtlesim/srv/detail/teleport_relative__type_support.h
[16.354s] -- Up-to-date: /home/nash/PycharmProjects/Celestial_Robot/learn/workspace1/install/turtlesim/include/turtlesim/turtlesim/srv/detail/set_pen__type_support.h
[16.354s] -- Up-to-date: /home/nash/PycharmProjects/Celestial_Robot/learn/workspace1/install/turtlesim/include/turtlesim/turtlesim/srv/detail/spawn__functions.h
[16.354s] -- Up-to-date: /home/nash/PycharmProjects/Celestial_Robot/learn/workspace1/install/turtlesim/include/turtlesim/turtlesim/srv/detail/set_pen__struct.h
[16.355s] -- Up-to-date: /home/nash/PycharmProjects/Celestial_Robot/learn/workspace1/install/turtlesim/include/turtlesim/turtlesim/srv/detail/kill__struct.h
[16.355s] -- Up-to-date: /home/nash/PycharmProjects/Celestial_Robot/learn/workspace1/install/turtlesim/include/turtlesim/turtlesim/msg
[16.355s] -- Up-to-date: /home/nash/PycharmProjects/Celestial_Robot/learn/workspace1/install/turtlesim/include/turtlesim/turtlesim/msg/pose.h
[16.355s] -- Up-to-date: /home/nash/PycharmProjects/Celestial_Robot/learn/workspace1/install/turtlesim/include/turtlesim/turtlesim/msg/rosidl_generator_c__visibility_control.h
[16.356s] -- Up-to-date: /home/nash/PycharmProjects/Celestial_Robot/learn/workspace1/install/turtlesim/include/turtlesim/turtlesim/msg/detail
[16.356s] -- Up-to-date: /home/nash/PycharmProjects/Celestial_Robot/learn/workspace1/install/turtlesim/include/turtlesim/turtlesim/msg/detail/color__struct.h
[16.356s] -- Up-to-date: /home/nash/PycharmProjects/Celestial_Robot/learn/workspace1/install/turtlesim/include/turtlesim/turtlesim/msg/detail/pose__functions.c
[16.356s] -- Up-to-date: /home/nash/PycharmProjects/Celestial_Robot/learn/workspace1/install/turtlesim/include/turtlesim/turtlesim/msg/detail/pose__struct.h
[16.356s] -- Up-to-date: /home/nash/PycharmProjects/Celestial_Robot/learn/workspace1/install/turtlesim/include/turtlesim/turtlesim/msg/detail/pose__type_support.h
[16.357s] -- Up-to-date: /home/nash/PycharmProjects/Celestial_Robot/learn/workspace1/install/turtlesim/include/turtlesim/turtlesim/msg/detail/color__type_support.h
[16.357s] -- Up-to-date: /home/nash/PycharmProjects/Celestial_Robot/learn/workspace1/install/turtlesim/include/turtlesim/turtlesim/msg/detail/color__functions.c
[16.357s] -- Up-to-date: /home/nash/PycharmProjects/Celestial_Robot/learn/workspace1/install/turtlesim/include/turtlesim/turtlesim/msg/detail/pose__functions.h
[16.357s] -- Up-to-date: /home/nash/PycharmProjects/Celestial_Robot/learn/workspace1/install/turtlesim/include/turtlesim/turtlesim/msg/detail/color__functions.h
[16.357s] -- Up-to-date: /home/nash/PycharmProjects/Celestial_Robot/learn/workspace1/install/turtlesim/include/turtlesim/turtlesim/msg/color.h
[16.358s] -- Up-to-date: /home/nash/PycharmProjects/Celestial_Robot/learn/workspace1/install/turtlesim/share/turtlesim/environment/library_path.sh
[16.358s] -- Up-to-date: /home/nash/PycharmProjects/Celestial_Robot/learn/workspace1/install/turtlesim/share/turtlesim/environment/library_path.dsv
[16.358s] -- Up-to-date: /home/nash/PycharmProjects/Celestial_Robot/learn/workspace1/install/turtlesim/lib/libturtlesim__rosidl_generator_c.so
[16.358s] -- Up-to-date: /home/nash/PycharmProjects/Celestial_Robot/learn/workspace1/install/turtlesim/include/turtlesim/turtlesim
[16.358s] -- Up-to-date: /home/nash/PycharmProjects/Celestial_Robot/learn/workspace1/install/turtlesim/include/turtlesim/turtlesim/action
[16.359s] -- Up-to-date: /home/nash/PycharmProjects/Celestial_Robot/learn/workspace1/install/turtlesim/include/turtlesim/turtlesim/action/detail
[16.359s] -- Up-to-date: /home/nash/PycharmProjects/Celestial_Robot/learn/workspace1/install/turtlesim/include/turtlesim/turtlesim/action/detail/rotate_absolute__rosidl_typesupport_fastrtps_c.h
[16.359s] -- Up-to-date: /home/nash/PycharmProjects/Celestial_Robot/learn/workspace1/install/turtlesim/include/turtlesim/turtlesim/srv
[16.359s] -- Up-to-date: /home/nash/PycharmProjects/Celestial_Robot/learn/workspace1/install/turtlesim/include/turtlesim/turtlesim/srv/detail
[16.359s] -- Up-to-date: /home/nash/PycharmProjects/Celestial_Robot/learn/workspace1/install/turtlesim/include/turtlesim/turtlesim/srv/detail/kill__rosidl_typesupport_fastrtps_c.h
[16.359s] -- Up-to-date: /home/nash/PycharmProjects/Celestial_Robot/learn/workspace1/install/turtlesim/include/turtlesim/turtlesim/srv/detail/teleport_relative__rosidl_typesupport_fastrtps_c.h
[16.359s] -- Up-to-date: /home/nash/PycharmProjects/Celestial_Robot/learn/workspace1/install/turtlesim/include/turtlesim/turtlesim/srv/detail/set_pen__rosidl_typesupport_fastrtps_c.h
[16.360s] -- Up-to-date: /home/nash/PycharmProjects/Celestial_Robot/learn/workspace1/install/turtlesim/include/turtlesim/turtlesim/srv/detail/spawn__rosidl_typesupport_fastrtps_c.h
[16.360s] -- Up-to-date: /home/nash/PycharmProjects/Celestial_Robot/learn/workspace1/install/turtlesim/include/turtlesim/turtlesim/srv/detail/teleport_absolute__rosidl_typesupport_fastrtps_c.h
[16.360s] -- Up-to-date: /home/nash/PycharmProjects/Celestial_Robot/learn/workspace1/install/turtlesim/include/turtlesim/turtlesim/msg
[16.360s] -- Up-to-date: /home/nash/PycharmProjects/Celestial_Robot/learn/workspace1/install/turtlesim/include/turtlesim/turtlesim/msg/rosidl_typesupport_fastrtps_c__visibility_control.h
[16.361s] -- Up-to-date: /home/nash/PycharmProjects/Celestial_Robot/learn/workspace1/install/turtlesim/include/turtlesim/turtlesim/msg/detail
[16.361s] -- Up-to-date: /home/nash/PycharmProjects/Celestial_Robot/learn/workspace1/install/turtlesim/include/turtlesim/turtlesim/msg/detail/pose__rosidl_typesupport_fastrtps_c.h
[16.361s] -- Up-to-date: /home/nash/PycharmProjects/Celestial_Robot/learn/workspace1/install/turtlesim/include/turtlesim/turtlesim/msg/detail/color__rosidl_typesupport_fastrtps_c.h
[16.361s] -- Up-to-date: /home/nash/PycharmProjects/Celestial_Robot/learn/workspace1/install/turtlesim/lib/libturtlesim__rosidl_typesupport_fastrtps_c.so
[16.361s] -- Up-to-date: /home/nash/PycharmProjects/Celestial_Robot/learn/workspace1/install/turtlesim/include/turtlesim/turtlesim
[16.361s] -- Up-to-date: /home/nash/PycharmProjects/Celestial_Robot/learn/workspace1/install/turtlesim/include/turtlesim/turtlesim/action
[16.361s] -- Up-to-date: /home/nash/PycharmProjects/Celestial_Robot/learn/workspace1/install/turtlesim/include/turtlesim/turtlesim/action/rotate_absolute.hpp
[16.362s] -- Up-to-date: /home/nash/PycharmProjects/Celestial_Robot/learn/workspace1/install/turtlesim/include/turtlesim/turtlesim/action/detail
[16.362s] -- Up-to-date: /home/nash/PycharmProjects/Celestial_Robot/learn/workspace1/install/turtlesim/include/turtlesim/turtlesim/action/detail/rotate_absolute__builder.hpp
[16.362s] -- Up-to-date: /home/nash/PycharmProjects/Celestial_Robot/learn/workspace1/install/turtlesim/include/turtlesim/turtlesim/action/detail/rotate_absolute__traits.hpp
[16.362s] -- Up-to-date: /home/nash/PycharmProjects/Celestial_Robot/learn/workspace1/install/turtlesim/include/turtlesim/turtlesim/action/detail/rotate_absolute__struct.hpp
[16.362s] -- Up-to-date: /home/nash/PycharmProjects/Celestial_Robot/learn/workspace1/install/turtlesim/include/turtlesim/turtlesim/srv
[16.362s] -- Up-to-date: /home/nash/PycharmProjects/Celestial_Robot/learn/workspace1/install/turtlesim/include/turtlesim/turtlesim/srv/set_pen.hpp
[16.362s] -- Up-to-date: /home/nash/PycharmProjects/Celestial_Robot/learn/workspace1/install/turtlesim/include/turtlesim/turtlesim/srv/kill.hpp
[16.363s] -- Up-to-date: /home/nash/PycharmProjects/Celestial_Robot/learn/workspace1/install/turtlesim/include/turtlesim/turtlesim/srv/teleport_absolute.hpp
[16.363s] -- Up-to-date: /home/nash/PycharmProjects/Celestial_Robot/learn/workspace1/install/turtlesim/include/turtlesim/turtlesim/srv/detail
[16.363s] -- Up-to-date: /home/nash/PycharmProjects/Celestial_Robot/learn/workspace1/install/turtlesim/include/turtlesim/turtlesim/srv/detail/kill__struct.hpp
[16.363s] -- Up-to-date: /home/nash/PycharmProjects/Celestial_Robot/learn/workspace1/install/turtlesim/include/turtlesim/turtlesim/srv/detail/teleport_relative__struct.hpp
[16.363s] -- Up-to-date: /home/nash/PycharmProjects/Celestial_Robot/learn/workspace1/install/turtlesim/include/turtlesim/turtlesim/srv/detail/teleport_absolute__builder.hpp
[16.364s] -- Up-to-date: /home/nash/PycharmProjects/Celestial_Robot/learn/workspace1/install/turtlesim/include/turtlesim/turtlesim/srv/detail/set_pen__builder.hpp
[16.364s] -- Up-to-date: /home/nash/PycharmProjects/Celestial_Robot/learn/workspace1/install/turtlesim/include/turtlesim/turtlesim/srv/detail/teleport_relative__traits.hpp
[16.364s] -- Up-to-date: /home/nash/PycharmProjects/Celestial_Robot/learn/workspace1/install/turtlesim/include/turtlesim/turtlesim/srv/detail/set_pen__traits.hpp
[16.364s] -- Up-to-date: /home/nash/PycharmProjects/Celestial_Robot/learn/workspace1/install/turtlesim/include/turtlesim/turtlesim/srv/detail/kill__traits.hpp
[16.364s] -- Up-to-date: /home/nash/PycharmProjects/Celestial_Robot/learn/workspace1/install/turtlesim/include/turtlesim/turtlesim/srv/detail/set_pen__struct.hpp
[16.364s] -- Up-to-date: /home/nash/PycharmProjects/Celestial_Robot/learn/workspace1/install/turtlesim/include/turtlesim/turtlesim/srv/detail/kill__builder.hpp
[16.365s] -- Up-to-date: /home/nash/PycharmProjects/Celestial_Robot/learn/workspace1/install/turtlesim/include/turtlesim/turtlesim/srv/detail/spawn__struct.hpp
[16.365s] -- Up-to-date: /home/nash/PycharmProjects/Celestial_Robot/learn/workspace1/install/turtlesim/include/turtlesim/turtlesim/srv/detail/teleport_absolute__struct.hpp
[16.365s] -- Up-to-date: /home/nash/PycharmProjects/Celestial_Robot/learn/workspace1/install/turtlesim/include/turtlesim/turtlesim/srv/detail/spawn__builder.hpp
[16.365s] -- Up-to-date: /home/nash/PycharmProjects/Celestial_Robot/learn/workspace1/install/turtlesim/include/turtlesim/turtlesim/srv/detail/spawn__traits.hpp
[16.365s] -- Up-to-date: /home/nash/PycharmProjects/Celestial_Robot/learn/workspace1/install/turtlesim/include/turtlesim/turtlesim/srv/detail/teleport_absolute__traits.hpp
[16.365s] -- Up-to-date: /home/nash/PycharmProjects/Celestial_Robot/learn/workspace1/install/turtlesim/include/turtlesim/turtlesim/srv/detail/teleport_relative__builder.hpp
[16.365s] -- Up-to-date: /home/nash/PycharmProjects/Celestial_Robot/learn/workspace1/install/turtlesim/include/turtlesim/turtlesim/srv/spawn.hpp
[16.365s] -- Up-to-date: /home/nash/PycharmProjects/Celestial_Robot/learn/workspace1/install/turtlesim/include/turtlesim/turtlesim/srv/teleport_relative.hpp
[16.366s] -- Up-to-date: /home/nash/PycharmProjects/Celestial_Robot/learn/workspace1/install/turtlesim/include/turtlesim/turtlesim/msg
[16.366s] -- Up-to-date: /home/nash/PycharmProjects/Celestial_Robot/learn/workspace1/install/turtlesim/include/turtlesim/turtlesim/msg/color.hpp
[16.366s] -- Up-to-date: /home/nash/PycharmProjects/Celestial_Robot/learn/workspace1/install/turtlesim/include/turtlesim/turtlesim/msg/pose.hpp
[16.366s] -- Up-to-date: /home/nash/PycharmProjects/Celestial_Robot/learn/workspace1/install/turtlesim/include/turtlesim/turtlesim/msg/detail
[16.366s] -- Up-to-date: /home/nash/PycharmProjects/Celestial_Robot/learn/workspace1/install/turtlesim/include/turtlesim/turtlesim/msg/detail/color__traits.hpp
[16.366s] -- Up-to-date: /home/nash/PycharmProjects/Celestial_Robot/learn/workspace1/install/turtlesim/include/turtlesim/turtlesim/msg/detail/pose__struct.hpp
[16.366s] -- Up-to-date: /home/nash/PycharmProjects/Celestial_Robot/learn/workspace1/install/turtlesim/include/turtlesim/turtlesim/msg/detail/pose__builder.hpp
[16.366s] -- Up-to-date: /home/nash/PycharmProjects/Celestial_Robot/learn/workspace1/install/turtlesim/include/turtlesim/turtlesim/msg/detail/pose__traits.hpp
[16.366s] -- Up-to-date: /home/nash/PycharmProjects/Celestial_Robot/learn/workspace1/install/turtlesim/include/turtlesim/turtlesim/msg/detail/color__builder.hpp
[16.366s] -- Up-to-date: /home/nash/PycharmProjects/Celestial_Robot/learn/workspace1/install/turtlesim/include/turtlesim/turtlesim/msg/detail/color__struct.hpp
[16.366s] -- Up-to-date: /home/nash/PycharmProjects/Celestial_Robot/learn/workspace1/install/turtlesim/include/turtlesim/turtlesim
[16.367s] -- Up-to-date: /home/nash/PycharmProjects/Celestial_Robot/learn/workspace1/install/turtlesim/include/turtlesim/turtlesim/action
[16.367s] -- Up-to-date: /home/nash/PycharmProjects/Celestial_Robot/learn/workspace1/install/turtlesim/include/turtlesim/turtlesim/action/detail
[16.367s] -- Up-to-date: /home/nash/PycharmProjects/Celestial_Robot/learn/workspace1/install/turtlesim/include/turtlesim/turtlesim/action/detail/rotate_absolute__rosidl_typesupport_fastrtps_cpp.hpp
[16.367s] -- Up-to-date: /home/nash/PycharmProjects/Celestial_Robot/learn/workspace1/install/turtlesim/include/turtlesim/turtlesim/action/detail/dds_fastrtps
[16.367s] -- Up-to-date: /home/nash/PycharmProjects/Celestial_Robot/learn/workspace1/install/turtlesim/include/turtlesim/turtlesim/srv
[16.367s] -- Up-to-date: /home/nash/PycharmProjects/Celestial_Robot/learn/workspace1/install/turtlesim/include/turtlesim/turtlesim/srv/detail
[16.367s] -- Up-to-date: /home/nash/PycharmProjects/Celestial_Robot/learn/workspace1/install/turtlesim/include/turtlesim/turtlesim/srv/detail/teleport_absolute__rosidl_typesupport_fastrtps_cpp.hpp
[16.367s] -- Up-to-date: /home/nash/PycharmProjects/Celestial_Robot/learn/workspace1/install/turtlesim/include/turtlesim/turtlesim/srv/detail/set_pen__rosidl_typesupport_fastrtps_cpp.hpp
[16.367s] -- Up-to-date: /home/nash/PycharmProjects/Celestial_Robot/learn/workspace1/install/turtlesim/include/turtlesim/turtlesim/srv/detail/spawn__rosidl_typesupport_fastrtps_cpp.hpp
[16.368s] -- Up-to-date: /home/nash/PycharmProjects/Celestial_Robot/learn/workspace1/install/turtlesim/include/turtlesim/turtlesim/srv/detail/teleport_relative__rosidl_typesupport_fastrtps_cpp.hpp
[16.368s] -- Up-to-date: /home/nash/PycharmProjects/Celestial_Robot/learn/workspace1/install/turtlesim/include/turtlesim/turtlesim/srv/detail/kill__rosidl_typesupport_fastrtps_cpp.hpp
[16.368s] -- Up-to-date: /home/nash/PycharmProjects/Celestial_Robot/learn/workspace1/install/turtlesim/include/turtlesim/turtlesim/srv/detail/dds_fastrtps
[16.368s] -- Up-to-date: /home/nash/PycharmProjects/Celestial_Robot/learn/workspace1/install/turtlesim/include/turtlesim/turtlesim/msg
[16.368s] -- Up-to-date: /home/nash/PycharmProjects/Celestial_Robot/learn/workspace1/install/turtlesim/include/turtlesim/turtlesim/msg/rosidl_typesupport_fastrtps_cpp__visibility_control.h
[16.369s] -- Up-to-date: /home/nash/PycharmProjects/Celestial_Robot/learn/workspace1/install/turtlesim/include/turtlesim/turtlesim/msg/detail
[16.369s] -- Up-to-date: /home/nash/PycharmProjects/Celestial_Robot/learn/workspace1/install/turtlesim/include/turtlesim/turtlesim/msg/detail/color__rosidl_typesupport_fastrtps_cpp.hpp
[16.369s] -- Up-to-date: /home/nash/PycharmProjects/Celestial_Robot/learn/workspace1/install/turtlesim/include/turtlesim/turtlesim/msg/detail/pose__rosidl_typesupport_fastrtps_cpp.hpp
[16.369s] -- Up-to-date: /home/nash/PycharmProjects/Celestial_Robot/learn/workspace1/install/turtlesim/include/turtlesim/turtlesim/msg/detail/dds_fastrtps
[16.369s] -- Up-to-date: /home/nash/PycharmProjects/Celestial_Robot/learn/workspace1/install/turtlesim/lib/libturtlesim__rosidl_typesupport_fastrtps_cpp.so
[16.370s] -- Up-to-date: /home/nash/PycharmProjects/Celestial_Robot/learn/workspace1/install/turtlesim/include/turtlesim/turtlesim
[16.370s] -- Up-to-date: /home/nash/PycharmProjects/Celestial_Robot/learn/workspace1/install/turtlesim/include/turtlesim/turtlesim/action
[16.370s] -- Up-to-date: /home/nash/PycharmProjects/Celestial_Robot/learn/workspace1/install/turtlesim/include/turtlesim/turtlesim/action/detail
[16.370s] -- Up-to-date: /home/nash/PycharmProjects/Celestial_Robot/learn/workspace1/install/turtlesim/include/turtlesim/turtlesim/action/detail/rotate_absolute__rosidl_typesupport_introspection_c.h
[16.370s] -- Up-to-date: /home/nash/PycharmProjects/Celestial_Robot/learn/workspace1/install/turtlesim/include/turtlesim/turtlesim/action/detail/rotate_absolute__type_support.c
[16.370s] -- Up-to-date: /home/nash/PycharmProjects/Celestial_Robot/learn/workspace1/install/turtlesim/include/turtlesim/turtlesim/srv
[16.370s] -- Up-to-date: /home/nash/PycharmProjects/Celestial_Robot/learn/workspace1/install/turtlesim/include/turtlesim/turtlesim/srv/detail
[16.370s] -- Up-to-date: /home/nash/PycharmProjects/Celestial_Robot/learn/workspace1/install/turtlesim/include/turtlesim/turtlesim/srv/detail/teleport_relative__rosidl_typesupport_introspection_c.h
[16.370s] -- Up-to-date: /home/nash/PycharmProjects/Celestial_Robot/learn/workspace1/install/turtlesim/include/turtlesim/turtlesim/srv/detail/set_pen__rosidl_typesupport_introspection_c.h
[16.371s] -- Up-to-date: /home/nash/PycharmProjects/Celestial_Robot/learn/workspace1/install/turtlesim/include/turtlesim/turtlesim/srv/detail/kill__rosidl_typesupport_introspection_c.h
[16.371s] -- Up-to-date: /home/nash/PycharmProjects/Celestial_Robot/learn/workspace1/install/turtlesim/include/turtlesim/turtlesim/srv/detail/set_pen__type_support.c
[16.371s] -- Up-to-date: /home/nash/PycharmProjects/Celestial_Robot/learn/workspace1/install/turtlesim/include/turtlesim/turtlesim/srv/detail/teleport_relative__type_support.c
[16.371s] -- Up-to-date: /home/nash/PycharmProjects/Celestial_Robot/learn/workspace1/install/turtlesim/include/turtlesim/turtlesim/srv/detail/spawn__rosidl_typesupport_introspection_c.h
[16.371s] -- Up-to-date: /home/nash/PycharmProjects/Celestial_Robot/learn/workspace1/install/turtlesim/include/turtlesim/turtlesim/srv/detail/teleport_absolute__type_support.c
[16.371s] -- Up-to-date: /home/nash/PycharmProjects/Celestial_Robot/learn/workspace1/install/turtlesim/include/turtlesim/turtlesim/srv/detail/teleport_absolute__rosidl_typesupport_introspection_c.h
[16.371s] -- Up-to-date: /home/nash/PycharmProjects/Celestial_Robot/learn/workspace1/install/turtlesim/include/turtlesim/turtlesim/srv/detail/kill__type_support.c
[16.371s] -- Up-to-date: /home/nash/PycharmProjects/Celestial_Robot/learn/workspace1/install/turtlesim/include/turtlesim/turtlesim/srv/detail/spawn__type_support.c
[16.371s] -- Up-to-date: /home/nash/PycharmProjects/Celestial_Robot/learn/workspace1/install/turtlesim/include/turtlesim/turtlesim/msg
[16.371s] -- Up-to-date: /home/nash/PycharmProjects/Celestial_Robot/learn/workspace1/install/turtlesim/include/turtlesim/turtlesim/msg/rosidl_typesupport_introspection_c__visibility_control.h
[16.371s] -- Up-to-date: /home/nash/PycharmProjects/Celestial_Robot/learn/workspace1/install/turtlesim/include/turtlesim/turtlesim/msg/detail
[16.371s] -- Up-to-date: /home/nash/PycharmProjects/Celestial_Robot/learn/workspace1/install/turtlesim/include/turtlesim/turtlesim/msg/detail/pose__type_support.c
[16.372s] -- Up-to-date: /home/nash/PycharmProjects/Celestial_Robot/learn/workspace1/install/turtlesim/include/turtlesim/turtlesim/msg/detail/color__rosidl_typesupport_introspection_c.h
[16.372s] -- Up-to-date: /home/nash/PycharmProjects/Celestial_Robot/learn/workspace1/install/turtlesim/include/turtlesim/turtlesim/msg/detail/color__type_support.c
[16.372s] -- Up-to-date: /home/nash/PycharmProjects/Celestial_Robot/learn/workspace1/install/turtlesim/include/turtlesim/turtlesim/msg/detail/pose__rosidl_typesupport_introspection_c.h
[16.372s] -- Up-to-date: /home/nash/PycharmProjects/Celestial_Robot/learn/workspace1/install/turtlesim/lib/libturtlesim__rosidl_typesupport_introspection_c.so
[16.372s] -- Up-to-date: /home/nash/PycharmProjects/Celestial_Robot/learn/workspace1/install/turtlesim/lib/libturtlesim__rosidl_typesupport_c.so
[16.372s] -- Up-to-date: /home/nash/PycharmProjects/Celestial_Robot/learn/workspace1/install/turtlesim/include/turtlesim/turtlesim
[16.372s] -- Up-to-date: /home/nash/PycharmProjects/Celestial_Robot/learn/workspace1/install/turtlesim/include/turtlesim/turtlesim/action
[16.372s] -- Up-to-date: /home/nash/PycharmProjects/Celestial_Robot/learn/workspace1/install/turtlesim/include/turtlesim/turtlesim/action/detail
[16.372s] -- Up-to-date: /home/nash/PycharmProjects/Celestial_Robot/learn/workspace1/install/turtlesim/include/turtlesim/turtlesim/action/detail/rotate_absolute__type_support.cpp
[16.372s] -- Up-to-date: /home/nash/PycharmProjects/Celestial_Robot/learn/workspace1/install/turtlesim/include/turtlesim/turtlesim/action/detail/rotate_absolute__rosidl_typesupport_introspection_cpp.hpp
[16.372s] -- Up-to-date: /home/nash/PycharmProjects/Celestial_Robot/learn/workspace1/install/turtlesim/include/turtlesim/turtlesim/srv
[16.372s] -- Up-to-date: /home/nash/PycharmProjects/Celestial_Robot/learn/workspace1/install/turtlesim/include/turtlesim/turtlesim/srv/detail
[16.372s] -- Up-to-date: /home/nash/PycharmProjects/Celestial_Robot/learn/workspace1/install/turtlesim/include/turtlesim/turtlesim/srv/detail/set_pen__type_support.cpp
[16.372s] -- Up-to-date: /home/nash/PycharmProjects/Celestial_Robot/learn/workspace1/install/turtlesim/include/turtlesim/turtlesim/srv/detail/kill__type_support.cpp
[16.373s] -- Up-to-date: /home/nash/PycharmProjects/Celestial_Robot/learn/workspace1/install/turtlesim/include/turtlesim/turtlesim/srv/detail/set_pen__rosidl_typesupport_introspection_cpp.hpp
[16.373s] -- Up-to-date: /home/nash/PycharmProjects/Celestial_Robot/learn/workspace1/install/turtlesim/include/turtlesim/turtlesim/srv/detail/teleport_absolute__type_support.cpp
[16.373s] -- Up-to-date: /home/nash/PycharmProjects/Celestial_Robot/learn/workspace1/install/turtlesim/include/turtlesim/turtlesim/srv/detail/teleport_absolute__rosidl_typesupport_introspection_cpp.hpp
[16.373s] -- Up-to-date: /home/nash/PycharmProjects/Celestial_Robot/learn/workspace1/install/turtlesim/include/turtlesim/turtlesim/srv/detail/teleport_relative__rosidl_typesupport_introspection_cpp.hpp
[16.373s] -- Up-to-date: /home/nash/PycharmProjects/Celestial_Robot/learn/workspace1/install/turtlesim/include/turtlesim/turtlesim/srv/detail/spawn__rosidl_typesupport_introspection_cpp.hpp
[16.373s] -- Up-to-date: /home/nash/PycharmProjects/Celestial_Robot/learn/workspace1/install/turtlesim/include/turtlesim/turtlesim/srv/detail/kill__rosidl_typesupport_introspection_cpp.hpp
[16.373s] -- Up-to-date: /home/nash/PycharmProjects/Celestial_Robot/learn/workspace1/install/turtlesim/include/turtlesim/turtlesim/srv/detail/teleport_relative__type_support.cpp
[16.373s] -- Up-to-date: /home/nash/PycharmProjects/Celestial_Robot/learn/workspace1/install/turtlesim/include/turtlesim/turtlesim/srv/detail/spawn__type_support.cpp
[16.373s] -- Up-to-date: /home/nash/PycharmProjects/Celestial_Robot/learn/workspace1/install/turtlesim/include/turtlesim/turtlesim/msg
[16.373s] -- Up-to-date: /home/nash/PycharmProjects/Celestial_Robot/learn/workspace1/install/turtlesim/include/turtlesim/turtlesim/msg/detail
[16.373s] -- Up-to-date: /home/nash/PycharmProjects/Celestial_Robot/learn/workspace1/install/turtlesim/include/turtlesim/turtlesim/msg/detail/color__rosidl_typesupport_introspection_cpp.hpp
[16.373s] -- Up-to-date: /home/nash/PycharmProjects/Celestial_Robot/learn/workspace1/install/turtlesim/include/turtlesim/turtlesim/msg/detail/pose__type_support.cpp
[16.373s] -- Up-to-date: /home/nash/PycharmProjects/Celestial_Robot/learn/workspace1/install/turtlesim/include/turtlesim/turtlesim/msg/detail/pose__rosidl_typesupport_introspection_cpp.hpp
[16.374s] -- Up-to-date: /home/nash/PycharmProjects/Celestial_Robot/learn/workspace1/install/turtlesim/include/turtlesim/turtlesim/msg/detail/color__type_support.cpp
[16.374s] -- Up-to-date: /home/nash/PycharmProjects/Celestial_Robot/learn/workspace1/install/turtlesim/lib/libturtlesim__rosidl_typesupport_introspection_cpp.so
[16.374s] -- Up-to-date: /home/nash/PycharmProjects/Celestial_Robot/learn/workspace1/install/turtlesim/lib/libturtlesim__rosidl_typesupport_cpp.so
[16.374s] -- Up-to-date: /home/nash/PycharmProjects/Celestial_Robot/learn/workspace1/install/turtlesim/share/turtlesim/environment/pythonpath.sh
[16.374s] -- Up-to-date: /home/nash/PycharmProjects/Celestial_Robot/learn/workspace1/install/turtlesim/share/turtlesim/environment/pythonpath.dsv
[16.374s] -- Up-to-date: /home/nash/PycharmProjects/Celestial_Robot/learn/workspace1/install/turtlesim/local/lib/python3.10/dist-packages/turtlesim-1.4.2-py3.10.egg-info
[16.374s] -- Installing: /home/nash/PycharmProjects/Celestial_Robot/learn/workspace1/install/turtlesim/local/lib/python3.10/dist-packages/turtlesim-1.4.2-py3.10.egg-info/top_level.txt
[16.374s] -- Installing: /home/nash/PycharmProjects/Celestial_Robot/learn/workspace1/install/turtlesim/local/lib/python3.10/dist-packages/turtlesim-1.4.2-py3.10.egg-info/dependency_links.txt
[16.374s] -- Installing: /home/nash/PycharmProjects/Celestial_Robot/learn/workspace1/install/turtlesim/local/lib/python3.10/dist-packages/turtlesim-1.4.2-py3.10.egg-info/PKG-INFO
[16.374s] -- Installing: /home/nash/PycharmProjects/Celestial_Robot/learn/workspace1/install/turtlesim/local/lib/python3.10/dist-packages/turtlesim-1.4.2-py3.10.egg-info/SOURCES.txt
[16.375s] -- Up-to-date: /home/nash/PycharmProjects/Celestial_Robot/learn/workspace1/install/turtlesim/local/lib/python3.10/dist-packages/turtlesim
[16.375s] -- Up-to-date: /home/nash/PycharmProjects/Celestial_Robot/learn/workspace1/install/turtlesim/local/lib/python3.10/dist-packages/turtlesim/_turtlesim_s.ep.rosidl_typesupport_introspection_c.c
[16.375s] -- Up-to-date: /home/nash/PycharmProjects/Celestial_Robot/learn/workspace1/install/turtlesim/local/lib/python3.10/dist-packages/turtlesim/turtlesim_s__rosidl_typesupport_introspection_c.cpython-310-x86_64-linux-gnu.so
[16.375s] -- Up-to-date: /home/nash/PycharmProjects/Celestial_Robot/learn/workspace1/install/turtlesim/local/lib/python3.10/dist-packages/turtlesim/turtlesim_s__rosidl_typesupport_c.cpython-310-x86_64-linux-gnu.so
[16.375s] -- Up-to-date: /home/nash/PycharmProjects/Celestial_Robot/learn/workspace1/install/turtlesim/local/lib/python3.10/dist-packages/turtlesim/turtlesim_s__rosidl_typesupport_fastrtps_c.cpython-310-x86_64-linux-gnu.so
[16.375s] -- Up-to-date: /home/nash/PycharmProjects/Celestial_Robot/learn/workspace1/install/turtlesim/local/lib/python3.10/dist-packages/turtlesim/libturtlesim__rosidl_generator_py.so
[16.375s] -- Up-to-date: /home/nash/PycharmProjects/Celestial_Robot/learn/workspace1/install/turtlesim/local/lib/python3.10/dist-packages/turtlesim/action
[16.375s] -- Up-to-date: /home/nash/PycharmProjects/Celestial_Robot/learn/workspace1/install/turtlesim/local/lib/python3.10/dist-packages/turtlesim/action/_rotate_absolute.py
[16.375s] -- Up-to-date: /home/nash/PycharmProjects/Celestial_Robot/learn/workspace1/install/turtlesim/local/lib/python3.10/dist-packages/turtlesim/action/__init__.py
[16.375s] -- Up-to-date: /home/nash/PycharmProjects/Celestial_Robot/learn/workspace1/install/turtlesim/local/lib/python3.10/dist-packages/turtlesim/action/_rotate_absolute_s.c
[16.375s] -- Up-to-date: /home/nash/PycharmProjects/Celestial_Robot/learn/workspace1/install/turtlesim/local/lib/python3.10/dist-packages/turtlesim/__init__.py
[16.376s] -- Up-to-date: /home/nash/PycharmProjects/Celestial_Robot/learn/workspace1/install/turtlesim/local/lib/python3.10/dist-packages/turtlesim/srv
[16.376s] -- Up-to-date: /home/nash/PycharmProjects/Celestial_Robot/learn/workspace1/install/turtlesim/local/lib/python3.10/dist-packages/turtlesim/srv/_set_pen.py
[16.376s] -- Up-to-date: /home/nash/PycharmProjects/Celestial_Robot/learn/workspace1/install/turtlesim/local/lib/python3.10/dist-packages/turtlesim/srv/_spawn_s.c
[16.376s] -- Up-to-date: /home/nash/PycharmProjects/Celestial_Robot/learn/workspace1/install/turtlesim/local/lib/python3.10/dist-packages/turtlesim/srv/_teleport_relative_s.c
[16.376s] -- Up-to-date: /home/nash/PycharmProjects/Celestial_Robot/learn/workspace1/install/turtlesim/local/lib/python3.10/dist-packages/turtlesim/srv/__init__.py
[16.376s] -- Up-to-date: /home/nash/PycharmProjects/Celestial_Robot/learn/workspace1/install/turtlesim/local/lib/python3.10/dist-packages/turtlesim/srv/_kill_s.c
[16.376s] -- Up-to-date: /home/nash/PycharmProjects/Celestial_Robot/learn/workspace1/install/turtlesim/local/lib/python3.10/dist-packages/turtlesim/srv/_kill.py
[16.377s] -- Up-to-date: /home/nash/PycharmProjects/Celestial_Robot/learn/workspace1/install/turtlesim/local/lib/python3.10/dist-packages/turtlesim/srv/_teleport_relative.py
[16.377s] -- Up-to-date: /home/nash/PycharmProjects/Celestial_Robot/learn/workspace1/install/turtlesim/local/lib/python3.10/dist-packages/turtlesim/srv/_teleport_absolute.py
[16.377s] -- Up-to-date: /home/nash/PycharmProjects/Celestial_Robot/learn/workspace1/install/turtlesim/local/lib/python3.10/dist-packages/turtlesim/srv/_spawn.py
[16.377s] -- Up-to-date: /home/nash/PycharmProjects/Celestial_Robot/learn/workspace1/install/turtlesim/local/lib/python3.10/dist-packages/turtlesim/srv/_set_pen_s.c
[16.377s] -- Up-to-date: /home/nash/PycharmProjects/Celestial_Robot/learn/workspace1/install/turtlesim/local/lib/python3.10/dist-packages/turtlesim/srv/_teleport_absolute_s.c
[16.377s] -- Up-to-date: /home/nash/PycharmProjects/Celestial_Robot/learn/workspace1/install/turtlesim/local/lib/python3.10/dist-packages/turtlesim/_turtlesim_s.ep.rosidl_typesupport_c.c
[16.377s] -- Up-to-date: /home/nash/PycharmProjects/Celestial_Robot/learn/workspace1/install/turtlesim/local/lib/python3.10/dist-packages/turtlesim/msg
[16.377s] -- Up-to-date: /home/nash/PycharmProjects/Celestial_Robot/learn/workspace1/install/turtlesim/local/lib/python3.10/dist-packages/turtlesim/msg/_pose_s.c
[16.378s] -- Up-to-date: /home/nash/PycharmProjects/Celestial_Robot/learn/workspace1/install/turtlesim/local/lib/python3.10/dist-packages/turtlesim/msg/_pose.py
[16.378s] -- Up-to-date: /home/nash/PycharmProjects/Celestial_Robot/learn/workspace1/install/turtlesim/local/lib/python3.10/dist-packages/turtlesim/msg/__init__.py
[16.378s] -- Up-to-date: /home/nash/PycharmProjects/Celestial_Robot/learn/workspace1/install/turtlesim/local/lib/python3.10/dist-packages/turtlesim/msg/_color.py
[16.378s] -- Up-to-date: /home/nash/PycharmProjects/Celestial_Robot/learn/workspace1/install/turtlesim/local/lib/python3.10/dist-packages/turtlesim/msg/_color_s.c
[16.378s] -- Up-to-date: /home/nash/PycharmProjects/Celestial_Robot/learn/workspace1/install/turtlesim/local/lib/python3.10/dist-packages/turtlesim/_turtlesim_s.ep.rosidl_typesupport_fastrtps_c.c
[16.408s] Listing '/home/nash/PycharmProjects/Celestial_Robot/learn/workspace1/install/turtlesim/local/lib/python3.10/dist-packages/turtlesim'...
[16.408s] Listing '/home/nash/PycharmProjects/Celestial_Robot/learn/workspace1/install/turtlesim/local/lib/python3.10/dist-packages/turtlesim/action'...
[16.408s] Listing '/home/nash/PycharmProjects/Celestial_Robot/learn/workspace1/install/turtlesim/local/lib/python3.10/dist-packages/turtlesim/msg'...
[16.408s] Listing '/home/nash/PycharmProjects/Celestial_Robot/learn/workspace1/install/turtlesim/local/lib/python3.10/dist-packages/turtlesim/srv'...
[16.413s] -- Up-to-date: /home/nash/PycharmProjects/Celestial_Robot/learn/workspace1/install/turtlesim/local/lib/python3.10/dist-packages/turtlesim/turtlesim_s__rosidl_typesupport_fastrtps_c.cpython-310-x86_64-linux-gnu.so
[16.414s] -- Up-to-date: /home/nash/PycharmProjects/Celestial_Robot/learn/workspace1/install/turtlesim/local/lib/python3.10/dist-packages/turtlesim/turtlesim_s__rosidl_typesupport_introspection_c.cpython-310-x86_64-linux-gnu.so
[16.415s] -- Up-to-date: /home/nash/PycharmProjects/Celestial_Robot/learn/workspace1/install/turtlesim/local/lib/python3.10/dist-packages/turtlesim/turtlesim_s__rosidl_typesupport_c.cpython-310-x86_64-linux-gnu.so
[16.415s] -- Up-to-date: /home/nash/PycharmProjects/Celestial_Robot/learn/workspace1/install/turtlesim/lib/libturtlesim__rosidl_generator_py.so
[16.416s] -- Up-to-date: /home/nash/PycharmProjects/Celestial_Robot/learn/workspace1/install/turtlesim/share/turtlesim/action/RotateAbsolute.idl
[16.416s] -- Up-to-date: /home/nash/PycharmProjects/Celestial_Robot/learn/workspace1/install/turtlesim/share/turtlesim/msg/Color.idl
[16.416s] -- Up-to-date: /home/nash/PycharmProjects/Celestial_Robot/learn/workspace1/install/turtlesim/share/turtlesim/msg/Pose.idl
[16.417s] -- Up-to-date: /home/nash/PycharmProjects/Celestial_Robot/learn/workspace1/install/turtlesim/share/turtlesim/srv/Kill.idl
[16.417s] -- Up-to-date: /home/nash/PycharmProjects/Celestial_Robot/learn/workspace1/install/turtlesim/share/turtlesim/srv/SetPen.idl
[16.417s] -- Up-to-date: /home/nash/PycharmProjects/Celestial_Robot/learn/workspace1/install/turtlesim/share/turtlesim/srv/Spawn.idl
[16.417s] -- Up-to-date: /home/nash/PycharmProjects/Celestial_Robot/learn/workspace1/install/turtlesim/share/turtlesim/srv/TeleportAbsolute.idl
[16.417s] -- Up-to-date: /home/nash/PycharmProjects/Celestial_Robot/learn/workspace1/install/turtlesim/share/turtlesim/srv/TeleportRelative.idl
[16.417s] -- Up-to-date: /home/nash/PycharmProjects/Celestial_Robot/learn/workspace1/install/turtlesim/share/turtlesim/action/RotateAbsolute.action
[16.418s] -- Up-to-date: /home/nash/PycharmProjects/Celestial_Robot/learn/workspace1/install/turtlesim/share/turtlesim/msg/Color.msg
[16.418s] -- Up-to-date: /home/nash/PycharmProjects/Celestial_Robot/learn/workspace1/install/turtlesim/share/turtlesim/msg/Pose.msg
[16.418s] -- Up-to-date: /home/nash/PycharmProjects/Celestial_Robot/learn/workspace1/install/turtlesim/share/turtlesim/srv/Kill.srv
[16.418s] -- Up-to-date: /home/nash/PycharmProjects/Celestial_Robot/learn/workspace1/install/turtlesim/share/turtlesim/srv/Kill_Request.msg
[16.418s] -- Up-to-date: /home/nash/PycharmProjects/Celestial_Robot/learn/workspace1/install/turtlesim/share/turtlesim/srv/Kill_Response.msg
[16.418s] -- Up-to-date: /home/nash/PycharmProjects/Celestial_Robot/learn/workspace1/install/turtlesim/share/turtlesim/srv/SetPen.srv
[16.419s] -- Up-to-date: /home/nash/PycharmProjects/Celestial_Robot/learn/workspace1/install/turtlesim/share/turtlesim/srv/SetPen_Request.msg
[16.419s] -- Up-to-date: /home/nash/PycharmProjects/Celestial_Robot/learn/workspace1/install/turtlesim/share/turtlesim/srv/SetPen_Response.msg
[16.419s] -- Up-to-date: /home/nash/PycharmProjects/Celestial_Robot/learn/workspace1/install/turtlesim/share/turtlesim/srv/Spawn.srv
[16.419s] -- Up-to-date: /home/nash/PycharmProjects/Celestial_Robot/learn/workspace1/install/turtlesim/share/turtlesim/srv/Spawn_Request.msg
[16.419s] -- Up-to-date: /home/nash/PycharmProjects/Celestial_Robot/learn/workspace1/install/turtlesim/share/turtlesim/srv/Spawn_Response.msg
[16.419s] -- Up-to-date: /home/nash/PycharmProjects/Celestial_Robot/learn/workspace1/install/turtlesim/share/turtlesim/srv/TeleportAbsolute.srv
[16.419s] -- Up-to-date: /home/nash/PycharmProjects/Celestial_Robot/learn/workspace1/install/turtlesim/share/turtlesim/srv/TeleportAbsolute_Request.msg
[16.419s] -- Up-to-date: /home/nash/PycharmProjects/Celestial_Robot/learn/workspace1/install/turtlesim/share/turtlesim/srv/TeleportAbsolute_Response.msg
[16.420s] -- Up-to-date: /home/nash/PycharmProjects/Celestial_Robot/learn/workspace1/install/turtlesim/share/turtlesim/srv/TeleportRelative.srv
[16.420s] -- Up-to-date: /home/nash/PycharmProjects/Celestial_Robot/learn/workspace1/install/turtlesim/share/turtlesim/srv/TeleportRelative_Request.msg
[16.420s] -- Up-to-date: /home/nash/PycharmProjects/Celestial_Robot/learn/workspace1/install/turtlesim/share/turtlesim/srv/TeleportRelative_Response.msg
[16.420s] -- Installing: /home/nash/PycharmProjects/Celestial_Robot/learn/workspace1/install/turtlesim/lib/turtlesim/turtlesim_node
[16.433s] -- Set runtime path of "/home/nash/PycharmProjects/Celestial_Robot/learn/workspace1/install/turtlesim/lib/turtlesim/turtlesim_node" to ""
[16.433s] -- Up-to-date: /home/nash/PycharmProjects/Celestial_Robot/learn/workspace1/install/turtlesim/lib/turtlesim/turtle_teleop_key
[16.434s] -- Up-to-date: /home/nash/PycharmProjects/Celestial_Robot/learn/workspace1/install/turtlesim/lib/turtlesim/draw_square
[16.434s] -- Up-to-date: /home/nash/PycharmProjects/Celestial_Robot/learn/workspace1/install/turtlesim/lib/turtlesim/mimic
[16.435s] -- Up-to-date: /home/nash/PycharmProjects/Celestial_Robot/learn/workspace1/install/turtlesim/share/turtlesim/images
[16.435s] -- Up-to-date: /home/nash/PycharmProjects/Celestial_Robot/learn/workspace1/install/turtlesim/share/turtlesim/images/galactic.png
[16.435s] -- Up-to-date: /home/nash/PycharmProjects/Celestial_Robot/learn/workspace1/install/turtlesim/share/turtlesim/images/rolling.png
[16.436s] -- Up-to-date: /home/nash/PycharmProjects/Celestial_Robot/learn/workspace1/install/turtlesim/share/turtlesim/images/bouncy.png
[16.436s] -- Up-to-date: /home/nash/PycharmProjects/Celestial_Robot/learn/workspace1/install/turtlesim/share/turtlesim/images/eloquent.png
[16.436s] -- Up-to-date: /home/nash/PycharmProjects/Celestial_Robot/learn/workspace1/install/turtlesim/share/turtlesim/images/dashing.png
[16.436s] -- Up-to-date: /home/nash/PycharmProjects/Celestial_Robot/learn/workspace1/install/turtlesim/share/turtlesim/images/humble.png
[16.436s] -- Up-to-date: /home/nash/PycharmProjects/Celestial_Robot/learn/workspace1/install/turtlesim/share/turtlesim/images/foxy.png
[16.437s] -- Up-to-date: /home/nash/PycharmProjects/Celestial_Robot/learn/workspace1/install/turtlesim/share/turtlesim/images/ardent.png
[16.437s] -- Up-to-date: /home/nash/PycharmProjects/Celestial_Robot/learn/workspace1/install/turtlesim/share/turtlesim/images/crystal.png
[16.437s] -- Up-to-date: /home/nash/PycharmProjects/Celestial_Robot/learn/workspace1/install/turtlesim/share/turtlesim/launch
[16.437s] -- Up-to-date: /home/nash/PycharmProjects/Celestial_Robot/learn/workspace1/install/turtlesim/share/turtlesim/launch/multisim.launch.py
[16.437s] -- Up-to-date: /home/nash/PycharmProjects/Celestial_Robot/learn/workspace1/install/turtlesim/share/ament_index/resource_index/package_run_dependencies/turtlesim
[16.437s] -- Up-to-date: /home/nash/PycharmProjects/Celestial_Robot/learn/workspace1/install/turtlesim/share/ament_index/resource_index/parent_prefix_path/turtlesim
[16.437s] -- Up-to-date: /home/nash/PycharmProjects/Celestial_Robot/learn/workspace1/install/turtlesim/share/turtlesim/environment/ament_prefix_path.sh
[16.438s] -- Up-to-date: /home/nash/PycharmProjects/Celestial_Robot/learn/workspace1/install/turtlesim/share/turtlesim/environment/ament_prefix_path.dsv
[16.438s] -- Up-to-date: /home/nash/PycharmProjects/Celestial_Robot/learn/workspace1/install/turtlesim/share/turtlesim/environment/path.sh
[16.438s] -- Up-to-date: /home/nash/PycharmProjects/Celestial_Robot/learn/workspace1/install/turtlesim/share/turtlesim/environment/path.dsv
[16.438s] -- Up-to-date: /home/nash/PycharmProjects/Celestial_Robot/learn/workspace1/install/turtlesim/share/turtlesim/local_setup.bash
[16.438s] -- Up-to-date: /home/nash/PycharmProjects/Celestial_Robot/learn/workspace1/install/turtlesim/share/turtlesim/local_setup.sh
[16.438s] -- Up-to-date: /home/nash/PycharmProjects/Celestial_Robot/learn/workspace1/install/turtlesim/share/turtlesim/local_setup.zsh
[16.438s] -- Up-to-date: /home/nash/PycharmProjects/Celestial_Robot/learn/workspace1/install/turtlesim/share/turtlesim/local_setup.dsv
[16.438s] -- Installing: /home/nash/PycharmProjects/Celestial_Robot/learn/workspace1/install/turtlesim/share/turtlesim/package.dsv
[16.438s] -- Up-to-date: /home/nash/PycharmProjects/Celestial_Robot/learn/workspace1/install/turtlesim/share/ament_index/resource_index/packages/turtlesim
[16.439s] -- Up-to-date: /home/nash/PycharmProjects/Celestial_Robot/learn/workspace1/install/turtlesim/share/turtlesim/cmake/export_turtlesim__rosidl_generator_cExport.cmake
[16.439s] -- Up-to-date: /home/nash/PycharmProjects/Celestial_Robot/learn/workspace1/install/turtlesim/share/turtlesim/cmake/export_turtlesim__rosidl_generator_cExport-noconfig.cmake
[16.439s] -- Up-to-date: /home/nash/PycharmProjects/Celestial_Robot/learn/workspace1/install/turtlesim/share/turtlesim/cmake/export_turtlesim__rosidl_typesupport_fastrtps_cExport.cmake
[16.439s] -- Up-to-date: /home/nash/PycharmProjects/Celestial_Robot/learn/workspace1/install/turtlesim/share/turtlesim/cmake/export_turtlesim__rosidl_typesupport_fastrtps_cExport-noconfig.cmake
[16.439s] -- Up-to-date: /home/nash/PycharmProjects/Celestial_Robot/learn/workspace1/install/turtlesim/share/turtlesim/cmake/export_turtlesim__rosidl_generator_cppExport.cmake
[16.439s] -- Up-to-date: /home/nash/PycharmProjects/Celestial_Robot/learn/workspace1/install/turtlesim/share/turtlesim/cmake/export_turtlesim__rosidl_typesupport_fastrtps_cppExport.cmake
[16.439s] -- Up-to-date: /home/nash/PycharmProjects/Celestial_Robot/learn/workspace1/install/turtlesim/share/turtlesim/cmake/export_turtlesim__rosidl_typesupport_fastrtps_cppExport-noconfig.cmake
[16.440s] -- Up-to-date: /home/nash/PycharmProjects/Celestial_Robot/learn/workspace1/install/turtlesim/share/turtlesim/cmake/turtlesim__rosidl_typesupport_introspection_cExport.cmake
[16.440s] -- Up-to-date: /home/nash/PycharmProjects/Celestial_Robot/learn/workspace1/install/turtlesim/share/turtlesim/cmake/turtlesim__rosidl_typesupport_introspection_cExport-noconfig.cmake
[16.440s] -- Up-to-date: /home/nash/PycharmProjects/Celestial_Robot/learn/workspace1/install/turtlesim/share/turtlesim/cmake/turtlesim__rosidl_typesupport_cExport.cmake
[16.440s] -- Up-to-date: /home/nash/PycharmProjects/Celestial_Robot/learn/workspace1/install/turtlesim/share/turtlesim/cmake/turtlesim__rosidl_typesupport_cExport-noconfig.cmake
[16.440s] -- Up-to-date: /home/nash/PycharmProjects/Celestial_Robot/learn/workspace1/install/turtlesim/share/turtlesim/cmake/turtlesim__rosidl_typesupport_introspection_cppExport.cmake
[16.440s] -- Up-to-date: /home/nash/PycharmProjects/Celestial_Robot/learn/workspace1/install/turtlesim/share/turtlesim/cmake/turtlesim__rosidl_typesupport_introspection_cppExport-noconfig.cmake
[16.440s] -- Up-to-date: /home/nash/PycharmProjects/Celestial_Robot/learn/workspace1/install/turtlesim/share/turtlesim/cmake/turtlesim__rosidl_typesupport_cppExport.cmake
[16.441s] -- Up-to-date: /home/nash/PycharmProjects/Celestial_Robot/learn/workspace1/install/turtlesim/share/turtlesim/cmake/turtlesim__rosidl_typesupport_cppExport-noconfig.cmake
[16.441s] -- Up-to-date: /home/nash/PycharmProjects/Celestial_Robot/learn/workspace1/install/turtlesim/share/turtlesim/cmake/export_turtlesim__rosidl_generator_pyExport.cmake
[16.441s] -- Up-to-date: /home/nash/PycharmProjects/Celestial_Robot/learn/workspace1/install/turtlesim/share/turtlesim/cmake/export_turtlesim__rosidl_generator_pyExport-noconfig.cmake
[16.441s] -- Up-to-date: /home/nash/PycharmProjects/Celestial_Robot/learn/workspace1/install/turtlesim/share/turtlesim/cmake/rosidl_cmake-extras.cmake
[16.441s] -- Up-to-date: /home/nash/PycharmProjects/Celestial_Robot/learn/workspace1/install/turtlesim/share/turtlesim/cmake/ament_cmake_export_dependencies-extras.cmake
[16.441s] -- Up-to-date: /home/nash/PycharmProjects/Celestial_Robot/learn/workspace1/install/turtlesim/share/turtlesim/cmake/ament_cmake_export_include_directories-extras.cmake
[16.441s] -- Up-to-date: /home/nash/PycharmProjects/Celestial_Robot/learn/workspace1/install/turtlesim/share/turtlesim/cmake/ament_cmake_export_libraries-extras.cmake
[16.441s] -- Up-to-date: /home/nash/PycharmProjects/Celestial_Robot/learn/workspace1/install/turtlesim/share/turtlesim/cmake/ament_cmake_export_targets-extras.cmake
[16.441s] -- Up-to-date: /home/nash/PycharmProjects/Celestial_Robot/learn/workspace1/install/turtlesim/share/turtlesim/cmake/rosidl_cmake_export_typesupport_targets-extras.cmake
[16.442s] -- Up-to-date: /home/nash/PycharmProjects/Celestial_Robot/learn/workspace1/install/turtlesim/share/turtlesim/cmake/rosidl_cmake_export_typesupport_libraries-extras.cmake
[16.442s] -- Up-to-date: /home/nash/PycharmProjects/Celestial_Robot/learn/workspace1/install/turtlesim/share/turtlesim/cmake/turtlesimConfig.cmake
[16.442s] -- Up-to-date: /home/nash/PycharmProjects/Celestial_Robot/learn/workspace1/install/turtlesim/share/turtlesim/cmake/turtlesimConfig-version.cmake
[16.442s] -- Up-to-date: /home/nash/PycharmProjects/Celestial_Robot/learn/workspace1/install/turtlesim/share/turtlesim/package.xml
[16.445s] Invoked command in '/home/nash/PycharmProjects/Celestial_Robot/learn/workspace1/build/turtlesim' returned '0': CMAKE_PREFIX_PATH=/opt/ros/humble /usr/bin/cmake --install /home/nash/PycharmProjects/Celestial_Robot/learn/workspace1/build/turtlesim
