[0.012s] Invoking command in '/home/nash/PycharmProjects/Celestial_Robot/celeste/build/celeste_interfaces': CMAKE_PREFIX_PATH=/opt/ros/humble /usr/bin/cmake --build /home/nash/PycharmProjects/Celestial_Robot/celeste/build/celeste_interfaces -- -j4 -l4
[0.084s] [  3%] Built target celeste_interfaces__cpp
[0.088s] [ 12%] Built target celeste_interfaces__rosidl_generator_c
[0.105s] [ 12%] Built target ament_cmake_python_copy_celeste_interfaces
[0.129s] [ 22%] Built target celeste_interfaces__rosidl_typesupport_cpp
[0.135s] [ 32%] Built target celeste_interfaces__rosidl_typesupport_fastrtps_cpp
[0.135s] [ 41%] Built target celeste_interfaces__rosidl_typesupport_introspection_cpp
[0.150s] [ 51%] Built target celeste_interfaces__rosidl_typesupport_fastrtps_c
[0.167s] [ 61%] Built target celeste_interfaces__rosidl_typesupport_introspection_c
[0.174s] [ 70%] Built target celeste_interfaces__rosidl_typesupport_c
[0.202s] [ 70%] Built target celeste_interfaces
[0.229s] [ 74%] Built target celeste_interfaces__py
[0.257s] [ 80%] Built target celeste_interfaces__rosidl_generator_py
[0.300s] [ 87%] Built target celeste_interfaces__rosidl_typesupport_fastrtps_c__pyext
[0.301s] [ 93%] Built target celeste_interfaces__rosidl_typesupport_c__pyext
[0.304s] [100%] Built target celeste_interfaces__rosidl_typesupport_introspection_c__pyext
[0.461s] running egg_info
[0.462s] writing celeste_interfaces.egg-info/PKG-INFO
[0.462s] writing dependency_links to celeste_interfaces.egg-info/dependency_links.txt
[0.462s] writing top-level names to celeste_interfaces.egg-info/top_level.txt
[0.465s] reading manifest file 'celeste_interfaces.egg-info/SOURCES.txt'
[0.465s] writing manifest file 'celeste_interfaces.egg-info/SOURCES.txt'
[0.497s] [100%] Built target ament_cmake_python_build_celeste_interfaces_egg
[0.512s] Invoked command in '/home/nash/PycharmProjects/Celestial_Robot/celeste/build/celeste_interfaces' returned '0': CMAKE_PREFIX_PATH=/opt/ros/humble /usr/bin/cmake --build /home/nash/PycharmProjects/Celestial_Robot/celeste/build/celeste_interfaces -- -j4 -l4
[0.610s] Invoking command in '/home/nash/PycharmProjects/Celestial_Robot/celeste/build/celeste_interfaces': CMAKE_PREFIX_PATH=/opt/ros/humble /usr/bin/cmake --install /home/nash/PycharmProjects/Celestial_Robot/celeste/build/celeste_interfaces
[0.621s] -- Install configuration: ""
[0.621s] -- Up-to-date: /home/nash/PycharmProjects/Celestial_Robot/celeste/install/celeste_interfaces/share/ament_index/resource_index/rosidl_interfaces/celeste_interfaces
[0.622s] -- Up-to-date: /home/nash/PycharmProjects/Celestial_Robot/celeste/install/celeste_interfaces/include/celeste_interfaces/celeste_interfaces
[0.622s] -- Up-to-date: /home/nash/PycharmProjects/Celestial_Robot/celeste/install/celeste_interfaces/include/celeste_interfaces/celeste_interfaces/action
[0.622s] -- Up-to-date: /home/nash/PycharmProjects/Celestial_Robot/celeste/install/celeste_interfaces/include/celeste_interfaces/celeste_interfaces/action/return.h
[0.622s] -- Up-to-date: /home/nash/PycharmProjects/Celestial_Robot/celeste/install/celeste_interfaces/include/celeste_interfaces/celeste_interfaces/action/detail
[0.622s] -- Up-to-date: /home/nash/PycharmProjects/Celestial_Robot/celeste/install/celeste_interfaces/include/celeste_interfaces/celeste_interfaces/action/detail/return__type_support.h
[0.622s] -- Up-to-date: /home/nash/PycharmProjects/Celestial_Robot/celeste/install/celeste_interfaces/include/celeste_interfaces/celeste_interfaces/action/detail/return__functions.c
[0.622s] -- Up-to-date: /home/nash/PycharmProjects/Celestial_Robot/celeste/install/celeste_interfaces/include/celeste_interfaces/celeste_interfaces/action/detail/return__struct.h
[0.622s] -- Up-to-date: /home/nash/PycharmProjects/Celestial_Robot/celeste/install/celeste_interfaces/include/celeste_interfaces/celeste_interfaces/action/detail/return__functions.h
[0.623s] -- Up-to-date: /home/nash/PycharmProjects/Celestial_Robot/celeste/install/celeste_interfaces/include/celeste_interfaces/celeste_interfaces/msg
[0.623s] -- Up-to-date: /home/nash/PycharmProjects/Celestial_Robot/celeste/install/celeste_interfaces/include/celeste_interfaces/celeste_interfaces/msg/rosidl_generator_c__visibility_control.h
[0.623s] -- Up-to-date: /home/nash/PycharmProjects/Celestial_Robot/celeste/install/celeste_interfaces/share/celeste_interfaces/environment/library_path.sh
[0.623s] -- Up-to-date: /home/nash/PycharmProjects/Celestial_Robot/celeste/install/celeste_interfaces/share/celeste_interfaces/environment/library_path.dsv
[0.623s] -- Up-to-date: /home/nash/PycharmProjects/Celestial_Robot/celeste/install/celeste_interfaces/lib/libceleste_interfaces__rosidl_generator_c.so
[0.623s] -- Up-to-date: /home/nash/PycharmProjects/Celestial_Robot/celeste/install/celeste_interfaces/include/celeste_interfaces/celeste_interfaces
[0.623s] -- Up-to-date: /home/nash/PycharmProjects/Celestial_Robot/celeste/install/celeste_interfaces/include/celeste_interfaces/celeste_interfaces/action
[0.623s] -- Up-to-date: /home/nash/PycharmProjects/Celestial_Robot/celeste/install/celeste_interfaces/include/celeste_interfaces/celeste_interfaces/action/detail
[0.624s] -- Up-to-date: /home/nash/PycharmProjects/Celestial_Robot/celeste/install/celeste_interfaces/include/celeste_interfaces/celeste_interfaces/action/detail/return__rosidl_typesupport_fastrtps_c.h
[0.624s] -- Up-to-date: /home/nash/PycharmProjects/Celestial_Robot/celeste/install/celeste_interfaces/include/celeste_interfaces/celeste_interfaces/msg
[0.624s] -- Up-to-date: /home/nash/PycharmProjects/Celestial_Robot/celeste/install/celeste_interfaces/include/celeste_interfaces/celeste_interfaces/msg/rosidl_typesupport_fastrtps_c__visibility_control.h
[0.624s] -- Up-to-date: /home/nash/PycharmProjects/Celestial_Robot/celeste/install/celeste_interfaces/lib/libceleste_interfaces__rosidl_typesupport_fastrtps_c.so
[0.624s] -- Up-to-date: /home/nash/PycharmProjects/Celestial_Robot/celeste/install/celeste_interfaces/include/celeste_interfaces/celeste_interfaces
[0.624s] -- Up-to-date: /home/nash/PycharmProjects/Celestial_Robot/celeste/install/celeste_interfaces/include/celeste_interfaces/celeste_interfaces/action
[0.625s] -- Up-to-date: /home/nash/PycharmProjects/Celestial_Robot/celeste/install/celeste_interfaces/include/celeste_interfaces/celeste_interfaces/action/detail
[0.625s] -- Up-to-date: /home/nash/PycharmProjects/Celestial_Robot/celeste/install/celeste_interfaces/include/celeste_interfaces/celeste_interfaces/action/detail/return__rosidl_typesupport_introspection_c.h
[0.625s] -- Up-to-date: /home/nash/PycharmProjects/Celestial_Robot/celeste/install/celeste_interfaces/include/celeste_interfaces/celeste_interfaces/action/detail/return__type_support.c
[0.625s] -- Up-to-date: /home/nash/PycharmProjects/Celestial_Robot/celeste/install/celeste_interfaces/include/celeste_interfaces/celeste_interfaces/msg
[0.625s] -- Up-to-date: /home/nash/PycharmProjects/Celestial_Robot/celeste/install/celeste_interfaces/include/celeste_interfaces/celeste_interfaces/msg/rosidl_typesupport_introspection_c__visibility_control.h
[0.625s] -- Up-to-date: /home/nash/PycharmProjects/Celestial_Robot/celeste/install/celeste_interfaces/lib/libceleste_interfaces__rosidl_typesupport_introspection_c.so
[0.626s] -- Up-to-date: /home/nash/PycharmProjects/Celestial_Robot/celeste/install/celeste_interfaces/lib/libceleste_interfaces__rosidl_typesupport_c.so
[0.626s] -- Up-to-date: /home/nash/PycharmProjects/Celestial_Robot/celeste/install/celeste_interfaces/include/celeste_interfaces/celeste_interfaces
[0.626s] -- Up-to-date: /home/nash/PycharmProjects/Celestial_Robot/celeste/install/celeste_interfaces/include/celeste_interfaces/celeste_interfaces/action
[0.627s] -- Up-to-date: /home/nash/PycharmProjects/Celestial_Robot/celeste/install/celeste_interfaces/include/celeste_interfaces/celeste_interfaces/action/detail
[0.627s] -- Up-to-date: /home/nash/PycharmProjects/Celestial_Robot/celeste/install/celeste_interfaces/include/celeste_interfaces/celeste_interfaces/action/detail/return__builder.hpp
[0.627s] -- Up-to-date: /home/nash/PycharmProjects/Celestial_Robot/celeste/install/celeste_interfaces/include/celeste_interfaces/celeste_interfaces/action/detail/return__traits.hpp
[0.627s] -- Up-to-date: /home/nash/PycharmProjects/Celestial_Robot/celeste/install/celeste_interfaces/include/celeste_interfaces/celeste_interfaces/action/detail/return__struct.hpp
[0.627s] -- Up-to-date: /home/nash/PycharmProjects/Celestial_Robot/celeste/install/celeste_interfaces/include/celeste_interfaces/celeste_interfaces/action/return.hpp
[0.627s] -- Up-to-date: /home/nash/PycharmProjects/Celestial_Robot/celeste/install/celeste_interfaces/include/celeste_interfaces/celeste_interfaces
[0.627s] -- Up-to-date: /home/nash/PycharmProjects/Celestial_Robot/celeste/install/celeste_interfaces/include/celeste_interfaces/celeste_interfaces/action
[0.628s] -- Up-to-date: /home/nash/PycharmProjects/Celestial_Robot/celeste/install/celeste_interfaces/include/celeste_interfaces/celeste_interfaces/action/detail
[0.628s] -- Up-to-date: /home/nash/PycharmProjects/Celestial_Robot/celeste/install/celeste_interfaces/include/celeste_interfaces/celeste_interfaces/action/detail/return__rosidl_typesupport_fastrtps_cpp.hpp
[0.628s] -- Up-to-date: /home/nash/PycharmProjects/Celestial_Robot/celeste/install/celeste_interfaces/include/celeste_interfaces/celeste_interfaces/action/detail/dds_fastrtps
[0.628s] -- Up-to-date: /home/nash/PycharmProjects/Celestial_Robot/celeste/install/celeste_interfaces/include/celeste_interfaces/celeste_interfaces/msg
[0.628s] -- Up-to-date: /home/nash/PycharmProjects/Celestial_Robot/celeste/install/celeste_interfaces/include/celeste_interfaces/celeste_interfaces/msg/rosidl_typesupport_fastrtps_cpp__visibility_control.h
[0.628s] -- Up-to-date: /home/nash/PycharmProjects/Celestial_Robot/celeste/install/celeste_interfaces/lib/libceleste_interfaces__rosidl_typesupport_fastrtps_cpp.so
[0.628s] -- Up-to-date: /home/nash/PycharmProjects/Celestial_Robot/celeste/install/celeste_interfaces/include/celeste_interfaces/celeste_interfaces
[0.629s] -- Up-to-date: /home/nash/PycharmProjects/Celestial_Robot/celeste/install/celeste_interfaces/include/celeste_interfaces/celeste_interfaces/action
[0.629s] -- Up-to-date: /home/nash/PycharmProjects/Celestial_Robot/celeste/install/celeste_interfaces/include/celeste_interfaces/celeste_interfaces/action/detail
[0.629s] -- Up-to-date: /home/nash/PycharmProjects/Celestial_Robot/celeste/install/celeste_interfaces/include/celeste_interfaces/celeste_interfaces/action/detail/return__type_support.cpp
[0.629s] -- Up-to-date: /home/nash/PycharmProjects/Celestial_Robot/celeste/install/celeste_interfaces/include/celeste_interfaces/celeste_interfaces/action/detail/return__rosidl_typesupport_introspection_cpp.hpp
[0.629s] -- Up-to-date: /home/nash/PycharmProjects/Celestial_Robot/celeste/install/celeste_interfaces/lib/libceleste_interfaces__rosidl_typesupport_introspection_cpp.so
[0.629s] -- Up-to-date: /home/nash/PycharmProjects/Celestial_Robot/celeste/install/celeste_interfaces/lib/libceleste_interfaces__rosidl_typesupport_cpp.so
[0.629s] -- Up-to-date: /home/nash/PycharmProjects/Celestial_Robot/celeste/install/celeste_interfaces/share/celeste_interfaces/environment/pythonpath.sh
[0.630s] -- Up-to-date: /home/nash/PycharmProjects/Celestial_Robot/celeste/install/celeste_interfaces/share/celeste_interfaces/environment/pythonpath.dsv
[0.630s] -- Up-to-date: /home/nash/PycharmProjects/Celestial_Robot/celeste/install/celeste_interfaces/local/lib/python3.10/dist-packages/celeste_interfaces-0.0.0-py3.10.egg-info
[0.630s] -- Installing: /home/nash/PycharmProjects/Celestial_Robot/celeste/install/celeste_interfaces/local/lib/python3.10/dist-packages/celeste_interfaces-0.0.0-py3.10.egg-info/top_level.txt
[0.630s] -- Installing: /home/nash/PycharmProjects/Celestial_Robot/celeste/install/celeste_interfaces/local/lib/python3.10/dist-packages/celeste_interfaces-0.0.0-py3.10.egg-info/dependency_links.txt
[0.630s] -- Installing: /home/nash/PycharmProjects/Celestial_Robot/celeste/install/celeste_interfaces/local/lib/python3.10/dist-packages/celeste_interfaces-0.0.0-py3.10.egg-info/PKG-INFO
[0.631s] -- Installing: /home/nash/PycharmProjects/Celestial_Robot/celeste/install/celeste_interfaces/local/lib/python3.10/dist-packages/celeste_interfaces-0.0.0-py3.10.egg-info/SOURCES.txt
[0.631s] -- Up-to-date: /home/nash/PycharmProjects/Celestial_Robot/celeste/install/celeste_interfaces/local/lib/python3.10/dist-packages/celeste_interfaces
[0.631s] -- Up-to-date: /home/nash/PycharmProjects/Celestial_Robot/celeste/install/celeste_interfaces/local/lib/python3.10/dist-packages/celeste_interfaces/celeste_interfaces_s__rosidl_typesupport_c.cpython-310-x86_64-linux-gnu.so
[0.632s] -- Up-to-date: /home/nash/PycharmProjects/Celestial_Robot/celeste/install/celeste_interfaces/local/lib/python3.10/dist-packages/celeste_interfaces/_celeste_interfaces_s.ep.rosidl_typesupport_fastrtps_c.c
[0.632s] -- Up-to-date: /home/nash/PycharmProjects/Celestial_Robot/celeste/install/celeste_interfaces/local/lib/python3.10/dist-packages/celeste_interfaces/action
[0.632s] -- Up-to-date: /home/nash/PycharmProjects/Celestial_Robot/celeste/install/celeste_interfaces/local/lib/python3.10/dist-packages/celeste_interfaces/action/_return_s.c
[0.632s] -- Up-to-date: /home/nash/PycharmProjects/Celestial_Robot/celeste/install/celeste_interfaces/local/lib/python3.10/dist-packages/celeste_interfaces/action/_return.py
[0.632s] -- Up-to-date: /home/nash/PycharmProjects/Celestial_Robot/celeste/install/celeste_interfaces/local/lib/python3.10/dist-packages/celeste_interfaces/action/__init__.py
[0.633s] -- Up-to-date: /home/nash/PycharmProjects/Celestial_Robot/celeste/install/celeste_interfaces/local/lib/python3.10/dist-packages/celeste_interfaces/__init__.py
[0.633s] -- Up-to-date: /home/nash/PycharmProjects/Celestial_Robot/celeste/install/celeste_interfaces/local/lib/python3.10/dist-packages/celeste_interfaces/celeste_interfaces_s__rosidl_typesupport_introspection_c.cpython-310-x86_64-linux-gnu.so
[0.633s] -- Up-to-date: /home/nash/PycharmProjects/Celestial_Robot/celeste/install/celeste_interfaces/local/lib/python3.10/dist-packages/celeste_interfaces/_celeste_interfaces_s.ep.rosidl_typesupport_introspection_c.c
[0.633s] -- Up-to-date: /home/nash/PycharmProjects/Celestial_Robot/celeste/install/celeste_interfaces/local/lib/python3.10/dist-packages/celeste_interfaces/libceleste_interfaces__rosidl_generator_py.so
[0.633s] -- Up-to-date: /home/nash/PycharmProjects/Celestial_Robot/celeste/install/celeste_interfaces/local/lib/python3.10/dist-packages/celeste_interfaces/celeste_interfaces_s__rosidl_typesupport_fastrtps_c.cpython-310-x86_64-linux-gnu.so
[0.633s] -- Up-to-date: /home/nash/PycharmProjects/Celestial_Robot/celeste/install/celeste_interfaces/local/lib/python3.10/dist-packages/celeste_interfaces/_celeste_interfaces_s.ep.rosidl_typesupport_c.c
[0.668s] Listing '/home/nash/PycharmProjects/Celestial_Robot/celeste/install/celeste_interfaces/local/lib/python3.10/dist-packages/celeste_interfaces'...
[0.668s] Listing '/home/nash/PycharmProjects/Celestial_Robot/celeste/install/celeste_interfaces/local/lib/python3.10/dist-packages/celeste_interfaces/action'...
[0.675s] -- Up-to-date: /home/nash/PycharmProjects/Celestial_Robot/celeste/install/celeste_interfaces/local/lib/python3.10/dist-packages/celeste_interfaces/celeste_interfaces_s__rosidl_typesupport_fastrtps_c.cpython-310-x86_64-linux-gnu.so
[0.675s] -- Up-to-date: /home/nash/PycharmProjects/Celestial_Robot/celeste/install/celeste_interfaces/local/lib/python3.10/dist-packages/celeste_interfaces/celeste_interfaces_s__rosidl_typesupport_introspection_c.cpython-310-x86_64-linux-gnu.so
[0.676s] -- Up-to-date: /home/nash/PycharmProjects/Celestial_Robot/celeste/install/celeste_interfaces/local/lib/python3.10/dist-packages/celeste_interfaces/celeste_interfaces_s__rosidl_typesupport_c.cpython-310-x86_64-linux-gnu.so
[0.677s] -- Up-to-date: /home/nash/PycharmProjects/Celestial_Robot/celeste/install/celeste_interfaces/lib/libceleste_interfaces__rosidl_generator_py.so
[0.677s] -- Up-to-date: /home/nash/PycharmProjects/Celestial_Robot/celeste/install/celeste_interfaces/share/celeste_interfaces/action/Return.idl
[0.678s] -- Up-to-date: /home/nash/PycharmProjects/Celestial_Robot/celeste/install/celeste_interfaces/share/celeste_interfaces/action/Return.action
[0.678s] -- Up-to-date: /home/nash/PycharmProjects/Celestial_Robot/celeste/install/celeste_interfaces/share/ament_index/resource_index/package_run_dependencies/celeste_interfaces
[0.678s] -- Up-to-date: /home/nash/PycharmProjects/Celestial_Robot/celeste/install/celeste_interfaces/share/ament_index/resource_index/parent_prefix_path/celeste_interfaces
[0.679s] -- Up-to-date: /home/nash/PycharmProjects/Celestial_Robot/celeste/install/celeste_interfaces/share/celeste_interfaces/environment/ament_prefix_path.sh
[0.679s] -- Up-to-date: /home/nash/PycharmProjects/Celestial_Robot/celeste/install/celeste_interfaces/share/celeste_interfaces/environment/ament_prefix_path.dsv
[0.680s] -- Up-to-date: /home/nash/PycharmProjects/Celestial_Robot/celeste/install/celeste_interfaces/share/celeste_interfaces/environment/path.sh
[0.680s] -- Up-to-date: /home/nash/PycharmProjects/Celestial_Robot/celeste/install/celeste_interfaces/share/celeste_interfaces/environment/path.dsv
[0.680s] -- Up-to-date: /home/nash/PycharmProjects/Celestial_Robot/celeste/install/celeste_interfaces/share/celeste_interfaces/local_setup.bash
[0.681s] -- Up-to-date: /home/nash/PycharmProjects/Celestial_Robot/celeste/install/celeste_interfaces/share/celeste_interfaces/local_setup.sh
[0.681s] -- Up-to-date: /home/nash/PycharmProjects/Celestial_Robot/celeste/install/celeste_interfaces/share/celeste_interfaces/local_setup.zsh
[0.681s] -- Up-to-date: /home/nash/PycharmProjects/Celestial_Robot/celeste/install/celeste_interfaces/share/celeste_interfaces/local_setup.dsv
[0.681s] -- Installing: /home/nash/PycharmProjects/Celestial_Robot/celeste/install/celeste_interfaces/share/celeste_interfaces/package.dsv
[0.681s] -- Up-to-date: /home/nash/PycharmProjects/Celestial_Robot/celeste/install/celeste_interfaces/share/ament_index/resource_index/packages/celeste_interfaces
[0.682s] -- Up-to-date: /home/nash/PycharmProjects/Celestial_Robot/celeste/install/celeste_interfaces/share/celeste_interfaces/cmake/export_celeste_interfaces__rosidl_generator_cExport.cmake
[0.682s] -- Up-to-date: /home/nash/PycharmProjects/Celestial_Robot/celeste/install/celeste_interfaces/share/celeste_interfaces/cmake/export_celeste_interfaces__rosidl_generator_cExport-noconfig.cmake
[0.682s] -- Up-to-date: /home/nash/PycharmProjects/Celestial_Robot/celeste/install/celeste_interfaces/share/celeste_interfaces/cmake/export_celeste_interfaces__rosidl_typesupport_fastrtps_cExport.cmake
[0.682s] -- Up-to-date: /home/nash/PycharmProjects/Celestial_Robot/celeste/install/celeste_interfaces/share/celeste_interfaces/cmake/export_celeste_interfaces__rosidl_typesupport_fastrtps_cExport-noconfig.cmake
[0.682s] -- Up-to-date: /home/nash/PycharmProjects/Celestial_Robot/celeste/install/celeste_interfaces/share/celeste_interfaces/cmake/celeste_interfaces__rosidl_typesupport_introspection_cExport.cmake
[0.683s] -- Up-to-date: /home/nash/PycharmProjects/Celestial_Robot/celeste/install/celeste_interfaces/share/celeste_interfaces/cmake/celeste_interfaces__rosidl_typesupport_introspection_cExport-noconfig.cmake
[0.683s] -- Up-to-date: /home/nash/PycharmProjects/Celestial_Robot/celeste/install/celeste_interfaces/share/celeste_interfaces/cmake/celeste_interfaces__rosidl_typesupport_cExport.cmake
[0.683s] -- Up-to-date: /home/nash/PycharmProjects/Celestial_Robot/celeste/install/celeste_interfaces/share/celeste_interfaces/cmake/celeste_interfaces__rosidl_typesupport_cExport-noconfig.cmake
[0.683s] -- Up-to-date: /home/nash/PycharmProjects/Celestial_Robot/celeste/install/celeste_interfaces/share/celeste_interfaces/cmake/export_celeste_interfaces__rosidl_generator_cppExport.cmake
[0.683s] -- Up-to-date: /home/nash/PycharmProjects/Celestial_Robot/celeste/install/celeste_interfaces/share/celeste_interfaces/cmake/export_celeste_interfaces__rosidl_typesupport_fastrtps_cppExport.cmake
[0.684s] -- Up-to-date: /home/nash/PycharmProjects/Celestial_Robot/celeste/install/celeste_interfaces/share/celeste_interfaces/cmake/export_celeste_interfaces__rosidl_typesupport_fastrtps_cppExport-noconfig.cmake
[0.684s] -- Up-to-date: /home/nash/PycharmProjects/Celestial_Robot/celeste/install/celeste_interfaces/share/celeste_interfaces/cmake/celeste_interfaces__rosidl_typesupport_introspection_cppExport.cmake
[0.684s] -- Up-to-date: /home/nash/PycharmProjects/Celestial_Robot/celeste/install/celeste_interfaces/share/celeste_interfaces/cmake/celeste_interfaces__rosidl_typesupport_introspection_cppExport-noconfig.cmake
[0.684s] -- Up-to-date: /home/nash/PycharmProjects/Celestial_Robot/celeste/install/celeste_interfaces/share/celeste_interfaces/cmake/celeste_interfaces__rosidl_typesupport_cppExport.cmake
[0.684s] -- Up-to-date: /home/nash/PycharmProjects/Celestial_Robot/celeste/install/celeste_interfaces/share/celeste_interfaces/cmake/celeste_interfaces__rosidl_typesupport_cppExport-noconfig.cmake
[0.684s] -- Up-to-date: /home/nash/PycharmProjects/Celestial_Robot/celeste/install/celeste_interfaces/share/celeste_interfaces/cmake/export_celeste_interfaces__rosidl_generator_pyExport.cmake
[0.684s] -- Up-to-date: /home/nash/PycharmProjects/Celestial_Robot/celeste/install/celeste_interfaces/share/celeste_interfaces/cmake/export_celeste_interfaces__rosidl_generator_pyExport-noconfig.cmake
[0.685s] -- Up-to-date: /home/nash/PycharmProjects/Celestial_Robot/celeste/install/celeste_interfaces/share/celeste_interfaces/cmake/rosidl_cmake-extras.cmake
[0.685s] -- Up-to-date: /home/nash/PycharmProjects/Celestial_Robot/celeste/install/celeste_interfaces/share/celeste_interfaces/cmake/ament_cmake_export_dependencies-extras.cmake
[0.685s] -- Up-to-date: /home/nash/PycharmProjects/Celestial_Robot/celeste/install/celeste_interfaces/share/celeste_interfaces/cmake/ament_cmake_export_include_directories-extras.cmake
[0.685s] -- Up-to-date: /home/nash/PycharmProjects/Celestial_Robot/celeste/install/celeste_interfaces/share/celeste_interfaces/cmake/ament_cmake_export_libraries-extras.cmake
[0.685s] -- Up-to-date: /home/nash/PycharmProjects/Celestial_Robot/celeste/install/celeste_interfaces/share/celeste_interfaces/cmake/ament_cmake_export_targets-extras.cmake
[0.685s] -- Up-to-date: /home/nash/PycharmProjects/Celestial_Robot/celeste/install/celeste_interfaces/share/celeste_interfaces/cmake/rosidl_cmake_export_typesupport_targets-extras.cmake
[0.686s] -- Up-to-date: /home/nash/PycharmProjects/Celestial_Robot/celeste/install/celeste_interfaces/share/celeste_interfaces/cmake/rosidl_cmake_export_typesupport_libraries-extras.cmake
[0.686s] -- Up-to-date: /home/nash/PycharmProjects/Celestial_Robot/celeste/install/celeste_interfaces/share/celeste_interfaces/cmake/celeste_interfacesConfig.cmake
[0.686s] -- Up-to-date: /home/nash/PycharmProjects/Celestial_Robot/celeste/install/celeste_interfaces/share/celeste_interfaces/cmake/celeste_interfacesConfig-version.cmake
[0.687s] -- Up-to-date: /home/nash/PycharmProjects/Celestial_Robot/celeste/install/celeste_interfaces/share/celeste_interfaces/package.xml
[0.688s] Invoked command in '/home/nash/PycharmProjects/Celestial_Robot/celeste/build/celeste_interfaces' returned '0': CMAKE_PREFIX_PATH=/opt/ros/humble /usr/bin/cmake --install /home/nash/PycharmProjects/Celestial_Robot/celeste/build/celeste_interfaces
