running egg_info
writing ../../build/my_experiment/my_experiment.egg-info/PKG-INFO
writing dependency_links to ../../build/my_experiment/my_experiment.egg-info/dependency_links.txt
writing entry points to ../../build/my_experiment/my_experiment.egg-info/entry_points.txt
writing requirements to ../../build/my_experiment/my_experiment.egg-info/requires.txt
writing top-level names to ../../build/my_experiment/my_experiment.egg-info/top_level.txt
reading manifest file '../../build/my_experiment/my_experiment.egg-info/SOURCES.txt'
adding license file 'LICENSE'
writing manifest file '../../build/my_experiment/my_experiment.egg-info/SOURCES.txt'
running build
running build_py
running install
running install_lib
running install_data
running install_egg_info
removing '/home/nash/PycharmProjects/Celestial_Robot/celeste/install/my_experiment/lib/python3.10/site-packages/my_experiment-0.0.0-py3.10.egg-info' (and everything under it)
Copying ../../build/my_experiment/my_experiment.egg-info to /home/nash/PycharmProjects/Celestial_Robot/celeste/install/my_experiment/lib/python3.10/site-packages/my_experiment-0.0.0-py3.10.egg-info
running install_scripts
Installing return_action_server script to /home/nash/PycharmProjects/Celestial_Robot/celeste/install/my_experiment/lib/my_experiment
writing list of installed files to '/home/nash/PycharmProjects/Celestial_Robot/celeste/build/my_experiment/install.log'
