[0.012s] Invoking command in '/home/nash/PycharmProjects/Celestial_Robot/learn/workspace1/build/tutorial_interfaces': CMAKE_PREFIX_PATH=/opt/ros/humble /usr/bin/cmake --build /home/nash/PycharmProjects/Celestial_Robot/learn/workspace1/build/tutorial_interfaces -- -j4 -l4
[0.050s] -- Found ament_cmake: 1.3.9 (/opt/ros/humble/share/ament_cmake/cmake)
[0.200s] -- Found geometry_msgs: 4.2.4 (/opt/ros/humble/share/geometry_msgs/cmake)
[0.230s] -- Found rosidl_generator_c: 3.1.5 (/opt/ros/humble/share/rosidl_generator_c/cmake)
[0.234s] -- Found rosidl_adapter: 3.1.5 (/opt/ros/humble/share/rosidl_adapter/cmake)
[0.241s] -- Found rosidl_generator_cpp: 3.1.5 (/opt/ros/humble/share/rosidl_generator_cpp/cmake)
[0.254s] -- Using all available rosidl_typesupport_c: rosidl_typesupport_fastrtps_c;rosidl_typesupport_introspection_c
[0.272s] -- Using all available rosidl_typesupport_cpp: rosidl_typesupport_fastrtps_cpp;rosidl_typesupport_introspection_cpp
[0.410s] -- Found rosidl_default_generators: 1.2.0 (/opt/ros/humble/share/rosidl_default_generators/cmake)
[0.741s] -- Found ament_cmake_ros: 0.10.0 (/opt/ros/humble/share/ament_cmake_ros/cmake)
[1.229s] -- Using all available rosidl_typesupport_c: rosidl_typesupport_fastrtps_c;rosidl_typesupport_introspection_c
[1.422s] -- Using all available rosidl_typesupport_cpp: rosidl_typesupport_fastrtps_cpp;rosidl_typesupport_introspection_cpp
[1.448s] -- Found python_cmake_module: 0.10.0 (/opt/ros/humble/share/python_cmake_module/cmake)
[1.473s] -- Using PYTHON_EXECUTABLE: /usr/bin/python3
[1.473s] -- Using PYTHON_INCLUDE_DIRS: /usr/include/python3.10
[1.473s] -- Using PYTHON_LIBRARIES: /usr/lib/x86_64-linux-gnu/libpython3.10.so
[1.522s] -- Found ament_lint_auto: 0.12.11 (/opt/ros/humble/share/ament_lint_auto/cmake)
[1.535s] -- Added test 'lint_cmake' to check CMake code style
[1.538s] -- Added test 'xmllint' to check XML markup files
[1.540s] -- Configuring done
[1.593s] -- Generating done
[1.598s] -- Build files have been written to: /home/nash/PycharmProjects/Celestial_Robot/learn/workspace1/build/tutorial_interfaces
[1.634s] [35m[1mConsolidate compiler generated dependencies of target tutorial_interfaces__rosidl_generator_c[0m
[1.651s] [  2%] Built target tutorial_interfaces__cpp
[1.659s] [ 12%] Built target tutorial_interfaces__rosidl_generator_c
[1.663s] [ 12%] Built target ament_cmake_python_copy_tutorial_interfaces
[1.674s] [35m[1mConsolidate compiler generated dependencies of target tutorial_interfaces__rosidl_typesupport_cpp[0m
[1.676s] [35m[1mConsolidate compiler generated dependencies of target tutorial_interfaces__rosidl_typesupport_fastrtps_cpp[0m
[1.687s] [35m[1mConsolidate compiler generated dependencies of target tutorial_interfaces__rosidl_typesupport_fastrtps_c[0m
[1.690s] [35m[1mConsolidate compiler generated dependencies of target tutorial_interfaces__rosidl_typesupport_introspection_cpp[0m
[1.709s] [ 34%] Built target tutorial_interfaces__rosidl_typesupport_cpp
[1.709s] [ 34%] Built target tutorial_interfaces__rosidl_typesupport_fastrtps_cpp
[1.719s] [ 44%] Built target tutorial_interfaces__rosidl_typesupport_fastrtps_c
[1.722s] [ 55%] Built target tutorial_interfaces__rosidl_typesupport_introspection_cpp
[1.729s] [35m[1mConsolidate compiler generated dependencies of target tutorial_interfaces__rosidl_typesupport_c[0m
[1.732s] [35m[1mConsolidate compiler generated dependencies of target tutorial_interfaces__rosidl_typesupport_introspection_c[0m
[1.746s] [ 65%] Built target tutorial_interfaces__rosidl_typesupport_c
[1.752s] [ 76%] Built target tutorial_interfaces__rosidl_typesupport_introspection_c
[1.779s] [ 76%] Built target tutorial_interfaces
[1.807s] [ 78%] Built target tutorial_interfaces__py
[1.821s] [35m[1mConsolidate compiler generated dependencies of target tutorial_interfaces__rosidl_generator_py[0m
[1.842s] [ 87%] Built target tutorial_interfaces__rosidl_generator_py
[1.861s] [35m[1mConsolidate compiler generated dependencies of target tutorial_interfaces__rosidl_typesupport_introspection_c__pyext[0m
[1.861s] [35m[1mConsolidate compiler generated dependencies of target tutorial_interfaces__rosidl_typesupport_fastrtps_c__pyext[0m
[1.861s] [35m[1mConsolidate compiler generated dependencies of target tutorial_interfaces__rosidl_typesupport_c__pyext[0m
[1.888s] [ 91%] Built target tutorial_interfaces__rosidl_typesupport_introspection_c__pyext
[1.888s] [ 95%] Built target tutorial_interfaces__rosidl_typesupport_fastrtps_c__pyext
[1.895s] [100%] Built target tutorial_interfaces__rosidl_typesupport_c__pyext
[2.050s] running egg_info
[2.051s] writing tutorial_interfaces.egg-info/PKG-INFO
[2.051s] writing dependency_links to tutorial_interfaces.egg-info/dependency_links.txt
[2.051s] writing top-level names to tutorial_interfaces.egg-info/top_level.txt
[2.054s] reading manifest file 'tutorial_interfaces.egg-info/SOURCES.txt'
[2.055s] writing manifest file 'tutorial_interfaces.egg-info/SOURCES.txt'
[2.085s] [100%] Built target ament_cmake_python_build_tutorial_interfaces_egg
[2.099s] Invoked command in '/home/nash/PycharmProjects/Celestial_Robot/learn/workspace1/build/tutorial_interfaces' returned '0': CMAKE_PREFIX_PATH=/opt/ros/humble /usr/bin/cmake --build /home/nash/PycharmProjects/Celestial_Robot/learn/workspace1/build/tutorial_interfaces -- -j4 -l4
[2.247s] Invoking command in '/home/nash/PycharmProjects/Celestial_Robot/learn/workspace1/build/tutorial_interfaces': CMAKE_PREFIX_PATH=/opt/ros/humble /usr/bin/cmake --install /home/nash/PycharmProjects/Celestial_Robot/learn/workspace1/build/tutorial_interfaces
[2.257s] -- Install configuration: ""
[2.257s] -- Up-to-date: /home/nash/PycharmProjects/Celestial_Robot/learn/workspace1/install/tutorial_interfaces/share/ament_index/resource_index/rosidl_interfaces/tutorial_interfaces
[2.258s] -- Up-to-date: /home/nash/PycharmProjects/Celestial_Robot/learn/workspace1/install/tutorial_interfaces/include/tutorial_interfaces/tutorial_interfaces
[2.258s] -- Up-to-date: /home/nash/PycharmProjects/Celestial_Robot/learn/workspace1/install/tutorial_interfaces/include/tutorial_interfaces/tutorial_interfaces/srv
[2.258s] -- Up-to-date: /home/nash/PycharmProjects/Celestial_Robot/learn/workspace1/install/tutorial_interfaces/include/tutorial_interfaces/tutorial_interfaces/srv/add_three_ints.h
[2.258s] -- Up-to-date: /home/nash/PycharmProjects/Celestial_Robot/learn/workspace1/install/tutorial_interfaces/include/tutorial_interfaces/tutorial_interfaces/srv/detail
[2.259s] -- Up-to-date: /home/nash/PycharmProjects/Celestial_Robot/learn/workspace1/install/tutorial_interfaces/include/tutorial_interfaces/tutorial_interfaces/srv/detail/add_three_ints__struct.h
[2.259s] -- Up-to-date: /home/nash/PycharmProjects/Celestial_Robot/learn/workspace1/install/tutorial_interfaces/include/tutorial_interfaces/tutorial_interfaces/srv/detail/add_three_ints__functions.h
[2.259s] -- Up-to-date: /home/nash/PycharmProjects/Celestial_Robot/learn/workspace1/install/tutorial_interfaces/include/tutorial_interfaces/tutorial_interfaces/srv/detail/add_three_ints__type_support.h
[2.259s] -- Up-to-date: /home/nash/PycharmProjects/Celestial_Robot/learn/workspace1/install/tutorial_interfaces/include/tutorial_interfaces/tutorial_interfaces/srv/detail/add_three_ints__functions.c
[2.259s] -- Up-to-date: /home/nash/PycharmProjects/Celestial_Robot/learn/workspace1/install/tutorial_interfaces/include/tutorial_interfaces/tutorial_interfaces/msg
[2.259s] -- Up-to-date: /home/nash/PycharmProjects/Celestial_Robot/learn/workspace1/install/tutorial_interfaces/include/tutorial_interfaces/tutorial_interfaces/msg/num.h
[2.259s] -- Up-to-date: /home/nash/PycharmProjects/Celestial_Robot/learn/workspace1/install/tutorial_interfaces/include/tutorial_interfaces/tutorial_interfaces/msg/sphere.h
[2.260s] -- Up-to-date: /home/nash/PycharmProjects/Celestial_Robot/learn/workspace1/install/tutorial_interfaces/include/tutorial_interfaces/tutorial_interfaces/msg/rosidl_generator_c__visibility_control.h
[2.260s] -- Up-to-date: /home/nash/PycharmProjects/Celestial_Robot/learn/workspace1/install/tutorial_interfaces/include/tutorial_interfaces/tutorial_interfaces/msg/detail
[2.260s] -- Up-to-date: /home/nash/PycharmProjects/Celestial_Robot/learn/workspace1/install/tutorial_interfaces/include/tutorial_interfaces/tutorial_interfaces/msg/detail/sphere__functions.c
[2.260s] -- Up-to-date: /home/nash/PycharmProjects/Celestial_Robot/learn/workspace1/install/tutorial_interfaces/include/tutorial_interfaces/tutorial_interfaces/msg/detail/num__functions.h
[2.260s] -- Up-to-date: /home/nash/PycharmProjects/Celestial_Robot/learn/workspace1/install/tutorial_interfaces/include/tutorial_interfaces/tutorial_interfaces/msg/detail/sphere__functions.h
[2.260s] -- Up-to-date: /home/nash/PycharmProjects/Celestial_Robot/learn/workspace1/install/tutorial_interfaces/include/tutorial_interfaces/tutorial_interfaces/msg/detail/num__struct.h
[2.260s] -- Up-to-date: /home/nash/PycharmProjects/Celestial_Robot/learn/workspace1/install/tutorial_interfaces/include/tutorial_interfaces/tutorial_interfaces/msg/detail/sphere__type_support.h
[2.260s] -- Up-to-date: /home/nash/PycharmProjects/Celestial_Robot/learn/workspace1/install/tutorial_interfaces/include/tutorial_interfaces/tutorial_interfaces/msg/detail/sphere__struct.h
[2.260s] -- Up-to-date: /home/nash/PycharmProjects/Celestial_Robot/learn/workspace1/install/tutorial_interfaces/include/tutorial_interfaces/tutorial_interfaces/msg/detail/num__functions.c
[2.261s] -- Up-to-date: /home/nash/PycharmProjects/Celestial_Robot/learn/workspace1/install/tutorial_interfaces/include/tutorial_interfaces/tutorial_interfaces/msg/detail/num__type_support.h
[2.261s] -- Up-to-date: /home/nash/PycharmProjects/Celestial_Robot/learn/workspace1/install/tutorial_interfaces/share/tutorial_interfaces/environment/library_path.sh
[2.261s] -- Installing: /home/nash/PycharmProjects/Celestial_Robot/learn/workspace1/install/tutorial_interfaces/share/tutorial_interfaces/environment/library_path.dsv
[2.261s] -- Up-to-date: /home/nash/PycharmProjects/Celestial_Robot/learn/workspace1/install/tutorial_interfaces/lib/libtutorial_interfaces__rosidl_generator_c.so
[2.261s] -- Up-to-date: /home/nash/PycharmProjects/Celestial_Robot/learn/workspace1/install/tutorial_interfaces/include/tutorial_interfaces/tutorial_interfaces
[2.261s] -- Up-to-date: /home/nash/PycharmProjects/Celestial_Robot/learn/workspace1/install/tutorial_interfaces/include/tutorial_interfaces/tutorial_interfaces/srv
[2.261s] -- Up-to-date: /home/nash/PycharmProjects/Celestial_Robot/learn/workspace1/install/tutorial_interfaces/include/tutorial_interfaces/tutorial_interfaces/srv/detail
[2.261s] -- Up-to-date: /home/nash/PycharmProjects/Celestial_Robot/learn/workspace1/install/tutorial_interfaces/include/tutorial_interfaces/tutorial_interfaces/srv/detail/add_three_ints__rosidl_typesupport_fastrtps_c.h
[2.262s] -- Up-to-date: /home/nash/PycharmProjects/Celestial_Robot/learn/workspace1/install/tutorial_interfaces/include/tutorial_interfaces/tutorial_interfaces/msg
[2.262s] -- Up-to-date: /home/nash/PycharmProjects/Celestial_Robot/learn/workspace1/install/tutorial_interfaces/include/tutorial_interfaces/tutorial_interfaces/msg/rosidl_typesupport_fastrtps_c__visibility_control.h
[2.262s] -- Up-to-date: /home/nash/PycharmProjects/Celestial_Robot/learn/workspace1/install/tutorial_interfaces/include/tutorial_interfaces/tutorial_interfaces/msg/detail
[2.262s] -- Up-to-date: /home/nash/PycharmProjects/Celestial_Robot/learn/workspace1/install/tutorial_interfaces/include/tutorial_interfaces/tutorial_interfaces/msg/detail/sphere__rosidl_typesupport_fastrtps_c.h
[2.262s] -- Up-to-date: /home/nash/PycharmProjects/Celestial_Robot/learn/workspace1/install/tutorial_interfaces/include/tutorial_interfaces/tutorial_interfaces/msg/detail/num__rosidl_typesupport_fastrtps_c.h
[2.263s] -- Up-to-date: /home/nash/PycharmProjects/Celestial_Robot/learn/workspace1/install/tutorial_interfaces/lib/libtutorial_interfaces__rosidl_typesupport_fastrtps_c.so
[2.263s] -- Up-to-date: /home/nash/PycharmProjects/Celestial_Robot/learn/workspace1/install/tutorial_interfaces/include/tutorial_interfaces/tutorial_interfaces
[2.263s] -- Up-to-date: /home/nash/PycharmProjects/Celestial_Robot/learn/workspace1/install/tutorial_interfaces/include/tutorial_interfaces/tutorial_interfaces/srv
[2.263s] -- Up-to-date: /home/nash/PycharmProjects/Celestial_Robot/learn/workspace1/install/tutorial_interfaces/include/tutorial_interfaces/tutorial_interfaces/srv/add_three_ints.hpp
[2.263s] -- Up-to-date: /home/nash/PycharmProjects/Celestial_Robot/learn/workspace1/install/tutorial_interfaces/include/tutorial_interfaces/tutorial_interfaces/srv/detail
[2.264s] -- Up-to-date: /home/nash/PycharmProjects/Celestial_Robot/learn/workspace1/install/tutorial_interfaces/include/tutorial_interfaces/tutorial_interfaces/srv/detail/add_three_ints__traits.hpp
[2.264s] -- Up-to-date: /home/nash/PycharmProjects/Celestial_Robot/learn/workspace1/install/tutorial_interfaces/include/tutorial_interfaces/tutorial_interfaces/srv/detail/add_three_ints__builder.hpp
[2.264s] -- Up-to-date: /home/nash/PycharmProjects/Celestial_Robot/learn/workspace1/install/tutorial_interfaces/include/tutorial_interfaces/tutorial_interfaces/srv/detail/add_three_ints__struct.hpp
[2.264s] -- Up-to-date: /home/nash/PycharmProjects/Celestial_Robot/learn/workspace1/install/tutorial_interfaces/include/tutorial_interfaces/tutorial_interfaces/msg
[2.264s] -- Up-to-date: /home/nash/PycharmProjects/Celestial_Robot/learn/workspace1/install/tutorial_interfaces/include/tutorial_interfaces/tutorial_interfaces/msg/num.hpp
[2.264s] -- Up-to-date: /home/nash/PycharmProjects/Celestial_Robot/learn/workspace1/install/tutorial_interfaces/include/tutorial_interfaces/tutorial_interfaces/msg/detail
[2.264s] -- Up-to-date: /home/nash/PycharmProjects/Celestial_Robot/learn/workspace1/install/tutorial_interfaces/include/tutorial_interfaces/tutorial_interfaces/msg/detail/sphere__traits.hpp
[2.265s] -- Up-to-date: /home/nash/PycharmProjects/Celestial_Robot/learn/workspace1/install/tutorial_interfaces/include/tutorial_interfaces/tutorial_interfaces/msg/detail/num__struct.hpp
[2.265s] -- Up-to-date: /home/nash/PycharmProjects/Celestial_Robot/learn/workspace1/install/tutorial_interfaces/include/tutorial_interfaces/tutorial_interfaces/msg/detail/num__traits.hpp
[2.265s] -- Up-to-date: /home/nash/PycharmProjects/Celestial_Robot/learn/workspace1/install/tutorial_interfaces/include/tutorial_interfaces/tutorial_interfaces/msg/detail/sphere__builder.hpp
[2.265s] -- Up-to-date: /home/nash/PycharmProjects/Celestial_Robot/learn/workspace1/install/tutorial_interfaces/include/tutorial_interfaces/tutorial_interfaces/msg/detail/sphere__struct.hpp
[2.265s] -- Up-to-date: /home/nash/PycharmProjects/Celestial_Robot/learn/workspace1/install/tutorial_interfaces/include/tutorial_interfaces/tutorial_interfaces/msg/detail/num__builder.hpp
[2.266s] -- Up-to-date: /home/nash/PycharmProjects/Celestial_Robot/learn/workspace1/install/tutorial_interfaces/include/tutorial_interfaces/tutorial_interfaces/msg/sphere.hpp
[2.266s] -- Up-to-date: /home/nash/PycharmProjects/Celestial_Robot/learn/workspace1/install/tutorial_interfaces/include/tutorial_interfaces/tutorial_interfaces
[2.266s] -- Up-to-date: /home/nash/PycharmProjects/Celestial_Robot/learn/workspace1/install/tutorial_interfaces/include/tutorial_interfaces/tutorial_interfaces/srv
[2.266s] -- Up-to-date: /home/nash/PycharmProjects/Celestial_Robot/learn/workspace1/install/tutorial_interfaces/include/tutorial_interfaces/tutorial_interfaces/srv/detail
[2.266s] -- Up-to-date: /home/nash/PycharmProjects/Celestial_Robot/learn/workspace1/install/tutorial_interfaces/include/tutorial_interfaces/tutorial_interfaces/srv/detail/add_three_ints__rosidl_typesupport_fastrtps_cpp.hpp
[2.266s] -- Up-to-date: /home/nash/PycharmProjects/Celestial_Robot/learn/workspace1/install/tutorial_interfaces/include/tutorial_interfaces/tutorial_interfaces/srv/detail/dds_fastrtps
[2.266s] -- Up-to-date: /home/nash/PycharmProjects/Celestial_Robot/learn/workspace1/install/tutorial_interfaces/include/tutorial_interfaces/tutorial_interfaces/msg
[2.266s] -- Up-to-date: /home/nash/PycharmProjects/Celestial_Robot/learn/workspace1/install/tutorial_interfaces/include/tutorial_interfaces/tutorial_interfaces/msg/rosidl_typesupport_fastrtps_cpp__visibility_control.h
[2.267s] -- Up-to-date: /home/nash/PycharmProjects/Celestial_Robot/learn/workspace1/install/tutorial_interfaces/include/tutorial_interfaces/tutorial_interfaces/msg/detail
[2.267s] -- Up-to-date: /home/nash/PycharmProjects/Celestial_Robot/learn/workspace1/install/tutorial_interfaces/include/tutorial_interfaces/tutorial_interfaces/msg/detail/num__rosidl_typesupport_fastrtps_cpp.hpp
[2.267s] -- Up-to-date: /home/nash/PycharmProjects/Celestial_Robot/learn/workspace1/install/tutorial_interfaces/include/tutorial_interfaces/tutorial_interfaces/msg/detail/sphere__rosidl_typesupport_fastrtps_cpp.hpp
[2.267s] -- Up-to-date: /home/nash/PycharmProjects/Celestial_Robot/learn/workspace1/install/tutorial_interfaces/include/tutorial_interfaces/tutorial_interfaces/msg/detail/dds_fastrtps
[2.267s] -- Up-to-date: /home/nash/PycharmProjects/Celestial_Robot/learn/workspace1/install/tutorial_interfaces/lib/libtutorial_interfaces__rosidl_typesupport_fastrtps_cpp.so
[2.267s] -- Up-to-date: /home/nash/PycharmProjects/Celestial_Robot/learn/workspace1/install/tutorial_interfaces/include/tutorial_interfaces/tutorial_interfaces
[2.268s] -- Up-to-date: /home/nash/PycharmProjects/Celestial_Robot/learn/workspace1/install/tutorial_interfaces/include/tutorial_interfaces/tutorial_interfaces/srv
[2.268s] -- Up-to-date: /home/nash/PycharmProjects/Celestial_Robot/learn/workspace1/install/tutorial_interfaces/include/tutorial_interfaces/tutorial_interfaces/srv/detail
[2.268s] -- Up-to-date: /home/nash/PycharmProjects/Celestial_Robot/learn/workspace1/install/tutorial_interfaces/include/tutorial_interfaces/tutorial_interfaces/srv/detail/add_three_ints__type_support.c
[2.268s] -- Up-to-date: /home/nash/PycharmProjects/Celestial_Robot/learn/workspace1/install/tutorial_interfaces/include/tutorial_interfaces/tutorial_interfaces/srv/detail/add_three_ints__rosidl_typesupport_introspection_c.h
[2.268s] -- Up-to-date: /home/nash/PycharmProjects/Celestial_Robot/learn/workspace1/install/tutorial_interfaces/include/tutorial_interfaces/tutorial_interfaces/msg
[2.268s] -- Up-to-date: /home/nash/PycharmProjects/Celestial_Robot/learn/workspace1/install/tutorial_interfaces/include/tutorial_interfaces/tutorial_interfaces/msg/rosidl_typesupport_introspection_c__visibility_control.h
[2.268s] -- Up-to-date: /home/nash/PycharmProjects/Celestial_Robot/learn/workspace1/install/tutorial_interfaces/include/tutorial_interfaces/tutorial_interfaces/msg/detail
[2.269s] -- Up-to-date: /home/nash/PycharmProjects/Celestial_Robot/learn/workspace1/install/tutorial_interfaces/include/tutorial_interfaces/tutorial_interfaces/msg/detail/num__rosidl_typesupport_introspection_c.h
[2.269s] -- Up-to-date: /home/nash/PycharmProjects/Celestial_Robot/learn/workspace1/install/tutorial_interfaces/include/tutorial_interfaces/tutorial_interfaces/msg/detail/sphere__type_support.c
[2.269s] -- Up-to-date: /home/nash/PycharmProjects/Celestial_Robot/learn/workspace1/install/tutorial_interfaces/include/tutorial_interfaces/tutorial_interfaces/msg/detail/num__type_support.c
[2.269s] -- Up-to-date: /home/nash/PycharmProjects/Celestial_Robot/learn/workspace1/install/tutorial_interfaces/include/tutorial_interfaces/tutorial_interfaces/msg/detail/sphere__rosidl_typesupport_introspection_c.h
[2.269s] -- Up-to-date: /home/nash/PycharmProjects/Celestial_Robot/learn/workspace1/install/tutorial_interfaces/lib/libtutorial_interfaces__rosidl_typesupport_introspection_c.so
[2.269s] -- Up-to-date: /home/nash/PycharmProjects/Celestial_Robot/learn/workspace1/install/tutorial_interfaces/lib/libtutorial_interfaces__rosidl_typesupport_c.so
[2.269s] -- Up-to-date: /home/nash/PycharmProjects/Celestial_Robot/learn/workspace1/install/tutorial_interfaces/include/tutorial_interfaces/tutorial_interfaces
[2.270s] -- Up-to-date: /home/nash/PycharmProjects/Celestial_Robot/learn/workspace1/install/tutorial_interfaces/include/tutorial_interfaces/tutorial_interfaces/srv
[2.270s] -- Up-to-date: /home/nash/PycharmProjects/Celestial_Robot/learn/workspace1/install/tutorial_interfaces/include/tutorial_interfaces/tutorial_interfaces/srv/detail
[2.270s] -- Up-to-date: /home/nash/PycharmProjects/Celestial_Robot/learn/workspace1/install/tutorial_interfaces/include/tutorial_interfaces/tutorial_interfaces/srv/detail/add_three_ints__rosidl_typesupport_introspection_cpp.hpp
[2.270s] -- Up-to-date: /home/nash/PycharmProjects/Celestial_Robot/learn/workspace1/install/tutorial_interfaces/include/tutorial_interfaces/tutorial_interfaces/srv/detail/add_three_ints__type_support.cpp
[2.270s] -- Up-to-date: /home/nash/PycharmProjects/Celestial_Robot/learn/workspace1/install/tutorial_interfaces/include/tutorial_interfaces/tutorial_interfaces/msg
[2.270s] -- Up-to-date: /home/nash/PycharmProjects/Celestial_Robot/learn/workspace1/install/tutorial_interfaces/include/tutorial_interfaces/tutorial_interfaces/msg/detail
[2.270s] -- Up-to-date: /home/nash/PycharmProjects/Celestial_Robot/learn/workspace1/install/tutorial_interfaces/include/tutorial_interfaces/tutorial_interfaces/msg/detail/num__type_support.cpp
[2.270s] -- Up-to-date: /home/nash/PycharmProjects/Celestial_Robot/learn/workspace1/install/tutorial_interfaces/include/tutorial_interfaces/tutorial_interfaces/msg/detail/num__rosidl_typesupport_introspection_cpp.hpp
[2.271s] -- Up-to-date: /home/nash/PycharmProjects/Celestial_Robot/learn/workspace1/install/tutorial_interfaces/include/tutorial_interfaces/tutorial_interfaces/msg/detail/sphere__type_support.cpp
[2.271s] -- Up-to-date: /home/nash/PycharmProjects/Celestial_Robot/learn/workspace1/install/tutorial_interfaces/include/tutorial_interfaces/tutorial_interfaces/msg/detail/sphere__rosidl_typesupport_introspection_cpp.hpp
[2.271s] -- Up-to-date: /home/nash/PycharmProjects/Celestial_Robot/learn/workspace1/install/tutorial_interfaces/lib/libtutorial_interfaces__rosidl_typesupport_introspection_cpp.so
[2.271s] -- Up-to-date: /home/nash/PycharmProjects/Celestial_Robot/learn/workspace1/install/tutorial_interfaces/lib/libtutorial_interfaces__rosidl_typesupport_cpp.so
[2.271s] -- Up-to-date: /home/nash/PycharmProjects/Celestial_Robot/learn/workspace1/install/tutorial_interfaces/share/tutorial_interfaces/environment/pythonpath.sh
[2.271s] -- Installing: /home/nash/PycharmProjects/Celestial_Robot/learn/workspace1/install/tutorial_interfaces/share/tutorial_interfaces/environment/pythonpath.dsv
[2.271s] -- Up-to-date: /home/nash/PycharmProjects/Celestial_Robot/learn/workspace1/install/tutorial_interfaces/local/lib/python3.10/dist-packages/tutorial_interfaces-0.0.0-py3.10.egg-info
[2.272s] -- Installing: /home/nash/PycharmProjects/Celestial_Robot/learn/workspace1/install/tutorial_interfaces/local/lib/python3.10/dist-packages/tutorial_interfaces-0.0.0-py3.10.egg-info/top_level.txt
[2.272s] -- Installing: /home/nash/PycharmProjects/Celestial_Robot/learn/workspace1/install/tutorial_interfaces/local/lib/python3.10/dist-packages/tutorial_interfaces-0.0.0-py3.10.egg-info/dependency_links.txt
[2.272s] -- Installing: /home/nash/PycharmProjects/Celestial_Robot/learn/workspace1/install/tutorial_interfaces/local/lib/python3.10/dist-packages/tutorial_interfaces-0.0.0-py3.10.egg-info/PKG-INFO
[2.272s] -- Installing: /home/nash/PycharmProjects/Celestial_Robot/learn/workspace1/install/tutorial_interfaces/local/lib/python3.10/dist-packages/tutorial_interfaces-0.0.0-py3.10.egg-info/SOURCES.txt
[2.272s] -- Up-to-date: /home/nash/PycharmProjects/Celestial_Robot/learn/workspace1/install/tutorial_interfaces/local/lib/python3.10/dist-packages/tutorial_interfaces
[2.273s] -- Up-to-date: /home/nash/PycharmProjects/Celestial_Robot/learn/workspace1/install/tutorial_interfaces/local/lib/python3.10/dist-packages/tutorial_interfaces/_tutorial_interfaces_s.ep.rosidl_typesupport_introspection_c.c
[2.273s] -- Up-to-date: /home/nash/PycharmProjects/Celestial_Robot/learn/workspace1/install/tutorial_interfaces/local/lib/python3.10/dist-packages/tutorial_interfaces/_tutorial_interfaces_s.ep.rosidl_typesupport_fastrtps_c.c
[2.273s] -- Up-to-date: /home/nash/PycharmProjects/Celestial_Robot/learn/workspace1/install/tutorial_interfaces/local/lib/python3.10/dist-packages/tutorial_interfaces/tutorial_interfaces_s__rosidl_typesupport_introspection_c.cpython-310-x86_64-linux-gnu.so
[2.273s] -- Up-to-date: /home/nash/PycharmProjects/Celestial_Robot/learn/workspace1/install/tutorial_interfaces/local/lib/python3.10/dist-packages/tutorial_interfaces/_tutorial_interfaces_s.ep.rosidl_typesupport_c.c
[2.273s] -- Installing: /home/nash/PycharmProjects/Celestial_Robot/learn/workspace1/install/tutorial_interfaces/local/lib/python3.10/dist-packages/tutorial_interfaces/__init__.py
[2.273s] -- Up-to-date: /home/nash/PycharmProjects/Celestial_Robot/learn/workspace1/install/tutorial_interfaces/local/lib/python3.10/dist-packages/tutorial_interfaces/tutorial_interfaces_s__rosidl_typesupport_c.cpython-310-x86_64-linux-gnu.so
[2.273s] -- Up-to-date: /home/nash/PycharmProjects/Celestial_Robot/learn/workspace1/install/tutorial_interfaces/local/lib/python3.10/dist-packages/tutorial_interfaces/srv
[2.273s] -- Up-to-date: /home/nash/PycharmProjects/Celestial_Robot/learn/workspace1/install/tutorial_interfaces/local/lib/python3.10/dist-packages/tutorial_interfaces/srv/__init__.py
[2.274s] -- Up-to-date: /home/nash/PycharmProjects/Celestial_Robot/learn/workspace1/install/tutorial_interfaces/local/lib/python3.10/dist-packages/tutorial_interfaces/srv/_add_three_ints.py
[2.274s] -- Up-to-date: /home/nash/PycharmProjects/Celestial_Robot/learn/workspace1/install/tutorial_interfaces/local/lib/python3.10/dist-packages/tutorial_interfaces/srv/_add_three_ints_s.c
[2.274s] -- Up-to-date: /home/nash/PycharmProjects/Celestial_Robot/learn/workspace1/install/tutorial_interfaces/local/lib/python3.10/dist-packages/tutorial_interfaces/msg
[2.274s] -- Up-to-date: /home/nash/PycharmProjects/Celestial_Robot/learn/workspace1/install/tutorial_interfaces/local/lib/python3.10/dist-packages/tutorial_interfaces/msg/_sphere_s.c
[2.274s] -- Up-to-date: /home/nash/PycharmProjects/Celestial_Robot/learn/workspace1/install/tutorial_interfaces/local/lib/python3.10/dist-packages/tutorial_interfaces/msg/__init__.py
[2.274s] -- Up-to-date: /home/nash/PycharmProjects/Celestial_Robot/learn/workspace1/install/tutorial_interfaces/local/lib/python3.10/dist-packages/tutorial_interfaces/msg/_num_s.c
[2.274s] -- Up-to-date: /home/nash/PycharmProjects/Celestial_Robot/learn/workspace1/install/tutorial_interfaces/local/lib/python3.10/dist-packages/tutorial_interfaces/msg/_sphere.py
[2.274s] -- Up-to-date: /home/nash/PycharmProjects/Celestial_Robot/learn/workspace1/install/tutorial_interfaces/local/lib/python3.10/dist-packages/tutorial_interfaces/msg/_num.py
[2.275s] -- Up-to-date: /home/nash/PycharmProjects/Celestial_Robot/learn/workspace1/install/tutorial_interfaces/local/lib/python3.10/dist-packages/tutorial_interfaces/tutorial_interfaces_s__rosidl_typesupport_fastrtps_c.cpython-310-x86_64-linux-gnu.so
[2.275s] -- Up-to-date: /home/nash/PycharmProjects/Celestial_Robot/learn/workspace1/install/tutorial_interfaces/local/lib/python3.10/dist-packages/tutorial_interfaces/libtutorial_interfaces__rosidl_generator_py.so
[2.309s] Listing '/home/nash/PycharmProjects/Celestial_Robot/learn/workspace1/install/tutorial_interfaces/local/lib/python3.10/dist-packages/tutorial_interfaces'...
[2.310s] Compiling '/home/nash/PycharmProjects/Celestial_Robot/learn/workspace1/install/tutorial_interfaces/local/lib/python3.10/dist-packages/tutorial_interfaces/__init__.py'...
[2.310s] Listing '/home/nash/PycharmProjects/Celestial_Robot/learn/workspace1/install/tutorial_interfaces/local/lib/python3.10/dist-packages/tutorial_interfaces/msg'...
[2.310s] Listing '/home/nash/PycharmProjects/Celestial_Robot/learn/workspace1/install/tutorial_interfaces/local/lib/python3.10/dist-packages/tutorial_interfaces/srv'...
[2.315s] -- Up-to-date: /home/nash/PycharmProjects/Celestial_Robot/learn/workspace1/install/tutorial_interfaces/local/lib/python3.10/dist-packages/tutorial_interfaces/tutorial_interfaces_s__rosidl_typesupport_fastrtps_c.cpython-310-x86_64-linux-gnu.so
[2.315s] -- Up-to-date: /home/nash/PycharmProjects/Celestial_Robot/learn/workspace1/install/tutorial_interfaces/local/lib/python3.10/dist-packages/tutorial_interfaces/tutorial_interfaces_s__rosidl_typesupport_introspection_c.cpython-310-x86_64-linux-gnu.so
[2.316s] -- Up-to-date: /home/nash/PycharmProjects/Celestial_Robot/learn/workspace1/install/tutorial_interfaces/local/lib/python3.10/dist-packages/tutorial_interfaces/tutorial_interfaces_s__rosidl_typesupport_c.cpython-310-x86_64-linux-gnu.so
[2.317s] -- Up-to-date: /home/nash/PycharmProjects/Celestial_Robot/learn/workspace1/install/tutorial_interfaces/lib/libtutorial_interfaces__rosidl_generator_py.so
[2.317s] -- Up-to-date: /home/nash/PycharmProjects/Celestial_Robot/learn/workspace1/install/tutorial_interfaces/share/tutorial_interfaces/msg/Num.idl
[2.317s] -- Up-to-date: /home/nash/PycharmProjects/Celestial_Robot/learn/workspace1/install/tutorial_interfaces/share/tutorial_interfaces/msg/Sphere.idl
[2.318s] -- Up-to-date: /home/nash/PycharmProjects/Celestial_Robot/learn/workspace1/install/tutorial_interfaces/share/tutorial_interfaces/srv/AddThreeInts.idl
[2.318s] -- Up-to-date: /home/nash/PycharmProjects/Celestial_Robot/learn/workspace1/install/tutorial_interfaces/share/tutorial_interfaces/msg/Num.msg
[2.318s] -- Up-to-date: /home/nash/PycharmProjects/Celestial_Robot/learn/workspace1/install/tutorial_interfaces/share/tutorial_interfaces/msg/Sphere.msg
[2.318s] -- Up-to-date: /home/nash/PycharmProjects/Celestial_Robot/learn/workspace1/install/tutorial_interfaces/share/tutorial_interfaces/srv/AddThreeInts.srv
[2.318s] -- Up-to-date: /home/nash/PycharmProjects/Celestial_Robot/learn/workspace1/install/tutorial_interfaces/share/tutorial_interfaces/srv/AddThreeInts_Request.msg
[2.318s] -- Up-to-date: /home/nash/PycharmProjects/Celestial_Robot/learn/workspace1/install/tutorial_interfaces/share/tutorial_interfaces/srv/AddThreeInts_Response.msg
[2.318s] -- Up-to-date: /home/nash/PycharmProjects/Celestial_Robot/learn/workspace1/install/tutorial_interfaces/share/ament_index/resource_index/package_run_dependencies/tutorial_interfaces
[2.319s] -- Up-to-date: /home/nash/PycharmProjects/Celestial_Robot/learn/workspace1/install/tutorial_interfaces/share/ament_index/resource_index/parent_prefix_path/tutorial_interfaces
[2.319s] -- Up-to-date: /home/nash/PycharmProjects/Celestial_Robot/learn/workspace1/install/tutorial_interfaces/share/tutorial_interfaces/environment/ament_prefix_path.sh
[2.319s] -- Installing: /home/nash/PycharmProjects/Celestial_Robot/learn/workspace1/install/tutorial_interfaces/share/tutorial_interfaces/environment/ament_prefix_path.dsv
[2.319s] -- Up-to-date: /home/nash/PycharmProjects/Celestial_Robot/learn/workspace1/install/tutorial_interfaces/share/tutorial_interfaces/environment/path.sh
[2.319s] -- Installing: /home/nash/PycharmProjects/Celestial_Robot/learn/workspace1/install/tutorial_interfaces/share/tutorial_interfaces/environment/path.dsv
[2.319s] -- Up-to-date: /home/nash/PycharmProjects/Celestial_Robot/learn/workspace1/install/tutorial_interfaces/share/tutorial_interfaces/local_setup.bash
[2.320s] -- Up-to-date: /home/nash/PycharmProjects/Celestial_Robot/learn/workspace1/install/tutorial_interfaces/share/tutorial_interfaces/local_setup.sh
[2.320s] -- Up-to-date: /home/nash/PycharmProjects/Celestial_Robot/learn/workspace1/install/tutorial_interfaces/share/tutorial_interfaces/local_setup.zsh
[2.320s] -- Installing: /home/nash/PycharmProjects/Celestial_Robot/learn/workspace1/install/tutorial_interfaces/share/tutorial_interfaces/local_setup.dsv
[2.320s] -- Installing: /home/nash/PycharmProjects/Celestial_Robot/learn/workspace1/install/tutorial_interfaces/share/tutorial_interfaces/package.dsv
[2.320s] -- Up-to-date: /home/nash/PycharmProjects/Celestial_Robot/learn/workspace1/install/tutorial_interfaces/share/ament_index/resource_index/packages/tutorial_interfaces
[2.320s] -- Up-to-date: /home/nash/PycharmProjects/Celestial_Robot/learn/workspace1/install/tutorial_interfaces/share/tutorial_interfaces/cmake/export_tutorial_interfaces__rosidl_generator_cExport.cmake
[2.320s] -- Up-to-date: /home/nash/PycharmProjects/Celestial_Robot/learn/workspace1/install/tutorial_interfaces/share/tutorial_interfaces/cmake/export_tutorial_interfaces__rosidl_generator_cExport-noconfig.cmake
[2.321s] -- Up-to-date: /home/nash/PycharmProjects/Celestial_Robot/learn/workspace1/install/tutorial_interfaces/share/tutorial_interfaces/cmake/export_tutorial_interfaces__rosidl_typesupport_fastrtps_cExport.cmake
[2.321s] -- Up-to-date: /home/nash/PycharmProjects/Celestial_Robot/learn/workspace1/install/tutorial_interfaces/share/tutorial_interfaces/cmake/export_tutorial_interfaces__rosidl_typesupport_fastrtps_cExport-noconfig.cmake
[2.321s] -- Up-to-date: /home/nash/PycharmProjects/Celestial_Robot/learn/workspace1/install/tutorial_interfaces/share/tutorial_interfaces/cmake/export_tutorial_interfaces__rosidl_generator_cppExport.cmake
[2.321s] -- Up-to-date: /home/nash/PycharmProjects/Celestial_Robot/learn/workspace1/install/tutorial_interfaces/share/tutorial_interfaces/cmake/export_tutorial_interfaces__rosidl_typesupport_fastrtps_cppExport.cmake
[2.321s] -- Up-to-date: /home/nash/PycharmProjects/Celestial_Robot/learn/workspace1/install/tutorial_interfaces/share/tutorial_interfaces/cmake/export_tutorial_interfaces__rosidl_typesupport_fastrtps_cppExport-noconfig.cmake
[2.321s] -- Up-to-date: /home/nash/PycharmProjects/Celestial_Robot/learn/workspace1/install/tutorial_interfaces/share/tutorial_interfaces/cmake/tutorial_interfaces__rosidl_typesupport_introspection_cExport.cmake
[2.322s] -- Up-to-date: /home/nash/PycharmProjects/Celestial_Robot/learn/workspace1/install/tutorial_interfaces/share/tutorial_interfaces/cmake/tutorial_interfaces__rosidl_typesupport_introspection_cExport-noconfig.cmake
[2.322s] -- Up-to-date: /home/nash/PycharmProjects/Celestial_Robot/learn/workspace1/install/tutorial_interfaces/share/tutorial_interfaces/cmake/tutorial_interfaces__rosidl_typesupport_cExport.cmake
[2.322s] -- Up-to-date: /home/nash/PycharmProjects/Celestial_Robot/learn/workspace1/install/tutorial_interfaces/share/tutorial_interfaces/cmake/tutorial_interfaces__rosidl_typesupport_cExport-noconfig.cmake
[2.322s] -- Up-to-date: /home/nash/PycharmProjects/Celestial_Robot/learn/workspace1/install/tutorial_interfaces/share/tutorial_interfaces/cmake/tutorial_interfaces__rosidl_typesupport_introspection_cppExport.cmake
[2.322s] -- Up-to-date: /home/nash/PycharmProjects/Celestial_Robot/learn/workspace1/install/tutorial_interfaces/share/tutorial_interfaces/cmake/tutorial_interfaces__rosidl_typesupport_introspection_cppExport-noconfig.cmake
[2.322s] -- Up-to-date: /home/nash/PycharmProjects/Celestial_Robot/learn/workspace1/install/tutorial_interfaces/share/tutorial_interfaces/cmake/tutorial_interfaces__rosidl_typesupport_cppExport.cmake
[2.323s] -- Up-to-date: /home/nash/PycharmProjects/Celestial_Robot/learn/workspace1/install/tutorial_interfaces/share/tutorial_interfaces/cmake/tutorial_interfaces__rosidl_typesupport_cppExport-noconfig.cmake
[2.323s] -- Up-to-date: /home/nash/PycharmProjects/Celestial_Robot/learn/workspace1/install/tutorial_interfaces/share/tutorial_interfaces/cmake/export_tutorial_interfaces__rosidl_generator_pyExport.cmake
[2.323s] -- Up-to-date: /home/nash/PycharmProjects/Celestial_Robot/learn/workspace1/install/tutorial_interfaces/share/tutorial_interfaces/cmake/export_tutorial_interfaces__rosidl_generator_pyExport-noconfig.cmake
[2.323s] -- Up-to-date: /home/nash/PycharmProjects/Celestial_Robot/learn/workspace1/install/tutorial_interfaces/share/tutorial_interfaces/cmake/rosidl_cmake-extras.cmake
[2.323s] -- Up-to-date: /home/nash/PycharmProjects/Celestial_Robot/learn/workspace1/install/tutorial_interfaces/share/tutorial_interfaces/cmake/ament_cmake_export_dependencies-extras.cmake
[2.323s] -- Up-to-date: /home/nash/PycharmProjects/Celestial_Robot/learn/workspace1/install/tutorial_interfaces/share/tutorial_interfaces/cmake/ament_cmake_export_include_directories-extras.cmake
[2.323s] -- Up-to-date: /home/nash/PycharmProjects/Celestial_Robot/learn/workspace1/install/tutorial_interfaces/share/tutorial_interfaces/cmake/ament_cmake_export_libraries-extras.cmake
[2.323s] -- Up-to-date: /home/nash/PycharmProjects/Celestial_Robot/learn/workspace1/install/tutorial_interfaces/share/tutorial_interfaces/cmake/ament_cmake_export_targets-extras.cmake
[2.324s] -- Up-to-date: /home/nash/PycharmProjects/Celestial_Robot/learn/workspace1/install/tutorial_interfaces/share/tutorial_interfaces/cmake/rosidl_cmake_export_typesupport_targets-extras.cmake
[2.324s] -- Up-to-date: /home/nash/PycharmProjects/Celestial_Robot/learn/workspace1/install/tutorial_interfaces/share/tutorial_interfaces/cmake/rosidl_cmake_export_typesupport_libraries-extras.cmake
[2.324s] -- Up-to-date: /home/nash/PycharmProjects/Celestial_Robot/learn/workspace1/install/tutorial_interfaces/share/tutorial_interfaces/cmake/tutorial_interfacesConfig.cmake
[2.324s] -- Up-to-date: /home/nash/PycharmProjects/Celestial_Robot/learn/workspace1/install/tutorial_interfaces/share/tutorial_interfaces/cmake/tutorial_interfacesConfig-version.cmake
[2.324s] -- Up-to-date: /home/nash/PycharmProjects/Celestial_Robot/learn/workspace1/install/tutorial_interfaces/share/tutorial_interfaces/package.xml
[2.326s] Invoked command in '/home/nash/PycharmProjects/Celestial_Robot/learn/workspace1/build/tutorial_interfaces' returned '0': CMAKE_PREFIX_PATH=/opt/ros/humble /usr/bin/cmake --install /home/nash/PycharmProjects/Celestial_Robot/learn/workspace1/build/tutorial_interfaces
