[0.708s] Invoking command in '/home/nash/PycharmProjects/Celestial_Robot/learn/workspace1/src/py_pubsub': PYTHONPATH=/home/nash/PycharmProjects/Celestial_Robot/learn/workspace1/build/py_pubsub/prefix_override:/home/nash/PycharmProjects/Celestial_Robot/learn/workspace1/install/py_pubsub/lib/python3.10/site-packages:${PYTHONPATH} /usr/bin/python3 -W ignore:setup.py install is deprecated setup.py egg_info --egg-base ../../build/py_pubsub build --build-base /home/nash/PycharmProjects/Celestial_Robot/learn/workspace1/build/py_pubsub/build install --record /home/nash/PycharmProjects/Celestial_Robot/learn/workspace1/build/py_pubsub/install.log --single-version-externally-managed install_data
[0.982s] running egg_info
[0.982s] writing ../../build/py_pubsub/py_pubsub.egg-info/PKG-INFO
[0.983s] writing dependency_links to ../../build/py_pubsub/py_pubsub.egg-info/dependency_links.txt
[0.983s] writing entry points to ../../build/py_pubsub/py_pubsub.egg-info/entry_points.txt
[0.983s] writing requirements to ../../build/py_pubsub/py_pubsub.egg-info/requires.txt
[0.983s] writing top-level names to ../../build/py_pubsub/py_pubsub.egg-info/top_level.txt
[0.986s] reading manifest file '../../build/py_pubsub/py_pubsub.egg-info/SOURCES.txt'
[0.986s] adding license file 'LICENSE'
[0.987s] writing manifest file '../../build/py_pubsub/py_pubsub.egg-info/SOURCES.txt'
[0.987s] running build
[0.988s] running build_py
[0.988s] running install
[0.989s] running install_lib
[0.990s] running install_data
[0.990s] running install_egg_info
[0.992s] removing '/home/nash/PycharmProjects/Celestial_Robot/learn/workspace1/install/py_pubsub/lib/python3.10/site-packages/py_pubsub-0.0.0-py3.10.egg-info' (and everything under it)
[0.993s] Copying ../../build/py_pubsub/py_pubsub.egg-info to /home/nash/PycharmProjects/Celestial_Robot/learn/workspace1/install/py_pubsub/lib/python3.10/site-packages/py_pubsub-0.0.0-py3.10.egg-info
[0.994s] running install_scripts
[1.018s] Installing listener script to /home/nash/PycharmProjects/Celestial_Robot/learn/workspace1/install/py_pubsub/lib/py_pubsub
[1.018s] Installing talker script to /home/nash/PycharmProjects/Celestial_Robot/learn/workspace1/install/py_pubsub/lib/py_pubsub
[1.018s] writing list of installed files to '/home/nash/PycharmProjects/Celestial_Robot/learn/workspace1/build/py_pubsub/install.log'
[1.045s] Invoked command in '/home/nash/PycharmProjects/Celestial_Robot/learn/workspace1/src/py_pubsub' returned '0': PYTHONPATH=/home/nash/PycharmProjects/Celestial_Robot/learn/workspace1/build/py_pubsub/prefix_override:/home/nash/PycharmProjects/Celestial_Robot/learn/workspace1/install/py_pubsub/lib/python3.10/site-packages:${PYTHONPATH} /usr/bin/python3 -W ignore:setup.py install is deprecated setup.py egg_info --egg-base ../../build/py_pubsub build --build-base /home/nash/PycharmProjects/Celestial_Robot/learn/workspace1/build/py_pubsub/build install --record /home/nash/PycharmProjects/Celestial_Robot/learn/workspace1/build/py_pubsub/install.log --single-version-externally-managed install_data
