[1.193s] Invoking command in '/home/nash/PycharmProjects/Celestial_Robot/learn/workspace1/src/my_package': PYTHONPATH=/home/nash/PycharmProjects/Celestial_Robot/learn/workspace1/build/my_package/prefix_override:/home/nash/PycharmProjects/Celestial_Robot/learn/workspace1/install/my_package/lib/python3.10/site-packages:${PYTHONPATH} /usr/bin/python3 -W ignore:setup.py install is deprecated setup.py egg_info --egg-base ../../build/my_package build --build-base /home/nash/PycharmProjects/Celestial_Robot/learn/workspace1/build/my_package/build install --record /home/nash/PycharmProjects/Celestial_Robot/learn/workspace1/build/my_package/install.log --single-version-externally-managed install_data
[1.554s] running egg_info
[1.554s] creating ../../build/my_package/my_package.egg-info
[1.554s] writing ../../build/my_package/my_package.egg-info/PKG-INFO
[1.555s] writing dependency_links to ../../build/my_package/my_package.egg-info/dependency_links.txt
[1.555s] writing entry points to ../../build/my_package/my_package.egg-info/entry_points.txt
[1.555s] writing requirements to ../../build/my_package/my_package.egg-info/requires.txt
[1.555s] writing top-level names to ../../build/my_package/my_package.egg-info/top_level.txt
[1.557s] writing manifest file '../../build/my_package/my_package.egg-info/SOURCES.txt'
[1.559s] reading manifest file '../../build/my_package/my_package.egg-info/SOURCES.txt'
[1.559s] adding license file 'LICENSE'
[1.561s] writing manifest file '../../build/my_package/my_package.egg-info/SOURCES.txt'
[1.561s] running build
[1.561s] running build_py
[1.562s] creating /home/nash/PycharmProjects/Celestial_Robot/learn/workspace1/build/my_package/build
[1.562s] creating /home/nash/PycharmProjects/Celestial_Robot/learn/workspace1/build/my_package/build/lib
[1.562s] creating /home/nash/PycharmProjects/Celestial_Robot/learn/workspace1/build/my_package/build/lib/my_package
[1.562s] copying my_package/__init__.py -> /home/nash/PycharmProjects/Celestial_Robot/learn/workspace1/build/my_package/build/lib/my_package
[1.562s] copying my_package/my_node.py -> /home/nash/PycharmProjects/Celestial_Robot/learn/workspace1/build/my_package/build/lib/my_package
[1.562s] running install
[1.563s] running install_lib
[1.564s] creating /home/nash/PycharmProjects/Celestial_Robot/learn/workspace1/install/my_package/lib/python3.10/site-packages/my_package
[1.564s] copying /home/nash/PycharmProjects/Celestial_Robot/learn/workspace1/build/my_package/build/lib/my_package/__init__.py -> /home/nash/PycharmProjects/Celestial_Robot/learn/workspace1/install/my_package/lib/python3.10/site-packages/my_package
[1.564s] copying /home/nash/PycharmProjects/Celestial_Robot/learn/workspace1/build/my_package/build/lib/my_package/my_node.py -> /home/nash/PycharmProjects/Celestial_Robot/learn/workspace1/install/my_package/lib/python3.10/site-packages/my_package
[1.565s] byte-compiling /home/nash/PycharmProjects/Celestial_Robot/learn/workspace1/install/my_package/lib/python3.10/site-packages/my_package/__init__.py to __init__.cpython-310.pyc
[1.565s] byte-compiling /home/nash/PycharmProjects/Celestial_Robot/learn/workspace1/install/my_package/lib/python3.10/site-packages/my_package/my_node.py to my_node.cpython-310.pyc
[1.566s] running install_data
[1.566s] creating /home/nash/PycharmProjects/Celestial_Robot/learn/workspace1/install/my_package/share/ament_index
[1.566s] creating /home/nash/PycharmProjects/Celestial_Robot/learn/workspace1/install/my_package/share/ament_index/resource_index
[1.566s] creating /home/nash/PycharmProjects/Celestial_Robot/learn/workspace1/install/my_package/share/ament_index/resource_index/packages
[1.566s] copying resource/my_package -> /home/nash/PycharmProjects/Celestial_Robot/learn/workspace1/install/my_package/share/ament_index/resource_index/packages
[1.567s] copying package.xml -> /home/nash/PycharmProjects/Celestial_Robot/learn/workspace1/install/my_package/share/my_package
[1.567s] running install_egg_info
[1.569s] Copying ../../build/my_package/my_package.egg-info to /home/nash/PycharmProjects/Celestial_Robot/learn/workspace1/install/my_package/lib/python3.10/site-packages/my_package-0.0.0-py3.10.egg-info
[1.571s] running install_scripts
[1.597s] Installing my_node script to /home/nash/PycharmProjects/Celestial_Robot/learn/workspace1/install/my_package/lib/my_package
[1.598s] writing list of installed files to '/home/nash/PycharmProjects/Celestial_Robot/learn/workspace1/build/my_package/install.log'
[1.635s] Invoked command in '/home/nash/PycharmProjects/Celestial_Robot/learn/workspace1/src/my_package' returned '0': PYTHONPATH=/home/nash/PycharmProjects/Celestial_Robot/learn/workspace1/build/my_package/prefix_override:/home/nash/PycharmProjects/Celestial_Robot/learn/workspace1/install/my_package/lib/python3.10/site-packages:${PYTHONPATH} /usr/bin/python3 -W ignore:setup.py install is deprecated setup.py egg_info --egg-base ../../build/my_package build --build-base /home/nash/PycharmProjects/Celestial_Robot/learn/workspace1/build/my_package/build install --record /home/nash/PycharmProjects/Celestial_Robot/learn/workspace1/build/my_package/install.log --single-version-externally-managed install_data
