[0.735s] Invoking command in '/home/nash/PycharmProjects/Celestial_Robot/learn/workspace1/src/my_package': PYTHONPATH=/home/nash/PycharmProjects/Celestial_Robot/learn/workspace1/build/my_package/prefix_override:/home/nash/PycharmProjects/Celestial_Robot/learn/workspace1/install/my_package/lib/python3.10/site-packages:${PYTHONPATH} /usr/bin/python3 -W ignore:setup.py install is deprecated setup.py egg_info --egg-base ../../build/my_package build --build-base /home/nash/PycharmProjects/Celestial_Robot/learn/workspace1/build/my_package/build install --record /home/nash/PycharmProjects/Celestial_Robot/learn/workspace1/build/my_package/install.log --single-version-externally-managed install_data
[1.018s] running egg_info
[1.019s] writing ../../build/my_package/my_package.egg-info/PKG-INFO
[1.019s] writing dependency_links to ../../build/my_package/my_package.egg-info/dependency_links.txt
[1.020s] writing entry points to ../../build/my_package/my_package.egg-info/entry_points.txt
[1.020s] writing requirements to ../../build/my_package/my_package.egg-info/requires.txt
[1.020s] writing top-level names to ../../build/my_package/my_package.egg-info/top_level.txt
[1.023s] reading manifest file '../../build/my_package/my_package.egg-info/SOURCES.txt'
[1.023s] adding license file 'LICENSE'
[1.024s] writing manifest file '../../build/my_package/my_package.egg-info/SOURCES.txt'
[1.024s] running build
[1.024s] running build_py
[1.025s] running install
[1.025s] running install_lib
[1.027s] running install_data
[1.027s] running install_egg_info
[1.029s] removing '/home/nash/PycharmProjects/Celestial_Robot/learn/workspace1/install/my_package/lib/python3.10/site-packages/my_package-0.0.0-py3.10.egg-info' (and everything under it)
[1.030s] Copying ../../build/my_package/my_package.egg-info to /home/nash/PycharmProjects/Celestial_Robot/learn/workspace1/install/my_package/lib/python3.10/site-packages/my_package-0.0.0-py3.10.egg-info
[1.031s] running install_scripts
[1.054s] Installing my_node script to /home/nash/PycharmProjects/Celestial_Robot/learn/workspace1/install/my_package/lib/my_package
[1.054s] writing list of installed files to '/home/nash/PycharmProjects/Celestial_Robot/learn/workspace1/build/my_package/install.log'
[1.080s] Invoked command in '/home/nash/PycharmProjects/Celestial_Robot/learn/workspace1/src/my_package' returned '0': PYTHONPATH=/home/nash/PycharmProjects/Celestial_Robot/learn/workspace1/build/my_package/prefix_override:/home/nash/PycharmProjects/Celestial_Robot/learn/workspace1/install/my_package/lib/python3.10/site-packages:${PYTHONPATH} /usr/bin/python3 -W ignore:setup.py install is deprecated setup.py egg_info --egg-base ../../build/my_package build --build-base /home/nash/PycharmProjects/Celestial_Robot/learn/workspace1/build/my_package/build install --record /home/nash/PycharmProjects/Celestial_Robot/learn/workspace1/build/my_package/install.log --single-version-externally-managed install_data
