[0.015s] Invoking command in '/home/nash/PycharmProjects/Celestial_Robot/celeste/build/celeste_interfaces': CMAKE_PREFIX_PATH=/opt/ros/humble /usr/bin/cmake /home/nash/PycharmProjects/Celestial_Robot/celeste/src/celeste_interfaces -DCMAKE_INSTALL_PREFIX=/home/nash/PycharmProjects/Celestial_Robot/celeste/install/celeste_interfaces
[0.198s] -- The C compiler identification is GNU 11.4.0
[0.353s] -- The CXX compiler identification is GNU 11.4.0
[0.366s] -- Detecting C compiler ABI info
[0.458s] -- Detecting C compiler ABI info - done
[0.467s] -- Check for working C compiler: /usr/bin/cc - skipped
[0.468s] -- Detecting C compile features
[0.469s] -- Detecting C compile features - done
[0.473s] -- Detecting CXX compiler ABI info
[0.574s] -- Detecting CXX compiler ABI info - done
[0.582s] -- Check for working CXX compiler: /usr/bin/c++ - skipped
[0.582s] -- Detecting CXX compile features
[0.583s] -- Detecting CXX compile features - done
[0.586s] -- Found ament_cmake: 1.3.9 (/opt/ros/humble/share/ament_cmake/cmake)
[0.773s] -- Found Python3: /usr/bin/python3 (found version "3.10.12") found components: Interpreter 
[0.884s] -- Found rosidl_default_generators: 1.2.0 (/opt/ros/humble/share/rosidl_default_generators/cmake)
[0.889s] -- Using all available rosidl_typesupport_c: rosidl_typesupport_fastrtps_c;rosidl_typesupport_introspection_c
[0.899s] -- Found rosidl_adapter: 3.1.5 (/opt/ros/humble/share/rosidl_adapter/cmake)
[0.961s] -- Using all available rosidl_typesupport_cpp: rosidl_typesupport_fastrtps_cpp;rosidl_typesupport_introspection_cpp
[1.014s] -- Found geometry_msgs: 4.2.4 (/opt/ros/humble/share/geometry_msgs/cmake)
[1.610s] -- Found ament_cmake_ros: 0.10.0 (/opt/ros/humble/share/ament_cmake_ros/cmake)
[1.921s] -- Using all available rosidl_typesupport_c: rosidl_typesupport_fastrtps_c;rosidl_typesupport_introspection_c
[2.336s] -- Using all available rosidl_typesupport_cpp: rosidl_typesupport_fastrtps_cpp;rosidl_typesupport_introspection_cpp
[2.366s] -- Found PythonInterp: /usr/bin/python3 (found suitable version "3.10.12", minimum required is "3.6") 
[2.368s] -- Found python_cmake_module: 0.10.0 (/opt/ros/humble/share/python_cmake_module/cmake)
[2.398s] -- Found PythonLibs: /usr/lib/x86_64-linux-gnu/libpython3.10.so (found suitable version "3.10.12", minimum required is "3.5") 
[2.398s] -- Using PYTHON_EXECUTABLE: /usr/bin/python3
[2.398s] -- Using PYTHON_INCLUDE_DIRS: /usr/include/python3.10
[2.399s] -- Using PYTHON_LIBRARIES: /usr/lib/x86_64-linux-gnu/libpython3.10.so
[2.423s] -- Found PythonExtra: .so  
[2.506s] -- Found ament_lint_auto: 0.12.11 (/opt/ros/humble/share/ament_lint_auto/cmake)
[2.536s] -- Added test 'lint_cmake' to check CMake code style
[2.539s] -- Added test 'xmllint' to check XML markup files
[2.543s] -- Configuring done
[2.591s] -- Generating done
[2.594s] -- Build files have been written to: /home/nash/PycharmProjects/Celestial_Robot/celeste/build/celeste_interfaces
[2.606s] Invoked command in '/home/nash/PycharmProjects/Celestial_Robot/celeste/build/celeste_interfaces' returned '0': CMAKE_PREFIX_PATH=/opt/ros/humble /usr/bin/cmake /home/nash/PycharmProjects/Celestial_Robot/celeste/src/celeste_interfaces -DCMAKE_INSTALL_PREFIX=/home/nash/PycharmProjects/Celestial_Robot/celeste/install/celeste_interfaces
[2.609s] Invoking command in '/home/nash/PycharmProjects/Celestial_Robot/celeste/build/celeste_interfaces': CMAKE_PREFIX_PATH=/opt/ros/humble /usr/bin/cmake --build /home/nash/PycharmProjects/Celestial_Robot/celeste/build/celeste_interfaces -- -j4 -l4
[2.666s] [  3%] [34m[1mGenerating C code for ROS interfaces[0m
[2.686s] [  6%] [34m[1mGenerating C++ code for ROS interfaces[0m
[2.693s] [  6%] Built target ament_cmake_python_copy_celeste_interfaces
[3.012s] running egg_info
[3.013s] creating celeste_interfaces.egg-info
[3.013s] writing celeste_interfaces.egg-info/PKG-INFO
[3.013s] writing dependency_links to celeste_interfaces.egg-info/dependency_links.txt
[3.013s] writing top-level names to celeste_interfaces.egg-info/top_level.txt
[3.014s] writing manifest file 'celeste_interfaces.egg-info/SOURCES.txt'
[3.017s] reading manifest file 'celeste_interfaces.egg-info/SOURCES.txt'
[3.018s] writing manifest file 'celeste_interfaces.egg-info/SOURCES.txt'
[3.051s] [  6%] Built target ament_cmake_python_build_celeste_interfaces_egg
[3.522s] [  6%] Built target celeste_interfaces__cpp
[3.543s] [ 12%] [34m[1mGenerating C++ type support dispatch for ROS interfaces[0m
[3.543s] [ 12%] [34m[1mGenerating C++ type support for eProsima Fast-RTPS[0m
[3.544s] [ 16%] [34m[1mGenerating C++ introspection for ROS interfaces[0m
[3.574s] [ 19%] [32mBuilding C object CMakeFiles/celeste_interfaces__rosidl_generator_c.dir/rosidl_generator_c/celeste_interfaces/action/detail/return__functions.c.o[0m
[3.864s] [ 22%] [32m[1mLinking C shared library libceleste_interfaces__rosidl_generator_c.so[0m
[3.937s] [ 22%] Built target celeste_interfaces__rosidl_generator_c
[3.956s] [ 25%] [34m[1mGenerating C type support for eProsima Fast-RTPS[0m
[4.160s] [ 29%] [32mBuilding CXX object CMakeFiles/celeste_interfaces__rosidl_typesupport_cpp.dir/rosidl_typesupport_cpp/celeste_interfaces/action/return__type_support.cpp.o[0m
[4.242s] [ 32%] [32mBuilding CXX object CMakeFiles/celeste_interfaces__rosidl_typesupport_introspection_cpp.dir/rosidl_typesupport_introspection_cpp/celeste_interfaces/action/detail/return__type_support.cpp.o[0m
[4.378s] [ 35%] [32mBuilding CXX object CMakeFiles/celeste_interfaces__rosidl_typesupport_fastrtps_cpp.dir/rosidl_typesupport_fastrtps_cpp/celeste_interfaces/action/detail/dds_fastrtps/return__type_support.cpp.o[0m
[4.913s] [ 38%] [32mBuilding CXX object CMakeFiles/celeste_interfaces__rosidl_typesupport_fastrtps_c.dir/rosidl_typesupport_fastrtps_c/celeste_interfaces/action/detail/return__type_support_c.cpp.o[0m
[5.218s] [ 41%] [32m[1mLinking CXX shared library libceleste_interfaces__rosidl_typesupport_cpp.so[0m
[5.301s] [ 41%] Built target celeste_interfaces__rosidl_typesupport_cpp
[5.321s] [ 45%] [34m[1mGenerating C introspection for ROS interfaces[0m
[5.515s] [ 48%] [32m[1mLinking CXX shared library libceleste_interfaces__rosidl_typesupport_introspection_cpp.so[0m
[5.552s] [ 51%] [32m[1mLinking CXX shared library libceleste_interfaces__rosidl_typesupport_fastrtps_cpp.so[0m
[5.680s] [ 51%] Built target celeste_interfaces__rosidl_typesupport_introspection_cpp
[5.699s] [ 54%] [34m[1mGenerating C type support dispatch for ROS interfaces[0m
[5.724s] [ 54%] Built target celeste_interfaces__rosidl_typesupport_fastrtps_cpp
[5.728s] [ 58%] [32m[1mLinking CXX shared library libceleste_interfaces__rosidl_typesupport_fastrtps_c.so[0m
[5.889s] [ 58%] Built target celeste_interfaces__rosidl_typesupport_fastrtps_c
[5.973s] [ 61%] [32mBuilding C object CMakeFiles/celeste_interfaces__rosidl_typesupport_introspection_c.dir/rosidl_typesupport_introspection_c/celeste_interfaces/action/detail/return__type_support.c.o[0m
[6.043s] [ 64%] [32m[1mLinking C shared library libceleste_interfaces__rosidl_typesupport_introspection_c.so[0m
[6.089s] [ 64%] Built target celeste_interfaces__rosidl_typesupport_introspection_c
[6.104s] [ 67%] [32mBuilding CXX object CMakeFiles/celeste_interfaces__rosidl_typesupport_c.dir/rosidl_typesupport_c/celeste_interfaces/action/return__type_support.cpp.o[0m
[6.169s] [ 70%] [32m[1mLinking CXX shared library libceleste_interfaces__rosidl_typesupport_c.so[0m
[6.222s] [ 70%] Built target celeste_interfaces__rosidl_typesupport_c
[6.247s] [ 70%] Built target celeste_interfaces
[6.276s] [ 74%] [34m[1mGenerating Python code for ROS interfaces[0m
[7.077s] [ 74%] Built target celeste_interfaces__py
[7.102s] [ 77%] [32mBuilding C object CMakeFiles/celeste_interfaces__rosidl_generator_py.dir/rosidl_generator_py/celeste_interfaces/action/_return_s.c.o[0m
[7.305s] [ 80%] [32m[1mLinking C shared library rosidl_generator_py/celeste_interfaces/libceleste_interfaces__rosidl_generator_py.so[0m
[7.360s] [ 80%] Built target celeste_interfaces__rosidl_generator_py
[7.400s] [ 83%] [32mBuilding C object CMakeFiles/celeste_interfaces__rosidl_typesupport_introspection_c__pyext.dir/rosidl_generator_py/celeste_interfaces/_celeste_interfaces_s.ep.rosidl_typesupport_introspection_c.c.o[0m
[7.402s] [ 87%] [32mBuilding C object CMakeFiles/celeste_interfaces__rosidl_typesupport_c__pyext.dir/rosidl_generator_py/celeste_interfaces/_celeste_interfaces_s.ep.rosidl_typesupport_c.c.o[0m
[7.408s] [ 90%] [32mBuilding C object CMakeFiles/celeste_interfaces__rosidl_typesupport_fastrtps_c__pyext.dir/rosidl_generator_py/celeste_interfaces/_celeste_interfaces_s.ep.rosidl_typesupport_fastrtps_c.c.o[0m
[7.732s] [ 93%] [32m[1mLinking C shared library rosidl_generator_py/celeste_interfaces/celeste_interfaces_s__rosidl_typesupport_introspection_c.cpython-310-x86_64-linux-gnu.so[0m
[7.746s] [ 96%] [32m[1mLinking C shared library rosidl_generator_py/celeste_interfaces/celeste_interfaces_s__rosidl_typesupport_c.cpython-310-x86_64-linux-gnu.so[0m
[7.756s] [100%] [32m[1mLinking C shared library rosidl_generator_py/celeste_interfaces/celeste_interfaces_s__rosidl_typesupport_fastrtps_c.cpython-310-x86_64-linux-gnu.so[0m
[7.887s] [100%] Built target celeste_interfaces__rosidl_typesupport_c__pyext
[7.902s] [100%] Built target celeste_interfaces__rosidl_typesupport_introspection_c__pyext
[7.905s] [100%] Built target celeste_interfaces__rosidl_typesupport_fastrtps_c__pyext
[7.927s] Invoked command in '/home/nash/PycharmProjects/Celestial_Robot/celeste/build/celeste_interfaces' returned '0': CMAKE_PREFIX_PATH=/opt/ros/humble /usr/bin/cmake --build /home/nash/PycharmProjects/Celestial_Robot/celeste/build/celeste_interfaces -- -j4 -l4
[8.094s] Invoking command in '/home/nash/PycharmProjects/Celestial_Robot/celeste/build/celeste_interfaces': CMAKE_PREFIX_PATH=/opt/ros/humble /usr/bin/cmake --install /home/nash/PycharmProjects/Celestial_Robot/celeste/build/celeste_interfaces
[8.111s] -- Install configuration: ""
[8.111s] -- Installing: /home/nash/PycharmProjects/Celestial_Robot/celeste/install/celeste_interfaces/share/ament_index/resource_index/rosidl_interfaces/celeste_interfaces
[8.112s] -- Installing: /home/nash/PycharmProjects/Celestial_Robot/celeste/install/celeste_interfaces/include/celeste_interfaces/celeste_interfaces
[8.112s] -- Installing: /home/nash/PycharmProjects/Celestial_Robot/celeste/install/celeste_interfaces/include/celeste_interfaces/celeste_interfaces/action
[8.112s] -- Installing: /home/nash/PycharmProjects/Celestial_Robot/celeste/install/celeste_interfaces/include/celeste_interfaces/celeste_interfaces/action/return.h
[8.112s] -- Installing: /home/nash/PycharmProjects/Celestial_Robot/celeste/install/celeste_interfaces/include/celeste_interfaces/celeste_interfaces/action/detail
[8.113s] -- Installing: /home/nash/PycharmProjects/Celestial_Robot/celeste/install/celeste_interfaces/include/celeste_interfaces/celeste_interfaces/action/detail/return__type_support.h
[8.113s] -- Installing: /home/nash/PycharmProjects/Celestial_Robot/celeste/install/celeste_interfaces/include/celeste_interfaces/celeste_interfaces/action/detail/return__functions.c
[8.113s] -- Installing: /home/nash/PycharmProjects/Celestial_Robot/celeste/install/celeste_interfaces/include/celeste_interfaces/celeste_interfaces/action/detail/return__struct.h
[8.113s] -- Installing: /home/nash/PycharmProjects/Celestial_Robot/celeste/install/celeste_interfaces/include/celeste_interfaces/celeste_interfaces/action/detail/return__functions.h
[8.114s] -- Installing: /home/nash/PycharmProjects/Celestial_Robot/celeste/install/celeste_interfaces/include/celeste_interfaces/celeste_interfaces/msg
[8.114s] -- Installing: /home/nash/PycharmProjects/Celestial_Robot/celeste/install/celeste_interfaces/include/celeste_interfaces/celeste_interfaces/msg/rosidl_generator_c__visibility_control.h
[8.114s] -- Installing: /home/nash/PycharmProjects/Celestial_Robot/celeste/install/celeste_interfaces/share/celeste_interfaces/environment/library_path.sh
[8.115s] -- Installing: /home/nash/PycharmProjects/Celestial_Robot/celeste/install/celeste_interfaces/share/celeste_interfaces/environment/library_path.dsv
[8.115s] -- Installing: /home/nash/PycharmProjects/Celestial_Robot/celeste/install/celeste_interfaces/lib/libceleste_interfaces__rosidl_generator_c.so
[8.116s] -- Set runtime path of "/home/nash/PycharmProjects/Celestial_Robot/celeste/install/celeste_interfaces/lib/libceleste_interfaces__rosidl_generator_c.so" to ""
[8.116s] -- Up-to-date: /home/nash/PycharmProjects/Celestial_Robot/celeste/install/celeste_interfaces/include/celeste_interfaces/celeste_interfaces
[8.117s] -- Up-to-date: /home/nash/PycharmProjects/Celestial_Robot/celeste/install/celeste_interfaces/include/celeste_interfaces/celeste_interfaces/action
[8.117s] -- Up-to-date: /home/nash/PycharmProjects/Celestial_Robot/celeste/install/celeste_interfaces/include/celeste_interfaces/celeste_interfaces/action/detail
[8.117s] -- Installing: /home/nash/PycharmProjects/Celestial_Robot/celeste/install/celeste_interfaces/include/celeste_interfaces/celeste_interfaces/action/detail/return__rosidl_typesupport_fastrtps_c.h
[8.117s] -- Up-to-date: /home/nash/PycharmProjects/Celestial_Robot/celeste/install/celeste_interfaces/include/celeste_interfaces/celeste_interfaces/msg
[8.117s] -- Installing: /home/nash/PycharmProjects/Celestial_Robot/celeste/install/celeste_interfaces/include/celeste_interfaces/celeste_interfaces/msg/rosidl_typesupport_fastrtps_c__visibility_control.h
[8.117s] -- Installing: /home/nash/PycharmProjects/Celestial_Robot/celeste/install/celeste_interfaces/lib/libceleste_interfaces__rosidl_typesupport_fastrtps_c.so
[8.122s] -- Set runtime path of "/home/nash/PycharmProjects/Celestial_Robot/celeste/install/celeste_interfaces/lib/libceleste_interfaces__rosidl_typesupport_fastrtps_c.so" to ""
[8.122s] -- Up-to-date: /home/nash/PycharmProjects/Celestial_Robot/celeste/install/celeste_interfaces/include/celeste_interfaces/celeste_interfaces
[8.122s] -- Up-to-date: /home/nash/PycharmProjects/Celestial_Robot/celeste/install/celeste_interfaces/include/celeste_interfaces/celeste_interfaces/action
[8.122s] -- Up-to-date: /home/nash/PycharmProjects/Celestial_Robot/celeste/install/celeste_interfaces/include/celeste_interfaces/celeste_interfaces/action/detail
[8.123s] -- Installing: /home/nash/PycharmProjects/Celestial_Robot/celeste/install/celeste_interfaces/include/celeste_interfaces/celeste_interfaces/action/detail/return__rosidl_typesupport_introspection_c.h
[8.123s] -- Installing: /home/nash/PycharmProjects/Celestial_Robot/celeste/install/celeste_interfaces/include/celeste_interfaces/celeste_interfaces/action/detail/return__type_support.c
[8.123s] -- Up-to-date: /home/nash/PycharmProjects/Celestial_Robot/celeste/install/celeste_interfaces/include/celeste_interfaces/celeste_interfaces/msg
[8.123s] -- Installing: /home/nash/PycharmProjects/Celestial_Robot/celeste/install/celeste_interfaces/include/celeste_interfaces/celeste_interfaces/msg/rosidl_typesupport_introspection_c__visibility_control.h
[8.123s] -- Installing: /home/nash/PycharmProjects/Celestial_Robot/celeste/install/celeste_interfaces/lib/libceleste_interfaces__rosidl_typesupport_introspection_c.so
[8.124s] -- Set runtime path of "/home/nash/PycharmProjects/Celestial_Robot/celeste/install/celeste_interfaces/lib/libceleste_interfaces__rosidl_typesupport_introspection_c.so" to ""
[8.124s] -- Installing: /home/nash/PycharmProjects/Celestial_Robot/celeste/install/celeste_interfaces/lib/libceleste_interfaces__rosidl_typesupport_c.so
[8.125s] -- Set runtime path of "/home/nash/PycharmProjects/Celestial_Robot/celeste/install/celeste_interfaces/lib/libceleste_interfaces__rosidl_typesupport_c.so" to ""
[8.126s] -- Up-to-date: /home/nash/PycharmProjects/Celestial_Robot/celeste/install/celeste_interfaces/include/celeste_interfaces/celeste_interfaces
[8.126s] -- Up-to-date: /home/nash/PycharmProjects/Celestial_Robot/celeste/install/celeste_interfaces/include/celeste_interfaces/celeste_interfaces/action
[8.126s] -- Up-to-date: /home/nash/PycharmProjects/Celestial_Robot/celeste/install/celeste_interfaces/include/celeste_interfaces/celeste_interfaces/action/detail
[8.126s] -- Installing: /home/nash/PycharmProjects/Celestial_Robot/celeste/install/celeste_interfaces/include/celeste_interfaces/celeste_interfaces/action/detail/return__builder.hpp
[8.126s] -- Installing: /home/nash/PycharmProjects/Celestial_Robot/celeste/install/celeste_interfaces/include/celeste_interfaces/celeste_interfaces/action/detail/return__traits.hpp
[8.126s] -- Installing: /home/nash/PycharmProjects/Celestial_Robot/celeste/install/celeste_interfaces/include/celeste_interfaces/celeste_interfaces/action/detail/return__struct.hpp
[8.127s] -- Installing: /home/nash/PycharmProjects/Celestial_Robot/celeste/install/celeste_interfaces/include/celeste_interfaces/celeste_interfaces/action/return.hpp
[8.127s] -- Up-to-date: /home/nash/PycharmProjects/Celestial_Robot/celeste/install/celeste_interfaces/include/celeste_interfaces/celeste_interfaces
[8.127s] -- Up-to-date: /home/nash/PycharmProjects/Celestial_Robot/celeste/install/celeste_interfaces/include/celeste_interfaces/celeste_interfaces/action
[8.127s] -- Up-to-date: /home/nash/PycharmProjects/Celestial_Robot/celeste/install/celeste_interfaces/include/celeste_interfaces/celeste_interfaces/action/detail
[8.127s] -- Installing: /home/nash/PycharmProjects/Celestial_Robot/celeste/install/celeste_interfaces/include/celeste_interfaces/celeste_interfaces/action/detail/return__rosidl_typesupport_fastrtps_cpp.hpp
[8.128s] -- Installing: /home/nash/PycharmProjects/Celestial_Robot/celeste/install/celeste_interfaces/include/celeste_interfaces/celeste_interfaces/action/detail/dds_fastrtps
[8.128s] -- Up-to-date: /home/nash/PycharmProjects/Celestial_Robot/celeste/install/celeste_interfaces/include/celeste_interfaces/celeste_interfaces/msg
[8.129s] -- Installing: /home/nash/PycharmProjects/Celestial_Robot/celeste/install/celeste_interfaces/include/celeste_interfaces/celeste_interfaces/msg/rosidl_typesupport_fastrtps_cpp__visibility_control.h
[8.129s] -- Installing: /home/nash/PycharmProjects/Celestial_Robot/celeste/install/celeste_interfaces/lib/libceleste_interfaces__rosidl_typesupport_fastrtps_cpp.so
[8.129s] -- Set runtime path of "/home/nash/PycharmProjects/Celestial_Robot/celeste/install/celeste_interfaces/lib/libceleste_interfaces__rosidl_typesupport_fastrtps_cpp.so" to ""
[8.129s] -- Up-to-date: /home/nash/PycharmProjects/Celestial_Robot/celeste/install/celeste_interfaces/include/celeste_interfaces/celeste_interfaces
[8.130s] -- Up-to-date: /home/nash/PycharmProjects/Celestial_Robot/celeste/install/celeste_interfaces/include/celeste_interfaces/celeste_interfaces/action
[8.130s] -- Up-to-date: /home/nash/PycharmProjects/Celestial_Robot/celeste/install/celeste_interfaces/include/celeste_interfaces/celeste_interfaces/action/detail
[8.130s] -- Installing: /home/nash/PycharmProjects/Celestial_Robot/celeste/install/celeste_interfaces/include/celeste_interfaces/celeste_interfaces/action/detail/return__type_support.cpp
[8.130s] -- Installing: /home/nash/PycharmProjects/Celestial_Robot/celeste/install/celeste_interfaces/include/celeste_interfaces/celeste_interfaces/action/detail/return__rosidl_typesupport_introspection_cpp.hpp
[8.130s] -- Installing: /home/nash/PycharmProjects/Celestial_Robot/celeste/install/celeste_interfaces/lib/libceleste_interfaces__rosidl_typesupport_introspection_cpp.so
[8.131s] -- Set runtime path of "/home/nash/PycharmProjects/Celestial_Robot/celeste/install/celeste_interfaces/lib/libceleste_interfaces__rosidl_typesupport_introspection_cpp.so" to ""
[8.131s] -- Installing: /home/nash/PycharmProjects/Celestial_Robot/celeste/install/celeste_interfaces/lib/libceleste_interfaces__rosidl_typesupport_cpp.so
[8.132s] -- Set runtime path of "/home/nash/PycharmProjects/Celestial_Robot/celeste/install/celeste_interfaces/lib/libceleste_interfaces__rosidl_typesupport_cpp.so" to ""
[8.132s] -- Installing: /home/nash/PycharmProjects/Celestial_Robot/celeste/install/celeste_interfaces/share/celeste_interfaces/environment/pythonpath.sh
[8.133s] -- Installing: /home/nash/PycharmProjects/Celestial_Robot/celeste/install/celeste_interfaces/share/celeste_interfaces/environment/pythonpath.dsv
[8.133s] -- Installing: /home/nash/PycharmProjects/Celestial_Robot/celeste/install/celeste_interfaces/local/lib/python3.10/dist-packages/celeste_interfaces-0.0.0-py3.10.egg-info
[8.134s] -- Installing: /home/nash/PycharmProjects/Celestial_Robot/celeste/install/celeste_interfaces/local/lib/python3.10/dist-packages/celeste_interfaces-0.0.0-py3.10.egg-info/top_level.txt
[8.134s] -- Installing: /home/nash/PycharmProjects/Celestial_Robot/celeste/install/celeste_interfaces/local/lib/python3.10/dist-packages/celeste_interfaces-0.0.0-py3.10.egg-info/dependency_links.txt
[8.134s] -- Installing: /home/nash/PycharmProjects/Celestial_Robot/celeste/install/celeste_interfaces/local/lib/python3.10/dist-packages/celeste_interfaces-0.0.0-py3.10.egg-info/PKG-INFO
[8.134s] -- Installing: /home/nash/PycharmProjects/Celestial_Robot/celeste/install/celeste_interfaces/local/lib/python3.10/dist-packages/celeste_interfaces-0.0.0-py3.10.egg-info/SOURCES.txt
[8.136s] -- Installing: /home/nash/PycharmProjects/Celestial_Robot/celeste/install/celeste_interfaces/local/lib/python3.10/dist-packages/celeste_interfaces
[8.136s] -- Installing: /home/nash/PycharmProjects/Celestial_Robot/celeste/install/celeste_interfaces/local/lib/python3.10/dist-packages/celeste_interfaces/celeste_interfaces_s__rosidl_typesupport_c.cpython-310-x86_64-linux-gnu.so
[8.136s] -- Installing: /home/nash/PycharmProjects/Celestial_Robot/celeste/install/celeste_interfaces/local/lib/python3.10/dist-packages/celeste_interfaces/_celeste_interfaces_s.ep.rosidl_typesupport_fastrtps_c.c
[8.137s] -- Installing: /home/nash/PycharmProjects/Celestial_Robot/celeste/install/celeste_interfaces/local/lib/python3.10/dist-packages/celeste_interfaces/action
[8.137s] -- Installing: /home/nash/PycharmProjects/Celestial_Robot/celeste/install/celeste_interfaces/local/lib/python3.10/dist-packages/celeste_interfaces/action/_return_s.c
[8.137s] -- Installing: /home/nash/PycharmProjects/Celestial_Robot/celeste/install/celeste_interfaces/local/lib/python3.10/dist-packages/celeste_interfaces/action/_return.py
[8.137s] -- Installing: /home/nash/PycharmProjects/Celestial_Robot/celeste/install/celeste_interfaces/local/lib/python3.10/dist-packages/celeste_interfaces/action/__init__.py
[8.138s] -- Installing: /home/nash/PycharmProjects/Celestial_Robot/celeste/install/celeste_interfaces/local/lib/python3.10/dist-packages/celeste_interfaces/__init__.py
[8.138s] -- Installing: /home/nash/PycharmProjects/Celestial_Robot/celeste/install/celeste_interfaces/local/lib/python3.10/dist-packages/celeste_interfaces/celeste_interfaces_s__rosidl_typesupport_introspection_c.cpython-310-x86_64-linux-gnu.so
[8.138s] -- Installing: /home/nash/PycharmProjects/Celestial_Robot/celeste/install/celeste_interfaces/local/lib/python3.10/dist-packages/celeste_interfaces/_celeste_interfaces_s.ep.rosidl_typesupport_introspection_c.c
[8.138s] -- Installing: /home/nash/PycharmProjects/Celestial_Robot/celeste/install/celeste_interfaces/local/lib/python3.10/dist-packages/celeste_interfaces/libceleste_interfaces__rosidl_generator_py.so
[8.139s] -- Installing: /home/nash/PycharmProjects/Celestial_Robot/celeste/install/celeste_interfaces/local/lib/python3.10/dist-packages/celeste_interfaces/celeste_interfaces_s__rosidl_typesupport_fastrtps_c.cpython-310-x86_64-linux-gnu.so
[8.139s] -- Installing: /home/nash/PycharmProjects/Celestial_Robot/celeste/install/celeste_interfaces/local/lib/python3.10/dist-packages/celeste_interfaces/_celeste_interfaces_s.ep.rosidl_typesupport_c.c
[8.230s] Listing '/home/nash/PycharmProjects/Celestial_Robot/celeste/install/celeste_interfaces/local/lib/python3.10/dist-packages/celeste_interfaces'...
[8.230s] Compiling '/home/nash/PycharmProjects/Celestial_Robot/celeste/install/celeste_interfaces/local/lib/python3.10/dist-packages/celeste_interfaces/__init__.py'...
[8.230s] Listing '/home/nash/PycharmProjects/Celestial_Robot/celeste/install/celeste_interfaces/local/lib/python3.10/dist-packages/celeste_interfaces/action'...
[8.231s] Compiling '/home/nash/PycharmProjects/Celestial_Robot/celeste/install/celeste_interfaces/local/lib/python3.10/dist-packages/celeste_interfaces/action/__init__.py'...
[8.231s] Compiling '/home/nash/PycharmProjects/Celestial_Robot/celeste/install/celeste_interfaces/local/lib/python3.10/dist-packages/celeste_interfaces/action/_return.py'...
[8.240s] -- Installing: /home/nash/PycharmProjects/Celestial_Robot/celeste/install/celeste_interfaces/local/lib/python3.10/dist-packages/celeste_interfaces/celeste_interfaces_s__rosidl_typesupport_fastrtps_c.cpython-310-x86_64-linux-gnu.so
[8.241s] -- Set runtime path of "/home/nash/PycharmProjects/Celestial_Robot/celeste/install/celeste_interfaces/local/lib/python3.10/dist-packages/celeste_interfaces/celeste_interfaces_s__rosidl_typesupport_fastrtps_c.cpython-310-x86_64-linux-gnu.so" to ""
[8.241s] -- Installing: /home/nash/PycharmProjects/Celestial_Robot/celeste/install/celeste_interfaces/local/lib/python3.10/dist-packages/celeste_interfaces/celeste_interfaces_s__rosidl_typesupport_introspection_c.cpython-310-x86_64-linux-gnu.so
[8.244s] -- Set runtime path of "/home/nash/PycharmProjects/Celestial_Robot/celeste/install/celeste_interfaces/local/lib/python3.10/dist-packages/celeste_interfaces/celeste_interfaces_s__rosidl_typesupport_introspection_c.cpython-310-x86_64-linux-gnu.so" to ""
[8.245s] -- Installing: /home/nash/PycharmProjects/Celestial_Robot/celeste/install/celeste_interfaces/local/lib/python3.10/dist-packages/celeste_interfaces/celeste_interfaces_s__rosidl_typesupport_c.cpython-310-x86_64-linux-gnu.so
[8.246s] -- Set runtime path of "/home/nash/PycharmProjects/Celestial_Robot/celeste/install/celeste_interfaces/local/lib/python3.10/dist-packages/celeste_interfaces/celeste_interfaces_s__rosidl_typesupport_c.cpython-310-x86_64-linux-gnu.so" to ""
[8.247s] -- Installing: /home/nash/PycharmProjects/Celestial_Robot/celeste/install/celeste_interfaces/lib/libceleste_interfaces__rosidl_generator_py.so
[8.248s] -- Set runtime path of "/home/nash/PycharmProjects/Celestial_Robot/celeste/install/celeste_interfaces/lib/libceleste_interfaces__rosidl_generator_py.so" to ""
[8.250s] -- Installing: /home/nash/PycharmProjects/Celestial_Robot/celeste/install/celeste_interfaces/share/celeste_interfaces/action/Return.idl
[8.251s] -- Installing: /home/nash/PycharmProjects/Celestial_Robot/celeste/install/celeste_interfaces/share/celeste_interfaces/action/Return.action
[8.251s] -- Installing: /home/nash/PycharmProjects/Celestial_Robot/celeste/install/celeste_interfaces/share/ament_index/resource_index/package_run_dependencies/celeste_interfaces
[8.252s] -- Installing: /home/nash/PycharmProjects/Celestial_Robot/celeste/install/celeste_interfaces/share/ament_index/resource_index/parent_prefix_path/celeste_interfaces
[8.253s] -- Installing: /home/nash/PycharmProjects/Celestial_Robot/celeste/install/celeste_interfaces/share/celeste_interfaces/environment/ament_prefix_path.sh
[8.254s] -- Installing: /home/nash/PycharmProjects/Celestial_Robot/celeste/install/celeste_interfaces/share/celeste_interfaces/environment/ament_prefix_path.dsv
[8.255s] -- Installing: /home/nash/PycharmProjects/Celestial_Robot/celeste/install/celeste_interfaces/share/celeste_interfaces/environment/path.sh
[8.256s] -- Installing: /home/nash/PycharmProjects/Celestial_Robot/celeste/install/celeste_interfaces/share/celeste_interfaces/environment/path.dsv
[8.256s] -- Installing: /home/nash/PycharmProjects/Celestial_Robot/celeste/install/celeste_interfaces/share/celeste_interfaces/local_setup.bash
[8.257s] -- Installing: /home/nash/PycharmProjects/Celestial_Robot/celeste/install/celeste_interfaces/share/celeste_interfaces/local_setup.sh
[8.258s] -- Installing: /home/nash/PycharmProjects/Celestial_Robot/celeste/install/celeste_interfaces/share/celeste_interfaces/local_setup.zsh
[8.276s] -- Installing: /home/nash/PycharmProjects/Celestial_Robot/celeste/install/celeste_interfaces/share/celeste_interfaces/local_setup.dsv
[8.276s] -- Installing: /home/nash/PycharmProjects/Celestial_Robot/celeste/install/celeste_interfaces/share/celeste_interfaces/package.dsv
[8.279s] -- Installing: /home/nash/PycharmProjects/Celestial_Robot/celeste/install/celeste_interfaces/share/ament_index/resource_index/packages/celeste_interfaces
[8.279s] -- Installing: /home/nash/PycharmProjects/Celestial_Robot/celeste/install/celeste_interfaces/share/celeste_interfaces/cmake/export_celeste_interfaces__rosidl_generator_cExport.cmake
[8.279s] -- Installing: /home/nash/PycharmProjects/Celestial_Robot/celeste/install/celeste_interfaces/share/celeste_interfaces/cmake/export_celeste_interfaces__rosidl_generator_cExport-noconfig.cmake
[8.279s] -- Installing: /home/nash/PycharmProjects/Celestial_Robot/celeste/install/celeste_interfaces/share/celeste_interfaces/cmake/export_celeste_interfaces__rosidl_typesupport_fastrtps_cExport.cmake
[8.279s] -- Installing: /home/nash/PycharmProjects/Celestial_Robot/celeste/install/celeste_interfaces/share/celeste_interfaces/cmake/export_celeste_interfaces__rosidl_typesupport_fastrtps_cExport-noconfig.cmake
[8.280s] -- Installing: /home/nash/PycharmProjects/Celestial_Robot/celeste/install/celeste_interfaces/share/celeste_interfaces/cmake/celeste_interfaces__rosidl_typesupport_introspection_cExport.cmake
[8.280s] -- Installing: /home/nash/PycharmProjects/Celestial_Robot/celeste/install/celeste_interfaces/share/celeste_interfaces/cmake/celeste_interfaces__rosidl_typesupport_introspection_cExport-noconfig.cmake
[8.280s] -- Installing: /home/nash/PycharmProjects/Celestial_Robot/celeste/install/celeste_interfaces/share/celeste_interfaces/cmake/celeste_interfaces__rosidl_typesupport_cExport.cmake
[8.280s] -- Installing: /home/nash/PycharmProjects/Celestial_Robot/celeste/install/celeste_interfaces/share/celeste_interfaces/cmake/celeste_interfaces__rosidl_typesupport_cExport-noconfig.cmake
[8.280s] -- Installing: /home/nash/PycharmProjects/Celestial_Robot/celeste/install/celeste_interfaces/share/celeste_interfaces/cmake/export_celeste_interfaces__rosidl_generator_cppExport.cmake
[8.280s] -- Installing: /home/nash/PycharmProjects/Celestial_Robot/celeste/install/celeste_interfaces/share/celeste_interfaces/cmake/export_celeste_interfaces__rosidl_typesupport_fastrtps_cppExport.cmake
[8.281s] -- Installing: /home/nash/PycharmProjects/Celestial_Robot/celeste/install/celeste_interfaces/share/celeste_interfaces/cmake/export_celeste_interfaces__rosidl_typesupport_fastrtps_cppExport-noconfig.cmake
[8.281s] -- Installing: /home/nash/PycharmProjects/Celestial_Robot/celeste/install/celeste_interfaces/share/celeste_interfaces/cmake/celeste_interfaces__rosidl_typesupport_introspection_cppExport.cmake
[8.281s] -- Installing: /home/nash/PycharmProjects/Celestial_Robot/celeste/install/celeste_interfaces/share/celeste_interfaces/cmake/celeste_interfaces__rosidl_typesupport_introspection_cppExport-noconfig.cmake
[8.282s] -- Installing: /home/nash/PycharmProjects/Celestial_Robot/celeste/install/celeste_interfaces/share/celeste_interfaces/cmake/celeste_interfaces__rosidl_typesupport_cppExport.cmake
[8.282s] -- Installing: /home/nash/PycharmProjects/Celestial_Robot/celeste/install/celeste_interfaces/share/celeste_interfaces/cmake/celeste_interfaces__rosidl_typesupport_cppExport-noconfig.cmake
[8.283s] -- Installing: /home/nash/PycharmProjects/Celestial_Robot/celeste/install/celeste_interfaces/share/celeste_interfaces/cmake/export_celeste_interfaces__rosidl_generator_pyExport.cmake
[8.283s] -- Installing: /home/nash/PycharmProjects/Celestial_Robot/celeste/install/celeste_interfaces/share/celeste_interfaces/cmake/export_celeste_interfaces__rosidl_generator_pyExport-noconfig.cmake
[8.284s] -- Installing: /home/nash/PycharmProjects/Celestial_Robot/celeste/install/celeste_interfaces/share/celeste_interfaces/cmake/rosidl_cmake-extras.cmake
[8.284s] -- Installing: /home/nash/PycharmProjects/Celestial_Robot/celeste/install/celeste_interfaces/share/celeste_interfaces/cmake/ament_cmake_export_dependencies-extras.cmake
[8.284s] -- Installing: /home/nash/PycharmProjects/Celestial_Robot/celeste/install/celeste_interfaces/share/celeste_interfaces/cmake/ament_cmake_export_include_directories-extras.cmake
[8.285s] -- Installing: /home/nash/PycharmProjects/Celestial_Robot/celeste/install/celeste_interfaces/share/celeste_interfaces/cmake/ament_cmake_export_libraries-extras.cmake
[8.285s] -- Installing: /home/nash/PycharmProjects/Celestial_Robot/celeste/install/celeste_interfaces/share/celeste_interfaces/cmake/ament_cmake_export_targets-extras.cmake
[8.285s] -- Installing: /home/nash/PycharmProjects/Celestial_Robot/celeste/install/celeste_interfaces/share/celeste_interfaces/cmake/rosidl_cmake_export_typesupport_targets-extras.cmake
[8.285s] -- Installing: /home/nash/PycharmProjects/Celestial_Robot/celeste/install/celeste_interfaces/share/celeste_interfaces/cmake/rosidl_cmake_export_typesupport_libraries-extras.cmake
[8.286s] -- Installing: /home/nash/PycharmProjects/Celestial_Robot/celeste/install/celeste_interfaces/share/celeste_interfaces/cmake/celeste_interfacesConfig.cmake
[8.286s] -- Installing: /home/nash/PycharmProjects/Celestial_Robot/celeste/install/celeste_interfaces/share/celeste_interfaces/cmake/celeste_interfacesConfig-version.cmake
[8.287s] -- Installing: /home/nash/PycharmProjects/Celestial_Robot/celeste/install/celeste_interfaces/share/celeste_interfaces/package.xml
[8.291s] Invoked command in '/home/nash/PycharmProjects/Celestial_Robot/celeste/build/celeste_interfaces' returned '0': CMAKE_PREFIX_PATH=/opt/ros/humble /usr/bin/cmake --install /home/nash/PycharmProjects/Celestial_Robot/celeste/build/celeste_interfaces
