[0.124s] DEBUG:colcon:Command line arguments: ['/usr/bin/colcon', 'build']
[0.124s] DEBUG:colcon:Parsed command line arguments: Namespace(log_base=None, log_level=None, verb_name='build', build_base='build', install_base='install', merge_install=False, symlink_install=False, test_result_base=None, continue_on_error=False, executor='parallel', parallel_workers=4, event_handlers=None, ignore_user_meta=False, metas=['./colcon.meta'], base_paths=['.'], packages_ignore=None, packages_ignore_regex=None, paths=None, packages_up_to=None, packages_up_to_regex=None, packages_above=None, packages_above_and_dependencies=None, packages_above_depth=None, packages_select_by_dep=None, packages_skip_by_dep=None, packages_skip_up_to=None, packages_select_build_failed=False, packages_skip_build_finished=False, packages_select_test_failures=False, packages_skip_test_passed=False, packages_select=None, packages_skip=None, packages_select_regex=None, packages_skip_regex=None, packages_start=None, packages_end=None, allow_overriding=[], cmake_args=None, cmake_target=None, cmake_target_skip_unavailable=False, cmake_clean_cache=False, cmake_clean_first=False, cmake_force_configure=False, ament_cmake_args=None, catkin_cmake_args=None, catkin_skip_building_tests=False, verb_parser=<colcon_defaults.argument_parser.defaults.DefaultArgumentsDecorator object at 0x77ea343345b0>, verb_extension=<colcon_core.verb.build.BuildVerb object at 0x77ea344fbdc0>, main=<bound method BuildVerb.main of <colcon_core.verb.build.BuildVerb object at 0x77ea344fbdc0>>)
[0.333s] Level 1:colcon.colcon_core.package_discovery:discover_packages(colcon_meta) check parameters
[0.333s] Level 1:colcon.colcon_core.package_discovery:discover_packages(recursive) check parameters
[0.333s] Level 1:colcon.colcon_core.package_discovery:discover_packages(ignore) check parameters
[0.333s] Level 1:colcon.colcon_core.package_discovery:discover_packages(path) check parameters
[0.333s] Level 1:colcon.colcon_core.package_discovery:discover_packages(colcon_meta) discover
[0.333s] Level 1:colcon.colcon_core.package_discovery:discover_packages(recursive) discover
[0.334s] INFO:colcon.colcon_core.package_discovery:Crawling recursively for packages in '/home/nash/PycharmProjects/Celestial_Robot/celeste'
[0.334s] Level 1:colcon.colcon_core.package_identification:_identify(.) by extensions ['ignore', 'ignore_ament_install']
[0.334s] Level 1:colcon.colcon_core.package_identification:_identify(.) by extension 'ignore'
[0.334s] Level 1:colcon.colcon_core.package_identification:_identify(.) by extension 'ignore_ament_install'
[0.334s] Level 1:colcon.colcon_core.package_identification:_identify(.) by extensions ['colcon_pkg']
[0.334s] Level 1:colcon.colcon_core.package_identification:_identify(.) by extension 'colcon_pkg'
[0.334s] Level 1:colcon.colcon_core.package_identification:_identify(.) by extensions ['colcon_meta']
[0.334s] Level 1:colcon.colcon_core.package_identification:_identify(.) by extension 'colcon_meta'
[0.334s] Level 1:colcon.colcon_core.package_identification:_identify(.) by extensions ['ros']
[0.334s] Level 1:colcon.colcon_core.package_identification:_identify(.) by extension 'ros'
[0.347s] Level 1:colcon.colcon_core.package_identification:_identify(.) by extensions ['cmake', 'python']
[0.347s] Level 1:colcon.colcon_core.package_identification:_identify(.) by extension 'cmake'
[0.347s] Level 1:colcon.colcon_core.package_identification:_identify(.) by extension 'python'
[0.347s] Level 1:colcon.colcon_core.package_identification:_identify(.) by extensions ['python_setup_py']
[0.347s] Level 1:colcon.colcon_core.package_identification:_identify(.) by extension 'python_setup_py'
[0.347s] Level 1:colcon.colcon_core.package_identification:_identify(build) by extensions ['ignore', 'ignore_ament_install']
[0.347s] Level 1:colcon.colcon_core.package_identification:_identify(build) by extension 'ignore'
[0.347s] Level 1:colcon.colcon_core.package_identification:_identify(build) ignored
[0.347s] Level 1:colcon.colcon_core.package_identification:_identify(install) by extensions ['ignore', 'ignore_ament_install']
[0.347s] Level 1:colcon.colcon_core.package_identification:_identify(install) by extension 'ignore'
[0.348s] Level 1:colcon.colcon_core.package_identification:_identify(install) ignored
[0.348s] Level 1:colcon.colcon_core.package_identification:_identify(log) by extensions ['ignore', 'ignore_ament_install']
[0.348s] Level 1:colcon.colcon_core.package_identification:_identify(log) by extension 'ignore'
[0.348s] Level 1:colcon.colcon_core.package_identification:_identify(log) ignored
[0.348s] Level 1:colcon.colcon_core.package_identification:_identify(src) by extensions ['ignore', 'ignore_ament_install']
[0.348s] Level 1:colcon.colcon_core.package_identification:_identify(src) by extension 'ignore'
[0.348s] Level 1:colcon.colcon_core.package_identification:_identify(src) by extension 'ignore_ament_install'
[0.348s] Level 1:colcon.colcon_core.package_identification:_identify(src) by extensions ['colcon_pkg']
[0.348s] Level 1:colcon.colcon_core.package_identification:_identify(src) by extension 'colcon_pkg'
[0.348s] Level 1:colcon.colcon_core.package_identification:_identify(src) by extensions ['colcon_meta']
[0.348s] Level 1:colcon.colcon_core.package_identification:_identify(src) by extension 'colcon_meta'
[0.348s] Level 1:colcon.colcon_core.package_identification:_identify(src) by extensions ['ros']
[0.348s] Level 1:colcon.colcon_core.package_identification:_identify(src) by extension 'ros'
[0.348s] Level 1:colcon.colcon_core.package_identification:_identify(src) by extensions ['cmake', 'python']
[0.348s] Level 1:colcon.colcon_core.package_identification:_identify(src) by extension 'cmake'
[0.348s] Level 1:colcon.colcon_core.package_identification:_identify(src) by extension 'python'
[0.348s] Level 1:colcon.colcon_core.package_identification:_identify(src) by extensions ['python_setup_py']
[0.348s] Level 1:colcon.colcon_core.package_identification:_identify(src) by extension 'python_setup_py'
[0.349s] Level 1:colcon.colcon_core.package_identification:_identify(src/celeste_interfaces) by extensions ['ignore', 'ignore_ament_install']
[0.349s] Level 1:colcon.colcon_core.package_identification:_identify(src/celeste_interfaces) by extension 'ignore'
[0.349s] Level 1:colcon.colcon_core.package_identification:_identify(src/celeste_interfaces) by extension 'ignore_ament_install'
[0.349s] Level 1:colcon.colcon_core.package_identification:_identify(src/celeste_interfaces) by extensions ['colcon_pkg']
[0.349s] Level 1:colcon.colcon_core.package_identification:_identify(src/celeste_interfaces) by extension 'colcon_pkg'
[0.349s] Level 1:colcon.colcon_core.package_identification:_identify(src/celeste_interfaces) by extensions ['colcon_meta']
[0.349s] Level 1:colcon.colcon_core.package_identification:_identify(src/celeste_interfaces) by extension 'colcon_meta'
[0.349s] Level 1:colcon.colcon_core.package_identification:_identify(src/celeste_interfaces) by extensions ['ros']
[0.349s] Level 1:colcon.colcon_core.package_identification:_identify(src/celeste_interfaces) by extension 'ros'
[0.352s] DEBUG:colcon.colcon_core.package_identification:Package 'src/celeste_interfaces' with type 'ros.ament_cmake' and name 'celeste_interfaces'
[0.352s] Level 1:colcon.colcon_core.package_identification:_identify(src/my_experiment) by extensions ['ignore', 'ignore_ament_install']
[0.352s] Level 1:colcon.colcon_core.package_identification:_identify(src/my_experiment) by extension 'ignore'
[0.352s] Level 1:colcon.colcon_core.package_identification:_identify(src/my_experiment) by extension 'ignore_ament_install'
[0.352s] Level 1:colcon.colcon_core.package_identification:_identify(src/my_experiment) by extensions ['colcon_pkg']
[0.352s] Level 1:colcon.colcon_core.package_identification:_identify(src/my_experiment) by extension 'colcon_pkg'
[0.352s] Level 1:colcon.colcon_core.package_identification:_identify(src/my_experiment) by extensions ['colcon_meta']
[0.352s] Level 1:colcon.colcon_core.package_identification:_identify(src/my_experiment) by extension 'colcon_meta'
[0.352s] Level 1:colcon.colcon_core.package_identification:_identify(src/my_experiment) by extensions ['ros']
[0.352s] Level 1:colcon.colcon_core.package_identification:_identify(src/my_experiment) by extension 'ros'
[0.353s] DEBUG:colcon.colcon_core.package_identification:Package 'src/my_experiment' with type 'ros.ament_python' and name 'my_experiment'
[0.353s] Level 1:colcon.colcon_core.package_discovery:discover_packages(recursive) using defaults
[0.353s] Level 1:colcon.colcon_core.package_discovery:discover_packages(ignore) discover
[0.353s] Level 1:colcon.colcon_core.package_discovery:discover_packages(ignore) using defaults
[0.353s] Level 1:colcon.colcon_core.package_discovery:discover_packages(path) discover
[0.353s] Level 1:colcon.colcon_core.package_discovery:discover_packages(path) using defaults
[0.374s] Level 1:colcon.colcon_core.package_discovery:discover_packages(prefix_path) check parameters
[0.374s] Level 1:colcon.colcon_core.package_discovery:discover_packages(prefix_path) discover
[0.378s] DEBUG:colcon.colcon_installed_package_information.package_discovery:Found 373 installed packages in /opt/ros/humble
[0.391s] Level 1:colcon.colcon_core.package_discovery:discover_packages(prefix_path) using defaults
[0.446s] Level 5:colcon.colcon_core.verb:set package 'celeste_interfaces' build argument 'cmake_args' from command line to 'None'
[0.446s] Level 5:colcon.colcon_core.verb:set package 'celeste_interfaces' build argument 'cmake_target' from command line to 'None'
[0.446s] Level 5:colcon.colcon_core.verb:set package 'celeste_interfaces' build argument 'cmake_target_skip_unavailable' from command line to 'False'
[0.446s] Level 5:colcon.colcon_core.verb:set package 'celeste_interfaces' build argument 'cmake_clean_cache' from command line to 'False'
[0.446s] Level 5:colcon.colcon_core.verb:set package 'celeste_interfaces' build argument 'cmake_clean_first' from command line to 'False'
[0.446s] Level 5:colcon.colcon_core.verb:set package 'celeste_interfaces' build argument 'cmake_force_configure' from command line to 'False'
[0.446s] Level 5:colcon.colcon_core.verb:set package 'celeste_interfaces' build argument 'ament_cmake_args' from command line to 'None'
[0.446s] Level 5:colcon.colcon_core.verb:set package 'celeste_interfaces' build argument 'catkin_cmake_args' from command line to 'None'
[0.446s] Level 5:colcon.colcon_core.verb:set package 'celeste_interfaces' build argument 'catkin_skip_building_tests' from command line to 'False'
[0.446s] DEBUG:colcon.colcon_core.verb:Building package 'celeste_interfaces' with the following arguments: {'ament_cmake_args': None, 'build_base': '/home/nash/PycharmProjects/Celestial_Robot/celeste/build/celeste_interfaces', 'catkin_cmake_args': None, 'catkin_skip_building_tests': False, 'cmake_args': None, 'cmake_clean_cache': False, 'cmake_clean_first': False, 'cmake_force_configure': False, 'cmake_target': None, 'cmake_target_skip_unavailable': False, 'install_base': '/home/nash/PycharmProjects/Celestial_Robot/celeste/install/celeste_interfaces', 'merge_install': False, 'path': '/home/nash/PycharmProjects/Celestial_Robot/celeste/src/celeste_interfaces', 'symlink_install': False, 'test_result_base': None}
[0.446s] Level 5:colcon.colcon_core.verb:set package 'my_experiment' build argument 'cmake_args' from command line to 'None'
[0.446s] Level 5:colcon.colcon_core.verb:set package 'my_experiment' build argument 'cmake_target' from command line to 'None'
[0.446s] Level 5:colcon.colcon_core.verb:set package 'my_experiment' build argument 'cmake_target_skip_unavailable' from command line to 'False'
[0.446s] Level 5:colcon.colcon_core.verb:set package 'my_experiment' build argument 'cmake_clean_cache' from command line to 'False'
[0.446s] Level 5:colcon.colcon_core.verb:set package 'my_experiment' build argument 'cmake_clean_first' from command line to 'False'
[0.446s] Level 5:colcon.colcon_core.verb:set package 'my_experiment' build argument 'cmake_force_configure' from command line to 'False'
[0.446s] Level 5:colcon.colcon_core.verb:set package 'my_experiment' build argument 'ament_cmake_args' from command line to 'None'
[0.446s] Level 5:colcon.colcon_core.verb:set package 'my_experiment' build argument 'catkin_cmake_args' from command line to 'None'
[0.446s] Level 5:colcon.colcon_core.verb:set package 'my_experiment' build argument 'catkin_skip_building_tests' from command line to 'False'
[0.446s] DEBUG:colcon.colcon_core.verb:Building package 'my_experiment' with the following arguments: {'ament_cmake_args': None, 'build_base': '/home/nash/PycharmProjects/Celestial_Robot/celeste/build/my_experiment', 'catkin_cmake_args': None, 'catkin_skip_building_tests': False, 'cmake_args': None, 'cmake_clean_cache': False, 'cmake_clean_first': False, 'cmake_force_configure': False, 'cmake_target': None, 'cmake_target_skip_unavailable': False, 'install_base': '/home/nash/PycharmProjects/Celestial_Robot/celeste/install/my_experiment', 'merge_install': False, 'path': '/home/nash/PycharmProjects/Celestial_Robot/celeste/src/my_experiment', 'symlink_install': False, 'test_result_base': None}
[0.447s] INFO:colcon.colcon_core.executor:Executing jobs using 'parallel' executor
[0.448s] DEBUG:colcon.colcon_parallel_executor.executor.parallel:run_until_complete
[0.448s] INFO:colcon.colcon_ros.task.ament_cmake.build:Building ROS package in '/home/nash/PycharmProjects/Celestial_Robot/celeste/src/celeste_interfaces' with build type 'ament_cmake'
[0.449s] INFO:colcon.colcon_cmake.task.cmake.build:Building CMake package in '/home/nash/PycharmProjects/Celestial_Robot/celeste/src/celeste_interfaces'
[0.452s] INFO:colcon.colcon_core.plugin_system:Skipping extension 'colcon_core.shell.bat': Not used on non-Windows systems
[0.452s] INFO:colcon.colcon_core.shell:Skip shell extension 'powershell' for command environment: Not usable outside of PowerShell
[0.452s] DEBUG:colcon.colcon_core.shell:Skip shell extension 'dsv' for command environment
[0.462s] DEBUG:colcon.colcon_core.event_handler.log_command:Invoking command in '/home/nash/PycharmProjects/Celestial_Robot/celeste/build/celeste_interfaces': CMAKE_PREFIX_PATH=/opt/ros/humble /usr/bin/cmake --build /home/nash/PycharmProjects/Celestial_Robot/celeste/build/celeste_interfaces -- -j4 -l4
[1.033s] DEBUG:colcon.colcon_core.event_handler.log_command:Invoked command in '/home/nash/PycharmProjects/Celestial_Robot/celeste/build/celeste_interfaces' returned '0': CMAKE_PREFIX_PATH=/opt/ros/humble /usr/bin/cmake --build /home/nash/PycharmProjects/Celestial_Robot/celeste/build/celeste_interfaces -- -j4 -l4
[1.130s] DEBUG:colcon.colcon_core.event_handler.log_command:Invoking command in '/home/nash/PycharmProjects/Celestial_Robot/celeste/build/celeste_interfaces': CMAKE_PREFIX_PATH=/opt/ros/humble /usr/bin/cmake --install /home/nash/PycharmProjects/Celestial_Robot/celeste/build/celeste_interfaces
[1.206s] Level 1:colcon.colcon_core.environment:create_environment_scripts_only(celeste_interfaces)
[1.207s] DEBUG:colcon.colcon_core.event_handler.log_command:Invoked command in '/home/nash/PycharmProjects/Celestial_Robot/celeste/build/celeste_interfaces' returned '0': CMAKE_PREFIX_PATH=/opt/ros/humble /usr/bin/cmake --install /home/nash/PycharmProjects/Celestial_Robot/celeste/build/celeste_interfaces
[1.211s] Level 1:colcon.colcon_core.environment:checking '/home/nash/PycharmProjects/Celestial_Robot/celeste/install/celeste_interfaces' for CMake module files
[1.212s] Level 1:colcon.colcon_core.environment:checking '/home/nash/PycharmProjects/Celestial_Robot/celeste/install/celeste_interfaces' for CMake config files
[1.212s] Level 1:colcon.colcon_core.shell:create_environment_hook('celeste_interfaces', 'cmake_prefix_path')
[1.213s] INFO:colcon.colcon_core.shell:Creating environment hook '/home/nash/PycharmProjects/Celestial_Robot/celeste/install/celeste_interfaces/share/celeste_interfaces/hook/cmake_prefix_path.ps1'
[1.214s] INFO:colcon.colcon_core.shell:Creating environment descriptor '/home/nash/PycharmProjects/Celestial_Robot/celeste/install/celeste_interfaces/share/celeste_interfaces/hook/cmake_prefix_path.dsv'
[1.214s] INFO:colcon.colcon_core.shell:Creating environment hook '/home/nash/PycharmProjects/Celestial_Robot/celeste/install/celeste_interfaces/share/celeste_interfaces/hook/cmake_prefix_path.sh'
[1.215s] Level 1:colcon.colcon_core.environment:checking '/home/nash/PycharmProjects/Celestial_Robot/celeste/install/celeste_interfaces/lib'
[1.215s] Level 1:colcon.colcon_core.shell:create_environment_hook('celeste_interfaces', 'ld_library_path_lib')
[1.216s] INFO:colcon.colcon_core.shell:Creating environment hook '/home/nash/PycharmProjects/Celestial_Robot/celeste/install/celeste_interfaces/share/celeste_interfaces/hook/ld_library_path_lib.ps1'
[1.216s] INFO:colcon.colcon_core.shell:Creating environment descriptor '/home/nash/PycharmProjects/Celestial_Robot/celeste/install/celeste_interfaces/share/celeste_interfaces/hook/ld_library_path_lib.dsv'
[1.216s] INFO:colcon.colcon_core.shell:Creating environment hook '/home/nash/PycharmProjects/Celestial_Robot/celeste/install/celeste_interfaces/share/celeste_interfaces/hook/ld_library_path_lib.sh'
[1.217s] Level 1:colcon.colcon_core.environment:checking '/home/nash/PycharmProjects/Celestial_Robot/celeste/install/celeste_interfaces/bin'
[1.217s] Level 1:colcon.colcon_core.environment:checking '/home/nash/PycharmProjects/Celestial_Robot/celeste/install/celeste_interfaces/lib/pkgconfig/celeste_interfaces.pc'
[1.217s] Level 1:colcon.colcon_core.environment:checking '/home/nash/PycharmProjects/Celestial_Robot/celeste/install/celeste_interfaces/lib/python3.10/site-packages'
[1.218s] Level 1:colcon.colcon_core.environment:checking '/home/nash/PycharmProjects/Celestial_Robot/celeste/install/celeste_interfaces/bin'
[1.218s] INFO:colcon.colcon_core.shell:Creating package script '/home/nash/PycharmProjects/Celestial_Robot/celeste/install/celeste_interfaces/share/celeste_interfaces/package.ps1'
[1.220s] INFO:colcon.colcon_core.shell:Creating package descriptor '/home/nash/PycharmProjects/Celestial_Robot/celeste/install/celeste_interfaces/share/celeste_interfaces/package.dsv'
[1.220s] INFO:colcon.colcon_core.shell:Creating package script '/home/nash/PycharmProjects/Celestial_Robot/celeste/install/celeste_interfaces/share/celeste_interfaces/package.sh'
[1.221s] INFO:colcon.colcon_core.shell:Creating package script '/home/nash/PycharmProjects/Celestial_Robot/celeste/install/celeste_interfaces/share/celeste_interfaces/package.bash'
[1.222s] INFO:colcon.colcon_core.shell:Creating package script '/home/nash/PycharmProjects/Celestial_Robot/celeste/install/celeste_interfaces/share/celeste_interfaces/package.zsh'
[1.223s] Level 1:colcon.colcon_core.environment:create_file_with_runtime_dependencies(/home/nash/PycharmProjects/Celestial_Robot/celeste/install/celeste_interfaces/share/colcon-core/packages/celeste_interfaces)
[1.310s] Level 1:colcon.colcon_core.environment:create_environment_scripts_only(celeste_interfaces)
[1.311s] Level 1:colcon.colcon_core.environment:checking '/home/nash/PycharmProjects/Celestial_Robot/celeste/install/celeste_interfaces' for CMake module files
[1.311s] Level 1:colcon.colcon_core.environment:checking '/home/nash/PycharmProjects/Celestial_Robot/celeste/install/celeste_interfaces' for CMake config files
[1.311s] Level 1:colcon.colcon_core.shell:create_environment_hook('celeste_interfaces', 'cmake_prefix_path')
[1.312s] INFO:colcon.colcon_core.shell:Creating environment hook '/home/nash/PycharmProjects/Celestial_Robot/celeste/install/celeste_interfaces/share/celeste_interfaces/hook/cmake_prefix_path.ps1'
[1.312s] INFO:colcon.colcon_core.shell:Creating environment descriptor '/home/nash/PycharmProjects/Celestial_Robot/celeste/install/celeste_interfaces/share/celeste_interfaces/hook/cmake_prefix_path.dsv'
[1.312s] INFO:colcon.colcon_core.shell:Creating environment hook '/home/nash/PycharmProjects/Celestial_Robot/celeste/install/celeste_interfaces/share/celeste_interfaces/hook/cmake_prefix_path.sh'
[1.313s] Level 1:colcon.colcon_core.environment:checking '/home/nash/PycharmProjects/Celestial_Robot/celeste/install/celeste_interfaces/lib'
[1.313s] Level 1:colcon.colcon_core.shell:create_environment_hook('celeste_interfaces', 'ld_library_path_lib')
[1.313s] INFO:colcon.colcon_core.shell:Creating environment hook '/home/nash/PycharmProjects/Celestial_Robot/celeste/install/celeste_interfaces/share/celeste_interfaces/hook/ld_library_path_lib.ps1'
[1.314s] INFO:colcon.colcon_core.shell:Creating environment descriptor '/home/nash/PycharmProjects/Celestial_Robot/celeste/install/celeste_interfaces/share/celeste_interfaces/hook/ld_library_path_lib.dsv'
[1.314s] INFO:colcon.colcon_core.shell:Creating environment hook '/home/nash/PycharmProjects/Celestial_Robot/celeste/install/celeste_interfaces/share/celeste_interfaces/hook/ld_library_path_lib.sh'
[1.314s] Level 1:colcon.colcon_core.environment:checking '/home/nash/PycharmProjects/Celestial_Robot/celeste/install/celeste_interfaces/bin'
[1.314s] Level 1:colcon.colcon_core.environment:checking '/home/nash/PycharmProjects/Celestial_Robot/celeste/install/celeste_interfaces/lib/pkgconfig/celeste_interfaces.pc'
[1.315s] Level 1:colcon.colcon_core.environment:checking '/home/nash/PycharmProjects/Celestial_Robot/celeste/install/celeste_interfaces/lib/python3.10/site-packages'
[1.315s] Level 1:colcon.colcon_core.environment:checking '/home/nash/PycharmProjects/Celestial_Robot/celeste/install/celeste_interfaces/bin'
[1.315s] INFO:colcon.colcon_core.shell:Creating package script '/home/nash/PycharmProjects/Celestial_Robot/celeste/install/celeste_interfaces/share/celeste_interfaces/package.ps1'
[1.316s] INFO:colcon.colcon_core.shell:Creating package descriptor '/home/nash/PycharmProjects/Celestial_Robot/celeste/install/celeste_interfaces/share/celeste_interfaces/package.dsv'
[1.316s] INFO:colcon.colcon_core.shell:Creating package script '/home/nash/PycharmProjects/Celestial_Robot/celeste/install/celeste_interfaces/share/celeste_interfaces/package.sh'
[1.317s] INFO:colcon.colcon_core.shell:Creating package script '/home/nash/PycharmProjects/Celestial_Robot/celeste/install/celeste_interfaces/share/celeste_interfaces/package.bash'
[1.317s] INFO:colcon.colcon_core.shell:Creating package script '/home/nash/PycharmProjects/Celestial_Robot/celeste/install/celeste_interfaces/share/celeste_interfaces/package.zsh'
[1.318s] Level 1:colcon.colcon_core.environment:create_file_with_runtime_dependencies(/home/nash/PycharmProjects/Celestial_Robot/celeste/install/celeste_interfaces/share/colcon-core/packages/celeste_interfaces)
[1.318s] INFO:colcon.colcon_ros.task.ament_python.build:Building ROS package in '/home/nash/PycharmProjects/Celestial_Robot/celeste/src/my_experiment' with build type 'ament_python'
[1.318s] Level 1:colcon.colcon_core.shell:create_environment_hook('my_experiment', 'ament_prefix_path')
[1.319s] INFO:colcon.colcon_core.shell:Creating environment hook '/home/nash/PycharmProjects/Celestial_Robot/celeste/install/my_experiment/share/my_experiment/hook/ament_prefix_path.ps1'
[1.320s] INFO:colcon.colcon_core.shell:Creating environment descriptor '/home/nash/PycharmProjects/Celestial_Robot/celeste/install/my_experiment/share/my_experiment/hook/ament_prefix_path.dsv'
[1.321s] INFO:colcon.colcon_core.shell:Creating environment hook '/home/nash/PycharmProjects/Celestial_Robot/celeste/install/my_experiment/share/my_experiment/hook/ament_prefix_path.sh'
[1.322s] INFO:colcon.colcon_core.shell:Skip shell extension 'powershell' for command environment: Not usable outside of PowerShell
[1.322s] DEBUG:colcon.colcon_core.shell:Skip shell extension 'dsv' for command environment
[1.640s] INFO:colcon.colcon_core.task.python.build:Building Python package in '/home/nash/PycharmProjects/Celestial_Robot/celeste/src/my_experiment'
[1.640s] INFO:colcon.colcon_core.shell:Skip shell extension 'powershell' for command environment: Not usable outside of PowerShell
[1.641s] DEBUG:colcon.colcon_core.shell:Skip shell extension 'dsv' for command environment
[2.165s] DEBUG:colcon.colcon_core.event_handler.log_command:Invoking command in '/home/nash/PycharmProjects/Celestial_Robot/celeste/src/my_experiment': AMENT_PREFIX_PATH=/home/nash/PycharmProjects/Celestial_Robot/celeste/install/celeste_interfaces:${AMENT_PREFIX_PATH} CMAKE_PREFIX_PATH=/home/nash/PycharmProjects/Celestial_Robot/celeste/install/celeste_interfaces LD_LIBRARY_PATH=/home/nash/PycharmProjects/Celestial_Robot/celeste/install/celeste_interfaces/lib:${LD_LIBRARY_PATH} PYTHONPATH=/home/nash/PycharmProjects/Celestial_Robot/celeste/build/my_experiment/prefix_override:/home/nash/PycharmProjects/Celestial_Robot/celeste/install/my_experiment/lib/python3.10/site-packages:/home/nash/PycharmProjects/Celestial_Robot/celeste/install/celeste_interfaces/local/lib/python3.10/dist-packages:${PYTHONPATH} /usr/bin/python3 -W ignore:setup.py install is deprecated setup.py egg_info --egg-base ../../build/my_experiment build --build-base /home/nash/PycharmProjects/Celestial_Robot/celeste/build/my_experiment/build install --record /home/nash/PycharmProjects/Celestial_Robot/celeste/build/my_experiment/install.log --single-version-externally-managed install_data
[2.507s] Level 1:colcon.colcon_core.environment:checking '/home/nash/PycharmProjects/Celestial_Robot/celeste/install/my_experiment' for CMake module files
[2.507s] DEBUG:colcon.colcon_core.event_handler.log_command:Invoked command in '/home/nash/PycharmProjects/Celestial_Robot/celeste/src/my_experiment' returned '0': AMENT_PREFIX_PATH=/home/nash/PycharmProjects/Celestial_Robot/celeste/install/celeste_interfaces:${AMENT_PREFIX_PATH} CMAKE_PREFIX_PATH=/home/nash/PycharmProjects/Celestial_Robot/celeste/install/celeste_interfaces LD_LIBRARY_PATH=/home/nash/PycharmProjects/Celestial_Robot/celeste/install/celeste_interfaces/lib:${LD_LIBRARY_PATH} PYTHONPATH=/home/nash/PycharmProjects/Celestial_Robot/celeste/build/my_experiment/prefix_override:/home/nash/PycharmProjects/Celestial_Robot/celeste/install/my_experiment/lib/python3.10/site-packages:/home/nash/PycharmProjects/Celestial_Robot/celeste/install/celeste_interfaces/local/lib/python3.10/dist-packages:${PYTHONPATH} /usr/bin/python3 -W ignore:setup.py install is deprecated setup.py egg_info --egg-base ../../build/my_experiment build --build-base /home/nash/PycharmProjects/Celestial_Robot/celeste/build/my_experiment/build install --record /home/nash/PycharmProjects/Celestial_Robot/celeste/build/my_experiment/install.log --single-version-externally-managed install_data
[2.508s] Level 1:colcon.colcon_core.environment:checking '/home/nash/PycharmProjects/Celestial_Robot/celeste/install/my_experiment' for CMake config files
[2.508s] Level 1:colcon.colcon_core.environment:checking '/home/nash/PycharmProjects/Celestial_Robot/celeste/install/my_experiment/lib'
[2.508s] Level 1:colcon.colcon_core.environment:checking '/home/nash/PycharmProjects/Celestial_Robot/celeste/install/my_experiment/bin'
[2.509s] Level 1:colcon.colcon_core.environment:checking '/home/nash/PycharmProjects/Celestial_Robot/celeste/install/my_experiment/lib/pkgconfig/my_experiment.pc'
[2.509s] Level 1:colcon.colcon_core.environment:checking '/home/nash/PycharmProjects/Celestial_Robot/celeste/install/my_experiment/lib/python3.10/site-packages'
[2.509s] Level 1:colcon.colcon_core.shell:create_environment_hook('my_experiment', 'pythonpath')
[2.509s] INFO:colcon.colcon_core.shell:Creating environment hook '/home/nash/PycharmProjects/Celestial_Robot/celeste/install/my_experiment/share/my_experiment/hook/pythonpath.ps1'
[2.509s] INFO:colcon.colcon_core.shell:Creating environment descriptor '/home/nash/PycharmProjects/Celestial_Robot/celeste/install/my_experiment/share/my_experiment/hook/pythonpath.dsv'
[2.510s] INFO:colcon.colcon_core.shell:Creating environment hook '/home/nash/PycharmProjects/Celestial_Robot/celeste/install/my_experiment/share/my_experiment/hook/pythonpath.sh'
[2.510s] Level 1:colcon.colcon_core.environment:checking '/home/nash/PycharmProjects/Celestial_Robot/celeste/install/my_experiment/bin'
[2.510s] Level 1:colcon.colcon_core.environment:create_environment_scripts_only(my_experiment)
[2.511s] INFO:colcon.colcon_core.shell:Creating package script '/home/nash/PycharmProjects/Celestial_Robot/celeste/install/my_experiment/share/my_experiment/package.ps1'
[2.511s] INFO:colcon.colcon_core.shell:Creating package descriptor '/home/nash/PycharmProjects/Celestial_Robot/celeste/install/my_experiment/share/my_experiment/package.dsv'
[2.511s] INFO:colcon.colcon_core.shell:Creating package script '/home/nash/PycharmProjects/Celestial_Robot/celeste/install/my_experiment/share/my_experiment/package.sh'
[2.512s] INFO:colcon.colcon_core.shell:Creating package script '/home/nash/PycharmProjects/Celestial_Robot/celeste/install/my_experiment/share/my_experiment/package.bash'
[2.512s] INFO:colcon.colcon_core.shell:Creating package script '/home/nash/PycharmProjects/Celestial_Robot/celeste/install/my_experiment/share/my_experiment/package.zsh'
[2.512s] Level 1:colcon.colcon_core.environment:create_file_with_runtime_dependencies(/home/nash/PycharmProjects/Celestial_Robot/celeste/install/my_experiment/share/colcon-core/packages/my_experiment)
[2.513s] DEBUG:colcon.colcon_parallel_executor.executor.parallel:closing loop
[2.513s] DEBUG:colcon.colcon_parallel_executor.executor.parallel:loop closed
[2.513s] DEBUG:colcon.colcon_parallel_executor.executor.parallel:run_until_complete finished with '0'
[2.513s] DEBUG:colcon.colcon_core.event_reactor:joining thread
[2.521s] INFO:colcon.colcon_core.plugin_system:Skipping extension 'colcon_notification.desktop_notification.terminal_notifier': Not used on non-Darwin systems
[2.521s] INFO:colcon.colcon_core.plugin_system:Skipping extension 'colcon_notification.desktop_notification.win32': Not used on non-Windows systems
[2.521s] INFO:colcon.colcon_notification.desktop_notification:Sending desktop notification using 'notify2'
[2.535s] DEBUG:colcon.colcon_core.event_reactor:joined thread
[2.536s] INFO:colcon.colcon_core.shell:Creating prefix script '/home/nash/PycharmProjects/Celestial_Robot/celeste/install/local_setup.ps1'
[2.537s] INFO:colcon.colcon_core.shell:Creating prefix util module '/home/nash/PycharmProjects/Celestial_Robot/celeste/install/_local_setup_util_ps1.py'
[2.539s] INFO:colcon.colcon_core.shell:Creating prefix chain script '/home/nash/PycharmProjects/Celestial_Robot/celeste/install/setup.ps1'
[2.540s] INFO:colcon.colcon_core.shell:Creating prefix script '/home/nash/PycharmProjects/Celestial_Robot/celeste/install/local_setup.sh'
[2.541s] INFO:colcon.colcon_core.shell:Creating prefix util module '/home/nash/PycharmProjects/Celestial_Robot/celeste/install/_local_setup_util_sh.py'
[2.542s] INFO:colcon.colcon_core.shell:Creating prefix chain script '/home/nash/PycharmProjects/Celestial_Robot/celeste/install/setup.sh'
[2.543s] INFO:colcon.colcon_core.shell:Creating prefix script '/home/nash/PycharmProjects/Celestial_Robot/celeste/install/local_setup.bash'
[2.543s] INFO:colcon.colcon_core.shell:Creating prefix chain script '/home/nash/PycharmProjects/Celestial_Robot/celeste/install/setup.bash'
[2.544s] INFO:colcon.colcon_core.shell:Creating prefix script '/home/nash/PycharmProjects/Celestial_Robot/celeste/install/local_setup.zsh'
[2.545s] INFO:colcon.colcon_core.shell:Creating prefix chain script '/home/nash/PycharmProjects/Celestial_Robot/celeste/install/setup.zsh'
