-- Found ament_cmake: 1.3.9 (/opt/ros/humble/share/ament_cmake/cmake)
-- Found geometry_msgs: 4.2.4 (/opt/ros/humble/share/geometry_msgs/cmake)
-- Found rosidl_generator_c: 3.1.5 (/opt/ros/humble/share/rosidl_generator_c/cmake)
-- Found rosidl_adapter: 3.1.5 (/opt/ros/humble/share/rosidl_adapter/cmake)
-- Found rosidl_generator_cpp: 3.1.5 (/opt/ros/humble/share/rosidl_generator_cpp/cmake)
-- Using all available rosidl_typesupport_c: rosidl_typesupport_fastrtps_c;rosidl_typesupport_introspection_c
-- Using all available rosidl_typesupport_cpp: rosidl_typesupport_fastrtps_cpp;rosidl_typesupport_introspection_cpp
-- Found rosidl_default_generators: 1.2.0 (/opt/ros/humble/share/rosidl_default_generators/cmake)
-- Found ament_lint_auto: 0.12.11 (/opt/ros/humble/share/ament_lint_auto/cmake)
-- Added test 'lint_cmake' to check CMake code style
-- Added test 'xmllint' to check XML markup files
-- Configuring done
-- Generating done
-- Build files have been written to: /home/nash/PycharmProjects/Celestial_Robot/learn/workspace1/build/tutorial_interfaces
-- Install configuration: ""
-- Installing: /home/nash/PycharmProjects/Celestial_Robot/learn/workspace1/install/tutorial_interfaces/share/ament_index/resource_index/package_run_dependencies/tutorial_interfaces
-- Installing: /home/nash/PycharmProjects/Celestial_Robot/learn/workspace1/install/tutorial_interfaces/share/ament_index/resource_index/parent_prefix_path/tutorial_interfaces
-- Installing: /home/nash/PycharmProjects/Celestial_Robot/learn/workspace1/install/tutorial_interfaces/share/tutorial_interfaces/environment/ament_prefix_path.sh
-- Installing: /home/nash/PycharmProjects/Celestial_Robot/learn/workspace1/install/tutorial_interfaces/share/tutorial_interfaces/environment/ament_prefix_path.dsv
-- Installing: /home/nash/PycharmProjects/Celestial_Robot/learn/workspace1/install/tutorial_interfaces/share/tutorial_interfaces/environment/path.sh
-- Installing: /home/nash/PycharmProjects/Celestial_Robot/learn/workspace1/install/tutorial_interfaces/share/tutorial_interfaces/environment/path.dsv
-- Installing: /home/nash/PycharmProjects/Celestial_Robot/learn/workspace1/install/tutorial_interfaces/share/tutorial_interfaces/local_setup.bash
-- Installing: /home/nash/PycharmProjects/Celestial_Robot/learn/workspace1/install/tutorial_interfaces/share/tutorial_interfaces/local_setup.sh
-- Installing: /home/nash/PycharmProjects/Celestial_Robot/learn/workspace1/install/tutorial_interfaces/share/tutorial_interfaces/local_setup.zsh
-- Installing: /home/nash/PycharmProjects/Celestial_Robot/learn/workspace1/install/tutorial_interfaces/share/tutorial_interfaces/local_setup.dsv
-- Installing: /home/nash/PycharmProjects/Celestial_Robot/learn/workspace1/install/tutorial_interfaces/share/tutorial_interfaces/package.dsv
-- Installing: /home/nash/PycharmProjects/Celestial_Robot/learn/workspace1/install/tutorial_interfaces/share/ament_index/resource_index/packages/tutorial_interfaces
-- Installing: /home/nash/PycharmProjects/Celestial_Robot/learn/workspace1/install/tutorial_interfaces/share/tutorial_interfaces/cmake/tutorial_interfacesConfig.cmake
-- Installing: /home/nash/PycharmProjects/Celestial_Robot/learn/workspace1/install/tutorial_interfaces/share/tutorial_interfaces/cmake/tutorial_interfacesConfig-version.cmake
-- Installing: /home/nash/PycharmProjects/Celestial_Robot/learn/workspace1/install/tutorial_interfaces/share/tutorial_interfaces/package.xml
