[0.012s] Invoking command in '/home/nash/PycharmProjects/Celestial_Robot/learn/workspace1/build/tutorial_interfaces': CMAKE_PREFIX_PATH=/opt/ros/humble /usr/bin/cmake /home/nash/PycharmProjects/Celestial_Robot/learn/workspace1/src/tutorial_interfaces -DCMAKE_INSTALL_PREFIX=/home/nash/PycharmProjects/Celestial_Robot/learn/workspace1/install/tutorial_interfaces
[0.028s] -- Found ament_cmake: 1.3.9 (/opt/ros/humble/share/ament_cmake/cmake)
[0.169s] -- Found geometry_msgs: 4.2.4 (/opt/ros/humble/share/geometry_msgs/cmake)
[0.199s] -- Found rosidl_generator_c: 3.1.5 (/opt/ros/humble/share/rosidl_generator_c/cmake)
[0.202s] -- Found rosidl_adapter: 3.1.5 (/opt/ros/humble/share/rosidl_adapter/cmake)
[0.209s] -- Found rosidl_generator_cpp: 3.1.5 (/opt/ros/humble/share/rosidl_generator_cpp/cmake)
[0.222s] -- Using all available rosidl_typesupport_c: rosidl_typesupport_fastrtps_c;rosidl_typesupport_introspection_c
[0.241s] -- Using all available rosidl_typesupport_cpp: rosidl_typesupport_fastrtps_cpp;rosidl_typesupport_introspection_cpp
[0.385s] -- Found rosidl_default_generators: 1.2.0 (/opt/ros/humble/share/rosidl_default_generators/cmake)
[0.395s] -- Found ament_lint_auto: 0.12.11 (/opt/ros/humble/share/ament_lint_auto/cmake)
[0.473s] -- Added test 'lint_cmake' to check CMake code style
[0.476s] -- Added test 'xmllint' to check XML markup files
[0.477s] -- Configuring done
[0.481s] -- Generating done
[0.483s] -- Build files have been written to: /home/nash/PycharmProjects/Celestial_Robot/learn/workspace1/build/tutorial_interfaces
[0.489s] Invoked command in '/home/nash/PycharmProjects/Celestial_Robot/learn/workspace1/build/tutorial_interfaces' returned '0': CMAKE_PREFIX_PATH=/opt/ros/humble /usr/bin/cmake /home/nash/PycharmProjects/Celestial_Robot/learn/workspace1/src/tutorial_interfaces -DCMAKE_INSTALL_PREFIX=/home/nash/PycharmProjects/Celestial_Robot/learn/workspace1/install/tutorial_interfaces
[0.492s] Invoking command in '/home/nash/PycharmProjects/Celestial_Robot/learn/workspace1/build/tutorial_interfaces': CMAKE_PREFIX_PATH=/opt/ros/humble /usr/bin/cmake --build /home/nash/PycharmProjects/Celestial_Robot/learn/workspace1/build/tutorial_interfaces -- -j4 -l4
[0.541s] Invoked command in '/home/nash/PycharmProjects/Celestial_Robot/learn/workspace1/build/tutorial_interfaces' returned '0': CMAKE_PREFIX_PATH=/opt/ros/humble /usr/bin/cmake --build /home/nash/PycharmProjects/Celestial_Robot/learn/workspace1/build/tutorial_interfaces -- -j4 -l4
[0.581s] Invoking command in '/home/nash/PycharmProjects/Celestial_Robot/learn/workspace1/build/tutorial_interfaces': CMAKE_PREFIX_PATH=/opt/ros/humble /usr/bin/cmake --install /home/nash/PycharmProjects/Celestial_Robot/learn/workspace1/build/tutorial_interfaces
[0.590s] -- Install configuration: ""
[0.590s] -- Installing: /home/nash/PycharmProjects/Celestial_Robot/learn/workspace1/install/tutorial_interfaces/share/ament_index/resource_index/package_run_dependencies/tutorial_interfaces
[0.591s] -- Installing: /home/nash/PycharmProjects/Celestial_Robot/learn/workspace1/install/tutorial_interfaces/share/ament_index/resource_index/parent_prefix_path/tutorial_interfaces
[0.591s] -- Installing: /home/nash/PycharmProjects/Celestial_Robot/learn/workspace1/install/tutorial_interfaces/share/tutorial_interfaces/environment/ament_prefix_path.sh
[0.591s] -- Installing: /home/nash/PycharmProjects/Celestial_Robot/learn/workspace1/install/tutorial_interfaces/share/tutorial_interfaces/environment/ament_prefix_path.dsv
[0.592s] -- Installing: /home/nash/PycharmProjects/Celestial_Robot/learn/workspace1/install/tutorial_interfaces/share/tutorial_interfaces/environment/path.sh
[0.592s] -- Installing: /home/nash/PycharmProjects/Celestial_Robot/learn/workspace1/install/tutorial_interfaces/share/tutorial_interfaces/environment/path.dsv
[0.592s] -- Installing: /home/nash/PycharmProjects/Celestial_Robot/learn/workspace1/install/tutorial_interfaces/share/tutorial_interfaces/local_setup.bash
[0.593s] -- Installing: /home/nash/PycharmProjects/Celestial_Robot/learn/workspace1/install/tutorial_interfaces/share/tutorial_interfaces/local_setup.sh
[0.593s] -- Installing: /home/nash/PycharmProjects/Celestial_Robot/learn/workspace1/install/tutorial_interfaces/share/tutorial_interfaces/local_setup.zsh
[0.593s] -- Installing: /home/nash/PycharmProjects/Celestial_Robot/learn/workspace1/install/tutorial_interfaces/share/tutorial_interfaces/local_setup.dsv
[0.593s] -- Installing: /home/nash/PycharmProjects/Celestial_Robot/learn/workspace1/install/tutorial_interfaces/share/tutorial_interfaces/package.dsv
[0.594s] -- Installing: /home/nash/PycharmProjects/Celestial_Robot/learn/workspace1/install/tutorial_interfaces/share/ament_index/resource_index/packages/tutorial_interfaces
[0.594s] -- Installing: /home/nash/PycharmProjects/Celestial_Robot/learn/workspace1/install/tutorial_interfaces/share/tutorial_interfaces/cmake/tutorial_interfacesConfig.cmake
[0.594s] -- Installing: /home/nash/PycharmProjects/Celestial_Robot/learn/workspace1/install/tutorial_interfaces/share/tutorial_interfaces/cmake/tutorial_interfacesConfig-version.cmake
[0.595s] -- Installing: /home/nash/PycharmProjects/Celestial_Robot/learn/workspace1/install/tutorial_interfaces/share/tutorial_interfaces/package.xml
[0.597s] Invoked command in '/home/nash/PycharmProjects/Celestial_Robot/learn/workspace1/build/tutorial_interfaces' returned '0': CMAKE_PREFIX_PATH=/opt/ros/humble /usr/bin/cmake --install /home/nash/PycharmProjects/Celestial_Robot/learn/workspace1/build/tutorial_interfaces
