[0.014s] Invoking command in '/home/nash/PycharmProjects/Celestial_Robot/learn/workspace1/build/turtlesim': CMAKE_PREFIX_PATH=/opt/ros/humble /usr/bin/cmake --build /home/nash/PycharmProjects/Celestial_Robot/learn/workspace1/build/turtlesim -- -j4 -l4
[0.073s] [35m[1mConsolidate compiler generated dependencies of target turtlesim__rosidl_generator_c[0m
[0.091s] [  1%] Built target turtlesim__cpp
[0.101s] [ 11%] Built target turtlesim__rosidl_generator_c
[0.117s] [ 11%] Built target ament_cmake_python_copy_turtlesim
[0.120s] [35m[1mConsolidate compiler generated dependencies of target turtlesim__rosidl_typesupport_fastrtps_cpp[0m
[0.123s] [35m[1mConsolidate compiler generated dependencies of target turtlesim__rosidl_typesupport_cpp[0m
[0.131s] [35m[1mConsolidate compiler generated dependencies of target turtlesim__rosidl_typesupport_introspection_cpp[0m
[0.144s] [35m[1mConsolidate compiler generated dependencies of target turtlesim__rosidl_typesupport_fastrtps_c[0m
[0.167s] [ 21%] Built target turtlesim__rosidl_typesupport_cpp
[0.169s] [ 31%] Built target turtlesim__rosidl_typesupport_fastrtps_cpp
[0.179s] [ 41%] Built target turtlesim__rosidl_typesupport_introspection_cpp
[0.190s] [35m[1mConsolidate compiler generated dependencies of target turtlesim__rosidl_typesupport_introspection_c[0m
[0.192s] [35m[1mConsolidate compiler generated dependencies of target turtlesim__rosidl_typesupport_c[0m
[0.192s] [ 51%] Built target turtlesim__rosidl_typesupport_fastrtps_c
[0.220s] [ 61%] Built target turtlesim__rosidl_typesupport_c
[0.224s] [ 71%] Built target turtlesim__rosidl_typesupport_introspection_c
[0.225s] [35m[1mConsolidate compiler generated dependencies of target turtlesim_node[0m
[0.243s] [35m[1mConsolidate compiler generated dependencies of target turtle_teleop_key[0m
[0.245s] [35m[1mConsolidate compiler generated dependencies of target draw_square[0m
[0.287s] [ 73%] Built target turtle_teleop_key
[0.288s] [ 75%] Built target draw_square
[0.297s] [ 81%] Built target turtlesim_node
[0.311s] [35m[1mConsolidate compiler generated dependencies of target mimic[0m
[0.322s] [ 81%] Built target turtlesim
[0.346s] [ 83%] Built target mimic
[0.360s] [ 84%] Built target turtlesim__py
[0.375s] [35m[1mConsolidate compiler generated dependencies of target turtlesim__rosidl_generator_py[0m
[0.406s] [ 93%] Built target turtlesim__rosidl_generator_py
[0.426s] [35m[1mConsolidate compiler generated dependencies of target turtlesim__rosidl_typesupport_c__pyext[0m
[0.427s] [35m[1mConsolidate compiler generated dependencies of target turtlesim__rosidl_typesupport_fastrtps_c__pyext[0m
[0.428s] [35m[1mConsolidate compiler generated dependencies of target turtlesim__rosidl_typesupport_introspection_c__pyext[0m
[0.455s] [ 95%] Built target turtlesim__rosidl_typesupport_c__pyext
[0.458s] [ 97%] Built target turtlesim__rosidl_typesupport_fastrtps_c__pyext
[0.458s] [100%] Built target turtlesim__rosidl_typesupport_introspection_c__pyext
[0.584s] running egg_info
[0.585s] writing turtlesim.egg-info/PKG-INFO
[0.586s] writing dependency_links to turtlesim.egg-info/dependency_links.txt
[0.586s] writing top-level names to turtlesim.egg-info/top_level.txt
[0.589s] reading manifest file 'turtlesim.egg-info/SOURCES.txt'
[0.590s] writing manifest file 'turtlesim.egg-info/SOURCES.txt'
[0.629s] [100%] Built target ament_cmake_python_build_turtlesim_egg
[0.645s] Invoked command in '/home/nash/PycharmProjects/Celestial_Robot/learn/workspace1/build/turtlesim' returned '0': CMAKE_PREFIX_PATH=/opt/ros/humble /usr/bin/cmake --build /home/nash/PycharmProjects/Celestial_Robot/learn/workspace1/build/turtlesim -- -j4 -l4
[0.975s] Invoking command in '/home/nash/PycharmProjects/Celestial_Robot/learn/workspace1/build/turtlesim': CMAKE_PREFIX_PATH=/opt/ros/humble /usr/bin/cmake --install /home/nash/PycharmProjects/Celestial_Robot/learn/workspace1/build/turtlesim
[0.985s] -- Install configuration: ""
[0.986s] -- Up-to-date: /home/nash/PycharmProjects/Celestial_Robot/learn/workspace1/install/turtlesim/share/ament_index/resource_index/rosidl_interfaces/turtlesim
[0.986s] -- Up-to-date: /home/nash/PycharmProjects/Celestial_Robot/learn/workspace1/install/turtlesim/include/turtlesim/turtlesim
[0.986s] -- Up-to-date: /home/nash/PycharmProjects/Celestial_Robot/learn/workspace1/install/turtlesim/include/turtlesim/turtlesim/action
[0.987s] -- Up-to-date: /home/nash/PycharmProjects/Celestial_Robot/learn/workspace1/install/turtlesim/include/turtlesim/turtlesim/action/rotate_absolute.h
[0.987s] -- Up-to-date: /home/nash/PycharmProjects/Celestial_Robot/learn/workspace1/install/turtlesim/include/turtlesim/turtlesim/action/detail
[0.987s] -- Up-to-date: /home/nash/PycharmProjects/Celestial_Robot/learn/workspace1/install/turtlesim/include/turtlesim/turtlesim/action/detail/rotate_absolute__struct.h
[0.987s] -- Up-to-date: /home/nash/PycharmProjects/Celestial_Robot/learn/workspace1/install/turtlesim/include/turtlesim/turtlesim/action/detail/rotate_absolute__functions.c
[0.987s] -- Up-to-date: /home/nash/PycharmProjects/Celestial_Robot/learn/workspace1/install/turtlesim/include/turtlesim/turtlesim/action/detail/rotate_absolute__type_support.h
[0.988s] -- Up-to-date: /home/nash/PycharmProjects/Celestial_Robot/learn/workspace1/install/turtlesim/include/turtlesim/turtlesim/action/detail/rotate_absolute__functions.h
[0.988s] -- Up-to-date: /home/nash/PycharmProjects/Celestial_Robot/learn/workspace1/install/turtlesim/include/turtlesim/turtlesim/srv
[0.988s] -- Up-to-date: /home/nash/PycharmProjects/Celestial_Robot/learn/workspace1/install/turtlesim/include/turtlesim/turtlesim/srv/teleport_relative.h
[0.988s] -- Up-to-date: /home/nash/PycharmProjects/Celestial_Robot/learn/workspace1/install/turtlesim/include/turtlesim/turtlesim/srv/teleport_absolute.h
[0.988s] -- Up-to-date: /home/nash/PycharmProjects/Celestial_Robot/learn/workspace1/install/turtlesim/include/turtlesim/turtlesim/srv/kill.h
[0.989s] -- Up-to-date: /home/nash/PycharmProjects/Celestial_Robot/learn/workspace1/install/turtlesim/include/turtlesim/turtlesim/srv/set_pen.h
[0.989s] -- Up-to-date: /home/nash/PycharmProjects/Celestial_Robot/learn/workspace1/install/turtlesim/include/turtlesim/turtlesim/srv/spawn.h
[0.989s] -- Up-to-date: /home/nash/PycharmProjects/Celestial_Robot/learn/workspace1/install/turtlesim/include/turtlesim/turtlesim/srv/detail
[0.989s] -- Up-to-date: /home/nash/PycharmProjects/Celestial_Robot/learn/workspace1/install/turtlesim/include/turtlesim/turtlesim/srv/detail/kill__functions.c
[0.989s] -- Up-to-date: /home/nash/PycharmProjects/Celestial_Robot/learn/workspace1/install/turtlesim/include/turtlesim/turtlesim/srv/detail/kill__type_support.h
[0.989s] -- Up-to-date: /home/nash/PycharmProjects/Celestial_Robot/learn/workspace1/install/turtlesim/include/turtlesim/turtlesim/srv/detail/teleport_absolute__functions.c
[0.990s] -- Up-to-date: /home/nash/PycharmProjects/Celestial_Robot/learn/workspace1/install/turtlesim/include/turtlesim/turtlesim/srv/detail/teleport_absolute__struct.h
[0.990s] -- Up-to-date: /home/nash/PycharmProjects/Celestial_Robot/learn/workspace1/install/turtlesim/include/turtlesim/turtlesim/srv/detail/kill__functions.h
[0.990s] -- Up-to-date: /home/nash/PycharmProjects/Celestial_Robot/learn/workspace1/install/turtlesim/include/turtlesim/turtlesim/srv/detail/spawn__type_support.h
[0.990s] -- Up-to-date: /home/nash/PycharmProjects/Celestial_Robot/learn/workspace1/install/turtlesim/include/turtlesim/turtlesim/srv/detail/spawn__functions.c
[0.990s] -- Up-to-date: /home/nash/PycharmProjects/Celestial_Robot/learn/workspace1/install/turtlesim/include/turtlesim/turtlesim/srv/detail/set_pen__functions.c
[0.990s] -- Up-to-date: /home/nash/PycharmProjects/Celestial_Robot/learn/workspace1/install/turtlesim/include/turtlesim/turtlesim/srv/detail/teleport_relative__functions.h
[0.990s] -- Up-to-date: /home/nash/PycharmProjects/Celestial_Robot/learn/workspace1/install/turtlesim/include/turtlesim/turtlesim/srv/detail/teleport_relative__struct.h
[0.991s] -- Up-to-date: /home/nash/PycharmProjects/Celestial_Robot/learn/workspace1/install/turtlesim/include/turtlesim/turtlesim/srv/detail/set_pen__functions.h
[0.991s] -- Up-to-date: /home/nash/PycharmProjects/Celestial_Robot/learn/workspace1/install/turtlesim/include/turtlesim/turtlesim/srv/detail/spawn__struct.h
[0.991s] -- Up-to-date: /home/nash/PycharmProjects/Celestial_Robot/learn/workspace1/install/turtlesim/include/turtlesim/turtlesim/srv/detail/teleport_relative__functions.c
[0.991s] -- Up-to-date: /home/nash/PycharmProjects/Celestial_Robot/learn/workspace1/install/turtlesim/include/turtlesim/turtlesim/srv/detail/teleport_absolute__functions.h
[0.991s] -- Up-to-date: /home/nash/PycharmProjects/Celestial_Robot/learn/workspace1/install/turtlesim/include/turtlesim/turtlesim/srv/detail/teleport_absolute__type_support.h
[0.992s] -- Up-to-date: /home/nash/PycharmProjects/Celestial_Robot/learn/workspace1/install/turtlesim/include/turtlesim/turtlesim/srv/detail/teleport_relative__type_support.h
[0.992s] -- Up-to-date: /home/nash/PycharmProjects/Celestial_Robot/learn/workspace1/install/turtlesim/include/turtlesim/turtlesim/srv/detail/set_pen__type_support.h
[0.992s] -- Up-to-date: /home/nash/PycharmProjects/Celestial_Robot/learn/workspace1/install/turtlesim/include/turtlesim/turtlesim/srv/detail/spawn__functions.h
[0.992s] -- Up-to-date: /home/nash/PycharmProjects/Celestial_Robot/learn/workspace1/install/turtlesim/include/turtlesim/turtlesim/srv/detail/set_pen__struct.h
[0.992s] -- Up-to-date: /home/nash/PycharmProjects/Celestial_Robot/learn/workspace1/install/turtlesim/include/turtlesim/turtlesim/srv/detail/kill__struct.h
[0.992s] -- Up-to-date: /home/nash/PycharmProjects/Celestial_Robot/learn/workspace1/install/turtlesim/include/turtlesim/turtlesim/msg
[0.992s] -- Up-to-date: /home/nash/PycharmProjects/Celestial_Robot/learn/workspace1/install/turtlesim/include/turtlesim/turtlesim/msg/pose.h
[0.993s] -- Up-to-date: /home/nash/PycharmProjects/Celestial_Robot/learn/workspace1/install/turtlesim/include/turtlesim/turtlesim/msg/rosidl_generator_c__visibility_control.h
[0.993s] -- Up-to-date: /home/nash/PycharmProjects/Celestial_Robot/learn/workspace1/install/turtlesim/include/turtlesim/turtlesim/msg/detail
[0.993s] -- Up-to-date: /home/nash/PycharmProjects/Celestial_Robot/learn/workspace1/install/turtlesim/include/turtlesim/turtlesim/msg/detail/color__struct.h
[0.993s] -- Up-to-date: /home/nash/PycharmProjects/Celestial_Robot/learn/workspace1/install/turtlesim/include/turtlesim/turtlesim/msg/detail/pose__functions.c
[0.993s] -- Up-to-date: /home/nash/PycharmProjects/Celestial_Robot/learn/workspace1/install/turtlesim/include/turtlesim/turtlesim/msg/detail/pose__struct.h
[0.994s] -- Up-to-date: /home/nash/PycharmProjects/Celestial_Robot/learn/workspace1/install/turtlesim/include/turtlesim/turtlesim/msg/detail/pose__type_support.h
[0.994s] -- Up-to-date: /home/nash/PycharmProjects/Celestial_Robot/learn/workspace1/install/turtlesim/include/turtlesim/turtlesim/msg/detail/color__type_support.h
[0.994s] -- Up-to-date: /home/nash/PycharmProjects/Celestial_Robot/learn/workspace1/install/turtlesim/include/turtlesim/turtlesim/msg/detail/color__functions.c
[0.995s] -- Up-to-date: /home/nash/PycharmProjects/Celestial_Robot/learn/workspace1/install/turtlesim/include/turtlesim/turtlesim/msg/detail/pose__functions.h
[0.995s] -- Up-to-date: /home/nash/PycharmProjects/Celestial_Robot/learn/workspace1/install/turtlesim/include/turtlesim/turtlesim/msg/detail/color__functions.h
[0.995s] -- Up-to-date: /home/nash/PycharmProjects/Celestial_Robot/learn/workspace1/install/turtlesim/include/turtlesim/turtlesim/msg/color.h
[0.995s] -- Up-to-date: /home/nash/PycharmProjects/Celestial_Robot/learn/workspace1/install/turtlesim/share/turtlesim/environment/library_path.sh
[0.996s] -- Up-to-date: /home/nash/PycharmProjects/Celestial_Robot/learn/workspace1/install/turtlesim/share/turtlesim/environment/library_path.dsv
[0.996s] -- Up-to-date: /home/nash/PycharmProjects/Celestial_Robot/learn/workspace1/install/turtlesim/lib/libturtlesim__rosidl_generator_c.so
[0.996s] -- Up-to-date: /home/nash/PycharmProjects/Celestial_Robot/learn/workspace1/install/turtlesim/include/turtlesim/turtlesim
[0.996s] -- Up-to-date: /home/nash/PycharmProjects/Celestial_Robot/learn/workspace1/install/turtlesim/include/turtlesim/turtlesim/action
[0.996s] -- Up-to-date: /home/nash/PycharmProjects/Celestial_Robot/learn/workspace1/install/turtlesim/include/turtlesim/turtlesim/action/detail
[0.996s] -- Up-to-date: /home/nash/PycharmProjects/Celestial_Robot/learn/workspace1/install/turtlesim/include/turtlesim/turtlesim/action/detail/rotate_absolute__rosidl_typesupport_fastrtps_c.h
[0.997s] -- Up-to-date: /home/nash/PycharmProjects/Celestial_Robot/learn/workspace1/install/turtlesim/include/turtlesim/turtlesim/srv
[0.997s] -- Up-to-date: /home/nash/PycharmProjects/Celestial_Robot/learn/workspace1/install/turtlesim/include/turtlesim/turtlesim/srv/detail
[0.997s] -- Up-to-date: /home/nash/PycharmProjects/Celestial_Robot/learn/workspace1/install/turtlesim/include/turtlesim/turtlesim/srv/detail/kill__rosidl_typesupport_fastrtps_c.h
[0.997s] -- Up-to-date: /home/nash/PycharmProjects/Celestial_Robot/learn/workspace1/install/turtlesim/include/turtlesim/turtlesim/srv/detail/teleport_relative__rosidl_typesupport_fastrtps_c.h
[0.997s] -- Up-to-date: /home/nash/PycharmProjects/Celestial_Robot/learn/workspace1/install/turtlesim/include/turtlesim/turtlesim/srv/detail/set_pen__rosidl_typesupport_fastrtps_c.h
[0.997s] -- Up-to-date: /home/nash/PycharmProjects/Celestial_Robot/learn/workspace1/install/turtlesim/include/turtlesim/turtlesim/srv/detail/spawn__rosidl_typesupport_fastrtps_c.h
[0.998s] -- Up-to-date: /home/nash/PycharmProjects/Celestial_Robot/learn/workspace1/install/turtlesim/include/turtlesim/turtlesim/srv/detail/teleport_absolute__rosidl_typesupport_fastrtps_c.h
[0.998s] -- Up-to-date: /home/nash/PycharmProjects/Celestial_Robot/learn/workspace1/install/turtlesim/include/turtlesim/turtlesim/msg
[0.998s] -- Up-to-date: /home/nash/PycharmProjects/Celestial_Robot/learn/workspace1/install/turtlesim/include/turtlesim/turtlesim/msg/rosidl_typesupport_fastrtps_c__visibility_control.h
[0.998s] -- Up-to-date: /home/nash/PycharmProjects/Celestial_Robot/learn/workspace1/install/turtlesim/include/turtlesim/turtlesim/msg/detail
[0.998s] -- Up-to-date: /home/nash/PycharmProjects/Celestial_Robot/learn/workspace1/install/turtlesim/include/turtlesim/turtlesim/msg/detail/pose__rosidl_typesupport_fastrtps_c.h
[0.998s] -- Up-to-date: /home/nash/PycharmProjects/Celestial_Robot/learn/workspace1/install/turtlesim/include/turtlesim/turtlesim/msg/detail/color__rosidl_typesupport_fastrtps_c.h
[0.999s] -- Up-to-date: /home/nash/PycharmProjects/Celestial_Robot/learn/workspace1/install/turtlesim/lib/libturtlesim__rosidl_typesupport_fastrtps_c.so
[0.999s] -- Up-to-date: /home/nash/PycharmProjects/Celestial_Robot/learn/workspace1/install/turtlesim/include/turtlesim/turtlesim
[0.999s] -- Up-to-date: /home/nash/PycharmProjects/Celestial_Robot/learn/workspace1/install/turtlesim/include/turtlesim/turtlesim/action
[0.999s] -- Up-to-date: /home/nash/PycharmProjects/Celestial_Robot/learn/workspace1/install/turtlesim/include/turtlesim/turtlesim/action/rotate_absolute.hpp
[0.999s] -- Up-to-date: /home/nash/PycharmProjects/Celestial_Robot/learn/workspace1/install/turtlesim/include/turtlesim/turtlesim/action/detail
[1.000s] -- Up-to-date: /home/nash/PycharmProjects/Celestial_Robot/learn/workspace1/install/turtlesim/include/turtlesim/turtlesim/action/detail/rotate_absolute__builder.hpp
[1.000s] -- Up-to-date: /home/nash/PycharmProjects/Celestial_Robot/learn/workspace1/install/turtlesim/include/turtlesim/turtlesim/action/detail/rotate_absolute__traits.hpp
[1.000s] -- Up-to-date: /home/nash/PycharmProjects/Celestial_Robot/learn/workspace1/install/turtlesim/include/turtlesim/turtlesim/action/detail/rotate_absolute__struct.hpp
[1.000s] -- Up-to-date: /home/nash/PycharmProjects/Celestial_Robot/learn/workspace1/install/turtlesim/include/turtlesim/turtlesim/srv
[1.000s] -- Up-to-date: /home/nash/PycharmProjects/Celestial_Robot/learn/workspace1/install/turtlesim/include/turtlesim/turtlesim/srv/set_pen.hpp
[1.000s] -- Up-to-date: /home/nash/PycharmProjects/Celestial_Robot/learn/workspace1/install/turtlesim/include/turtlesim/turtlesim/srv/kill.hpp
[1.000s] -- Up-to-date: /home/nash/PycharmProjects/Celestial_Robot/learn/workspace1/install/turtlesim/include/turtlesim/turtlesim/srv/teleport_absolute.hpp
[1.001s] -- Up-to-date: /home/nash/PycharmProjects/Celestial_Robot/learn/workspace1/install/turtlesim/include/turtlesim/turtlesim/srv/detail
[1.001s] -- Up-to-date: /home/nash/PycharmProjects/Celestial_Robot/learn/workspace1/install/turtlesim/include/turtlesim/turtlesim/srv/detail/kill__struct.hpp
[1.001s] -- Up-to-date: /home/nash/PycharmProjects/Celestial_Robot/learn/workspace1/install/turtlesim/include/turtlesim/turtlesim/srv/detail/teleport_relative__struct.hpp
[1.001s] -- Up-to-date: /home/nash/PycharmProjects/Celestial_Robot/learn/workspace1/install/turtlesim/include/turtlesim/turtlesim/srv/detail/teleport_absolute__builder.hpp
[1.001s] -- Up-to-date: /home/nash/PycharmProjects/Celestial_Robot/learn/workspace1/install/turtlesim/include/turtlesim/turtlesim/srv/detail/set_pen__builder.hpp
[1.002s] -- Up-to-date: /home/nash/PycharmProjects/Celestial_Robot/learn/workspace1/install/turtlesim/include/turtlesim/turtlesim/srv/detail/teleport_relative__traits.hpp
[1.002s] -- Up-to-date: /home/nash/PycharmProjects/Celestial_Robot/learn/workspace1/install/turtlesim/include/turtlesim/turtlesim/srv/detail/set_pen__traits.hpp
[1.002s] -- Up-to-date: /home/nash/PycharmProjects/Celestial_Robot/learn/workspace1/install/turtlesim/include/turtlesim/turtlesim/srv/detail/kill__traits.hpp
[1.002s] -- Up-to-date: /home/nash/PycharmProjects/Celestial_Robot/learn/workspace1/install/turtlesim/include/turtlesim/turtlesim/srv/detail/set_pen__struct.hpp
[1.002s] -- Up-to-date: /home/nash/PycharmProjects/Celestial_Robot/learn/workspace1/install/turtlesim/include/turtlesim/turtlesim/srv/detail/kill__builder.hpp
[1.002s] -- Up-to-date: /home/nash/PycharmProjects/Celestial_Robot/learn/workspace1/install/turtlesim/include/turtlesim/turtlesim/srv/detail/spawn__struct.hpp
[1.003s] -- Up-to-date: /home/nash/PycharmProjects/Celestial_Robot/learn/workspace1/install/turtlesim/include/turtlesim/turtlesim/srv/detail/teleport_absolute__struct.hpp
[1.003s] -- Up-to-date: /home/nash/PycharmProjects/Celestial_Robot/learn/workspace1/install/turtlesim/include/turtlesim/turtlesim/srv/detail/spawn__builder.hpp
[1.003s] -- Up-to-date: /home/nash/PycharmProjects/Celestial_Robot/learn/workspace1/install/turtlesim/include/turtlesim/turtlesim/srv/detail/spawn__traits.hpp
[1.003s] -- Up-to-date: /home/nash/PycharmProjects/Celestial_Robot/learn/workspace1/install/turtlesim/include/turtlesim/turtlesim/srv/detail/teleport_absolute__traits.hpp
[1.003s] -- Up-to-date: /home/nash/PycharmProjects/Celestial_Robot/learn/workspace1/install/turtlesim/include/turtlesim/turtlesim/srv/detail/teleport_relative__builder.hpp
[1.003s] -- Up-to-date: /home/nash/PycharmProjects/Celestial_Robot/learn/workspace1/install/turtlesim/include/turtlesim/turtlesim/srv/spawn.hpp
[1.003s] -- Up-to-date: /home/nash/PycharmProjects/Celestial_Robot/learn/workspace1/install/turtlesim/include/turtlesim/turtlesim/srv/teleport_relative.hpp
[1.004s] -- Up-to-date: /home/nash/PycharmProjects/Celestial_Robot/learn/workspace1/install/turtlesim/include/turtlesim/turtlesim/msg
[1.004s] -- Up-to-date: /home/nash/PycharmProjects/Celestial_Robot/learn/workspace1/install/turtlesim/include/turtlesim/turtlesim/msg/color.hpp
[1.004s] -- Up-to-date: /home/nash/PycharmProjects/Celestial_Robot/learn/workspace1/install/turtlesim/include/turtlesim/turtlesim/msg/pose.hpp
[1.004s] -- Up-to-date: /home/nash/PycharmProjects/Celestial_Robot/learn/workspace1/install/turtlesim/include/turtlesim/turtlesim/msg/detail
[1.004s] -- Up-to-date: /home/nash/PycharmProjects/Celestial_Robot/learn/workspace1/install/turtlesim/include/turtlesim/turtlesim/msg/detail/color__traits.hpp
[1.004s] -- Up-to-date: /home/nash/PycharmProjects/Celestial_Robot/learn/workspace1/install/turtlesim/include/turtlesim/turtlesim/msg/detail/pose__struct.hpp
[1.004s] -- Up-to-date: /home/nash/PycharmProjects/Celestial_Robot/learn/workspace1/install/turtlesim/include/turtlesim/turtlesim/msg/detail/pose__builder.hpp
[1.005s] -- Up-to-date: /home/nash/PycharmProjects/Celestial_Robot/learn/workspace1/install/turtlesim/include/turtlesim/turtlesim/msg/detail/pose__traits.hpp
[1.005s] -- Up-to-date: /home/nash/PycharmProjects/Celestial_Robot/learn/workspace1/install/turtlesim/include/turtlesim/turtlesim/msg/detail/color__builder.hpp
[1.005s] -- Up-to-date: /home/nash/PycharmProjects/Celestial_Robot/learn/workspace1/install/turtlesim/include/turtlesim/turtlesim/msg/detail/color__struct.hpp
[1.005s] -- Up-to-date: /home/nash/PycharmProjects/Celestial_Robot/learn/workspace1/install/turtlesim/include/turtlesim/turtlesim
[1.005s] -- Up-to-date: /home/nash/PycharmProjects/Celestial_Robot/learn/workspace1/install/turtlesim/include/turtlesim/turtlesim/action
[1.005s] -- Up-to-date: /home/nash/PycharmProjects/Celestial_Robot/learn/workspace1/install/turtlesim/include/turtlesim/turtlesim/action/detail
[1.005s] -- Up-to-date: /home/nash/PycharmProjects/Celestial_Robot/learn/workspace1/install/turtlesim/include/turtlesim/turtlesim/action/detail/rotate_absolute__rosidl_typesupport_fastrtps_cpp.hpp
[1.006s] -- Up-to-date: /home/nash/PycharmProjects/Celestial_Robot/learn/workspace1/install/turtlesim/include/turtlesim/turtlesim/action/detail/dds_fastrtps
[1.006s] -- Up-to-date: /home/nash/PycharmProjects/Celestial_Robot/learn/workspace1/install/turtlesim/include/turtlesim/turtlesim/srv
[1.006s] -- Up-to-date: /home/nash/PycharmProjects/Celestial_Robot/learn/workspace1/install/turtlesim/include/turtlesim/turtlesim/srv/detail
[1.006s] -- Up-to-date: /home/nash/PycharmProjects/Celestial_Robot/learn/workspace1/install/turtlesim/include/turtlesim/turtlesim/srv/detail/teleport_absolute__rosidl_typesupport_fastrtps_cpp.hpp
[1.006s] -- Up-to-date: /home/nash/PycharmProjects/Celestial_Robot/learn/workspace1/install/turtlesim/include/turtlesim/turtlesim/srv/detail/set_pen__rosidl_typesupport_fastrtps_cpp.hpp
[1.007s] -- Up-to-date: /home/nash/PycharmProjects/Celestial_Robot/learn/workspace1/install/turtlesim/include/turtlesim/turtlesim/srv/detail/spawn__rosidl_typesupport_fastrtps_cpp.hpp
[1.007s] -- Up-to-date: /home/nash/PycharmProjects/Celestial_Robot/learn/workspace1/install/turtlesim/include/turtlesim/turtlesim/srv/detail/teleport_relative__rosidl_typesupport_fastrtps_cpp.hpp
[1.007s] -- Up-to-date: /home/nash/PycharmProjects/Celestial_Robot/learn/workspace1/install/turtlesim/include/turtlesim/turtlesim/srv/detail/kill__rosidl_typesupport_fastrtps_cpp.hpp
[1.007s] -- Up-to-date: /home/nash/PycharmProjects/Celestial_Robot/learn/workspace1/install/turtlesim/include/turtlesim/turtlesim/srv/detail/dds_fastrtps
[1.007s] -- Up-to-date: /home/nash/PycharmProjects/Celestial_Robot/learn/workspace1/install/turtlesim/include/turtlesim/turtlesim/msg
[1.008s] -- Up-to-date: /home/nash/PycharmProjects/Celestial_Robot/learn/workspace1/install/turtlesim/include/turtlesim/turtlesim/msg/rosidl_typesupport_fastrtps_cpp__visibility_control.h
[1.008s] -- Up-to-date: /home/nash/PycharmProjects/Celestial_Robot/learn/workspace1/install/turtlesim/include/turtlesim/turtlesim/msg/detail
[1.008s] -- Up-to-date: /home/nash/PycharmProjects/Celestial_Robot/learn/workspace1/install/turtlesim/include/turtlesim/turtlesim/msg/detail/color__rosidl_typesupport_fastrtps_cpp.hpp
[1.008s] -- Up-to-date: /home/nash/PycharmProjects/Celestial_Robot/learn/workspace1/install/turtlesim/include/turtlesim/turtlesim/msg/detail/pose__rosidl_typesupport_fastrtps_cpp.hpp
[1.008s] -- Up-to-date: /home/nash/PycharmProjects/Celestial_Robot/learn/workspace1/install/turtlesim/include/turtlesim/turtlesim/msg/detail/dds_fastrtps
[1.008s] -- Up-to-date: /home/nash/PycharmProjects/Celestial_Robot/learn/workspace1/install/turtlesim/lib/libturtlesim__rosidl_typesupport_fastrtps_cpp.so
[1.008s] -- Up-to-date: /home/nash/PycharmProjects/Celestial_Robot/learn/workspace1/install/turtlesim/include/turtlesim/turtlesim
[1.008s] -- Up-to-date: /home/nash/PycharmProjects/Celestial_Robot/learn/workspace1/install/turtlesim/include/turtlesim/turtlesim/action
[1.009s] -- Up-to-date: /home/nash/PycharmProjects/Celestial_Robot/learn/workspace1/install/turtlesim/include/turtlesim/turtlesim/action/detail
[1.009s] -- Up-to-date: /home/nash/PycharmProjects/Celestial_Robot/learn/workspace1/install/turtlesim/include/turtlesim/turtlesim/action/detail/rotate_absolute__rosidl_typesupport_introspection_c.h
[1.009s] -- Up-to-date: /home/nash/PycharmProjects/Celestial_Robot/learn/workspace1/install/turtlesim/include/turtlesim/turtlesim/action/detail/rotate_absolute__type_support.c
[1.009s] -- Up-to-date: /home/nash/PycharmProjects/Celestial_Robot/learn/workspace1/install/turtlesim/include/turtlesim/turtlesim/srv
[1.009s] -- Up-to-date: /home/nash/PycharmProjects/Celestial_Robot/learn/workspace1/install/turtlesim/include/turtlesim/turtlesim/srv/detail
[1.009s] -- Up-to-date: /home/nash/PycharmProjects/Celestial_Robot/learn/workspace1/install/turtlesim/include/turtlesim/turtlesim/srv/detail/teleport_relative__rosidl_typesupport_introspection_c.h
[1.009s] -- Up-to-date: /home/nash/PycharmProjects/Celestial_Robot/learn/workspace1/install/turtlesim/include/turtlesim/turtlesim/srv/detail/set_pen__rosidl_typesupport_introspection_c.h
[1.009s] -- Up-to-date: /home/nash/PycharmProjects/Celestial_Robot/learn/workspace1/install/turtlesim/include/turtlesim/turtlesim/srv/detail/kill__rosidl_typesupport_introspection_c.h
[1.010s] -- Up-to-date: /home/nash/PycharmProjects/Celestial_Robot/learn/workspace1/install/turtlesim/include/turtlesim/turtlesim/srv/detail/set_pen__type_support.c
[1.010s] -- Up-to-date: /home/nash/PycharmProjects/Celestial_Robot/learn/workspace1/install/turtlesim/include/turtlesim/turtlesim/srv/detail/teleport_relative__type_support.c
[1.010s] -- Up-to-date: /home/nash/PycharmProjects/Celestial_Robot/learn/workspace1/install/turtlesim/include/turtlesim/turtlesim/srv/detail/spawn__rosidl_typesupport_introspection_c.h
[1.010s] -- Up-to-date: /home/nash/PycharmProjects/Celestial_Robot/learn/workspace1/install/turtlesim/include/turtlesim/turtlesim/srv/detail/teleport_absolute__type_support.c
[1.010s] -- Up-to-date: /home/nash/PycharmProjects/Celestial_Robot/learn/workspace1/install/turtlesim/include/turtlesim/turtlesim/srv/detail/teleport_absolute__rosidl_typesupport_introspection_c.h
[1.010s] -- Up-to-date: /home/nash/PycharmProjects/Celestial_Robot/learn/workspace1/install/turtlesim/include/turtlesim/turtlesim/srv/detail/kill__type_support.c
[1.010s] -- Up-to-date: /home/nash/PycharmProjects/Celestial_Robot/learn/workspace1/install/turtlesim/include/turtlesim/turtlesim/srv/detail/spawn__type_support.c
[1.010s] -- Up-to-date: /home/nash/PycharmProjects/Celestial_Robot/learn/workspace1/install/turtlesim/include/turtlesim/turtlesim/msg
[1.010s] -- Up-to-date: /home/nash/PycharmProjects/Celestial_Robot/learn/workspace1/install/turtlesim/include/turtlesim/turtlesim/msg/rosidl_typesupport_introspection_c__visibility_control.h
[1.011s] -- Up-to-date: /home/nash/PycharmProjects/Celestial_Robot/learn/workspace1/install/turtlesim/include/turtlesim/turtlesim/msg/detail
[1.011s] -- Up-to-date: /home/nash/PycharmProjects/Celestial_Robot/learn/workspace1/install/turtlesim/include/turtlesim/turtlesim/msg/detail/pose__type_support.c
[1.011s] -- Up-to-date: /home/nash/PycharmProjects/Celestial_Robot/learn/workspace1/install/turtlesim/include/turtlesim/turtlesim/msg/detail/color__rosidl_typesupport_introspection_c.h
[1.011s] -- Up-to-date: /home/nash/PycharmProjects/Celestial_Robot/learn/workspace1/install/turtlesim/include/turtlesim/turtlesim/msg/detail/color__type_support.c
[1.011s] -- Up-to-date: /home/nash/PycharmProjects/Celestial_Robot/learn/workspace1/install/turtlesim/include/turtlesim/turtlesim/msg/detail/pose__rosidl_typesupport_introspection_c.h
[1.011s] -- Up-to-date: /home/nash/PycharmProjects/Celestial_Robot/learn/workspace1/install/turtlesim/lib/libturtlesim__rosidl_typesupport_introspection_c.so
[1.011s] -- Up-to-date: /home/nash/PycharmProjects/Celestial_Robot/learn/workspace1/install/turtlesim/lib/libturtlesim__rosidl_typesupport_c.so
[1.011s] -- Up-to-date: /home/nash/PycharmProjects/Celestial_Robot/learn/workspace1/install/turtlesim/include/turtlesim/turtlesim
[1.011s] -- Up-to-date: /home/nash/PycharmProjects/Celestial_Robot/learn/workspace1/install/turtlesim/include/turtlesim/turtlesim/action
[1.011s] -- Up-to-date: /home/nash/PycharmProjects/Celestial_Robot/learn/workspace1/install/turtlesim/include/turtlesim/turtlesim/action/detail
[1.011s] -- Up-to-date: /home/nash/PycharmProjects/Celestial_Robot/learn/workspace1/install/turtlesim/include/turtlesim/turtlesim/action/detail/rotate_absolute__type_support.cpp
[1.011s] -- Up-to-date: /home/nash/PycharmProjects/Celestial_Robot/learn/workspace1/install/turtlesim/include/turtlesim/turtlesim/action/detail/rotate_absolute__rosidl_typesupport_introspection_cpp.hpp
[1.011s] -- Up-to-date: /home/nash/PycharmProjects/Celestial_Robot/learn/workspace1/install/turtlesim/include/turtlesim/turtlesim/srv
[1.011s] -- Up-to-date: /home/nash/PycharmProjects/Celestial_Robot/learn/workspace1/install/turtlesim/include/turtlesim/turtlesim/srv/detail
[1.012s] -- Up-to-date: /home/nash/PycharmProjects/Celestial_Robot/learn/workspace1/install/turtlesim/include/turtlesim/turtlesim/srv/detail/set_pen__type_support.cpp
[1.012s] -- Up-to-date: /home/nash/PycharmProjects/Celestial_Robot/learn/workspace1/install/turtlesim/include/turtlesim/turtlesim/srv/detail/kill__type_support.cpp
[1.012s] -- Up-to-date: /home/nash/PycharmProjects/Celestial_Robot/learn/workspace1/install/turtlesim/include/turtlesim/turtlesim/srv/detail/set_pen__rosidl_typesupport_introspection_cpp.hpp
[1.012s] -- Up-to-date: /home/nash/PycharmProjects/Celestial_Robot/learn/workspace1/install/turtlesim/include/turtlesim/turtlesim/srv/detail/teleport_absolute__type_support.cpp
[1.012s] -- Up-to-date: /home/nash/PycharmProjects/Celestial_Robot/learn/workspace1/install/turtlesim/include/turtlesim/turtlesim/srv/detail/teleport_absolute__rosidl_typesupport_introspection_cpp.hpp
[1.012s] -- Up-to-date: /home/nash/PycharmProjects/Celestial_Robot/learn/workspace1/install/turtlesim/include/turtlesim/turtlesim/srv/detail/teleport_relative__rosidl_typesupport_introspection_cpp.hpp
[1.012s] -- Up-to-date: /home/nash/PycharmProjects/Celestial_Robot/learn/workspace1/install/turtlesim/include/turtlesim/turtlesim/srv/detail/spawn__rosidl_typesupport_introspection_cpp.hpp
[1.012s] -- Up-to-date: /home/nash/PycharmProjects/Celestial_Robot/learn/workspace1/install/turtlesim/include/turtlesim/turtlesim/srv/detail/kill__rosidl_typesupport_introspection_cpp.hpp
[1.012s] -- Up-to-date: /home/nash/PycharmProjects/Celestial_Robot/learn/workspace1/install/turtlesim/include/turtlesim/turtlesim/srv/detail/teleport_relative__type_support.cpp
[1.012s] -- Up-to-date: /home/nash/PycharmProjects/Celestial_Robot/learn/workspace1/install/turtlesim/include/turtlesim/turtlesim/srv/detail/spawn__type_support.cpp
[1.012s] -- Up-to-date: /home/nash/PycharmProjects/Celestial_Robot/learn/workspace1/install/turtlesim/include/turtlesim/turtlesim/msg
[1.012s] -- Up-to-date: /home/nash/PycharmProjects/Celestial_Robot/learn/workspace1/install/turtlesim/include/turtlesim/turtlesim/msg/detail
[1.012s] -- Up-to-date: /home/nash/PycharmProjects/Celestial_Robot/learn/workspace1/install/turtlesim/include/turtlesim/turtlesim/msg/detail/color__rosidl_typesupport_introspection_cpp.hpp
[1.012s] -- Up-to-date: /home/nash/PycharmProjects/Celestial_Robot/learn/workspace1/install/turtlesim/include/turtlesim/turtlesim/msg/detail/pose__type_support.cpp
[1.013s] -- Up-to-date: /home/nash/PycharmProjects/Celestial_Robot/learn/workspace1/install/turtlesim/include/turtlesim/turtlesim/msg/detail/pose__rosidl_typesupport_introspection_cpp.hpp
[1.013s] -- Up-to-date: /home/nash/PycharmProjects/Celestial_Robot/learn/workspace1/install/turtlesim/include/turtlesim/turtlesim/msg/detail/color__type_support.cpp
[1.013s] -- Up-to-date: /home/nash/PycharmProjects/Celestial_Robot/learn/workspace1/install/turtlesim/lib/libturtlesim__rosidl_typesupport_introspection_cpp.so
[1.013s] -- Up-to-date: /home/nash/PycharmProjects/Celestial_Robot/learn/workspace1/install/turtlesim/lib/libturtlesim__rosidl_typesupport_cpp.so
[1.013s] -- Up-to-date: /home/nash/PycharmProjects/Celestial_Robot/learn/workspace1/install/turtlesim/share/turtlesim/environment/pythonpath.sh
[1.013s] -- Up-to-date: /home/nash/PycharmProjects/Celestial_Robot/learn/workspace1/install/turtlesim/share/turtlesim/environment/pythonpath.dsv
[1.013s] -- Up-to-date: /home/nash/PycharmProjects/Celestial_Robot/learn/workspace1/install/turtlesim/local/lib/python3.10/dist-packages/turtlesim-1.4.2-py3.10.egg-info
[1.013s] -- Installing: /home/nash/PycharmProjects/Celestial_Robot/learn/workspace1/install/turtlesim/local/lib/python3.10/dist-packages/turtlesim-1.4.2-py3.10.egg-info/top_level.txt
[1.013s] -- Installing: /home/nash/PycharmProjects/Celestial_Robot/learn/workspace1/install/turtlesim/local/lib/python3.10/dist-packages/turtlesim-1.4.2-py3.10.egg-info/dependency_links.txt
[1.013s] -- Installing: /home/nash/PycharmProjects/Celestial_Robot/learn/workspace1/install/turtlesim/local/lib/python3.10/dist-packages/turtlesim-1.4.2-py3.10.egg-info/PKG-INFO
[1.013s] -- Installing: /home/nash/PycharmProjects/Celestial_Robot/learn/workspace1/install/turtlesim/local/lib/python3.10/dist-packages/turtlesim-1.4.2-py3.10.egg-info/SOURCES.txt
[1.013s] -- Up-to-date: /home/nash/PycharmProjects/Celestial_Robot/learn/workspace1/install/turtlesim/local/lib/python3.10/dist-packages/turtlesim
[1.013s] -- Up-to-date: /home/nash/PycharmProjects/Celestial_Robot/learn/workspace1/install/turtlesim/local/lib/python3.10/dist-packages/turtlesim/_turtlesim_s.ep.rosidl_typesupport_introspection_c.c
[1.014s] -- Up-to-date: /home/nash/PycharmProjects/Celestial_Robot/learn/workspace1/install/turtlesim/local/lib/python3.10/dist-packages/turtlesim/turtlesim_s__rosidl_typesupport_introspection_c.cpython-310-x86_64-linux-gnu.so
[1.014s] -- Up-to-date: /home/nash/PycharmProjects/Celestial_Robot/learn/workspace1/install/turtlesim/local/lib/python3.10/dist-packages/turtlesim/turtlesim_s__rosidl_typesupport_c.cpython-310-x86_64-linux-gnu.so
[1.014s] -- Up-to-date: /home/nash/PycharmProjects/Celestial_Robot/learn/workspace1/install/turtlesim/local/lib/python3.10/dist-packages/turtlesim/turtlesim_s__rosidl_typesupport_fastrtps_c.cpython-310-x86_64-linux-gnu.so
[1.014s] -- Up-to-date: /home/nash/PycharmProjects/Celestial_Robot/learn/workspace1/install/turtlesim/local/lib/python3.10/dist-packages/turtlesim/libturtlesim__rosidl_generator_py.so
[1.014s] -- Up-to-date: /home/nash/PycharmProjects/Celestial_Robot/learn/workspace1/install/turtlesim/local/lib/python3.10/dist-packages/turtlesim/action
[1.014s] -- Up-to-date: /home/nash/PycharmProjects/Celestial_Robot/learn/workspace1/install/turtlesim/local/lib/python3.10/dist-packages/turtlesim/action/_rotate_absolute.py
[1.014s] -- Up-to-date: /home/nash/PycharmProjects/Celestial_Robot/learn/workspace1/install/turtlesim/local/lib/python3.10/dist-packages/turtlesim/action/__init__.py
[1.014s] -- Up-to-date: /home/nash/PycharmProjects/Celestial_Robot/learn/workspace1/install/turtlesim/local/lib/python3.10/dist-packages/turtlesim/action/_rotate_absolute_s.c
[1.015s] -- Up-to-date: /home/nash/PycharmProjects/Celestial_Robot/learn/workspace1/install/turtlesim/local/lib/python3.10/dist-packages/turtlesim/__init__.py
[1.015s] -- Up-to-date: /home/nash/PycharmProjects/Celestial_Robot/learn/workspace1/install/turtlesim/local/lib/python3.10/dist-packages/turtlesim/srv
[1.015s] -- Up-to-date: /home/nash/PycharmProjects/Celestial_Robot/learn/workspace1/install/turtlesim/local/lib/python3.10/dist-packages/turtlesim/srv/_set_pen.py
[1.015s] -- Up-to-date: /home/nash/PycharmProjects/Celestial_Robot/learn/workspace1/install/turtlesim/local/lib/python3.10/dist-packages/turtlesim/srv/_spawn_s.c
[1.015s] -- Up-to-date: /home/nash/PycharmProjects/Celestial_Robot/learn/workspace1/install/turtlesim/local/lib/python3.10/dist-packages/turtlesim/srv/_teleport_relative_s.c
[1.015s] -- Up-to-date: /home/nash/PycharmProjects/Celestial_Robot/learn/workspace1/install/turtlesim/local/lib/python3.10/dist-packages/turtlesim/srv/__init__.py
[1.015s] -- Up-to-date: /home/nash/PycharmProjects/Celestial_Robot/learn/workspace1/install/turtlesim/local/lib/python3.10/dist-packages/turtlesim/srv/_kill_s.c
[1.015s] -- Up-to-date: /home/nash/PycharmProjects/Celestial_Robot/learn/workspace1/install/turtlesim/local/lib/python3.10/dist-packages/turtlesim/srv/_kill.py
[1.016s] -- Up-to-date: /home/nash/PycharmProjects/Celestial_Robot/learn/workspace1/install/turtlesim/local/lib/python3.10/dist-packages/turtlesim/srv/_teleport_relative.py
[1.016s] -- Up-to-date: /home/nash/PycharmProjects/Celestial_Robot/learn/workspace1/install/turtlesim/local/lib/python3.10/dist-packages/turtlesim/srv/_teleport_absolute.py
[1.016s] -- Up-to-date: /home/nash/PycharmProjects/Celestial_Robot/learn/workspace1/install/turtlesim/local/lib/python3.10/dist-packages/turtlesim/srv/_spawn.py
[1.016s] -- Up-to-date: /home/nash/PycharmProjects/Celestial_Robot/learn/workspace1/install/turtlesim/local/lib/python3.10/dist-packages/turtlesim/srv/_set_pen_s.c
[1.016s] -- Up-to-date: /home/nash/PycharmProjects/Celestial_Robot/learn/workspace1/install/turtlesim/local/lib/python3.10/dist-packages/turtlesim/srv/_teleport_absolute_s.c
[1.016s] -- Up-to-date: /home/nash/PycharmProjects/Celestial_Robot/learn/workspace1/install/turtlesim/local/lib/python3.10/dist-packages/turtlesim/_turtlesim_s.ep.rosidl_typesupport_c.c
[1.016s] -- Up-to-date: /home/nash/PycharmProjects/Celestial_Robot/learn/workspace1/install/turtlesim/local/lib/python3.10/dist-packages/turtlesim/msg
[1.016s] -- Up-to-date: /home/nash/PycharmProjects/Celestial_Robot/learn/workspace1/install/turtlesim/local/lib/python3.10/dist-packages/turtlesim/msg/_pose_s.c
[1.016s] -- Up-to-date: /home/nash/PycharmProjects/Celestial_Robot/learn/workspace1/install/turtlesim/local/lib/python3.10/dist-packages/turtlesim/msg/_pose.py
[1.016s] -- Up-to-date: /home/nash/PycharmProjects/Celestial_Robot/learn/workspace1/install/turtlesim/local/lib/python3.10/dist-packages/turtlesim/msg/__init__.py
[1.017s] -- Up-to-date: /home/nash/PycharmProjects/Celestial_Robot/learn/workspace1/install/turtlesim/local/lib/python3.10/dist-packages/turtlesim/msg/_color.py
[1.017s] -- Up-to-date: /home/nash/PycharmProjects/Celestial_Robot/learn/workspace1/install/turtlesim/local/lib/python3.10/dist-packages/turtlesim/msg/_color_s.c
[1.017s] -- Up-to-date: /home/nash/PycharmProjects/Celestial_Robot/learn/workspace1/install/turtlesim/local/lib/python3.10/dist-packages/turtlesim/_turtlesim_s.ep.rosidl_typesupport_fastrtps_c.c
[1.049s] Listing '/home/nash/PycharmProjects/Celestial_Robot/learn/workspace1/install/turtlesim/local/lib/python3.10/dist-packages/turtlesim'...
[1.049s] Listing '/home/nash/PycharmProjects/Celestial_Robot/learn/workspace1/install/turtlesim/local/lib/python3.10/dist-packages/turtlesim/action'...
[1.049s] Listing '/home/nash/PycharmProjects/Celestial_Robot/learn/workspace1/install/turtlesim/local/lib/python3.10/dist-packages/turtlesim/msg'...
[1.049s] Listing '/home/nash/PycharmProjects/Celestial_Robot/learn/workspace1/install/turtlesim/local/lib/python3.10/dist-packages/turtlesim/srv'...
[1.054s] -- Up-to-date: /home/nash/PycharmProjects/Celestial_Robot/learn/workspace1/install/turtlesim/local/lib/python3.10/dist-packages/turtlesim/turtlesim_s__rosidl_typesupport_fastrtps_c.cpython-310-x86_64-linux-gnu.so
[1.055s] -- Up-to-date: /home/nash/PycharmProjects/Celestial_Robot/learn/workspace1/install/turtlesim/local/lib/python3.10/dist-packages/turtlesim/turtlesim_s__rosidl_typesupport_introspection_c.cpython-310-x86_64-linux-gnu.so
[1.056s] -- Up-to-date: /home/nash/PycharmProjects/Celestial_Robot/learn/workspace1/install/turtlesim/local/lib/python3.10/dist-packages/turtlesim/turtlesim_s__rosidl_typesupport_c.cpython-310-x86_64-linux-gnu.so
[1.056s] -- Up-to-date: /home/nash/PycharmProjects/Celestial_Robot/learn/workspace1/install/turtlesim/lib/libturtlesim__rosidl_generator_py.so
[1.057s] -- Up-to-date: /home/nash/PycharmProjects/Celestial_Robot/learn/workspace1/install/turtlesim/share/turtlesim/action/RotateAbsolute.idl
[1.057s] -- Up-to-date: /home/nash/PycharmProjects/Celestial_Robot/learn/workspace1/install/turtlesim/share/turtlesim/msg/Color.idl
[1.057s] -- Up-to-date: /home/nash/PycharmProjects/Celestial_Robot/learn/workspace1/install/turtlesim/share/turtlesim/msg/Pose.idl
[1.058s] -- Up-to-date: /home/nash/PycharmProjects/Celestial_Robot/learn/workspace1/install/turtlesim/share/turtlesim/srv/Kill.idl
[1.058s] -- Up-to-date: /home/nash/PycharmProjects/Celestial_Robot/learn/workspace1/install/turtlesim/share/turtlesim/srv/SetPen.idl
[1.058s] -- Up-to-date: /home/nash/PycharmProjects/Celestial_Robot/learn/workspace1/install/turtlesim/share/turtlesim/srv/Spawn.idl
[1.058s] -- Up-to-date: /home/nash/PycharmProjects/Celestial_Robot/learn/workspace1/install/turtlesim/share/turtlesim/srv/TeleportAbsolute.idl
[1.058s] -- Up-to-date: /home/nash/PycharmProjects/Celestial_Robot/learn/workspace1/install/turtlesim/share/turtlesim/srv/TeleportRelative.idl
[1.058s] -- Up-to-date: /home/nash/PycharmProjects/Celestial_Robot/learn/workspace1/install/turtlesim/share/turtlesim/action/RotateAbsolute.action
[1.058s] -- Up-to-date: /home/nash/PycharmProjects/Celestial_Robot/learn/workspace1/install/turtlesim/share/turtlesim/msg/Color.msg
[1.059s] -- Up-to-date: /home/nash/PycharmProjects/Celestial_Robot/learn/workspace1/install/turtlesim/share/turtlesim/msg/Pose.msg
[1.059s] -- Up-to-date: /home/nash/PycharmProjects/Celestial_Robot/learn/workspace1/install/turtlesim/share/turtlesim/srv/Kill.srv
[1.059s] -- Up-to-date: /home/nash/PycharmProjects/Celestial_Robot/learn/workspace1/install/turtlesim/share/turtlesim/srv/Kill_Request.msg
[1.059s] -- Up-to-date: /home/nash/PycharmProjects/Celestial_Robot/learn/workspace1/install/turtlesim/share/turtlesim/srv/Kill_Response.msg
[1.059s] -- Up-to-date: /home/nash/PycharmProjects/Celestial_Robot/learn/workspace1/install/turtlesim/share/turtlesim/srv/SetPen.srv
[1.059s] -- Up-to-date: /home/nash/PycharmProjects/Celestial_Robot/learn/workspace1/install/turtlesim/share/turtlesim/srv/SetPen_Request.msg
[1.060s] -- Up-to-date: /home/nash/PycharmProjects/Celestial_Robot/learn/workspace1/install/turtlesim/share/turtlesim/srv/SetPen_Response.msg
[1.060s] -- Up-to-date: /home/nash/PycharmProjects/Celestial_Robot/learn/workspace1/install/turtlesim/share/turtlesim/srv/Spawn.srv
[1.060s] -- Up-to-date: /home/nash/PycharmProjects/Celestial_Robot/learn/workspace1/install/turtlesim/share/turtlesim/srv/Spawn_Request.msg
[1.060s] -- Up-to-date: /home/nash/PycharmProjects/Celestial_Robot/learn/workspace1/install/turtlesim/share/turtlesim/srv/Spawn_Response.msg
[1.060s] -- Up-to-date: /home/nash/PycharmProjects/Celestial_Robot/learn/workspace1/install/turtlesim/share/turtlesim/srv/TeleportAbsolute.srv
[1.060s] -- Up-to-date: /home/nash/PycharmProjects/Celestial_Robot/learn/workspace1/install/turtlesim/share/turtlesim/srv/TeleportAbsolute_Request.msg
[1.060s] -- Up-to-date: /home/nash/PycharmProjects/Celestial_Robot/learn/workspace1/install/turtlesim/share/turtlesim/srv/TeleportAbsolute_Response.msg
[1.060s] -- Up-to-date: /home/nash/PycharmProjects/Celestial_Robot/learn/workspace1/install/turtlesim/share/turtlesim/srv/TeleportRelative.srv
[1.061s] -- Up-to-date: /home/nash/PycharmProjects/Celestial_Robot/learn/workspace1/install/turtlesim/share/turtlesim/srv/TeleportRelative_Request.msg
[1.061s] -- Up-to-date: /home/nash/PycharmProjects/Celestial_Robot/learn/workspace1/install/turtlesim/share/turtlesim/srv/TeleportRelative_Response.msg
[1.061s] -- Up-to-date: /home/nash/PycharmProjects/Celestial_Robot/learn/workspace1/install/turtlesim/lib/turtlesim/turtlesim_node
[1.061s] -- Up-to-date: /home/nash/PycharmProjects/Celestial_Robot/learn/workspace1/install/turtlesim/lib/turtlesim/turtle_teleop_key
[1.062s] -- Up-to-date: /home/nash/PycharmProjects/Celestial_Robot/learn/workspace1/install/turtlesim/lib/turtlesim/draw_square
[1.063s] -- Up-to-date: /home/nash/PycharmProjects/Celestial_Robot/learn/workspace1/install/turtlesim/lib/turtlesim/mimic
[1.063s] -- Up-to-date: /home/nash/PycharmProjects/Celestial_Robot/learn/workspace1/install/turtlesim/share/turtlesim/images
[1.063s] -- Up-to-date: /home/nash/PycharmProjects/Celestial_Robot/learn/workspace1/install/turtlesim/share/turtlesim/images/galactic.png
[1.063s] -- Up-to-date: /home/nash/PycharmProjects/Celestial_Robot/learn/workspace1/install/turtlesim/share/turtlesim/images/rolling.png
[1.064s] -- Up-to-date: /home/nash/PycharmProjects/Celestial_Robot/learn/workspace1/install/turtlesim/share/turtlesim/images/bouncy.png
[1.064s] -- Up-to-date: /home/nash/PycharmProjects/Celestial_Robot/learn/workspace1/install/turtlesim/share/turtlesim/images/eloquent.png
[1.064s] -- Up-to-date: /home/nash/PycharmProjects/Celestial_Robot/learn/workspace1/install/turtlesim/share/turtlesim/images/dashing.png
[1.064s] -- Up-to-date: /home/nash/PycharmProjects/Celestial_Robot/learn/workspace1/install/turtlesim/share/turtlesim/images/humble.png
[1.064s] -- Up-to-date: /home/nash/PycharmProjects/Celestial_Robot/learn/workspace1/install/turtlesim/share/turtlesim/images/foxy.png
[1.064s] -- Up-to-date: /home/nash/PycharmProjects/Celestial_Robot/learn/workspace1/install/turtlesim/share/turtlesim/images/ardent.png
[1.065s] -- Up-to-date: /home/nash/PycharmProjects/Celestial_Robot/learn/workspace1/install/turtlesim/share/turtlesim/images/crystal.png
[1.065s] -- Up-to-date: /home/nash/PycharmProjects/Celestial_Robot/learn/workspace1/install/turtlesim/share/turtlesim/launch
[1.065s] -- Up-to-date: /home/nash/PycharmProjects/Celestial_Robot/learn/workspace1/install/turtlesim/share/turtlesim/launch/multisim.launch.py
[1.065s] -- Up-to-date: /home/nash/PycharmProjects/Celestial_Robot/learn/workspace1/install/turtlesim/share/ament_index/resource_index/package_run_dependencies/turtlesim
[1.065s] -- Up-to-date: /home/nash/PycharmProjects/Celestial_Robot/learn/workspace1/install/turtlesim/share/ament_index/resource_index/parent_prefix_path/turtlesim
[1.065s] -- Up-to-date: /home/nash/PycharmProjects/Celestial_Robot/learn/workspace1/install/turtlesim/share/turtlesim/environment/ament_prefix_path.sh
[1.065s] -- Up-to-date: /home/nash/PycharmProjects/Celestial_Robot/learn/workspace1/install/turtlesim/share/turtlesim/environment/ament_prefix_path.dsv
[1.066s] -- Up-to-date: /home/nash/PycharmProjects/Celestial_Robot/learn/workspace1/install/turtlesim/share/turtlesim/environment/path.sh
[1.066s] -- Up-to-date: /home/nash/PycharmProjects/Celestial_Robot/learn/workspace1/install/turtlesim/share/turtlesim/environment/path.dsv
[1.066s] -- Up-to-date: /home/nash/PycharmProjects/Celestial_Robot/learn/workspace1/install/turtlesim/share/turtlesim/local_setup.bash
[1.066s] -- Up-to-date: /home/nash/PycharmProjects/Celestial_Robot/learn/workspace1/install/turtlesim/share/turtlesim/local_setup.sh
[1.066s] -- Up-to-date: /home/nash/PycharmProjects/Celestial_Robot/learn/workspace1/install/turtlesim/share/turtlesim/local_setup.zsh
[1.066s] -- Up-to-date: /home/nash/PycharmProjects/Celestial_Robot/learn/workspace1/install/turtlesim/share/turtlesim/local_setup.dsv
[1.066s] -- Installing: /home/nash/PycharmProjects/Celestial_Robot/learn/workspace1/install/turtlesim/share/turtlesim/package.dsv
[1.066s] -- Up-to-date: /home/nash/PycharmProjects/Celestial_Robot/learn/workspace1/install/turtlesim/share/ament_index/resource_index/packages/turtlesim
[1.067s] -- Up-to-date: /home/nash/PycharmProjects/Celestial_Robot/learn/workspace1/install/turtlesim/share/turtlesim/cmake/export_turtlesim__rosidl_generator_cExport.cmake
[1.067s] -- Up-to-date: /home/nash/PycharmProjects/Celestial_Robot/learn/workspace1/install/turtlesim/share/turtlesim/cmake/export_turtlesim__rosidl_generator_cExport-noconfig.cmake
[1.067s] -- Up-to-date: /home/nash/PycharmProjects/Celestial_Robot/learn/workspace1/install/turtlesim/share/turtlesim/cmake/export_turtlesim__rosidl_typesupport_fastrtps_cExport.cmake
[1.067s] -- Up-to-date: /home/nash/PycharmProjects/Celestial_Robot/learn/workspace1/install/turtlesim/share/turtlesim/cmake/export_turtlesim__rosidl_typesupport_fastrtps_cExport-noconfig.cmake
[1.067s] -- Up-to-date: /home/nash/PycharmProjects/Celestial_Robot/learn/workspace1/install/turtlesim/share/turtlesim/cmake/export_turtlesim__rosidl_generator_cppExport.cmake
[1.067s] -- Up-to-date: /home/nash/PycharmProjects/Celestial_Robot/learn/workspace1/install/turtlesim/share/turtlesim/cmake/export_turtlesim__rosidl_typesupport_fastrtps_cppExport.cmake
[1.067s] -- Up-to-date: /home/nash/PycharmProjects/Celestial_Robot/learn/workspace1/install/turtlesim/share/turtlesim/cmake/export_turtlesim__rosidl_typesupport_fastrtps_cppExport-noconfig.cmake
[1.068s] -- Up-to-date: /home/nash/PycharmProjects/Celestial_Robot/learn/workspace1/install/turtlesim/share/turtlesim/cmake/turtlesim__rosidl_typesupport_introspection_cExport.cmake
[1.068s] -- Up-to-date: /home/nash/PycharmProjects/Celestial_Robot/learn/workspace1/install/turtlesim/share/turtlesim/cmake/turtlesim__rosidl_typesupport_introspection_cExport-noconfig.cmake
[1.068s] -- Up-to-date: /home/nash/PycharmProjects/Celestial_Robot/learn/workspace1/install/turtlesim/share/turtlesim/cmake/turtlesim__rosidl_typesupport_cExport.cmake
[1.068s] -- Up-to-date: /home/nash/PycharmProjects/Celestial_Robot/learn/workspace1/install/turtlesim/share/turtlesim/cmake/turtlesim__rosidl_typesupport_cExport-noconfig.cmake
[1.068s] -- Up-to-date: /home/nash/PycharmProjects/Celestial_Robot/learn/workspace1/install/turtlesim/share/turtlesim/cmake/turtlesim__rosidl_typesupport_introspection_cppExport.cmake
[1.068s] -- Up-to-date: /home/nash/PycharmProjects/Celestial_Robot/learn/workspace1/install/turtlesim/share/turtlesim/cmake/turtlesim__rosidl_typesupport_introspection_cppExport-noconfig.cmake
[1.069s] -- Up-to-date: /home/nash/PycharmProjects/Celestial_Robot/learn/workspace1/install/turtlesim/share/turtlesim/cmake/turtlesim__rosidl_typesupport_cppExport.cmake
[1.069s] -- Up-to-date: /home/nash/PycharmProjects/Celestial_Robot/learn/workspace1/install/turtlesim/share/turtlesim/cmake/turtlesim__rosidl_typesupport_cppExport-noconfig.cmake
[1.069s] -- Up-to-date: /home/nash/PycharmProjects/Celestial_Robot/learn/workspace1/install/turtlesim/share/turtlesim/cmake/export_turtlesim__rosidl_generator_pyExport.cmake
[1.069s] -- Up-to-date: /home/nash/PycharmProjects/Celestial_Robot/learn/workspace1/install/turtlesim/share/turtlesim/cmake/export_turtlesim__rosidl_generator_pyExport-noconfig.cmake
[1.069s] -- Up-to-date: /home/nash/PycharmProjects/Celestial_Robot/learn/workspace1/install/turtlesim/share/turtlesim/cmake/rosidl_cmake-extras.cmake
[1.069s] -- Up-to-date: /home/nash/PycharmProjects/Celestial_Robot/learn/workspace1/install/turtlesim/share/turtlesim/cmake/ament_cmake_export_dependencies-extras.cmake
[1.069s] -- Up-to-date: /home/nash/PycharmProjects/Celestial_Robot/learn/workspace1/install/turtlesim/share/turtlesim/cmake/ament_cmake_export_include_directories-extras.cmake
[1.070s] -- Up-to-date: /home/nash/PycharmProjects/Celestial_Robot/learn/workspace1/install/turtlesim/share/turtlesim/cmake/ament_cmake_export_libraries-extras.cmake
[1.070s] -- Up-to-date: /home/nash/PycharmProjects/Celestial_Robot/learn/workspace1/install/turtlesim/share/turtlesim/cmake/ament_cmake_export_targets-extras.cmake
[1.070s] -- Up-to-date: /home/nash/PycharmProjects/Celestial_Robot/learn/workspace1/install/turtlesim/share/turtlesim/cmake/rosidl_cmake_export_typesupport_targets-extras.cmake
[1.070s] -- Up-to-date: /home/nash/PycharmProjects/Celestial_Robot/learn/workspace1/install/turtlesim/share/turtlesim/cmake/rosidl_cmake_export_typesupport_libraries-extras.cmake
[1.070s] -- Up-to-date: /home/nash/PycharmProjects/Celestial_Robot/learn/workspace1/install/turtlesim/share/turtlesim/cmake/turtlesimConfig.cmake
[1.070s] -- Up-to-date: /home/nash/PycharmProjects/Celestial_Robot/learn/workspace1/install/turtlesim/share/turtlesim/cmake/turtlesimConfig-version.cmake
[1.070s] -- Up-to-date: /home/nash/PycharmProjects/Celestial_Robot/learn/workspace1/install/turtlesim/share/turtlesim/package.xml
[1.073s] Invoked command in '/home/nash/PycharmProjects/Celestial_Robot/learn/workspace1/build/turtlesim' returned '0': CMAKE_PREFIX_PATH=/opt/ros/humble /usr/bin/cmake --install /home/nash/PycharmProjects/Celestial_Robot/learn/workspace1/build/turtlesim
