[0.015s] Invoking command in '/home/nash/PycharmProjects/Celestial_Robot/learn/workspace1/build/tutorial_interfaces': CMAKE_PREFIX_PATH=/opt/ros/humble /usr/bin/cmake --build /home/nash/PycharmProjects/Celestial_Robot/learn/workspace1/build/tutorial_interfaces -- -j4 -l4
[0.044s] -- Found ament_cmake: 1.3.9 (/opt/ros/humble/share/ament_cmake/cmake)
[0.186s] -- Found geometry_msgs: 4.2.4 (/opt/ros/humble/share/geometry_msgs/cmake)
[0.217s] -- Found rosidl_generator_c: 3.1.5 (/opt/ros/humble/share/rosidl_generator_c/cmake)
[0.220s] -- Found rosidl_adapter: 3.1.5 (/opt/ros/humble/share/rosidl_adapter/cmake)
[0.228s] -- Found rosidl_generator_cpp: 3.1.5 (/opt/ros/humble/share/rosidl_generator_cpp/cmake)
[0.243s] -- Using all available rosidl_typesupport_c: rosidl_typesupport_fastrtps_c;rosidl_typesupport_introspection_c
[0.263s] -- Using all available rosidl_typesupport_cpp: rosidl_typesupport_fastrtps_cpp;rosidl_typesupport_introspection_cpp
[0.404s] -- Found rosidl_default_generators: 1.2.0 (/opt/ros/humble/share/rosidl_default_generators/cmake)
[0.412s] -- Found ament_lint_auto: 0.12.11 (/opt/ros/humble/share/ament_lint_auto/cmake)
[0.749s] -- Found ament_cmake_ros: 0.10.0 (/opt/ros/humble/share/ament_cmake_ros/cmake)
[1.226s] -- Using all available rosidl_typesupport_c: rosidl_typesupport_fastrtps_c;rosidl_typesupport_introspection_c
[1.414s] -- Using all available rosidl_typesupport_cpp: rosidl_typesupport_fastrtps_cpp;rosidl_typesupport_introspection_cpp
[1.440s] -- Found PythonInterp: /usr/bin/python3 (found suitable version "3.10.12", minimum required is "3.6") 
[1.442s] -- Found python_cmake_module: 0.10.0 (/opt/ros/humble/share/python_cmake_module/cmake)
[1.473s] -- Found PythonLibs: /usr/lib/x86_64-linux-gnu/libpython3.10.so (found suitable version "3.10.12", minimum required is "3.5") 
[1.473s] -- Using PYTHON_EXECUTABLE: /usr/bin/python3
[1.474s] -- Using PYTHON_INCLUDE_DIRS: /usr/include/python3.10
[1.474s] -- Using PYTHON_LIBRARIES: /usr/lib/x86_64-linux-gnu/libpython3.10.so
[1.498s] -- Found PythonExtra: .so  
[1.571s] -- Added test 'lint_cmake' to check CMake code style
[1.573s] -- Added test 'xmllint' to check XML markup files
[1.579s] -- Configuring done
[1.632s] -- Generating done
[1.635s] -- Build files have been written to: /home/nash/PycharmProjects/Celestial_Robot/learn/workspace1/build/tutorial_interfaces
[1.673s] [  2%] [34m[1mGenerating C code for ROS interfaces[0m
[1.694s] [  4%] [34m[1mGenerating C++ code for ROS interfaces[0m
[1.700s] [  4%] Built target ament_cmake_python_copy_tutorial_interfaces
[2.017s] running egg_info
[2.018s] creating tutorial_interfaces.egg-info
[2.018s] writing tutorial_interfaces.egg-info/PKG-INFO
[2.019s] writing dependency_links to tutorial_interfaces.egg-info/dependency_links.txt
[2.019s] writing top-level names to tutorial_interfaces.egg-info/top_level.txt
[2.019s] writing manifest file 'tutorial_interfaces.egg-info/SOURCES.txt'
[2.022s] reading manifest file 'tutorial_interfaces.egg-info/SOURCES.txt'
[2.022s] writing manifest file 'tutorial_interfaces.egg-info/SOURCES.txt'
[2.057s] [  4%] Built target ament_cmake_python_build_tutorial_interfaces_egg
[2.432s] [  4%] Built target tutorial_interfaces__cpp
[2.450s] [  6%] [34m[1mGenerating C++ type support for eProsima Fast-RTPS[0m
[2.451s] [  8%] [34m[1mGenerating C++ type support dispatch for ROS interfaces[0m
[2.451s] [ 10%] [34m[1mGenerating C++ introspection for ROS interfaces[0m
[2.467s] [ 12%] [32mBuilding C object CMakeFiles/tutorial_interfaces__rosidl_generator_c.dir/rosidl_generator_c/tutorial_interfaces/msg/detail/num__functions.c.o[0m
[2.556s] [ 14%] [32mBuilding C object CMakeFiles/tutorial_interfaces__rosidl_generator_c.dir/rosidl_generator_c/tutorial_interfaces/msg/detail/sphere__functions.c.o[0m
[2.647s] [ 17%] [32mBuilding C object CMakeFiles/tutorial_interfaces__rosidl_generator_c.dir/rosidl_generator_c/tutorial_interfaces/srv/detail/add_three_ints__functions.c.o[0m
[2.754s] [ 19%] [32m[1mLinking C shared library libtutorial_interfaces__rosidl_generator_c.so[0m
[2.822s] [ 19%] Built target tutorial_interfaces__rosidl_generator_c
[2.841s] [ 21%] [34m[1mGenerating C type support for eProsima Fast-RTPS[0m
[3.023s] [ 23%] [32mBuilding CXX object CMakeFiles/tutorial_interfaces__rosidl_typesupport_cpp.dir/rosidl_typesupport_cpp/tutorial_interfaces/msg/num__type_support.cpp.o[0m
[3.185s] [ 25%] [32mBuilding CXX object CMakeFiles/tutorial_interfaces__rosidl_typesupport_introspection_cpp.dir/rosidl_typesupport_introspection_cpp/tutorial_interfaces/msg/detail/num__type_support.cpp.o[0m
[3.254s] [ 27%] [32mBuilding CXX object CMakeFiles/tutorial_interfaces__rosidl_typesupport_fastrtps_cpp.dir/rosidl_typesupport_fastrtps_cpp/tutorial_interfaces/msg/detail/dds_fastrtps/num__type_support.cpp.o[0m
[3.557s] [ 29%] [32mBuilding CXX object CMakeFiles/tutorial_interfaces__rosidl_typesupport_cpp.dir/rosidl_typesupport_cpp/tutorial_interfaces/msg/sphere__type_support.cpp.o[0m
[3.617s] [ 31%] [32mBuilding CXX object CMakeFiles/tutorial_interfaces__rosidl_typesupport_fastrtps_c.dir/rosidl_typesupport_fastrtps_c/tutorial_interfaces/msg/detail/num__type_support_c.cpp.o[0m
[3.957s] [ 34%] [32mBuilding CXX object CMakeFiles/tutorial_interfaces__rosidl_typesupport_introspection_cpp.dir/rosidl_typesupport_introspection_cpp/tutorial_interfaces/msg/detail/sphere__type_support.cpp.o[0m
[4.013s] [ 36%] [32mBuilding CXX object CMakeFiles/tutorial_interfaces__rosidl_typesupport_fastrtps_cpp.dir/rosidl_typesupport_fastrtps_cpp/tutorial_interfaces/msg/detail/dds_fastrtps/sphere__type_support.cpp.o[0m
[4.091s] [ 38%] [32mBuilding CXX object CMakeFiles/tutorial_interfaces__rosidl_typesupport_cpp.dir/rosidl_typesupport_cpp/tutorial_interfaces/srv/add_three_ints__type_support.cpp.o[0m
[4.263s] [ 40%] [32mBuilding CXX object CMakeFiles/tutorial_interfaces__rosidl_typesupport_fastrtps_c.dir/rosidl_typesupport_fastrtps_c/tutorial_interfaces/msg/detail/sphere__type_support_c.cpp.o[0m
[4.622s] [ 42%] [32m[1mLinking CXX shared library libtutorial_interfaces__rosidl_typesupport_cpp.so[0m
[4.711s] [ 42%] Built target tutorial_interfaces__rosidl_typesupport_cpp
[4.732s] [ 44%] [34m[1mGenerating C introspection for ROS interfaces[0m
[4.774s] [ 46%] [32mBuilding CXX object CMakeFiles/tutorial_interfaces__rosidl_typesupport_fastrtps_cpp.dir/rosidl_typesupport_fastrtps_cpp/tutorial_interfaces/srv/detail/dds_fastrtps/add_three_ints__type_support.cpp.o[0m
[4.779s] [ 48%] [32mBuilding CXX object CMakeFiles/tutorial_interfaces__rosidl_typesupport_introspection_cpp.dir/rosidl_typesupport_introspection_cpp/tutorial_interfaces/srv/detail/add_three_ints__type_support.cpp.o[0m
[4.915s] [ 51%] [32mBuilding CXX object CMakeFiles/tutorial_interfaces__rosidl_typesupport_fastrtps_c.dir/rosidl_typesupport_fastrtps_c/tutorial_interfaces/srv/detail/add_three_ints__type_support_c.cpp.o[0m
[5.491s] [ 53%] [32mBuilding C object CMakeFiles/tutorial_interfaces__rosidl_typesupport_introspection_c.dir/rosidl_typesupport_introspection_c/tutorial_interfaces/msg/detail/num__type_support.c.o[0m
[5.535s] [ 55%] [32m[1mLinking CXX shared library libtutorial_interfaces__rosidl_typesupport_introspection_cpp.so[0m
[5.563s] [ 57%] [32mBuilding C object CMakeFiles/tutorial_interfaces__rosidl_typesupport_introspection_c.dir/rosidl_typesupport_introspection_c/tutorial_interfaces/msg/detail/sphere__type_support.c.o[0m
[5.573s] [ 59%] [32m[1mLinking CXX shared library libtutorial_interfaces__rosidl_typesupport_fastrtps_cpp.so[0m
[5.582s] [ 61%] [32m[1mLinking CXX shared library libtutorial_interfaces__rosidl_typesupport_fastrtps_c.so[0m
[5.638s] [ 63%] [32mBuilding C object CMakeFiles/tutorial_interfaces__rosidl_typesupport_introspection_c.dir/rosidl_typesupport_introspection_c/tutorial_interfaces/srv/detail/add_three_ints__type_support.c.o[0m
[5.689s] [ 63%] Built target tutorial_interfaces__rosidl_typesupport_introspection_cpp
[5.713s] [ 65%] [34m[1mGenerating C type support dispatch for ROS interfaces[0m
[5.723s] [ 68%] [32m[1mLinking C shared library libtutorial_interfaces__rosidl_typesupport_introspection_c.so[0m
[5.755s] [ 68%] Built target tutorial_interfaces__rosidl_typesupport_fastrtps_cpp
[5.761s] [ 68%] Built target tutorial_interfaces__rosidl_typesupport_fastrtps_c
[5.782s] [ 68%] Built target tutorial_interfaces__rosidl_typesupport_introspection_c
[6.047s] [ 70%] [32mBuilding CXX object CMakeFiles/tutorial_interfaces__rosidl_typesupport_c.dir/rosidl_typesupport_c/tutorial_interfaces/srv/add_three_ints__type_support.cpp.o[0m
[6.049s] [ 74%] [32mBuilding CXX object CMakeFiles/tutorial_interfaces__rosidl_typesupport_c.dir/rosidl_typesupport_c/tutorial_interfaces/msg/num__type_support.cpp.o[0m
[6.050s] [ 74%] [32mBuilding CXX object CMakeFiles/tutorial_interfaces__rosidl_typesupport_c.dir/rosidl_typesupport_c/tutorial_interfaces/msg/sphere__type_support.cpp.o[0m
[6.100s] [ 76%] [32m[1mLinking CXX shared library libtutorial_interfaces__rosidl_typesupport_c.so[0m
[6.159s] [ 76%] Built target tutorial_interfaces__rosidl_typesupport_c
[6.184s] [ 76%] Built target tutorial_interfaces
[6.211s] [ 78%] [34m[1mGenerating Python code for ROS interfaces[0m
[6.810s] [ 78%] Built target tutorial_interfaces__py
[6.840s] [ 80%] [32mBuilding C object CMakeFiles/tutorial_interfaces__rosidl_generator_py.dir/rosidl_generator_py/tutorial_interfaces/msg/_num_s.c.o[0m
[6.840s] [ 82%] [32mBuilding C object CMakeFiles/tutorial_interfaces__rosidl_generator_py.dir/rosidl_generator_py/tutorial_interfaces/msg/_sphere_s.c.o[0m
[6.841s] [ 85%] [32mBuilding C object CMakeFiles/tutorial_interfaces__rosidl_generator_py.dir/rosidl_generator_py/tutorial_interfaces/srv/_add_three_ints_s.c.o[0m
[7.043s] [ 87%] [32m[1mLinking C shared library rosidl_generator_py/tutorial_interfaces/libtutorial_interfaces__rosidl_generator_py.so[0m
[7.095s] [ 87%] Built target tutorial_interfaces__rosidl_generator_py
[7.125s] [ 89%] [32mBuilding C object CMakeFiles/tutorial_interfaces__rosidl_typesupport_introspection_c__pyext.dir/rosidl_generator_py/tutorial_interfaces/_tutorial_interfaces_s.ep.rosidl_typesupport_introspection_c.c.o[0m
[7.130s] [ 91%] [32mBuilding C object CMakeFiles/tutorial_interfaces__rosidl_typesupport_c__pyext.dir/rosidl_generator_py/tutorial_interfaces/_tutorial_interfaces_s.ep.rosidl_typesupport_c.c.o[0m
[7.132s] [ 93%] [32mBuilding C object CMakeFiles/tutorial_interfaces__rosidl_typesupport_fastrtps_c__pyext.dir/rosidl_generator_py/tutorial_interfaces/_tutorial_interfaces_s.ep.rosidl_typesupport_fastrtps_c.c.o[0m
[7.286s] [ 95%] [32m[1mLinking C shared library rosidl_generator_py/tutorial_interfaces/tutorial_interfaces_s__rosidl_typesupport_c.cpython-310-x86_64-linux-gnu.so[0m
[7.345s] [ 95%] Built target tutorial_interfaces__rosidl_typesupport_c__pyext
[7.354s] [ 97%] [32m[1mLinking C shared library rosidl_generator_py/tutorial_interfaces/tutorial_interfaces_s__rosidl_typesupport_introspection_c.cpython-310-x86_64-linux-gnu.so[0m
[7.360s] [100%] [32m[1mLinking C shared library rosidl_generator_py/tutorial_interfaces/tutorial_interfaces_s__rosidl_typesupport_fastrtps_c.cpython-310-x86_64-linux-gnu.so[0m
[7.410s] [100%] Built target tutorial_interfaces__rosidl_typesupport_introspection_c__pyext
[7.416s] [100%] Built target tutorial_interfaces__rosidl_typesupport_fastrtps_c__pyext
[7.431s] Invoked command in '/home/nash/PycharmProjects/Celestial_Robot/learn/workspace1/build/tutorial_interfaces' returned '0': CMAKE_PREFIX_PATH=/opt/ros/humble /usr/bin/cmake --build /home/nash/PycharmProjects/Celestial_Robot/learn/workspace1/build/tutorial_interfaces -- -j4 -l4
[7.579s] Invoking command in '/home/nash/PycharmProjects/Celestial_Robot/learn/workspace1/build/tutorial_interfaces': CMAKE_PREFIX_PATH=/opt/ros/humble /usr/bin/cmake --install /home/nash/PycharmProjects/Celestial_Robot/learn/workspace1/build/tutorial_interfaces
[7.589s] -- Install configuration: ""
[7.589s] -- Installing: /home/nash/PycharmProjects/Celestial_Robot/learn/workspace1/install/tutorial_interfaces/share/ament_index/resource_index/rosidl_interfaces/tutorial_interfaces
[7.589s] -- Installing: /home/nash/PycharmProjects/Celestial_Robot/learn/workspace1/install/tutorial_interfaces/include/tutorial_interfaces/tutorial_interfaces
[7.590s] -- Installing: /home/nash/PycharmProjects/Celestial_Robot/learn/workspace1/install/tutorial_interfaces/include/tutorial_interfaces/tutorial_interfaces/srv
[7.590s] -- Installing: /home/nash/PycharmProjects/Celestial_Robot/learn/workspace1/install/tutorial_interfaces/include/tutorial_interfaces/tutorial_interfaces/srv/add_three_ints.h
[7.590s] -- Installing: /home/nash/PycharmProjects/Celestial_Robot/learn/workspace1/install/tutorial_interfaces/include/tutorial_interfaces/tutorial_interfaces/srv/detail
[7.591s] -- Installing: /home/nash/PycharmProjects/Celestial_Robot/learn/workspace1/install/tutorial_interfaces/include/tutorial_interfaces/tutorial_interfaces/srv/detail/add_three_ints__struct.h
[7.591s] -- Installing: /home/nash/PycharmProjects/Celestial_Robot/learn/workspace1/install/tutorial_interfaces/include/tutorial_interfaces/tutorial_interfaces/srv/detail/add_three_ints__functions.h
[7.591s] -- Installing: /home/nash/PycharmProjects/Celestial_Robot/learn/workspace1/install/tutorial_interfaces/include/tutorial_interfaces/tutorial_interfaces/srv/detail/add_three_ints__type_support.h
[7.591s] -- Installing: /home/nash/PycharmProjects/Celestial_Robot/learn/workspace1/install/tutorial_interfaces/include/tutorial_interfaces/tutorial_interfaces/srv/detail/add_three_ints__functions.c
[7.592s] -- Installing: /home/nash/PycharmProjects/Celestial_Robot/learn/workspace1/install/tutorial_interfaces/include/tutorial_interfaces/tutorial_interfaces/msg
[7.592s] -- Installing: /home/nash/PycharmProjects/Celestial_Robot/learn/workspace1/install/tutorial_interfaces/include/tutorial_interfaces/tutorial_interfaces/msg/num.h
[7.592s] -- Installing: /home/nash/PycharmProjects/Celestial_Robot/learn/workspace1/install/tutorial_interfaces/include/tutorial_interfaces/tutorial_interfaces/msg/sphere.h
[7.593s] -- Installing: /home/nash/PycharmProjects/Celestial_Robot/learn/workspace1/install/tutorial_interfaces/include/tutorial_interfaces/tutorial_interfaces/msg/rosidl_generator_c__visibility_control.h
[7.593s] -- Installing: /home/nash/PycharmProjects/Celestial_Robot/learn/workspace1/install/tutorial_interfaces/include/tutorial_interfaces/tutorial_interfaces/msg/detail
[7.593s] -- Installing: /home/nash/PycharmProjects/Celestial_Robot/learn/workspace1/install/tutorial_interfaces/include/tutorial_interfaces/tutorial_interfaces/msg/detail/sphere__functions.c
[7.593s] -- Installing: /home/nash/PycharmProjects/Celestial_Robot/learn/workspace1/install/tutorial_interfaces/include/tutorial_interfaces/tutorial_interfaces/msg/detail/num__functions.h
[7.594s] -- Installing: /home/nash/PycharmProjects/Celestial_Robot/learn/workspace1/install/tutorial_interfaces/include/tutorial_interfaces/tutorial_interfaces/msg/detail/sphere__functions.h
[7.594s] -- Installing: /home/nash/PycharmProjects/Celestial_Robot/learn/workspace1/install/tutorial_interfaces/include/tutorial_interfaces/tutorial_interfaces/msg/detail/num__struct.h
[7.594s] -- Installing: /home/nash/PycharmProjects/Celestial_Robot/learn/workspace1/install/tutorial_interfaces/include/tutorial_interfaces/tutorial_interfaces/msg/detail/sphere__type_support.h
[7.594s] -- Installing: /home/nash/PycharmProjects/Celestial_Robot/learn/workspace1/install/tutorial_interfaces/include/tutorial_interfaces/tutorial_interfaces/msg/detail/sphere__struct.h
[7.594s] -- Installing: /home/nash/PycharmProjects/Celestial_Robot/learn/workspace1/install/tutorial_interfaces/include/tutorial_interfaces/tutorial_interfaces/msg/detail/num__functions.c
[7.594s] -- Installing: /home/nash/PycharmProjects/Celestial_Robot/learn/workspace1/install/tutorial_interfaces/include/tutorial_interfaces/tutorial_interfaces/msg/detail/num__type_support.h
[7.595s] -- Installing: /home/nash/PycharmProjects/Celestial_Robot/learn/workspace1/install/tutorial_interfaces/share/tutorial_interfaces/environment/library_path.sh
[7.595s] -- Installing: /home/nash/PycharmProjects/Celestial_Robot/learn/workspace1/install/tutorial_interfaces/share/tutorial_interfaces/environment/library_path.dsv
[7.596s] -- Installing: /home/nash/PycharmProjects/Celestial_Robot/learn/workspace1/install/tutorial_interfaces/lib/libtutorial_interfaces__rosidl_generator_c.so
[7.596s] -- Set runtime path of "/home/nash/PycharmProjects/Celestial_Robot/learn/workspace1/install/tutorial_interfaces/lib/libtutorial_interfaces__rosidl_generator_c.so" to ""
[7.597s] -- Up-to-date: /home/nash/PycharmProjects/Celestial_Robot/learn/workspace1/install/tutorial_interfaces/include/tutorial_interfaces/tutorial_interfaces
[7.597s] -- Up-to-date: /home/nash/PycharmProjects/Celestial_Robot/learn/workspace1/install/tutorial_interfaces/include/tutorial_interfaces/tutorial_interfaces/srv
[7.597s] -- Up-to-date: /home/nash/PycharmProjects/Celestial_Robot/learn/workspace1/install/tutorial_interfaces/include/tutorial_interfaces/tutorial_interfaces/srv/detail
[7.597s] -- Installing: /home/nash/PycharmProjects/Celestial_Robot/learn/workspace1/install/tutorial_interfaces/include/tutorial_interfaces/tutorial_interfaces/srv/detail/add_three_ints__rosidl_typesupport_fastrtps_c.h
[7.598s] -- Up-to-date: /home/nash/PycharmProjects/Celestial_Robot/learn/workspace1/install/tutorial_interfaces/include/tutorial_interfaces/tutorial_interfaces/msg
[7.598s] -- Installing: /home/nash/PycharmProjects/Celestial_Robot/learn/workspace1/install/tutorial_interfaces/include/tutorial_interfaces/tutorial_interfaces/msg/rosidl_typesupport_fastrtps_c__visibility_control.h
[7.598s] -- Up-to-date: /home/nash/PycharmProjects/Celestial_Robot/learn/workspace1/install/tutorial_interfaces/include/tutorial_interfaces/tutorial_interfaces/msg/detail
[7.598s] -- Installing: /home/nash/PycharmProjects/Celestial_Robot/learn/workspace1/install/tutorial_interfaces/include/tutorial_interfaces/tutorial_interfaces/msg/detail/sphere__rosidl_typesupport_fastrtps_c.h
[7.598s] -- Installing: /home/nash/PycharmProjects/Celestial_Robot/learn/workspace1/install/tutorial_interfaces/include/tutorial_interfaces/tutorial_interfaces/msg/detail/num__rosidl_typesupport_fastrtps_c.h
[7.599s] -- Installing: /home/nash/PycharmProjects/Celestial_Robot/learn/workspace1/install/tutorial_interfaces/lib/libtutorial_interfaces__rosidl_typesupport_fastrtps_c.so
[7.599s] -- Set runtime path of "/home/nash/PycharmProjects/Celestial_Robot/learn/workspace1/install/tutorial_interfaces/lib/libtutorial_interfaces__rosidl_typesupport_fastrtps_c.so" to ""
[7.600s] -- Up-to-date: /home/nash/PycharmProjects/Celestial_Robot/learn/workspace1/install/tutorial_interfaces/include/tutorial_interfaces/tutorial_interfaces
[7.600s] -- Up-to-date: /home/nash/PycharmProjects/Celestial_Robot/learn/workspace1/install/tutorial_interfaces/include/tutorial_interfaces/tutorial_interfaces/srv
[7.600s] -- Installing: /home/nash/PycharmProjects/Celestial_Robot/learn/workspace1/install/tutorial_interfaces/include/tutorial_interfaces/tutorial_interfaces/srv/add_three_ints.hpp
[7.600s] -- Up-to-date: /home/nash/PycharmProjects/Celestial_Robot/learn/workspace1/install/tutorial_interfaces/include/tutorial_interfaces/tutorial_interfaces/srv/detail
[7.601s] -- Installing: /home/nash/PycharmProjects/Celestial_Robot/learn/workspace1/install/tutorial_interfaces/include/tutorial_interfaces/tutorial_interfaces/srv/detail/add_three_ints__traits.hpp
[7.601s] -- Installing: /home/nash/PycharmProjects/Celestial_Robot/learn/workspace1/install/tutorial_interfaces/include/tutorial_interfaces/tutorial_interfaces/srv/detail/add_three_ints__builder.hpp
[7.601s] -- Installing: /home/nash/PycharmProjects/Celestial_Robot/learn/workspace1/install/tutorial_interfaces/include/tutorial_interfaces/tutorial_interfaces/srv/detail/add_three_ints__struct.hpp
[7.601s] -- Up-to-date: /home/nash/PycharmProjects/Celestial_Robot/learn/workspace1/install/tutorial_interfaces/include/tutorial_interfaces/tutorial_interfaces/msg
[7.601s] -- Installing: /home/nash/PycharmProjects/Celestial_Robot/learn/workspace1/install/tutorial_interfaces/include/tutorial_interfaces/tutorial_interfaces/msg/num.hpp
[7.602s] -- Up-to-date: /home/nash/PycharmProjects/Celestial_Robot/learn/workspace1/install/tutorial_interfaces/include/tutorial_interfaces/tutorial_interfaces/msg/detail
[7.602s] -- Installing: /home/nash/PycharmProjects/Celestial_Robot/learn/workspace1/install/tutorial_interfaces/include/tutorial_interfaces/tutorial_interfaces/msg/detail/sphere__traits.hpp
[7.602s] -- Installing: /home/nash/PycharmProjects/Celestial_Robot/learn/workspace1/install/tutorial_interfaces/include/tutorial_interfaces/tutorial_interfaces/msg/detail/num__struct.hpp
[7.602s] -- Installing: /home/nash/PycharmProjects/Celestial_Robot/learn/workspace1/install/tutorial_interfaces/include/tutorial_interfaces/tutorial_interfaces/msg/detail/num__traits.hpp
[7.603s] -- Installing: /home/nash/PycharmProjects/Celestial_Robot/learn/workspace1/install/tutorial_interfaces/include/tutorial_interfaces/tutorial_interfaces/msg/detail/sphere__builder.hpp
[7.603s] -- Installing: /home/nash/PycharmProjects/Celestial_Robot/learn/workspace1/install/tutorial_interfaces/include/tutorial_interfaces/tutorial_interfaces/msg/detail/sphere__struct.hpp
[7.603s] -- Installing: /home/nash/PycharmProjects/Celestial_Robot/learn/workspace1/install/tutorial_interfaces/include/tutorial_interfaces/tutorial_interfaces/msg/detail/num__builder.hpp
[7.604s] -- Installing: /home/nash/PycharmProjects/Celestial_Robot/learn/workspace1/install/tutorial_interfaces/include/tutorial_interfaces/tutorial_interfaces/msg/sphere.hpp
[7.604s] -- Up-to-date: /home/nash/PycharmProjects/Celestial_Robot/learn/workspace1/install/tutorial_interfaces/include/tutorial_interfaces/tutorial_interfaces
[7.604s] -- Up-to-date: /home/nash/PycharmProjects/Celestial_Robot/learn/workspace1/install/tutorial_interfaces/include/tutorial_interfaces/tutorial_interfaces/srv
[7.604s] -- Up-to-date: /home/nash/PycharmProjects/Celestial_Robot/learn/workspace1/install/tutorial_interfaces/include/tutorial_interfaces/tutorial_interfaces/srv/detail
[7.605s] -- Installing: /home/nash/PycharmProjects/Celestial_Robot/learn/workspace1/install/tutorial_interfaces/include/tutorial_interfaces/tutorial_interfaces/srv/detail/add_three_ints__rosidl_typesupport_fastrtps_cpp.hpp
[7.605s] -- Installing: /home/nash/PycharmProjects/Celestial_Robot/learn/workspace1/install/tutorial_interfaces/include/tutorial_interfaces/tutorial_interfaces/srv/detail/dds_fastrtps
[7.605s] -- Up-to-date: /home/nash/PycharmProjects/Celestial_Robot/learn/workspace1/install/tutorial_interfaces/include/tutorial_interfaces/tutorial_interfaces/msg
[7.605s] -- Installing: /home/nash/PycharmProjects/Celestial_Robot/learn/workspace1/install/tutorial_interfaces/include/tutorial_interfaces/tutorial_interfaces/msg/rosidl_typesupport_fastrtps_cpp__visibility_control.h
[7.605s] -- Up-to-date: /home/nash/PycharmProjects/Celestial_Robot/learn/workspace1/install/tutorial_interfaces/include/tutorial_interfaces/tutorial_interfaces/msg/detail
[7.606s] -- Installing: /home/nash/PycharmProjects/Celestial_Robot/learn/workspace1/install/tutorial_interfaces/include/tutorial_interfaces/tutorial_interfaces/msg/detail/num__rosidl_typesupport_fastrtps_cpp.hpp
[7.606s] -- Installing: /home/nash/PycharmProjects/Celestial_Robot/learn/workspace1/install/tutorial_interfaces/include/tutorial_interfaces/tutorial_interfaces/msg/detail/sphere__rosidl_typesupport_fastrtps_cpp.hpp
[7.606s] -- Installing: /home/nash/PycharmProjects/Celestial_Robot/learn/workspace1/install/tutorial_interfaces/include/tutorial_interfaces/tutorial_interfaces/msg/detail/dds_fastrtps
[7.606s] -- Installing: /home/nash/PycharmProjects/Celestial_Robot/learn/workspace1/install/tutorial_interfaces/lib/libtutorial_interfaces__rosidl_typesupport_fastrtps_cpp.so
[7.607s] -- Set runtime path of "/home/nash/PycharmProjects/Celestial_Robot/learn/workspace1/install/tutorial_interfaces/lib/libtutorial_interfaces__rosidl_typesupport_fastrtps_cpp.so" to ""
[7.608s] -- Up-to-date: /home/nash/PycharmProjects/Celestial_Robot/learn/workspace1/install/tutorial_interfaces/include/tutorial_interfaces/tutorial_interfaces
[7.608s] -- Up-to-date: /home/nash/PycharmProjects/Celestial_Robot/learn/workspace1/install/tutorial_interfaces/include/tutorial_interfaces/tutorial_interfaces/srv
[7.608s] -- Up-to-date: /home/nash/PycharmProjects/Celestial_Robot/learn/workspace1/install/tutorial_interfaces/include/tutorial_interfaces/tutorial_interfaces/srv/detail
[7.608s] -- Installing: /home/nash/PycharmProjects/Celestial_Robot/learn/workspace1/install/tutorial_interfaces/include/tutorial_interfaces/tutorial_interfaces/srv/detail/add_three_ints__type_support.c
[7.608s] -- Installing: /home/nash/PycharmProjects/Celestial_Robot/learn/workspace1/install/tutorial_interfaces/include/tutorial_interfaces/tutorial_interfaces/srv/detail/add_three_ints__rosidl_typesupport_introspection_c.h
[7.608s] -- Up-to-date: /home/nash/PycharmProjects/Celestial_Robot/learn/workspace1/install/tutorial_interfaces/include/tutorial_interfaces/tutorial_interfaces/msg
[7.609s] -- Installing: /home/nash/PycharmProjects/Celestial_Robot/learn/workspace1/install/tutorial_interfaces/include/tutorial_interfaces/tutorial_interfaces/msg/rosidl_typesupport_introspection_c__visibility_control.h
[7.609s] -- Up-to-date: /home/nash/PycharmProjects/Celestial_Robot/learn/workspace1/install/tutorial_interfaces/include/tutorial_interfaces/tutorial_interfaces/msg/detail
[7.609s] -- Installing: /home/nash/PycharmProjects/Celestial_Robot/learn/workspace1/install/tutorial_interfaces/include/tutorial_interfaces/tutorial_interfaces/msg/detail/num__rosidl_typesupport_introspection_c.h
[7.609s] -- Installing: /home/nash/PycharmProjects/Celestial_Robot/learn/workspace1/install/tutorial_interfaces/include/tutorial_interfaces/tutorial_interfaces/msg/detail/sphere__type_support.c
[7.610s] -- Installing: /home/nash/PycharmProjects/Celestial_Robot/learn/workspace1/install/tutorial_interfaces/include/tutorial_interfaces/tutorial_interfaces/msg/detail/num__type_support.c
[7.610s] -- Installing: /home/nash/PycharmProjects/Celestial_Robot/learn/workspace1/install/tutorial_interfaces/include/tutorial_interfaces/tutorial_interfaces/msg/detail/sphere__rosidl_typesupport_introspection_c.h
[7.610s] -- Installing: /home/nash/PycharmProjects/Celestial_Robot/learn/workspace1/install/tutorial_interfaces/lib/libtutorial_interfaces__rosidl_typesupport_introspection_c.so
[7.611s] -- Set runtime path of "/home/nash/PycharmProjects/Celestial_Robot/learn/workspace1/install/tutorial_interfaces/lib/libtutorial_interfaces__rosidl_typesupport_introspection_c.so" to ""
[7.611s] -- Installing: /home/nash/PycharmProjects/Celestial_Robot/learn/workspace1/install/tutorial_interfaces/lib/libtutorial_interfaces__rosidl_typesupport_c.so
[7.612s] -- Set runtime path of "/home/nash/PycharmProjects/Celestial_Robot/learn/workspace1/install/tutorial_interfaces/lib/libtutorial_interfaces__rosidl_typesupport_c.so" to ""
[7.612s] -- Up-to-date: /home/nash/PycharmProjects/Celestial_Robot/learn/workspace1/install/tutorial_interfaces/include/tutorial_interfaces/tutorial_interfaces
[7.612s] -- Up-to-date: /home/nash/PycharmProjects/Celestial_Robot/learn/workspace1/install/tutorial_interfaces/include/tutorial_interfaces/tutorial_interfaces/srv
[7.612s] -- Up-to-date: /home/nash/PycharmProjects/Celestial_Robot/learn/workspace1/install/tutorial_interfaces/include/tutorial_interfaces/tutorial_interfaces/srv/detail
[7.612s] -- Installing: /home/nash/PycharmProjects/Celestial_Robot/learn/workspace1/install/tutorial_interfaces/include/tutorial_interfaces/tutorial_interfaces/srv/detail/add_three_ints__rosidl_typesupport_introspection_cpp.hpp
[7.612s] -- Installing: /home/nash/PycharmProjects/Celestial_Robot/learn/workspace1/install/tutorial_interfaces/include/tutorial_interfaces/tutorial_interfaces/srv/detail/add_three_ints__type_support.cpp
[7.612s] -- Up-to-date: /home/nash/PycharmProjects/Celestial_Robot/learn/workspace1/install/tutorial_interfaces/include/tutorial_interfaces/tutorial_interfaces/msg
[7.613s] -- Up-to-date: /home/nash/PycharmProjects/Celestial_Robot/learn/workspace1/install/tutorial_interfaces/include/tutorial_interfaces/tutorial_interfaces/msg/detail
[7.613s] -- Installing: /home/nash/PycharmProjects/Celestial_Robot/learn/workspace1/install/tutorial_interfaces/include/tutorial_interfaces/tutorial_interfaces/msg/detail/num__type_support.cpp
[7.613s] -- Installing: /home/nash/PycharmProjects/Celestial_Robot/learn/workspace1/install/tutorial_interfaces/include/tutorial_interfaces/tutorial_interfaces/msg/detail/num__rosidl_typesupport_introspection_cpp.hpp
[7.613s] -- Installing: /home/nash/PycharmProjects/Celestial_Robot/learn/workspace1/install/tutorial_interfaces/include/tutorial_interfaces/tutorial_interfaces/msg/detail/sphere__type_support.cpp
[7.613s] -- Installing: /home/nash/PycharmProjects/Celestial_Robot/learn/workspace1/install/tutorial_interfaces/include/tutorial_interfaces/tutorial_interfaces/msg/detail/sphere__rosidl_typesupport_introspection_cpp.hpp
[7.613s] -- Installing: /home/nash/PycharmProjects/Celestial_Robot/learn/workspace1/install/tutorial_interfaces/lib/libtutorial_interfaces__rosidl_typesupport_introspection_cpp.so
[7.614s] -- Set runtime path of "/home/nash/PycharmProjects/Celestial_Robot/learn/workspace1/install/tutorial_interfaces/lib/libtutorial_interfaces__rosidl_typesupport_introspection_cpp.so" to ""
[7.614s] -- Installing: /home/nash/PycharmProjects/Celestial_Robot/learn/workspace1/install/tutorial_interfaces/lib/libtutorial_interfaces__rosidl_typesupport_cpp.so
[7.615s] -- Set runtime path of "/home/nash/PycharmProjects/Celestial_Robot/learn/workspace1/install/tutorial_interfaces/lib/libtutorial_interfaces__rosidl_typesupport_cpp.so" to ""
[7.615s] -- Installing: /home/nash/PycharmProjects/Celestial_Robot/learn/workspace1/install/tutorial_interfaces/share/tutorial_interfaces/environment/pythonpath.sh
[7.615s] -- Installing: /home/nash/PycharmProjects/Celestial_Robot/learn/workspace1/install/tutorial_interfaces/share/tutorial_interfaces/environment/pythonpath.dsv
[7.616s] -- Installing: /home/nash/PycharmProjects/Celestial_Robot/learn/workspace1/install/tutorial_interfaces/local/lib/python3.10/dist-packages/tutorial_interfaces-0.0.0-py3.10.egg-info
[7.616s] -- Installing: /home/nash/PycharmProjects/Celestial_Robot/learn/workspace1/install/tutorial_interfaces/local/lib/python3.10/dist-packages/tutorial_interfaces-0.0.0-py3.10.egg-info/top_level.txt
[7.616s] -- Installing: /home/nash/PycharmProjects/Celestial_Robot/learn/workspace1/install/tutorial_interfaces/local/lib/python3.10/dist-packages/tutorial_interfaces-0.0.0-py3.10.egg-info/dependency_links.txt
[7.616s] -- Installing: /home/nash/PycharmProjects/Celestial_Robot/learn/workspace1/install/tutorial_interfaces/local/lib/python3.10/dist-packages/tutorial_interfaces-0.0.0-py3.10.egg-info/PKG-INFO
[7.617s] -- Installing: /home/nash/PycharmProjects/Celestial_Robot/learn/workspace1/install/tutorial_interfaces/local/lib/python3.10/dist-packages/tutorial_interfaces-0.0.0-py3.10.egg-info/SOURCES.txt
[7.617s] -- Installing: /home/nash/PycharmProjects/Celestial_Robot/learn/workspace1/install/tutorial_interfaces/local/lib/python3.10/dist-packages/tutorial_interfaces
[7.617s] -- Installing: /home/nash/PycharmProjects/Celestial_Robot/learn/workspace1/install/tutorial_interfaces/local/lib/python3.10/dist-packages/tutorial_interfaces/_tutorial_interfaces_s.ep.rosidl_typesupport_introspection_c.c
[7.617s] -- Installing: /home/nash/PycharmProjects/Celestial_Robot/learn/workspace1/install/tutorial_interfaces/local/lib/python3.10/dist-packages/tutorial_interfaces/_tutorial_interfaces_s.ep.rosidl_typesupport_fastrtps_c.c
[7.617s] -- Installing: /home/nash/PycharmProjects/Celestial_Robot/learn/workspace1/install/tutorial_interfaces/local/lib/python3.10/dist-packages/tutorial_interfaces/tutorial_interfaces_s__rosidl_typesupport_introspection_c.cpython-310-x86_64-linux-gnu.so
[7.618s] -- Installing: /home/nash/PycharmProjects/Celestial_Robot/learn/workspace1/install/tutorial_interfaces/local/lib/python3.10/dist-packages/tutorial_interfaces/_tutorial_interfaces_s.ep.rosidl_typesupport_c.c
[7.618s] -- Installing: /home/nash/PycharmProjects/Celestial_Robot/learn/workspace1/install/tutorial_interfaces/local/lib/python3.10/dist-packages/tutorial_interfaces/__init__.py
[7.618s] -- Installing: /home/nash/PycharmProjects/Celestial_Robot/learn/workspace1/install/tutorial_interfaces/local/lib/python3.10/dist-packages/tutorial_interfaces/tutorial_interfaces_s__rosidl_typesupport_c.cpython-310-x86_64-linux-gnu.so
[7.619s] -- Installing: /home/nash/PycharmProjects/Celestial_Robot/learn/workspace1/install/tutorial_interfaces/local/lib/python3.10/dist-packages/tutorial_interfaces/srv
[7.619s] -- Installing: /home/nash/PycharmProjects/Celestial_Robot/learn/workspace1/install/tutorial_interfaces/local/lib/python3.10/dist-packages/tutorial_interfaces/srv/__init__.py
[7.619s] -- Installing: /home/nash/PycharmProjects/Celestial_Robot/learn/workspace1/install/tutorial_interfaces/local/lib/python3.10/dist-packages/tutorial_interfaces/srv/_add_three_ints.py
[7.619s] -- Installing: /home/nash/PycharmProjects/Celestial_Robot/learn/workspace1/install/tutorial_interfaces/local/lib/python3.10/dist-packages/tutorial_interfaces/srv/_add_three_ints_s.c
[7.620s] -- Installing: /home/nash/PycharmProjects/Celestial_Robot/learn/workspace1/install/tutorial_interfaces/local/lib/python3.10/dist-packages/tutorial_interfaces/msg
[7.620s] -- Installing: /home/nash/PycharmProjects/Celestial_Robot/learn/workspace1/install/tutorial_interfaces/local/lib/python3.10/dist-packages/tutorial_interfaces/msg/_sphere_s.c
[7.620s] -- Installing: /home/nash/PycharmProjects/Celestial_Robot/learn/workspace1/install/tutorial_interfaces/local/lib/python3.10/dist-packages/tutorial_interfaces/msg/__init__.py
[7.621s] -- Installing: /home/nash/PycharmProjects/Celestial_Robot/learn/workspace1/install/tutorial_interfaces/local/lib/python3.10/dist-packages/tutorial_interfaces/msg/_num_s.c
[7.621s] -- Installing: /home/nash/PycharmProjects/Celestial_Robot/learn/workspace1/install/tutorial_interfaces/local/lib/python3.10/dist-packages/tutorial_interfaces/msg/_sphere.py
[7.621s] -- Installing: /home/nash/PycharmProjects/Celestial_Robot/learn/workspace1/install/tutorial_interfaces/local/lib/python3.10/dist-packages/tutorial_interfaces/msg/_num.py
[7.621s] -- Installing: /home/nash/PycharmProjects/Celestial_Robot/learn/workspace1/install/tutorial_interfaces/local/lib/python3.10/dist-packages/tutorial_interfaces/tutorial_interfaces_s__rosidl_typesupport_fastrtps_c.cpython-310-x86_64-linux-gnu.so
[7.621s] -- Installing: /home/nash/PycharmProjects/Celestial_Robot/learn/workspace1/install/tutorial_interfaces/local/lib/python3.10/dist-packages/tutorial_interfaces/libtutorial_interfaces__rosidl_generator_py.so
[7.663s] Listing '/home/nash/PycharmProjects/Celestial_Robot/learn/workspace1/install/tutorial_interfaces/local/lib/python3.10/dist-packages/tutorial_interfaces'...
[7.663s] Compiling '/home/nash/PycharmProjects/Celestial_Robot/learn/workspace1/install/tutorial_interfaces/local/lib/python3.10/dist-packages/tutorial_interfaces/__init__.py'...
[7.663s] Listing '/home/nash/PycharmProjects/Celestial_Robot/learn/workspace1/install/tutorial_interfaces/local/lib/python3.10/dist-packages/tutorial_interfaces/msg'...
[7.663s] Compiling '/home/nash/PycharmProjects/Celestial_Robot/learn/workspace1/install/tutorial_interfaces/local/lib/python3.10/dist-packages/tutorial_interfaces/msg/__init__.py'...
[7.663s] Compiling '/home/nash/PycharmProjects/Celestial_Robot/learn/workspace1/install/tutorial_interfaces/local/lib/python3.10/dist-packages/tutorial_interfaces/msg/_num.py'...
[7.663s] Compiling '/home/nash/PycharmProjects/Celestial_Robot/learn/workspace1/install/tutorial_interfaces/local/lib/python3.10/dist-packages/tutorial_interfaces/msg/_sphere.py'...
[7.663s] Listing '/home/nash/PycharmProjects/Celestial_Robot/learn/workspace1/install/tutorial_interfaces/local/lib/python3.10/dist-packages/tutorial_interfaces/srv'...
[7.664s] Compiling '/home/nash/PycharmProjects/Celestial_Robot/learn/workspace1/install/tutorial_interfaces/local/lib/python3.10/dist-packages/tutorial_interfaces/srv/__init__.py'...
[7.664s] Compiling '/home/nash/PycharmProjects/Celestial_Robot/learn/workspace1/install/tutorial_interfaces/local/lib/python3.10/dist-packages/tutorial_interfaces/srv/_add_three_ints.py'...
[7.669s] -- Installing: /home/nash/PycharmProjects/Celestial_Robot/learn/workspace1/install/tutorial_interfaces/local/lib/python3.10/dist-packages/tutorial_interfaces/tutorial_interfaces_s__rosidl_typesupport_fastrtps_c.cpython-310-x86_64-linux-gnu.so
[7.670s] -- Set runtime path of "/home/nash/PycharmProjects/Celestial_Robot/learn/workspace1/install/tutorial_interfaces/local/lib/python3.10/dist-packages/tutorial_interfaces/tutorial_interfaces_s__rosidl_typesupport_fastrtps_c.cpython-310-x86_64-linux-gnu.so" to ""
[7.670s] -- Installing: /home/nash/PycharmProjects/Celestial_Robot/learn/workspace1/install/tutorial_interfaces/local/lib/python3.10/dist-packages/tutorial_interfaces/tutorial_interfaces_s__rosidl_typesupport_introspection_c.cpython-310-x86_64-linux-gnu.so
[7.671s] -- Set runtime path of "/home/nash/PycharmProjects/Celestial_Robot/learn/workspace1/install/tutorial_interfaces/local/lib/python3.10/dist-packages/tutorial_interfaces/tutorial_interfaces_s__rosidl_typesupport_introspection_c.cpython-310-x86_64-linux-gnu.so" to ""
[7.672s] -- Installing: /home/nash/PycharmProjects/Celestial_Robot/learn/workspace1/install/tutorial_interfaces/local/lib/python3.10/dist-packages/tutorial_interfaces/tutorial_interfaces_s__rosidl_typesupport_c.cpython-310-x86_64-linux-gnu.so
[7.672s] -- Set runtime path of "/home/nash/PycharmProjects/Celestial_Robot/learn/workspace1/install/tutorial_interfaces/local/lib/python3.10/dist-packages/tutorial_interfaces/tutorial_interfaces_s__rosidl_typesupport_c.cpython-310-x86_64-linux-gnu.so" to ""
[7.672s] -- Installing: /home/nash/PycharmProjects/Celestial_Robot/learn/workspace1/install/tutorial_interfaces/lib/libtutorial_interfaces__rosidl_generator_py.so
[7.673s] -- Set runtime path of "/home/nash/PycharmProjects/Celestial_Robot/learn/workspace1/install/tutorial_interfaces/lib/libtutorial_interfaces__rosidl_generator_py.so" to ""
[7.673s] -- Installing: /home/nash/PycharmProjects/Celestial_Robot/learn/workspace1/install/tutorial_interfaces/share/tutorial_interfaces/msg/Num.idl
[7.674s] -- Installing: /home/nash/PycharmProjects/Celestial_Robot/learn/workspace1/install/tutorial_interfaces/share/tutorial_interfaces/msg/Sphere.idl
[7.674s] -- Installing: /home/nash/PycharmProjects/Celestial_Robot/learn/workspace1/install/tutorial_interfaces/share/tutorial_interfaces/srv/AddThreeInts.idl
[7.674s] -- Installing: /home/nash/PycharmProjects/Celestial_Robot/learn/workspace1/install/tutorial_interfaces/share/tutorial_interfaces/msg/Num.msg
[7.675s] -- Installing: /home/nash/PycharmProjects/Celestial_Robot/learn/workspace1/install/tutorial_interfaces/share/tutorial_interfaces/msg/Sphere.msg
[7.675s] -- Installing: /home/nash/PycharmProjects/Celestial_Robot/learn/workspace1/install/tutorial_interfaces/share/tutorial_interfaces/srv/AddThreeInts.srv
[7.675s] -- Installing: /home/nash/PycharmProjects/Celestial_Robot/learn/workspace1/install/tutorial_interfaces/share/tutorial_interfaces/srv/AddThreeInts_Request.msg
[7.675s] -- Installing: /home/nash/PycharmProjects/Celestial_Robot/learn/workspace1/install/tutorial_interfaces/share/tutorial_interfaces/srv/AddThreeInts_Response.msg
[7.676s] -- Up-to-date: /home/nash/PycharmProjects/Celestial_Robot/learn/workspace1/install/tutorial_interfaces/share/ament_index/resource_index/package_run_dependencies/tutorial_interfaces
[7.676s] -- Up-to-date: /home/nash/PycharmProjects/Celestial_Robot/learn/workspace1/install/tutorial_interfaces/share/ament_index/resource_index/parent_prefix_path/tutorial_interfaces
[7.676s] -- Up-to-date: /home/nash/PycharmProjects/Celestial_Robot/learn/workspace1/install/tutorial_interfaces/share/tutorial_interfaces/environment/ament_prefix_path.sh
[7.676s] -- Installing: /home/nash/PycharmProjects/Celestial_Robot/learn/workspace1/install/tutorial_interfaces/share/tutorial_interfaces/environment/ament_prefix_path.dsv
[7.676s] -- Up-to-date: /home/nash/PycharmProjects/Celestial_Robot/learn/workspace1/install/tutorial_interfaces/share/tutorial_interfaces/environment/path.sh
[7.677s] -- Installing: /home/nash/PycharmProjects/Celestial_Robot/learn/workspace1/install/tutorial_interfaces/share/tutorial_interfaces/environment/path.dsv
[7.677s] -- Up-to-date: /home/nash/PycharmProjects/Celestial_Robot/learn/workspace1/install/tutorial_interfaces/share/tutorial_interfaces/local_setup.bash
[7.677s] -- Installing: /home/nash/PycharmProjects/Celestial_Robot/learn/workspace1/install/tutorial_interfaces/share/tutorial_interfaces/local_setup.sh
[7.677s] -- Up-to-date: /home/nash/PycharmProjects/Celestial_Robot/learn/workspace1/install/tutorial_interfaces/share/tutorial_interfaces/local_setup.zsh
[7.677s] -- Installing: /home/nash/PycharmProjects/Celestial_Robot/learn/workspace1/install/tutorial_interfaces/share/tutorial_interfaces/local_setup.dsv
[7.677s] -- Installing: /home/nash/PycharmProjects/Celestial_Robot/learn/workspace1/install/tutorial_interfaces/share/tutorial_interfaces/package.dsv
[7.677s] -- Up-to-date: /home/nash/PycharmProjects/Celestial_Robot/learn/workspace1/install/tutorial_interfaces/share/ament_index/resource_index/packages/tutorial_interfaces
[7.678s] -- Installing: /home/nash/PycharmProjects/Celestial_Robot/learn/workspace1/install/tutorial_interfaces/share/tutorial_interfaces/cmake/export_tutorial_interfaces__rosidl_generator_cExport.cmake
[7.678s] -- Installing: /home/nash/PycharmProjects/Celestial_Robot/learn/workspace1/install/tutorial_interfaces/share/tutorial_interfaces/cmake/export_tutorial_interfaces__rosidl_generator_cExport-noconfig.cmake
[7.678s] -- Installing: /home/nash/PycharmProjects/Celestial_Robot/learn/workspace1/install/tutorial_interfaces/share/tutorial_interfaces/cmake/export_tutorial_interfaces__rosidl_typesupport_fastrtps_cExport.cmake
[7.679s] -- Installing: /home/nash/PycharmProjects/Celestial_Robot/learn/workspace1/install/tutorial_interfaces/share/tutorial_interfaces/cmake/export_tutorial_interfaces__rosidl_typesupport_fastrtps_cExport-noconfig.cmake
[7.679s] -- Installing: /home/nash/PycharmProjects/Celestial_Robot/learn/workspace1/install/tutorial_interfaces/share/tutorial_interfaces/cmake/export_tutorial_interfaces__rosidl_generator_cppExport.cmake
[7.679s] -- Installing: /home/nash/PycharmProjects/Celestial_Robot/learn/workspace1/install/tutorial_interfaces/share/tutorial_interfaces/cmake/export_tutorial_interfaces__rosidl_typesupport_fastrtps_cppExport.cmake
[7.679s] -- Installing: /home/nash/PycharmProjects/Celestial_Robot/learn/workspace1/install/tutorial_interfaces/share/tutorial_interfaces/cmake/export_tutorial_interfaces__rosidl_typesupport_fastrtps_cppExport-noconfig.cmake
[7.680s] -- Installing: /home/nash/PycharmProjects/Celestial_Robot/learn/workspace1/install/tutorial_interfaces/share/tutorial_interfaces/cmake/tutorial_interfaces__rosidl_typesupport_introspection_cExport.cmake
[7.680s] -- Installing: /home/nash/PycharmProjects/Celestial_Robot/learn/workspace1/install/tutorial_interfaces/share/tutorial_interfaces/cmake/tutorial_interfaces__rosidl_typesupport_introspection_cExport-noconfig.cmake
[7.680s] -- Installing: /home/nash/PycharmProjects/Celestial_Robot/learn/workspace1/install/tutorial_interfaces/share/tutorial_interfaces/cmake/tutorial_interfaces__rosidl_typesupport_cExport.cmake
[7.681s] -- Installing: /home/nash/PycharmProjects/Celestial_Robot/learn/workspace1/install/tutorial_interfaces/share/tutorial_interfaces/cmake/tutorial_interfaces__rosidl_typesupport_cExport-noconfig.cmake
[7.681s] -- Installing: /home/nash/PycharmProjects/Celestial_Robot/learn/workspace1/install/tutorial_interfaces/share/tutorial_interfaces/cmake/tutorial_interfaces__rosidl_typesupport_introspection_cppExport.cmake
[7.681s] -- Installing: /home/nash/PycharmProjects/Celestial_Robot/learn/workspace1/install/tutorial_interfaces/share/tutorial_interfaces/cmake/tutorial_interfaces__rosidl_typesupport_introspection_cppExport-noconfig.cmake
[7.681s] -- Installing: /home/nash/PycharmProjects/Celestial_Robot/learn/workspace1/install/tutorial_interfaces/share/tutorial_interfaces/cmake/tutorial_interfaces__rosidl_typesupport_cppExport.cmake
[7.682s] -- Installing: /home/nash/PycharmProjects/Celestial_Robot/learn/workspace1/install/tutorial_interfaces/share/tutorial_interfaces/cmake/tutorial_interfaces__rosidl_typesupport_cppExport-noconfig.cmake
[7.682s] -- Installing: /home/nash/PycharmProjects/Celestial_Robot/learn/workspace1/install/tutorial_interfaces/share/tutorial_interfaces/cmake/export_tutorial_interfaces__rosidl_generator_pyExport.cmake
[7.682s] -- Installing: /home/nash/PycharmProjects/Celestial_Robot/learn/workspace1/install/tutorial_interfaces/share/tutorial_interfaces/cmake/export_tutorial_interfaces__rosidl_generator_pyExport-noconfig.cmake
[7.683s] -- Installing: /home/nash/PycharmProjects/Celestial_Robot/learn/workspace1/install/tutorial_interfaces/share/tutorial_interfaces/cmake/rosidl_cmake-extras.cmake
[7.683s] -- Installing: /home/nash/PycharmProjects/Celestial_Robot/learn/workspace1/install/tutorial_interfaces/share/tutorial_interfaces/cmake/ament_cmake_export_dependencies-extras.cmake
[7.683s] -- Installing: /home/nash/PycharmProjects/Celestial_Robot/learn/workspace1/install/tutorial_interfaces/share/tutorial_interfaces/cmake/ament_cmake_export_include_directories-extras.cmake
[7.684s] -- Installing: /home/nash/PycharmProjects/Celestial_Robot/learn/workspace1/install/tutorial_interfaces/share/tutorial_interfaces/cmake/ament_cmake_export_libraries-extras.cmake
[7.684s] -- Installing: /home/nash/PycharmProjects/Celestial_Robot/learn/workspace1/install/tutorial_interfaces/share/tutorial_interfaces/cmake/ament_cmake_export_targets-extras.cmake
[7.684s] -- Installing: /home/nash/PycharmProjects/Celestial_Robot/learn/workspace1/install/tutorial_interfaces/share/tutorial_interfaces/cmake/rosidl_cmake_export_typesupport_targets-extras.cmake
[7.684s] -- Installing: /home/nash/PycharmProjects/Celestial_Robot/learn/workspace1/install/tutorial_interfaces/share/tutorial_interfaces/cmake/rosidl_cmake_export_typesupport_libraries-extras.cmake
[7.685s] -- Installing: /home/nash/PycharmProjects/Celestial_Robot/learn/workspace1/install/tutorial_interfaces/share/tutorial_interfaces/cmake/tutorial_interfacesConfig.cmake
[7.685s] -- Up-to-date: /home/nash/PycharmProjects/Celestial_Robot/learn/workspace1/install/tutorial_interfaces/share/tutorial_interfaces/cmake/tutorial_interfacesConfig-version.cmake
[7.685s] -- Up-to-date: /home/nash/PycharmProjects/Celestial_Robot/learn/workspace1/install/tutorial_interfaces/share/tutorial_interfaces/package.xml
[7.689s] Invoked command in '/home/nash/PycharmProjects/Celestial_Robot/learn/workspace1/build/tutorial_interfaces' returned '0': CMAKE_PREFIX_PATH=/opt/ros/humble /usr/bin/cmake --install /home/nash/PycharmProjects/Celestial_Robot/learn/workspace1/build/tutorial_interfaces
