[0.012s] Invoking command in '/home/nash/PycharmProjects/Celestial_Robot/learn/workspace1/build/turtlesim': CMAKE_PREFIX_PATH=/opt/ros/humble /usr/bin/cmake /home/nash/PycharmProjects/Celestial_Robot/learn/workspace1/src/ros_tutorials/turtlesim -DCMAKE_INSTALL_PREFIX=/home/nash/PycharmProjects/Celestial_Robot/learn/workspace1/install/turtlesim
[0.083s] -- The C compiler identification is GNU 11.4.0
[0.155s] -- The CXX compiler identification is GNU 11.4.0
[0.164s] -- Detecting C compiler ABI info
[0.252s] -- Detecting C compiler ABI info - done
[0.261s] -- Check for working C compiler: /usr/bin/cc - skipped
[0.261s] -- Detecting C compile features
[0.262s] -- Detecting C compile features - done
[0.265s] -- Detecting CXX compiler ABI info
[0.365s] -- Detecting CXX compiler ABI info - done
[0.374s] -- Check for working CXX compiler: /usr/bin/c++ - skipped
[0.375s] -- Detecting CXX compile features
[0.376s] -- Detecting CXX compile features - done
[0.379s] -- Found ament_cmake: 1.3.9 (/opt/ros/humble/share/ament_cmake/cmake)
[0.560s] -- Found Python3: /usr/bin/python3 (found version "3.10.12") found components: Interpreter 
[0.671s] -- Found ament_index_cpp: 1.4.0 (/opt/ros/humble/share/ament_index_cpp/cmake)
[0.674s] -- Found geometry_msgs: 4.2.4 (/opt/ros/humble/share/geometry_msgs/cmake)
[0.724s] -- Found rosidl_generator_c: 3.1.5 (/opt/ros/humble/share/rosidl_generator_c/cmake)
[0.731s] -- Found rosidl_adapter: 3.1.5 (/opt/ros/humble/share/rosidl_adapter/cmake)
[0.742s] -- Found rosidl_generator_cpp: 3.1.5 (/opt/ros/humble/share/rosidl_generator_cpp/cmake)
[0.759s] -- Using all available rosidl_typesupport_c: rosidl_typesupport_fastrtps_c;rosidl_typesupport_introspection_c
[0.782s] -- Using all available rosidl_typesupport_cpp: rosidl_typesupport_fastrtps_cpp;rosidl_typesupport_introspection_cpp
[0.950s] -- Found rclcpp: 16.0.9 (/opt/ros/humble/share/rclcpp/cmake)
[1.023s] -- Found rmw_implementation_cmake: 6.1.2 (/opt/ros/humble/share/rmw_implementation_cmake/cmake)
[1.026s] -- Found rmw_fastrtps_cpp: 6.2.6 (/opt/ros/humble/share/rmw_fastrtps_cpp/cmake)
[1.151s] -- Found OpenSSL: /usr/lib/x86_64-linux-gnu/libcrypto.so (found version "3.0.2")  
[1.185s] -- Found FastRTPS: /opt/ros/humble/include  
[1.243s] -- Using RMW implementation 'rmw_fastrtps_cpp' as default
[1.255s] -- Looking for pthread.h
[1.347s] -- Looking for pthread.h - found
[1.347s] -- Performing Test CMAKE_HAVE_LIBC_PTHREAD
[1.442s] -- Performing Test CMAKE_HAVE_LIBC_PTHREAD - Success
[1.443s] -- Found Threads: TRUE  
[1.605s] -- Found rclcpp_action: 16.0.9 (/opt/ros/humble/share/rclcpp_action/cmake)
[1.721s] -- Found rosidl_default_generators: 1.2.0 (/opt/ros/humble/share/rosidl_default_generators/cmake)
[1.734s] -- Found std_srvs: 4.2.4 (/opt/ros/humble/share/std_srvs/cmake)
[2.118s] -- Found ament_cmake_ros: 0.10.0 (/opt/ros/humble/share/ament_cmake_ros/cmake)
[2.497s] -- Using all available rosidl_typesupport_c: rosidl_typesupport_fastrtps_c;rosidl_typesupport_introspection_c
[2.645s] -- Using all available rosidl_typesupport_cpp: rosidl_typesupport_fastrtps_cpp;rosidl_typesupport_introspection_cpp
[2.673s] -- Found PythonInterp: /usr/bin/python3 (found suitable version "3.10.12", minimum required is "3.6") 
[2.675s] -- Found python_cmake_module: 0.10.0 (/opt/ros/humble/share/python_cmake_module/cmake)
[2.704s] -- Found PythonLibs: /usr/lib/x86_64-linux-gnu/libpython3.10.so (found suitable version "3.10.12", minimum required is "3.5") 
[2.704s] -- Using PYTHON_EXECUTABLE: /usr/bin/python3
[2.704s] -- Using PYTHON_INCLUDE_DIRS: /usr/include/python3.10
[2.704s] -- Using PYTHON_LIBRARIES: /usr/lib/x86_64-linux-gnu/libpython3.10.so
[2.730s] -- Found PythonExtra: .so  
[2.794s] -- Configuring done
[2.889s] -- Generating done
[2.893s] -- Build files have been written to: /home/nash/PycharmProjects/Celestial_Robot/learn/workspace1/build/turtlesim
[2.909s] Invoked command in '/home/nash/PycharmProjects/Celestial_Robot/learn/workspace1/build/turtlesim' returned '0': CMAKE_PREFIX_PATH=/opt/ros/humble /usr/bin/cmake /home/nash/PycharmProjects/Celestial_Robot/learn/workspace1/src/ros_tutorials/turtlesim -DCMAKE_INSTALL_PREFIX=/home/nash/PycharmProjects/Celestial_Robot/learn/workspace1/install/turtlesim
[2.913s] Invoking command in '/home/nash/PycharmProjects/Celestial_Robot/learn/workspace1/build/turtlesim': CMAKE_PREFIX_PATH=/opt/ros/humble /usr/bin/cmake --build /home/nash/PycharmProjects/Celestial_Robot/learn/workspace1/build/turtlesim -- -j4 -l4
[2.974s] [  1%] [34m[1mGenerating C code for ROS interfaces[0m
[2.994s] [  2%] [34m[1mGenerating C++ code for ROS interfaces[0m
[2.994s] [  2%] Built target ament_cmake_python_copy_turtlesim
[3.464s] running egg_info
[3.465s] creating turtlesim.egg-info
[3.466s] writing turtlesim.egg-info/PKG-INFO
[3.466s] writing dependency_links to turtlesim.egg-info/dependency_links.txt
[3.467s] writing top-level names to turtlesim.egg-info/top_level.txt
[3.467s] writing manifest file 'turtlesim.egg-info/SOURCES.txt'
[3.471s] reading manifest file 'turtlesim.egg-info/SOURCES.txt'
[3.473s] writing manifest file 'turtlesim.egg-info/SOURCES.txt'
[3.519s] [  2%] Built target ament_cmake_python_build_turtlesim_egg
[4.365s] [  4%] [32mBuilding C object CMakeFiles/turtlesim__rosidl_generator_c.dir/rosidl_generator_c/turtlesim/action/detail/rotate_absolute__functions.c.o[0m
[4.365s] [  4%] [32mBuilding C object CMakeFiles/turtlesim__rosidl_generator_c.dir/rosidl_generator_c/turtlesim/msg/detail/color__functions.c.o[0m
[4.368s] [  5%] [32mBuilding C object CMakeFiles/turtlesim__rosidl_generator_c.dir/rosidl_generator_c/turtlesim/msg/detail/pose__functions.c.o[0m
[4.462s] [  6%] [32mBuilding C object CMakeFiles/turtlesim__rosidl_generator_c.dir/rosidl_generator_c/turtlesim/srv/detail/kill__functions.c.o[0m
[4.484s] [  7%] [32mBuilding C object CMakeFiles/turtlesim__rosidl_generator_c.dir/rosidl_generator_c/turtlesim/srv/detail/set_pen__functions.c.o[0m
[4.581s] [  8%] [32mBuilding C object CMakeFiles/turtlesim__rosidl_generator_c.dir/rosidl_generator_c/turtlesim/srv/detail/spawn__functions.c.o[0m
[4.607s] [  9%] [32mBuilding C object CMakeFiles/turtlesim__rosidl_generator_c.dir/rosidl_generator_c/turtlesim/srv/detail/teleport_absolute__functions.c.o[0m
[4.627s] [ 10%] [32mBuilding C object CMakeFiles/turtlesim__rosidl_generator_c.dir/rosidl_generator_c/turtlesim/srv/detail/teleport_relative__functions.c.o[0m
[4.749s] [ 11%] [32m[1mLinking C shared library libturtlesim__rosidl_generator_c.so[0m
[4.779s] [ 11%] Built target turtlesim__cpp
[4.797s] [ 12%] [34m[1mGenerating C++ type support for eProsima Fast-RTPS[0m
[4.798s] [ 13%] [34m[1mGenerating C++ type support dispatch for ROS interfaces[0m
[4.798s] [ 14%] [34m[1mGenerating C++ introspection for ROS interfaces[0m
[4.824s] [ 14%] Built target turtlesim__rosidl_generator_c
[4.841s] [ 15%] [34m[1mGenerating C type support for eProsima Fast-RTPS[0m
[6.024s] [ 16%] [32mBuilding CXX object CMakeFiles/turtlesim__rosidl_typesupport_cpp.dir/rosidl_typesupport_cpp/turtlesim/action/rotate_absolute__type_support.cpp.o[0m
[6.414s] [ 17%] [32mBuilding CXX object CMakeFiles/turtlesim__rosidl_typesupport_introspection_cpp.dir/rosidl_typesupport_introspection_cpp/turtlesim/action/detail/rotate_absolute__type_support.cpp.o[0m
[6.726s] [ 18%] [32mBuilding CXX object CMakeFiles/turtlesim__rosidl_typesupport_fastrtps_c.dir/rosidl_typesupport_fastrtps_c/turtlesim/action/detail/rotate_absolute__type_support_c.cpp.o[0m
[6.947s] [ 19%] [32mBuilding CXX object CMakeFiles/turtlesim__rosidl_typesupport_cpp.dir/rosidl_typesupport_cpp/turtlesim/msg/color__type_support.cpp.o[0m
[7.007s] [ 20%] [32mBuilding CXX object CMakeFiles/turtlesim__rosidl_typesupport_fastrtps_cpp.dir/rosidl_typesupport_fastrtps_cpp/turtlesim/action/detail/dds_fastrtps/rotate_absolute__type_support.cpp.o[0m
[7.496s] [ 21%] [32mBuilding CXX object CMakeFiles/turtlesim__rosidl_typesupport_cpp.dir/rosidl_typesupport_cpp/turtlesim/msg/pose__type_support.cpp.o[0m
[7.509s] [ 22%] [32mBuilding CXX object CMakeFiles/turtlesim__rosidl_typesupport_fastrtps_c.dir/rosidl_typesupport_fastrtps_c/turtlesim/msg/detail/color__type_support_c.cpp.o[0m
[7.713s] [ 23%] [32mBuilding CXX object CMakeFiles/turtlesim__rosidl_typesupport_introspection_cpp.dir/rosidl_typesupport_introspection_cpp/turtlesim/msg/detail/color__type_support.cpp.o[0m
[8.033s] [ 24%] [32mBuilding CXX object CMakeFiles/turtlesim__rosidl_typesupport_cpp.dir/rosidl_typesupport_cpp/turtlesim/srv/kill__type_support.cpp.o[0m
[8.190s] [ 25%] [32mBuilding CXX object CMakeFiles/turtlesim__rosidl_typesupport_fastrtps_c.dir/rosidl_typesupport_fastrtps_c/turtlesim/msg/detail/pose__type_support_c.cpp.o[0m
[8.200s] [ 26%] [32mBuilding CXX object CMakeFiles/turtlesim__rosidl_typesupport_fastrtps_cpp.dir/rosidl_typesupport_fastrtps_cpp/turtlesim/msg/detail/dds_fastrtps/color__type_support.cpp.o[0m
[8.513s] [ 27%] [32mBuilding CXX object CMakeFiles/turtlesim__rosidl_typesupport_introspection_cpp.dir/rosidl_typesupport_introspection_cpp/turtlesim/msg/detail/pose__type_support.cpp.o[0m
[8.593s] [ 28%] [32mBuilding CXX object CMakeFiles/turtlesim__rosidl_typesupport_cpp.dir/rosidl_typesupport_cpp/turtlesim/srv/set_pen__type_support.cpp.o[0m
[8.863s] [ 29%] [32mBuilding CXX object CMakeFiles/turtlesim__rosidl_typesupport_fastrtps_c.dir/rosidl_typesupport_fastrtps_c/turtlesim/srv/detail/kill__type_support_c.cpp.o[0m
[9.050s] [ 30%] [32mBuilding CXX object CMakeFiles/turtlesim__rosidl_typesupport_fastrtps_cpp.dir/rosidl_typesupport_fastrtps_cpp/turtlesim/msg/detail/dds_fastrtps/pose__type_support.cpp.o[0m
[9.145s] [ 31%] [32mBuilding CXX object CMakeFiles/turtlesim__rosidl_typesupport_cpp.dir/rosidl_typesupport_cpp/turtlesim/srv/spawn__type_support.cpp.o[0m
[9.331s] [ 32%] [32mBuilding CXX object CMakeFiles/turtlesim__rosidl_typesupport_introspection_cpp.dir/rosidl_typesupport_introspection_cpp/turtlesim/srv/detail/kill__type_support.cpp.o[0m
[9.586s] [ 33%] [32mBuilding CXX object CMakeFiles/turtlesim__rosidl_typesupport_fastrtps_c.dir/rosidl_typesupport_fastrtps_c/turtlesim/srv/detail/set_pen__type_support_c.cpp.o[0m
[9.686s] [ 34%] [32mBuilding CXX object CMakeFiles/turtlesim__rosidl_typesupport_cpp.dir/rosidl_typesupport_cpp/turtlesim/srv/teleport_absolute__type_support.cpp.o[0m
[9.960s] [ 35%] [32mBuilding CXX object CMakeFiles/turtlesim__rosidl_typesupport_fastrtps_cpp.dir/rosidl_typesupport_fastrtps_cpp/turtlesim/srv/detail/dds_fastrtps/kill__type_support.cpp.o[0m
[10.169s] [ 36%] [32mBuilding CXX object CMakeFiles/turtlesim__rosidl_typesupport_introspection_cpp.dir/rosidl_typesupport_introspection_cpp/turtlesim/srv/detail/set_pen__type_support.cpp.o[0m
[10.222s] [ 37%] [32mBuilding CXX object CMakeFiles/turtlesim__rosidl_typesupport_cpp.dir/rosidl_typesupport_cpp/turtlesim/srv/teleport_relative__type_support.cpp.o[0m
[10.274s] [ 38%] [32mBuilding CXX object CMakeFiles/turtlesim__rosidl_typesupport_fastrtps_c.dir/rosidl_typesupport_fastrtps_c/turtlesim/srv/detail/spawn__type_support_c.cpp.o[0m
[10.772s] [ 39%] [32m[1mLinking CXX shared library libturtlesim__rosidl_typesupport_cpp.so[0m
[10.860s] [ 39%] Built target turtlesim__rosidl_typesupport_cpp
[10.869s] [ 40%] [32mBuilding CXX object CMakeFiles/turtlesim__rosidl_typesupport_fastrtps_cpp.dir/rosidl_typesupport_fastrtps_cpp/turtlesim/srv/detail/dds_fastrtps/set_pen__type_support.cpp.o[0m
[10.879s] [ 41%] [34m[1mGenerating C introspection for ROS interfaces[0m
[10.984s] [ 42%] [32mBuilding CXX object CMakeFiles/turtlesim__rosidl_typesupport_introspection_cpp.dir/rosidl_typesupport_introspection_cpp/turtlesim/srv/detail/spawn__type_support.cpp.o[0m
[10.992s] [ 43%] [32mBuilding CXX object CMakeFiles/turtlesim__rosidl_typesupport_fastrtps_c.dir/rosidl_typesupport_fastrtps_c/turtlesim/srv/detail/teleport_absolute__type_support_c.cpp.o[0m
[11.674s] [ 44%] [32mBuilding CXX object CMakeFiles/turtlesim__rosidl_typesupport_fastrtps_c.dir/rosidl_typesupport_fastrtps_c/turtlesim/srv/detail/teleport_relative__type_support_c.cpp.o[0m
[11.796s] [ 45%] [32mBuilding CXX object CMakeFiles/turtlesim__rosidl_typesupport_fastrtps_cpp.dir/rosidl_typesupport_fastrtps_cpp/turtlesim/srv/detail/dds_fastrtps/spawn__type_support.cpp.o[0m
[11.827s] [ 46%] [32mBuilding CXX object CMakeFiles/turtlesim__rosidl_typesupport_introspection_cpp.dir/rosidl_typesupport_introspection_cpp/turtlesim/srv/detail/teleport_absolute__type_support.cpp.o[0m
[12.454s] [ 47%] [32m[1mLinking CXX shared library libturtlesim__rosidl_typesupport_fastrtps_c.so[0m
[12.668s] [ 47%] Built target turtlesim__rosidl_typesupport_fastrtps_c
[12.692s] [ 48%] [34m[1mGenerating C type support dispatch for ROS interfaces[0m
[12.828s] [ 49%] [32mBuilding CXX object CMakeFiles/turtlesim__rosidl_typesupport_introspection_cpp.dir/rosidl_typesupport_introspection_cpp/turtlesim/srv/detail/teleport_relative__type_support.cpp.o[0m
[12.959s] [ 50%] [32mBuilding C object CMakeFiles/turtlesim__rosidl_typesupport_introspection_c.dir/rosidl_typesupport_introspection_c/turtlesim/action/detail/rotate_absolute__type_support.c.o[0m
[12.990s] [ 51%] [32mBuilding CXX object CMakeFiles/turtlesim__rosidl_typesupport_fastrtps_cpp.dir/rosidl_typesupport_fastrtps_cpp/turtlesim/srv/detail/dds_fastrtps/teleport_absolute__type_support.cpp.o[0m
[13.062s] [ 52%] [32mBuilding C object CMakeFiles/turtlesim__rosidl_typesupport_introspection_c.dir/rosidl_typesupport_introspection_c/turtlesim/msg/detail/color__type_support.c.o[0m
[13.136s] [ 53%] [32mBuilding C object CMakeFiles/turtlesim__rosidl_typesupport_introspection_c.dir/rosidl_typesupport_introspection_c/turtlesim/msg/detail/pose__type_support.c.o[0m
[13.209s] [ 54%] [32mBuilding C object CMakeFiles/turtlesim__rosidl_typesupport_introspection_c.dir/rosidl_typesupport_introspection_c/turtlesim/srv/detail/kill__type_support.c.o[0m
[13.288s] [ 55%] [32mBuilding C object CMakeFiles/turtlesim__rosidl_typesupport_introspection_c.dir/rosidl_typesupport_introspection_c/turtlesim/srv/detail/set_pen__type_support.c.o[0m
[13.365s] [ 56%] [32mBuilding C object CMakeFiles/turtlesim__rosidl_typesupport_introspection_c.dir/rosidl_typesupport_introspection_c/turtlesim/srv/detail/spawn__type_support.c.o[0m
[13.444s] [ 57%] [32mBuilding C object CMakeFiles/turtlesim__rosidl_typesupport_introspection_c.dir/rosidl_typesupport_introspection_c/turtlesim/srv/detail/teleport_absolute__type_support.c.o[0m
[13.523s] [ 58%] [32mBuilding C object CMakeFiles/turtlesim__rosidl_typesupport_introspection_c.dir/rosidl_typesupport_introspection_c/turtlesim/srv/detail/teleport_relative__type_support.c.o[0m
[13.604s] [ 59%] [32m[1mLinking C shared library libturtlesim__rosidl_typesupport_introspection_c.so[0m
[13.673s] [ 59%] Built target turtlesim__rosidl_typesupport_introspection_c
[13.693s] [ 60%] [34m[1mGenerating include/turtlesim/moc_turtle_frame.cpp[0m
[13.780s] [ 61%] [32m[1mLinking CXX shared library libturtlesim__rosidl_typesupport_introspection_cpp.so[0m
[13.840s] [ 62%] [32mBuilding CXX object CMakeFiles/turtlesim_node.dir/src/turtlesim.cpp.o[0m
[13.926s] [ 63%] [32mBuilding CXX object CMakeFiles/turtlesim__rosidl_typesupport_fastrtps_cpp.dir/rosidl_typesupport_fastrtps_cpp/turtlesim/srv/detail/dds_fastrtps/teleport_relative__type_support.cpp.o[0m
[13.958s] [ 63%] Built target turtlesim__rosidl_typesupport_introspection_cpp
[14.006s] [ 64%] [32mBuilding CXX object CMakeFiles/turtle_teleop_key.dir/tutorials/teleop_turtle_key.cpp.o[0m
[14.184s] [ 65%] [32mBuilding CXX object CMakeFiles/turtlesim__rosidl_typesupport_c.dir/rosidl_typesupport_c/turtlesim/action/rotate_absolute__type_support.cpp.o[0m
[14.303s] [ 66%] [32mBuilding CXX object CMakeFiles/turtlesim__rosidl_typesupport_c.dir/rosidl_typesupport_c/turtlesim/msg/color__type_support.cpp.o[0m
[14.370s] [ 67%] [32mBuilding CXX object CMakeFiles/turtlesim__rosidl_typesupport_c.dir/rosidl_typesupport_c/turtlesim/msg/pose__type_support.cpp.o[0m
[14.436s] [ 68%] [32mBuilding CXX object CMakeFiles/turtlesim__rosidl_typesupport_c.dir/rosidl_typesupport_c/turtlesim/srv/kill__type_support.cpp.o[0m
[14.507s] [ 69%] [32mBuilding CXX object CMakeFiles/turtlesim__rosidl_typesupport_c.dir/rosidl_typesupport_c/turtlesim/srv/set_pen__type_support.cpp.o[0m
[14.577s] [ 70%] [32mBuilding CXX object CMakeFiles/turtlesim__rosidl_typesupport_c.dir/rosidl_typesupport_c/turtlesim/srv/spawn__type_support.cpp.o[0m
[14.646s] [ 71%] [32mBuilding CXX object CMakeFiles/turtlesim__rosidl_typesupport_c.dir/rosidl_typesupport_c/turtlesim/srv/teleport_absolute__type_support.cpp.o[0m
[14.717s] [ 72%] [32mBuilding CXX object CMakeFiles/turtlesim__rosidl_typesupport_c.dir/rosidl_typesupport_c/turtlesim/srv/teleport_relative__type_support.cpp.o[0m
[14.791s] [ 73%] [32m[1mLinking CXX shared library libturtlesim__rosidl_typesupport_c.so[0m
[14.869s] [ 74%] [32m[1mLinking CXX shared library libturtlesim__rosidl_typesupport_fastrtps_cpp.so[0m
[14.889s] [ 74%] Built target turtlesim__rosidl_typesupport_c
[14.930s] [ 75%] [32mBuilding CXX object CMakeFiles/draw_square.dir/tutorials/draw_square.cpp.o[0m
[15.038s] [ 75%] Built target turtlesim__rosidl_typesupport_fastrtps_cpp
[15.080s] [ 76%] [32mBuilding CXX object CMakeFiles/mimic.dir/tutorials/mimic.cpp.o[0m
[23.249s] [ 77%] [32mBuilding CXX object CMakeFiles/turtlesim_node.dir/src/turtle.cpp.o[0m
[27.442s] [ 78%] [32m[1mLinking CXX executable turtle_teleop_key[0m
[28.193s] [ 78%] Built target turtle_teleop_key
[28.238s] [ 78%] Built target turtlesim
[28.282s] [ 79%] [34m[1mGenerating Python code for ROS interfaces[0m
[32.845s] [ 79%] Built target turtlesim__py
[32.890s] [ 80%] [32mBuilding C object CMakeFiles/turtlesim__rosidl_generator_py.dir/rosidl_generator_py/turtlesim/action/_rotate_absolute_s.c.o[0m
[33.219s] [ 81%] [32mBuilding C object CMakeFiles/turtlesim__rosidl_generator_py.dir/rosidl_generator_py/turtlesim/msg/_color_s.c.o[0m
[33.468s] [ 82%] [32mBuilding C object CMakeFiles/turtlesim__rosidl_generator_py.dir/rosidl_generator_py/turtlesim/msg/_pose_s.c.o[0m
[33.721s] [ 83%] [32mBuilding C object CMakeFiles/turtlesim__rosidl_generator_py.dir/rosidl_generator_py/turtlesim/srv/_kill_s.c.o[0m
[33.832s] [ 84%] [32m[1mLinking CXX executable mimic[0m
[34.001s] [ 85%] [32mBuilding C object CMakeFiles/turtlesim__rosidl_generator_py.dir/rosidl_generator_py/turtlesim/srv/_set_pen_s.c.o[0m
[34.280s] [ 86%] [32mBuilding C object CMakeFiles/turtlesim__rosidl_generator_py.dir/rosidl_generator_py/turtlesim/srv/_spawn_s.c.o[0m
[34.400s] [ 87%] [32m[1mLinking CXX executable draw_square[0m
[34.569s] [ 88%] [32mBuilding C object CMakeFiles/turtlesim__rosidl_generator_py.dir/rosidl_generator_py/turtlesim/srv/_teleport_absolute_s.c.o[0m
[34.842s] [ 89%] [32mBuilding C object CMakeFiles/turtlesim__rosidl_generator_py.dir/rosidl_generator_py/turtlesim/srv/_teleport_relative_s.c.o[0m
[34.924s] [ 89%] Built target mimic
[34.942s] [ 90%] [32mBuilding CXX object CMakeFiles/turtlesim_node.dir/src/turtle_frame.cpp.o[0m
[35.091s] [ 91%] [32m[1mLinking C shared library rosidl_generator_py/turtlesim/libturtlesim__rosidl_generator_py.so[0m
[35.182s] [ 91%] Built target turtlesim__rosidl_generator_py
[35.224s] [ 92%] [32mBuilding C object CMakeFiles/turtlesim__rosidl_typesupport_fastrtps_c__pyext.dir/rosidl_generator_py/turtlesim/_turtlesim_s.ep.rosidl_typesupport_fastrtps_c.c.o[0m
[35.538s] [ 92%] Built target draw_square
[35.584s] [ 93%] [32mBuilding C object CMakeFiles/turtlesim__rosidl_typesupport_introspection_c__pyext.dir/rosidl_generator_py/turtlesim/_turtlesim_s.ep.rosidl_typesupport_introspection_c.c.o[0m
[35.618s] [ 94%] [32m[1mLinking C shared library rosidl_generator_py/turtlesim/turtlesim_s__rosidl_typesupport_fastrtps_c.cpython-310-x86_64-linux-gnu.so[0m
[35.714s] [ 94%] Built target turtlesim__rosidl_typesupport_fastrtps_c__pyext
[35.760s] [ 95%] [32mBuilding C object CMakeFiles/turtlesim__rosidl_typesupport_c__pyext.dir/rosidl_generator_py/turtlesim/_turtlesim_s.ep.rosidl_typesupport_c.c.o[0m
[35.975s] [ 96%] [32m[1mLinking C shared library rosidl_generator_py/turtlesim/turtlesim_s__rosidl_typesupport_introspection_c.cpython-310-x86_64-linux-gnu.so[0m
[36.077s] [ 96%] Built target turtlesim__rosidl_typesupport_introspection_c__pyext
[36.097s] [ 97%] [32mBuilding CXX object CMakeFiles/turtlesim_node.dir/include/turtlesim/moc_turtle_frame.cpp.o[0m
[36.162s] [ 98%] [32m[1mLinking C shared library rosidl_generator_py/turtlesim/turtlesim_s__rosidl_typesupport_c.cpython-310-x86_64-linux-gnu.so[0m
[36.269s] [ 98%] Built target turtlesim__rosidl_typesupport_c__pyext
[52.437s] [100%] [32m[1mLinking CXX executable turtlesim_node[0m
[55.123s] [100%] Built target turtlesim_node
[55.140s] Invoked command in '/home/nash/PycharmProjects/Celestial_Robot/learn/workspace1/build/turtlesim' returned '0': CMAKE_PREFIX_PATH=/opt/ros/humble /usr/bin/cmake --build /home/nash/PycharmProjects/Celestial_Robot/learn/workspace1/build/turtlesim -- -j4 -l4
[55.465s] Invoking command in '/home/nash/PycharmProjects/Celestial_Robot/learn/workspace1/build/turtlesim': CMAKE_PREFIX_PATH=/opt/ros/humble /usr/bin/cmake --install /home/nash/PycharmProjects/Celestial_Robot/learn/workspace1/build/turtlesim
[55.476s] -- Install configuration: ""
[55.476s] -- Installing: /home/nash/PycharmProjects/Celestial_Robot/learn/workspace1/install/turtlesim/share/ament_index/resource_index/rosidl_interfaces/turtlesim
[55.476s] -- Installing: /home/nash/PycharmProjects/Celestial_Robot/learn/workspace1/install/turtlesim/include/turtlesim/turtlesim
[55.477s] -- Installing: /home/nash/PycharmProjects/Celestial_Robot/learn/workspace1/install/turtlesim/include/turtlesim/turtlesim/action
[55.477s] -- Installing: /home/nash/PycharmProjects/Celestial_Robot/learn/workspace1/install/turtlesim/include/turtlesim/turtlesim/action/rotate_absolute.h
[55.477s] -- Installing: /home/nash/PycharmProjects/Celestial_Robot/learn/workspace1/install/turtlesim/include/turtlesim/turtlesim/action/detail
[55.477s] -- Installing: /home/nash/PycharmProjects/Celestial_Robot/learn/workspace1/install/turtlesim/include/turtlesim/turtlesim/action/detail/rotate_absolute__struct.h
[55.477s] -- Installing: /home/nash/PycharmProjects/Celestial_Robot/learn/workspace1/install/turtlesim/include/turtlesim/turtlesim/action/detail/rotate_absolute__functions.c
[55.478s] -- Installing: /home/nash/PycharmProjects/Celestial_Robot/learn/workspace1/install/turtlesim/include/turtlesim/turtlesim/action/detail/rotate_absolute__type_support.h
[55.478s] -- Installing: /home/nash/PycharmProjects/Celestial_Robot/learn/workspace1/install/turtlesim/include/turtlesim/turtlesim/action/detail/rotate_absolute__functions.h
[55.478s] -- Installing: /home/nash/PycharmProjects/Celestial_Robot/learn/workspace1/install/turtlesim/include/turtlesim/turtlesim/srv
[55.478s] -- Installing: /home/nash/PycharmProjects/Celestial_Robot/learn/workspace1/install/turtlesim/include/turtlesim/turtlesim/srv/teleport_relative.h
[55.479s] -- Installing: /home/nash/PycharmProjects/Celestial_Robot/learn/workspace1/install/turtlesim/include/turtlesim/turtlesim/srv/teleport_absolute.h
[55.479s] -- Installing: /home/nash/PycharmProjects/Celestial_Robot/learn/workspace1/install/turtlesim/include/turtlesim/turtlesim/srv/kill.h
[55.479s] -- Installing: /home/nash/PycharmProjects/Celestial_Robot/learn/workspace1/install/turtlesim/include/turtlesim/turtlesim/srv/set_pen.h
[55.479s] -- Installing: /home/nash/PycharmProjects/Celestial_Robot/learn/workspace1/install/turtlesim/include/turtlesim/turtlesim/srv/spawn.h
[55.479s] -- Installing: /home/nash/PycharmProjects/Celestial_Robot/learn/workspace1/install/turtlesim/include/turtlesim/turtlesim/srv/detail
[55.480s] -- Installing: /home/nash/PycharmProjects/Celestial_Robot/learn/workspace1/install/turtlesim/include/turtlesim/turtlesim/srv/detail/kill__functions.c
[55.480s] -- Installing: /home/nash/PycharmProjects/Celestial_Robot/learn/workspace1/install/turtlesim/include/turtlesim/turtlesim/srv/detail/kill__type_support.h
[55.480s] -- Installing: /home/nash/PycharmProjects/Celestial_Robot/learn/workspace1/install/turtlesim/include/turtlesim/turtlesim/srv/detail/teleport_absolute__functions.c
[55.480s] -- Installing: /home/nash/PycharmProjects/Celestial_Robot/learn/workspace1/install/turtlesim/include/turtlesim/turtlesim/srv/detail/teleport_absolute__struct.h
[55.481s] -- Installing: /home/nash/PycharmProjects/Celestial_Robot/learn/workspace1/install/turtlesim/include/turtlesim/turtlesim/srv/detail/kill__functions.h
[55.481s] -- Installing: /home/nash/PycharmProjects/Celestial_Robot/learn/workspace1/install/turtlesim/include/turtlesim/turtlesim/srv/detail/spawn__type_support.h
[55.481s] -- Installing: /home/nash/PycharmProjects/Celestial_Robot/learn/workspace1/install/turtlesim/include/turtlesim/turtlesim/srv/detail/spawn__functions.c
[55.481s] -- Installing: /home/nash/PycharmProjects/Celestial_Robot/learn/workspace1/install/turtlesim/include/turtlesim/turtlesim/srv/detail/set_pen__functions.c
[55.482s] -- Installing: /home/nash/PycharmProjects/Celestial_Robot/learn/workspace1/install/turtlesim/include/turtlesim/turtlesim/srv/detail/teleport_relative__functions.h
[55.482s] -- Installing: /home/nash/PycharmProjects/Celestial_Robot/learn/workspace1/install/turtlesim/include/turtlesim/turtlesim/srv/detail/teleport_relative__struct.h
[55.482s] -- Installing: /home/nash/PycharmProjects/Celestial_Robot/learn/workspace1/install/turtlesim/include/turtlesim/turtlesim/srv/detail/set_pen__functions.h
[55.482s] -- Installing: /home/nash/PycharmProjects/Celestial_Robot/learn/workspace1/install/turtlesim/include/turtlesim/turtlesim/srv/detail/spawn__struct.h
[55.483s] -- Installing: /home/nash/PycharmProjects/Celestial_Robot/learn/workspace1/install/turtlesim/include/turtlesim/turtlesim/srv/detail/teleport_relative__functions.c
[55.483s] -- Installing: /home/nash/PycharmProjects/Celestial_Robot/learn/workspace1/install/turtlesim/include/turtlesim/turtlesim/srv/detail/teleport_absolute__functions.h
[55.483s] -- Installing: /home/nash/PycharmProjects/Celestial_Robot/learn/workspace1/install/turtlesim/include/turtlesim/turtlesim/srv/detail/teleport_absolute__type_support.h
[55.483s] -- Installing: /home/nash/PycharmProjects/Celestial_Robot/learn/workspace1/install/turtlesim/include/turtlesim/turtlesim/srv/detail/teleport_relative__type_support.h
[55.484s] -- Installing: /home/nash/PycharmProjects/Celestial_Robot/learn/workspace1/install/turtlesim/include/turtlesim/turtlesim/srv/detail/set_pen__type_support.h
[55.484s] -- Installing: /home/nash/PycharmProjects/Celestial_Robot/learn/workspace1/install/turtlesim/include/turtlesim/turtlesim/srv/detail/spawn__functions.h
[55.484s] -- Installing: /home/nash/PycharmProjects/Celestial_Robot/learn/workspace1/install/turtlesim/include/turtlesim/turtlesim/srv/detail/set_pen__struct.h
[55.485s] -- Installing: /home/nash/PycharmProjects/Celestial_Robot/learn/workspace1/install/turtlesim/include/turtlesim/turtlesim/srv/detail/kill__struct.h
[55.485s] -- Installing: /home/nash/PycharmProjects/Celestial_Robot/learn/workspace1/install/turtlesim/include/turtlesim/turtlesim/msg
[55.485s] -- Installing: /home/nash/PycharmProjects/Celestial_Robot/learn/workspace1/install/turtlesim/include/turtlesim/turtlesim/msg/pose.h
[55.485s] -- Installing: /home/nash/PycharmProjects/Celestial_Robot/learn/workspace1/install/turtlesim/include/turtlesim/turtlesim/msg/rosidl_generator_c__visibility_control.h
[55.486s] -- Installing: /home/nash/PycharmProjects/Celestial_Robot/learn/workspace1/install/turtlesim/include/turtlesim/turtlesim/msg/detail
[55.486s] -- Installing: /home/nash/PycharmProjects/Celestial_Robot/learn/workspace1/install/turtlesim/include/turtlesim/turtlesim/msg/detail/color__struct.h
[55.486s] -- Installing: /home/nash/PycharmProjects/Celestial_Robot/learn/workspace1/install/turtlesim/include/turtlesim/turtlesim/msg/detail/pose__functions.c
[55.486s] -- Installing: /home/nash/PycharmProjects/Celestial_Robot/learn/workspace1/install/turtlesim/include/turtlesim/turtlesim/msg/detail/pose__struct.h
[55.487s] -- Installing: /home/nash/PycharmProjects/Celestial_Robot/learn/workspace1/install/turtlesim/include/turtlesim/turtlesim/msg/detail/pose__type_support.h
[55.487s] -- Installing: /home/nash/PycharmProjects/Celestial_Robot/learn/workspace1/install/turtlesim/include/turtlesim/turtlesim/msg/detail/color__type_support.h
[55.487s] -- Installing: /home/nash/PycharmProjects/Celestial_Robot/learn/workspace1/install/turtlesim/include/turtlesim/turtlesim/msg/detail/color__functions.c
[55.487s] -- Installing: /home/nash/PycharmProjects/Celestial_Robot/learn/workspace1/install/turtlesim/include/turtlesim/turtlesim/msg/detail/pose__functions.h
[55.488s] -- Installing: /home/nash/PycharmProjects/Celestial_Robot/learn/workspace1/install/turtlesim/include/turtlesim/turtlesim/msg/detail/color__functions.h
[55.488s] -- Installing: /home/nash/PycharmProjects/Celestial_Robot/learn/workspace1/install/turtlesim/include/turtlesim/turtlesim/msg/color.h
[55.489s] -- Installing: /home/nash/PycharmProjects/Celestial_Robot/learn/workspace1/install/turtlesim/share/turtlesim/environment/library_path.sh
[55.489s] -- Installing: /home/nash/PycharmProjects/Celestial_Robot/learn/workspace1/install/turtlesim/share/turtlesim/environment/library_path.dsv
[55.489s] -- Installing: /home/nash/PycharmProjects/Celestial_Robot/learn/workspace1/install/turtlesim/lib/libturtlesim__rosidl_generator_c.so
[55.490s] -- Set runtime path of "/home/nash/PycharmProjects/Celestial_Robot/learn/workspace1/install/turtlesim/lib/libturtlesim__rosidl_generator_c.so" to ""
[55.490s] -- Up-to-date: /home/nash/PycharmProjects/Celestial_Robot/learn/workspace1/install/turtlesim/include/turtlesim/turtlesim
[55.491s] -- Up-to-date: /home/nash/PycharmProjects/Celestial_Robot/learn/workspace1/install/turtlesim/include/turtlesim/turtlesim/action
[55.491s] -- Up-to-date: /home/nash/PycharmProjects/Celestial_Robot/learn/workspace1/install/turtlesim/include/turtlesim/turtlesim/action/detail
[55.491s] -- Installing: /home/nash/PycharmProjects/Celestial_Robot/learn/workspace1/install/turtlesim/include/turtlesim/turtlesim/action/detail/rotate_absolute__rosidl_typesupport_fastrtps_c.h
[55.491s] -- Up-to-date: /home/nash/PycharmProjects/Celestial_Robot/learn/workspace1/install/turtlesim/include/turtlesim/turtlesim/srv
[55.491s] -- Up-to-date: /home/nash/PycharmProjects/Celestial_Robot/learn/workspace1/install/turtlesim/include/turtlesim/turtlesim/srv/detail
[55.491s] -- Installing: /home/nash/PycharmProjects/Celestial_Robot/learn/workspace1/install/turtlesim/include/turtlesim/turtlesim/srv/detail/kill__rosidl_typesupport_fastrtps_c.h
[55.492s] -- Installing: /home/nash/PycharmProjects/Celestial_Robot/learn/workspace1/install/turtlesim/include/turtlesim/turtlesim/srv/detail/teleport_relative__rosidl_typesupport_fastrtps_c.h
[55.492s] -- Installing: /home/nash/PycharmProjects/Celestial_Robot/learn/workspace1/install/turtlesim/include/turtlesim/turtlesim/srv/detail/set_pen__rosidl_typesupport_fastrtps_c.h
[55.492s] -- Installing: /home/nash/PycharmProjects/Celestial_Robot/learn/workspace1/install/turtlesim/include/turtlesim/turtlesim/srv/detail/spawn__rosidl_typesupport_fastrtps_c.h
[55.492s] -- Installing: /home/nash/PycharmProjects/Celestial_Robot/learn/workspace1/install/turtlesim/include/turtlesim/turtlesim/srv/detail/teleport_absolute__rosidl_typesupport_fastrtps_c.h
[55.492s] -- Up-to-date: /home/nash/PycharmProjects/Celestial_Robot/learn/workspace1/install/turtlesim/include/turtlesim/turtlesim/msg
[55.492s] -- Installing: /home/nash/PycharmProjects/Celestial_Robot/learn/workspace1/install/turtlesim/include/turtlesim/turtlesim/msg/rosidl_typesupport_fastrtps_c__visibility_control.h
[55.492s] -- Up-to-date: /home/nash/PycharmProjects/Celestial_Robot/learn/workspace1/install/turtlesim/include/turtlesim/turtlesim/msg/detail
[55.493s] -- Installing: /home/nash/PycharmProjects/Celestial_Robot/learn/workspace1/install/turtlesim/include/turtlesim/turtlesim/msg/detail/pose__rosidl_typesupport_fastrtps_c.h
[55.493s] -- Installing: /home/nash/PycharmProjects/Celestial_Robot/learn/workspace1/install/turtlesim/include/turtlesim/turtlesim/msg/detail/color__rosidl_typesupport_fastrtps_c.h
[55.493s] -- Installing: /home/nash/PycharmProjects/Celestial_Robot/learn/workspace1/install/turtlesim/lib/libturtlesim__rosidl_typesupport_fastrtps_c.so
[55.494s] -- Set runtime path of "/home/nash/PycharmProjects/Celestial_Robot/learn/workspace1/install/turtlesim/lib/libturtlesim__rosidl_typesupport_fastrtps_c.so" to ""
[55.494s] -- Up-to-date: /home/nash/PycharmProjects/Celestial_Robot/learn/workspace1/install/turtlesim/include/turtlesim/turtlesim
[55.495s] -- Up-to-date: /home/nash/PycharmProjects/Celestial_Robot/learn/workspace1/install/turtlesim/include/turtlesim/turtlesim/action
[55.495s] -- Installing: /home/nash/PycharmProjects/Celestial_Robot/learn/workspace1/install/turtlesim/include/turtlesim/turtlesim/action/rotate_absolute.hpp
[55.495s] -- Up-to-date: /home/nash/PycharmProjects/Celestial_Robot/learn/workspace1/install/turtlesim/include/turtlesim/turtlesim/action/detail
[55.495s] -- Installing: /home/nash/PycharmProjects/Celestial_Robot/learn/workspace1/install/turtlesim/include/turtlesim/turtlesim/action/detail/rotate_absolute__builder.hpp
[55.495s] -- Installing: /home/nash/PycharmProjects/Celestial_Robot/learn/workspace1/install/turtlesim/include/turtlesim/turtlesim/action/detail/rotate_absolute__traits.hpp
[55.496s] -- Installing: /home/nash/PycharmProjects/Celestial_Robot/learn/workspace1/install/turtlesim/include/turtlesim/turtlesim/action/detail/rotate_absolute__struct.hpp
[55.496s] -- Up-to-date: /home/nash/PycharmProjects/Celestial_Robot/learn/workspace1/install/turtlesim/include/turtlesim/turtlesim/srv
[55.496s] -- Installing: /home/nash/PycharmProjects/Celestial_Robot/learn/workspace1/install/turtlesim/include/turtlesim/turtlesim/srv/set_pen.hpp
[55.496s] -- Installing: /home/nash/PycharmProjects/Celestial_Robot/learn/workspace1/install/turtlesim/include/turtlesim/turtlesim/srv/kill.hpp
[55.496s] -- Installing: /home/nash/PycharmProjects/Celestial_Robot/learn/workspace1/install/turtlesim/include/turtlesim/turtlesim/srv/teleport_absolute.hpp
[55.497s] -- Up-to-date: /home/nash/PycharmProjects/Celestial_Robot/learn/workspace1/install/turtlesim/include/turtlesim/turtlesim/srv/detail
[55.497s] -- Installing: /home/nash/PycharmProjects/Celestial_Robot/learn/workspace1/install/turtlesim/include/turtlesim/turtlesim/srv/detail/kill__struct.hpp
[55.497s] -- Installing: /home/nash/PycharmProjects/Celestial_Robot/learn/workspace1/install/turtlesim/include/turtlesim/turtlesim/srv/detail/teleport_relative__struct.hpp
[55.497s] -- Installing: /home/nash/PycharmProjects/Celestial_Robot/learn/workspace1/install/turtlesim/include/turtlesim/turtlesim/srv/detail/teleport_absolute__builder.hpp
[55.498s] -- Installing: /home/nash/PycharmProjects/Celestial_Robot/learn/workspace1/install/turtlesim/include/turtlesim/turtlesim/srv/detail/set_pen__builder.hpp
[55.498s] -- Installing: /home/nash/PycharmProjects/Celestial_Robot/learn/workspace1/install/turtlesim/include/turtlesim/turtlesim/srv/detail/teleport_relative__traits.hpp
[55.498s] -- Installing: /home/nash/PycharmProjects/Celestial_Robot/learn/workspace1/install/turtlesim/include/turtlesim/turtlesim/srv/detail/set_pen__traits.hpp
[55.499s] -- Installing: /home/nash/PycharmProjects/Celestial_Robot/learn/workspace1/install/turtlesim/include/turtlesim/turtlesim/srv/detail/kill__traits.hpp
[55.499s] -- Installing: /home/nash/PycharmProjects/Celestial_Robot/learn/workspace1/install/turtlesim/include/turtlesim/turtlesim/srv/detail/set_pen__struct.hpp
[55.499s] -- Installing: /home/nash/PycharmProjects/Celestial_Robot/learn/workspace1/install/turtlesim/include/turtlesim/turtlesim/srv/detail/kill__builder.hpp
[55.499s] -- Installing: /home/nash/PycharmProjects/Celestial_Robot/learn/workspace1/install/turtlesim/include/turtlesim/turtlesim/srv/detail/spawn__struct.hpp
[55.500s] -- Installing: /home/nash/PycharmProjects/Celestial_Robot/learn/workspace1/install/turtlesim/include/turtlesim/turtlesim/srv/detail/teleport_absolute__struct.hpp
[55.500s] -- Installing: /home/nash/PycharmProjects/Celestial_Robot/learn/workspace1/install/turtlesim/include/turtlesim/turtlesim/srv/detail/spawn__builder.hpp
[55.500s] -- Installing: /home/nash/PycharmProjects/Celestial_Robot/learn/workspace1/install/turtlesim/include/turtlesim/turtlesim/srv/detail/spawn__traits.hpp
[55.501s] -- Installing: /home/nash/PycharmProjects/Celestial_Robot/learn/workspace1/install/turtlesim/include/turtlesim/turtlesim/srv/detail/teleport_absolute__traits.hpp
[55.501s] -- Installing: /home/nash/PycharmProjects/Celestial_Robot/learn/workspace1/install/turtlesim/include/turtlesim/turtlesim/srv/detail/teleport_relative__builder.hpp
[55.501s] -- Installing: /home/nash/PycharmProjects/Celestial_Robot/learn/workspace1/install/turtlesim/include/turtlesim/turtlesim/srv/spawn.hpp
[55.501s] -- Installing: /home/nash/PycharmProjects/Celestial_Robot/learn/workspace1/install/turtlesim/include/turtlesim/turtlesim/srv/teleport_relative.hpp
[55.502s] -- Up-to-date: /home/nash/PycharmProjects/Celestial_Robot/learn/workspace1/install/turtlesim/include/turtlesim/turtlesim/msg
[55.502s] -- Installing: /home/nash/PycharmProjects/Celestial_Robot/learn/workspace1/install/turtlesim/include/turtlesim/turtlesim/msg/color.hpp
[55.502s] -- Installing: /home/nash/PycharmProjects/Celestial_Robot/learn/workspace1/install/turtlesim/include/turtlesim/turtlesim/msg/pose.hpp
[55.503s] -- Up-to-date: /home/nash/PycharmProjects/Celestial_Robot/learn/workspace1/install/turtlesim/include/turtlesim/turtlesim/msg/detail
[55.503s] -- Installing: /home/nash/PycharmProjects/Celestial_Robot/learn/workspace1/install/turtlesim/include/turtlesim/turtlesim/msg/detail/color__traits.hpp
[55.504s] -- Installing: /home/nash/PycharmProjects/Celestial_Robot/learn/workspace1/install/turtlesim/include/turtlesim/turtlesim/msg/detail/pose__struct.hpp
[55.504s] -- Installing: /home/nash/PycharmProjects/Celestial_Robot/learn/workspace1/install/turtlesim/include/turtlesim/turtlesim/msg/detail/pose__builder.hpp
[55.504s] -- Installing: /home/nash/PycharmProjects/Celestial_Robot/learn/workspace1/install/turtlesim/include/turtlesim/turtlesim/msg/detail/pose__traits.hpp
[55.504s] -- Installing: /home/nash/PycharmProjects/Celestial_Robot/learn/workspace1/install/turtlesim/include/turtlesim/turtlesim/msg/detail/color__builder.hpp
[55.504s] -- Installing: /home/nash/PycharmProjects/Celestial_Robot/learn/workspace1/install/turtlesim/include/turtlesim/turtlesim/msg/detail/color__struct.hpp
[55.504s] -- Up-to-date: /home/nash/PycharmProjects/Celestial_Robot/learn/workspace1/install/turtlesim/include/turtlesim/turtlesim
[55.505s] -- Up-to-date: /home/nash/PycharmProjects/Celestial_Robot/learn/workspace1/install/turtlesim/include/turtlesim/turtlesim/action
[55.505s] -- Up-to-date: /home/nash/PycharmProjects/Celestial_Robot/learn/workspace1/install/turtlesim/include/turtlesim/turtlesim/action/detail
[55.505s] -- Installing: /home/nash/PycharmProjects/Celestial_Robot/learn/workspace1/install/turtlesim/include/turtlesim/turtlesim/action/detail/rotate_absolute__rosidl_typesupport_fastrtps_cpp.hpp
[55.505s] -- Installing: /home/nash/PycharmProjects/Celestial_Robot/learn/workspace1/install/turtlesim/include/turtlesim/turtlesim/action/detail/dds_fastrtps
[55.505s] -- Up-to-date: /home/nash/PycharmProjects/Celestial_Robot/learn/workspace1/install/turtlesim/include/turtlesim/turtlesim/srv
[55.505s] -- Up-to-date: /home/nash/PycharmProjects/Celestial_Robot/learn/workspace1/install/turtlesim/include/turtlesim/turtlesim/srv/detail
[55.505s] -- Installing: /home/nash/PycharmProjects/Celestial_Robot/learn/workspace1/install/turtlesim/include/turtlesim/turtlesim/srv/detail/teleport_absolute__rosidl_typesupport_fastrtps_cpp.hpp
[55.505s] -- Installing: /home/nash/PycharmProjects/Celestial_Robot/learn/workspace1/install/turtlesim/include/turtlesim/turtlesim/srv/detail/set_pen__rosidl_typesupport_fastrtps_cpp.hpp
[55.505s] -- Installing: /home/nash/PycharmProjects/Celestial_Robot/learn/workspace1/install/turtlesim/include/turtlesim/turtlesim/srv/detail/spawn__rosidl_typesupport_fastrtps_cpp.hpp
[55.506s] -- Installing: /home/nash/PycharmProjects/Celestial_Robot/learn/workspace1/install/turtlesim/include/turtlesim/turtlesim/srv/detail/teleport_relative__rosidl_typesupport_fastrtps_cpp.hpp
[55.506s] -- Installing: /home/nash/PycharmProjects/Celestial_Robot/learn/workspace1/install/turtlesim/include/turtlesim/turtlesim/srv/detail/kill__rosidl_typesupport_fastrtps_cpp.hpp
[55.506s] -- Installing: /home/nash/PycharmProjects/Celestial_Robot/learn/workspace1/install/turtlesim/include/turtlesim/turtlesim/srv/detail/dds_fastrtps
[55.506s] -- Up-to-date: /home/nash/PycharmProjects/Celestial_Robot/learn/workspace1/install/turtlesim/include/turtlesim/turtlesim/msg
[55.506s] -- Installing: /home/nash/PycharmProjects/Celestial_Robot/learn/workspace1/install/turtlesim/include/turtlesim/turtlesim/msg/rosidl_typesupport_fastrtps_cpp__visibility_control.h
[55.507s] -- Up-to-date: /home/nash/PycharmProjects/Celestial_Robot/learn/workspace1/install/turtlesim/include/turtlesim/turtlesim/msg/detail
[55.507s] -- Installing: /home/nash/PycharmProjects/Celestial_Robot/learn/workspace1/install/turtlesim/include/turtlesim/turtlesim/msg/detail/color__rosidl_typesupport_fastrtps_cpp.hpp
[55.507s] -- Installing: /home/nash/PycharmProjects/Celestial_Robot/learn/workspace1/install/turtlesim/include/turtlesim/turtlesim/msg/detail/pose__rosidl_typesupport_fastrtps_cpp.hpp
[55.507s] -- Installing: /home/nash/PycharmProjects/Celestial_Robot/learn/workspace1/install/turtlesim/include/turtlesim/turtlesim/msg/detail/dds_fastrtps
[55.507s] -- Installing: /home/nash/PycharmProjects/Celestial_Robot/learn/workspace1/install/turtlesim/lib/libturtlesim__rosidl_typesupport_fastrtps_cpp.so
[55.508s] -- Set runtime path of "/home/nash/PycharmProjects/Celestial_Robot/learn/workspace1/install/turtlesim/lib/libturtlesim__rosidl_typesupport_fastrtps_cpp.so" to ""
[55.508s] -- Up-to-date: /home/nash/PycharmProjects/Celestial_Robot/learn/workspace1/install/turtlesim/include/turtlesim/turtlesim
[55.509s] -- Up-to-date: /home/nash/PycharmProjects/Celestial_Robot/learn/workspace1/install/turtlesim/include/turtlesim/turtlesim/action
[55.509s] -- Up-to-date: /home/nash/PycharmProjects/Celestial_Robot/learn/workspace1/install/turtlesim/include/turtlesim/turtlesim/action/detail
[55.509s] -- Installing: /home/nash/PycharmProjects/Celestial_Robot/learn/workspace1/install/turtlesim/include/turtlesim/turtlesim/action/detail/rotate_absolute__rosidl_typesupport_introspection_c.h
[55.509s] -- Installing: /home/nash/PycharmProjects/Celestial_Robot/learn/workspace1/install/turtlesim/include/turtlesim/turtlesim/action/detail/rotate_absolute__type_support.c
[55.509s] -- Up-to-date: /home/nash/PycharmProjects/Celestial_Robot/learn/workspace1/install/turtlesim/include/turtlesim/turtlesim/srv
[55.509s] -- Up-to-date: /home/nash/PycharmProjects/Celestial_Robot/learn/workspace1/install/turtlesim/include/turtlesim/turtlesim/srv/detail
[55.510s] -- Installing: /home/nash/PycharmProjects/Celestial_Robot/learn/workspace1/install/turtlesim/include/turtlesim/turtlesim/srv/detail/teleport_relative__rosidl_typesupport_introspection_c.h
[55.510s] -- Installing: /home/nash/PycharmProjects/Celestial_Robot/learn/workspace1/install/turtlesim/include/turtlesim/turtlesim/srv/detail/set_pen__rosidl_typesupport_introspection_c.h
[55.510s] -- Installing: /home/nash/PycharmProjects/Celestial_Robot/learn/workspace1/install/turtlesim/include/turtlesim/turtlesim/srv/detail/kill__rosidl_typesupport_introspection_c.h
[55.510s] -- Installing: /home/nash/PycharmProjects/Celestial_Robot/learn/workspace1/install/turtlesim/include/turtlesim/turtlesim/srv/detail/set_pen__type_support.c
[55.510s] -- Installing: /home/nash/PycharmProjects/Celestial_Robot/learn/workspace1/install/turtlesim/include/turtlesim/turtlesim/srv/detail/teleport_relative__type_support.c
[55.511s] -- Installing: /home/nash/PycharmProjects/Celestial_Robot/learn/workspace1/install/turtlesim/include/turtlesim/turtlesim/srv/detail/spawn__rosidl_typesupport_introspection_c.h
[55.511s] -- Installing: /home/nash/PycharmProjects/Celestial_Robot/learn/workspace1/install/turtlesim/include/turtlesim/turtlesim/srv/detail/teleport_absolute__type_support.c
[55.511s] -- Installing: /home/nash/PycharmProjects/Celestial_Robot/learn/workspace1/install/turtlesim/include/turtlesim/turtlesim/srv/detail/teleport_absolute__rosidl_typesupport_introspection_c.h
[55.511s] -- Installing: /home/nash/PycharmProjects/Celestial_Robot/learn/workspace1/install/turtlesim/include/turtlesim/turtlesim/srv/detail/kill__type_support.c
[55.512s] -- Installing: /home/nash/PycharmProjects/Celestial_Robot/learn/workspace1/install/turtlesim/include/turtlesim/turtlesim/srv/detail/spawn__type_support.c
[55.512s] -- Up-to-date: /home/nash/PycharmProjects/Celestial_Robot/learn/workspace1/install/turtlesim/include/turtlesim/turtlesim/msg
[55.513s] -- Installing: /home/nash/PycharmProjects/Celestial_Robot/learn/workspace1/install/turtlesim/include/turtlesim/turtlesim/msg/rosidl_typesupport_introspection_c__visibility_control.h
[55.513s] -- Up-to-date: /home/nash/PycharmProjects/Celestial_Robot/learn/workspace1/install/turtlesim/include/turtlesim/turtlesim/msg/detail
[55.513s] -- Installing: /home/nash/PycharmProjects/Celestial_Robot/learn/workspace1/install/turtlesim/include/turtlesim/turtlesim/msg/detail/pose__type_support.c
[55.513s] -- Installing: /home/nash/PycharmProjects/Celestial_Robot/learn/workspace1/install/turtlesim/include/turtlesim/turtlesim/msg/detail/color__rosidl_typesupport_introspection_c.h
[55.514s] -- Installing: /home/nash/PycharmProjects/Celestial_Robot/learn/workspace1/install/turtlesim/include/turtlesim/turtlesim/msg/detail/color__type_support.c
[55.514s] -- Installing: /home/nash/PycharmProjects/Celestial_Robot/learn/workspace1/install/turtlesim/include/turtlesim/turtlesim/msg/detail/pose__rosidl_typesupport_introspection_c.h
[55.514s] -- Installing: /home/nash/PycharmProjects/Celestial_Robot/learn/workspace1/install/turtlesim/lib/libturtlesim__rosidl_typesupport_introspection_c.so
[55.515s] -- Set runtime path of "/home/nash/PycharmProjects/Celestial_Robot/learn/workspace1/install/turtlesim/lib/libturtlesim__rosidl_typesupport_introspection_c.so" to ""
[55.515s] -- Installing: /home/nash/PycharmProjects/Celestial_Robot/learn/workspace1/install/turtlesim/lib/libturtlesim__rosidl_typesupport_c.so
[55.516s] -- Set runtime path of "/home/nash/PycharmProjects/Celestial_Robot/learn/workspace1/install/turtlesim/lib/libturtlesim__rosidl_typesupport_c.so" to ""
[55.516s] -- Up-to-date: /home/nash/PycharmProjects/Celestial_Robot/learn/workspace1/install/turtlesim/include/turtlesim/turtlesim
[55.517s] -- Up-to-date: /home/nash/PycharmProjects/Celestial_Robot/learn/workspace1/install/turtlesim/include/turtlesim/turtlesim/action
[55.517s] -- Up-to-date: /home/nash/PycharmProjects/Celestial_Robot/learn/workspace1/install/turtlesim/include/turtlesim/turtlesim/action/detail
[55.517s] -- Installing: /home/nash/PycharmProjects/Celestial_Robot/learn/workspace1/install/turtlesim/include/turtlesim/turtlesim/action/detail/rotate_absolute__type_support.cpp
[55.517s] -- Installing: /home/nash/PycharmProjects/Celestial_Robot/learn/workspace1/install/turtlesim/include/turtlesim/turtlesim/action/detail/rotate_absolute__rosidl_typesupport_introspection_cpp.hpp
[55.518s] -- Up-to-date: /home/nash/PycharmProjects/Celestial_Robot/learn/workspace1/install/turtlesim/include/turtlesim/turtlesim/srv
[55.518s] -- Up-to-date: /home/nash/PycharmProjects/Celestial_Robot/learn/workspace1/install/turtlesim/include/turtlesim/turtlesim/srv/detail
[55.518s] -- Installing: /home/nash/PycharmProjects/Celestial_Robot/learn/workspace1/install/turtlesim/include/turtlesim/turtlesim/srv/detail/set_pen__type_support.cpp
[55.518s] -- Installing: /home/nash/PycharmProjects/Celestial_Robot/learn/workspace1/install/turtlesim/include/turtlesim/turtlesim/srv/detail/kill__type_support.cpp
[55.519s] -- Installing: /home/nash/PycharmProjects/Celestial_Robot/learn/workspace1/install/turtlesim/include/turtlesim/turtlesim/srv/detail/set_pen__rosidl_typesupport_introspection_cpp.hpp
[55.519s] -- Installing: /home/nash/PycharmProjects/Celestial_Robot/learn/workspace1/install/turtlesim/include/turtlesim/turtlesim/srv/detail/teleport_absolute__type_support.cpp
[55.519s] -- Installing: /home/nash/PycharmProjects/Celestial_Robot/learn/workspace1/install/turtlesim/include/turtlesim/turtlesim/srv/detail/teleport_absolute__rosidl_typesupport_introspection_cpp.hpp
[55.520s] -- Installing: /home/nash/PycharmProjects/Celestial_Robot/learn/workspace1/install/turtlesim/include/turtlesim/turtlesim/srv/detail/teleport_relative__rosidl_typesupport_introspection_cpp.hpp
[55.520s] -- Installing: /home/nash/PycharmProjects/Celestial_Robot/learn/workspace1/install/turtlesim/include/turtlesim/turtlesim/srv/detail/spawn__rosidl_typesupport_introspection_cpp.hpp
[55.520s] -- Installing: /home/nash/PycharmProjects/Celestial_Robot/learn/workspace1/install/turtlesim/include/turtlesim/turtlesim/srv/detail/kill__rosidl_typesupport_introspection_cpp.hpp
[55.520s] -- Installing: /home/nash/PycharmProjects/Celestial_Robot/learn/workspace1/install/turtlesim/include/turtlesim/turtlesim/srv/detail/teleport_relative__type_support.cpp
[55.521s] -- Installing: /home/nash/PycharmProjects/Celestial_Robot/learn/workspace1/install/turtlesim/include/turtlesim/turtlesim/srv/detail/spawn__type_support.cpp
[55.521s] -- Up-to-date: /home/nash/PycharmProjects/Celestial_Robot/learn/workspace1/install/turtlesim/include/turtlesim/turtlesim/msg
[55.521s] -- Up-to-date: /home/nash/PycharmProjects/Celestial_Robot/learn/workspace1/install/turtlesim/include/turtlesim/turtlesim/msg/detail
[55.521s] -- Installing: /home/nash/PycharmProjects/Celestial_Robot/learn/workspace1/install/turtlesim/include/turtlesim/turtlesim/msg/detail/color__rosidl_typesupport_introspection_cpp.hpp
[55.521s] -- Installing: /home/nash/PycharmProjects/Celestial_Robot/learn/workspace1/install/turtlesim/include/turtlesim/turtlesim/msg/detail/pose__type_support.cpp
[55.522s] -- Installing: /home/nash/PycharmProjects/Celestial_Robot/learn/workspace1/install/turtlesim/include/turtlesim/turtlesim/msg/detail/pose__rosidl_typesupport_introspection_cpp.hpp
[55.522s] -- Installing: /home/nash/PycharmProjects/Celestial_Robot/learn/workspace1/install/turtlesim/include/turtlesim/turtlesim/msg/detail/color__type_support.cpp
[55.522s] -- Installing: /home/nash/PycharmProjects/Celestial_Robot/learn/workspace1/install/turtlesim/lib/libturtlesim__rosidl_typesupport_introspection_cpp.so
[55.523s] -- Set runtime path of "/home/nash/PycharmProjects/Celestial_Robot/learn/workspace1/install/turtlesim/lib/libturtlesim__rosidl_typesupport_introspection_cpp.so" to ""
[55.523s] -- Installing: /home/nash/PycharmProjects/Celestial_Robot/learn/workspace1/install/turtlesim/lib/libturtlesim__rosidl_typesupport_cpp.so
[55.524s] -- Set runtime path of "/home/nash/PycharmProjects/Celestial_Robot/learn/workspace1/install/turtlesim/lib/libturtlesim__rosidl_typesupport_cpp.so" to ""
[55.524s] -- Installing: /home/nash/PycharmProjects/Celestial_Robot/learn/workspace1/install/turtlesim/share/turtlesim/environment/pythonpath.sh
[55.525s] -- Installing: /home/nash/PycharmProjects/Celestial_Robot/learn/workspace1/install/turtlesim/share/turtlesim/environment/pythonpath.dsv
[55.525s] -- Installing: /home/nash/PycharmProjects/Celestial_Robot/learn/workspace1/install/turtlesim/local/lib/python3.10/dist-packages/turtlesim-1.4.2-py3.10.egg-info
[55.525s] -- Installing: /home/nash/PycharmProjects/Celestial_Robot/learn/workspace1/install/turtlesim/local/lib/python3.10/dist-packages/turtlesim-1.4.2-py3.10.egg-info/top_level.txt
[55.525s] -- Installing: /home/nash/PycharmProjects/Celestial_Robot/learn/workspace1/install/turtlesim/local/lib/python3.10/dist-packages/turtlesim-1.4.2-py3.10.egg-info/dependency_links.txt
[55.526s] -- Installing: /home/nash/PycharmProjects/Celestial_Robot/learn/workspace1/install/turtlesim/local/lib/python3.10/dist-packages/turtlesim-1.4.2-py3.10.egg-info/PKG-INFO
[55.526s] -- Installing: /home/nash/PycharmProjects/Celestial_Robot/learn/workspace1/install/turtlesim/local/lib/python3.10/dist-packages/turtlesim-1.4.2-py3.10.egg-info/SOURCES.txt
[55.526s] -- Installing: /home/nash/PycharmProjects/Celestial_Robot/learn/workspace1/install/turtlesim/local/lib/python3.10/dist-packages/turtlesim
[55.526s] -- Installing: /home/nash/PycharmProjects/Celestial_Robot/learn/workspace1/install/turtlesim/local/lib/python3.10/dist-packages/turtlesim/_turtlesim_s.ep.rosidl_typesupport_introspection_c.c
[55.527s] -- Installing: /home/nash/PycharmProjects/Celestial_Robot/learn/workspace1/install/turtlesim/local/lib/python3.10/dist-packages/turtlesim/turtlesim_s__rosidl_typesupport_introspection_c.cpython-310-x86_64-linux-gnu.so
[55.527s] -- Installing: /home/nash/PycharmProjects/Celestial_Robot/learn/workspace1/install/turtlesim/local/lib/python3.10/dist-packages/turtlesim/turtlesim_s__rosidl_typesupport_c.cpython-310-x86_64-linux-gnu.so
[55.527s] -- Installing: /home/nash/PycharmProjects/Celestial_Robot/learn/workspace1/install/turtlesim/local/lib/python3.10/dist-packages/turtlesim/turtlesim_s__rosidl_typesupport_fastrtps_c.cpython-310-x86_64-linux-gnu.so
[55.528s] -- Installing: /home/nash/PycharmProjects/Celestial_Robot/learn/workspace1/install/turtlesim/local/lib/python3.10/dist-packages/turtlesim/libturtlesim__rosidl_generator_py.so
[55.528s] -- Installing: /home/nash/PycharmProjects/Celestial_Robot/learn/workspace1/install/turtlesim/local/lib/python3.10/dist-packages/turtlesim/action
[55.528s] -- Installing: /home/nash/PycharmProjects/Celestial_Robot/learn/workspace1/install/turtlesim/local/lib/python3.10/dist-packages/turtlesim/action/_rotate_absolute.py
[55.529s] -- Installing: /home/nash/PycharmProjects/Celestial_Robot/learn/workspace1/install/turtlesim/local/lib/python3.10/dist-packages/turtlesim/action/__init__.py
[55.529s] -- Installing: /home/nash/PycharmProjects/Celestial_Robot/learn/workspace1/install/turtlesim/local/lib/python3.10/dist-packages/turtlesim/action/_rotate_absolute_s.c
[55.529s] -- Installing: /home/nash/PycharmProjects/Celestial_Robot/learn/workspace1/install/turtlesim/local/lib/python3.10/dist-packages/turtlesim/__init__.py
[55.529s] -- Installing: /home/nash/PycharmProjects/Celestial_Robot/learn/workspace1/install/turtlesim/local/lib/python3.10/dist-packages/turtlesim/srv
[55.530s] -- Installing: /home/nash/PycharmProjects/Celestial_Robot/learn/workspace1/install/turtlesim/local/lib/python3.10/dist-packages/turtlesim/srv/_set_pen.py
[55.530s] -- Installing: /home/nash/PycharmProjects/Celestial_Robot/learn/workspace1/install/turtlesim/local/lib/python3.10/dist-packages/turtlesim/srv/_spawn_s.c
[55.530s] -- Installing: /home/nash/PycharmProjects/Celestial_Robot/learn/workspace1/install/turtlesim/local/lib/python3.10/dist-packages/turtlesim/srv/_teleport_relative_s.c
[55.530s] -- Installing: /home/nash/PycharmProjects/Celestial_Robot/learn/workspace1/install/turtlesim/local/lib/python3.10/dist-packages/turtlesim/srv/__init__.py
[55.531s] -- Installing: /home/nash/PycharmProjects/Celestial_Robot/learn/workspace1/install/turtlesim/local/lib/python3.10/dist-packages/turtlesim/srv/_kill_s.c
[55.531s] -- Installing: /home/nash/PycharmProjects/Celestial_Robot/learn/workspace1/install/turtlesim/local/lib/python3.10/dist-packages/turtlesim/srv/_kill.py
[55.531s] -- Installing: /home/nash/PycharmProjects/Celestial_Robot/learn/workspace1/install/turtlesim/local/lib/python3.10/dist-packages/turtlesim/srv/_teleport_relative.py
[55.531s] -- Installing: /home/nash/PycharmProjects/Celestial_Robot/learn/workspace1/install/turtlesim/local/lib/python3.10/dist-packages/turtlesim/srv/_teleport_absolute.py
[55.532s] -- Installing: /home/nash/PycharmProjects/Celestial_Robot/learn/workspace1/install/turtlesim/local/lib/python3.10/dist-packages/turtlesim/srv/_spawn.py
[55.532s] -- Installing: /home/nash/PycharmProjects/Celestial_Robot/learn/workspace1/install/turtlesim/local/lib/python3.10/dist-packages/turtlesim/srv/_set_pen_s.c
[55.532s] -- Installing: /home/nash/PycharmProjects/Celestial_Robot/learn/workspace1/install/turtlesim/local/lib/python3.10/dist-packages/turtlesim/srv/_teleport_absolute_s.c
[55.533s] -- Installing: /home/nash/PycharmProjects/Celestial_Robot/learn/workspace1/install/turtlesim/local/lib/python3.10/dist-packages/turtlesim/_turtlesim_s.ep.rosidl_typesupport_c.c
[55.533s] -- Installing: /home/nash/PycharmProjects/Celestial_Robot/learn/workspace1/install/turtlesim/local/lib/python3.10/dist-packages/turtlesim/msg
[55.533s] -- Installing: /home/nash/PycharmProjects/Celestial_Robot/learn/workspace1/install/turtlesim/local/lib/python3.10/dist-packages/turtlesim/msg/_pose_s.c
[55.533s] -- Installing: /home/nash/PycharmProjects/Celestial_Robot/learn/workspace1/install/turtlesim/local/lib/python3.10/dist-packages/turtlesim/msg/_pose.py
[55.534s] -- Installing: /home/nash/PycharmProjects/Celestial_Robot/learn/workspace1/install/turtlesim/local/lib/python3.10/dist-packages/turtlesim/msg/__init__.py
[55.534s] -- Installing: /home/nash/PycharmProjects/Celestial_Robot/learn/workspace1/install/turtlesim/local/lib/python3.10/dist-packages/turtlesim/msg/_color.py
[55.534s] -- Installing: /home/nash/PycharmProjects/Celestial_Robot/learn/workspace1/install/turtlesim/local/lib/python3.10/dist-packages/turtlesim/msg/_color_s.c
[55.534s] -- Installing: /home/nash/PycharmProjects/Celestial_Robot/learn/workspace1/install/turtlesim/local/lib/python3.10/dist-packages/turtlesim/_turtlesim_s.ep.rosidl_typesupport_fastrtps_c.c
[55.593s] Listing '/home/nash/PycharmProjects/Celestial_Robot/learn/workspace1/install/turtlesim/local/lib/python3.10/dist-packages/turtlesim'...
[55.593s] Compiling '/home/nash/PycharmProjects/Celestial_Robot/learn/workspace1/install/turtlesim/local/lib/python3.10/dist-packages/turtlesim/__init__.py'...
[55.594s] Listing '/home/nash/PycharmProjects/Celestial_Robot/learn/workspace1/install/turtlesim/local/lib/python3.10/dist-packages/turtlesim/action'...
[55.594s] Compiling '/home/nash/PycharmProjects/Celestial_Robot/learn/workspace1/install/turtlesim/local/lib/python3.10/dist-packages/turtlesim/action/__init__.py'...
[55.594s] Compiling '/home/nash/PycharmProjects/Celestial_Robot/learn/workspace1/install/turtlesim/local/lib/python3.10/dist-packages/turtlesim/action/_rotate_absolute.py'...
[55.594s] Listing '/home/nash/PycharmProjects/Celestial_Robot/learn/workspace1/install/turtlesim/local/lib/python3.10/dist-packages/turtlesim/msg'...
[55.594s] Compiling '/home/nash/PycharmProjects/Celestial_Robot/learn/workspace1/install/turtlesim/local/lib/python3.10/dist-packages/turtlesim/msg/__init__.py'...
[55.594s] Compiling '/home/nash/PycharmProjects/Celestial_Robot/learn/workspace1/install/turtlesim/local/lib/python3.10/dist-packages/turtlesim/msg/_color.py'...
[55.594s] Compiling '/home/nash/PycharmProjects/Celestial_Robot/learn/workspace1/install/turtlesim/local/lib/python3.10/dist-packages/turtlesim/msg/_pose.py'...
[55.594s] Listing '/home/nash/PycharmProjects/Celestial_Robot/learn/workspace1/install/turtlesim/local/lib/python3.10/dist-packages/turtlesim/srv'...
[55.594s] Compiling '/home/nash/PycharmProjects/Celestial_Robot/learn/workspace1/install/turtlesim/local/lib/python3.10/dist-packages/turtlesim/srv/__init__.py'...
[55.595s] Compiling '/home/nash/PycharmProjects/Celestial_Robot/learn/workspace1/install/turtlesim/local/lib/python3.10/dist-packages/turtlesim/srv/_kill.py'...
[55.595s] Compiling '/home/nash/PycharmProjects/Celestial_Robot/learn/workspace1/install/turtlesim/local/lib/python3.10/dist-packages/turtlesim/srv/_set_pen.py'...
[55.595s] Compiling '/home/nash/PycharmProjects/Celestial_Robot/learn/workspace1/install/turtlesim/local/lib/python3.10/dist-packages/turtlesim/srv/_spawn.py'...
[55.595s] Compiling '/home/nash/PycharmProjects/Celestial_Robot/learn/workspace1/install/turtlesim/local/lib/python3.10/dist-packages/turtlesim/srv/_teleport_absolute.py'...
[55.595s] Compiling '/home/nash/PycharmProjects/Celestial_Robot/learn/workspace1/install/turtlesim/local/lib/python3.10/dist-packages/turtlesim/srv/_teleport_relative.py'...
[55.601s] -- Installing: /home/nash/PycharmProjects/Celestial_Robot/learn/workspace1/install/turtlesim/local/lib/python3.10/dist-packages/turtlesim/turtlesim_s__rosidl_typesupport_fastrtps_c.cpython-310-x86_64-linux-gnu.so
[55.602s] -- Set runtime path of "/home/nash/PycharmProjects/Celestial_Robot/learn/workspace1/install/turtlesim/local/lib/python3.10/dist-packages/turtlesim/turtlesim_s__rosidl_typesupport_fastrtps_c.cpython-310-x86_64-linux-gnu.so" to ""
[55.602s] -- Installing: /home/nash/PycharmProjects/Celestial_Robot/learn/workspace1/install/turtlesim/local/lib/python3.10/dist-packages/turtlesim/turtlesim_s__rosidl_typesupport_introspection_c.cpython-310-x86_64-linux-gnu.so
[55.603s] -- Set runtime path of "/home/nash/PycharmProjects/Celestial_Robot/learn/workspace1/install/turtlesim/local/lib/python3.10/dist-packages/turtlesim/turtlesim_s__rosidl_typesupport_introspection_c.cpython-310-x86_64-linux-gnu.so" to ""
[55.603s] -- Installing: /home/nash/PycharmProjects/Celestial_Robot/learn/workspace1/install/turtlesim/local/lib/python3.10/dist-packages/turtlesim/turtlesim_s__rosidl_typesupport_c.cpython-310-x86_64-linux-gnu.so
[55.604s] -- Set runtime path of "/home/nash/PycharmProjects/Celestial_Robot/learn/workspace1/install/turtlesim/local/lib/python3.10/dist-packages/turtlesim/turtlesim_s__rosidl_typesupport_c.cpython-310-x86_64-linux-gnu.so" to ""
[55.604s] -- Installing: /home/nash/PycharmProjects/Celestial_Robot/learn/workspace1/install/turtlesim/lib/libturtlesim__rosidl_generator_py.so
[55.605s] -- Set runtime path of "/home/nash/PycharmProjects/Celestial_Robot/learn/workspace1/install/turtlesim/lib/libturtlesim__rosidl_generator_py.so" to ""
[55.605s] -- Installing: /home/nash/PycharmProjects/Celestial_Robot/learn/workspace1/install/turtlesim/share/turtlesim/action/RotateAbsolute.idl
[55.605s] -- Installing: /home/nash/PycharmProjects/Celestial_Robot/learn/workspace1/install/turtlesim/share/turtlesim/msg/Color.idl
[55.606s] -- Installing: /home/nash/PycharmProjects/Celestial_Robot/learn/workspace1/install/turtlesim/share/turtlesim/msg/Pose.idl
[55.606s] -- Installing: /home/nash/PycharmProjects/Celestial_Robot/learn/workspace1/install/turtlesim/share/turtlesim/srv/Kill.idl
[55.606s] -- Installing: /home/nash/PycharmProjects/Celestial_Robot/learn/workspace1/install/turtlesim/share/turtlesim/srv/SetPen.idl
[55.606s] -- Installing: /home/nash/PycharmProjects/Celestial_Robot/learn/workspace1/install/turtlesim/share/turtlesim/srv/Spawn.idl
[55.607s] -- Installing: /home/nash/PycharmProjects/Celestial_Robot/learn/workspace1/install/turtlesim/share/turtlesim/srv/TeleportAbsolute.idl
[55.607s] -- Installing: /home/nash/PycharmProjects/Celestial_Robot/learn/workspace1/install/turtlesim/share/turtlesim/srv/TeleportRelative.idl
[55.608s] -- Installing: /home/nash/PycharmProjects/Celestial_Robot/learn/workspace1/install/turtlesim/share/turtlesim/action/RotateAbsolute.action
[55.608s] -- Installing: /home/nash/PycharmProjects/Celestial_Robot/learn/workspace1/install/turtlesim/share/turtlesim/msg/Color.msg
[55.608s] -- Installing: /home/nash/PycharmProjects/Celestial_Robot/learn/workspace1/install/turtlesim/share/turtlesim/msg/Pose.msg
[55.608s] -- Installing: /home/nash/PycharmProjects/Celestial_Robot/learn/workspace1/install/turtlesim/share/turtlesim/srv/Kill.srv
[55.609s] -- Installing: /home/nash/PycharmProjects/Celestial_Robot/learn/workspace1/install/turtlesim/share/turtlesim/srv/Kill_Request.msg
[55.609s] -- Installing: /home/nash/PycharmProjects/Celestial_Robot/learn/workspace1/install/turtlesim/share/turtlesim/srv/Kill_Response.msg
[55.609s] -- Installing: /home/nash/PycharmProjects/Celestial_Robot/learn/workspace1/install/turtlesim/share/turtlesim/srv/SetPen.srv
[55.610s] -- Installing: /home/nash/PycharmProjects/Celestial_Robot/learn/workspace1/install/turtlesim/share/turtlesim/srv/SetPen_Request.msg
[55.610s] -- Installing: /home/nash/PycharmProjects/Celestial_Robot/learn/workspace1/install/turtlesim/share/turtlesim/srv/SetPen_Response.msg
[55.610s] -- Installing: /home/nash/PycharmProjects/Celestial_Robot/learn/workspace1/install/turtlesim/share/turtlesim/srv/Spawn.srv
[55.611s] -- Installing: /home/nash/PycharmProjects/Celestial_Robot/learn/workspace1/install/turtlesim/share/turtlesim/srv/Spawn_Request.msg
[55.611s] -- Installing: /home/nash/PycharmProjects/Celestial_Robot/learn/workspace1/install/turtlesim/share/turtlesim/srv/Spawn_Response.msg
[55.611s] -- Installing: /home/nash/PycharmProjects/Celestial_Robot/learn/workspace1/install/turtlesim/share/turtlesim/srv/TeleportAbsolute.srv
[55.612s] -- Installing: /home/nash/PycharmProjects/Celestial_Robot/learn/workspace1/install/turtlesim/share/turtlesim/srv/TeleportAbsolute_Request.msg
[55.612s] -- Installing: /home/nash/PycharmProjects/Celestial_Robot/learn/workspace1/install/turtlesim/share/turtlesim/srv/TeleportAbsolute_Response.msg
[55.612s] -- Installing: /home/nash/PycharmProjects/Celestial_Robot/learn/workspace1/install/turtlesim/share/turtlesim/srv/TeleportRelative.srv
[55.613s] -- Installing: /home/nash/PycharmProjects/Celestial_Robot/learn/workspace1/install/turtlesim/share/turtlesim/srv/TeleportRelative_Request.msg
[55.613s] -- Installing: /home/nash/PycharmProjects/Celestial_Robot/learn/workspace1/install/turtlesim/share/turtlesim/srv/TeleportRelative_Response.msg
[55.614s] -- Installing: /home/nash/PycharmProjects/Celestial_Robot/learn/workspace1/install/turtlesim/lib/turtlesim/turtlesim_node
[55.624s] -- Set runtime path of "/home/nash/PycharmProjects/Celestial_Robot/learn/workspace1/install/turtlesim/lib/turtlesim/turtlesim_node" to ""
[55.625s] -- Installing: /home/nash/PycharmProjects/Celestial_Robot/learn/workspace1/install/turtlesim/lib/turtlesim/turtle_teleop_key
[55.627s] -- Set runtime path of "/home/nash/PycharmProjects/Celestial_Robot/learn/workspace1/install/turtlesim/lib/turtlesim/turtle_teleop_key" to ""
[55.627s] -- Installing: /home/nash/PycharmProjects/Celestial_Robot/learn/workspace1/install/turtlesim/lib/turtlesim/draw_square
[55.632s] -- Set runtime path of "/home/nash/PycharmProjects/Celestial_Robot/learn/workspace1/install/turtlesim/lib/turtlesim/draw_square" to ""
[55.633s] -- Installing: /home/nash/PycharmProjects/Celestial_Robot/learn/workspace1/install/turtlesim/lib/turtlesim/mimic
[55.638s] -- Set runtime path of "/home/nash/PycharmProjects/Celestial_Robot/learn/workspace1/install/turtlesim/lib/turtlesim/mimic" to ""
[55.638s] -- Installing: /home/nash/PycharmProjects/Celestial_Robot/learn/workspace1/install/turtlesim/share/turtlesim/images
[55.638s] -- Installing: /home/nash/PycharmProjects/Celestial_Robot/learn/workspace1/install/turtlesim/share/turtlesim/images/galactic.png
[55.638s] -- Installing: /home/nash/PycharmProjects/Celestial_Robot/learn/workspace1/install/turtlesim/share/turtlesim/images/rolling.png
[55.638s] -- Installing: /home/nash/PycharmProjects/Celestial_Robot/learn/workspace1/install/turtlesim/share/turtlesim/images/bouncy.png
[55.638s] -- Installing: /home/nash/PycharmProjects/Celestial_Robot/learn/workspace1/install/turtlesim/share/turtlesim/images/eloquent.png
[55.639s] -- Installing: /home/nash/PycharmProjects/Celestial_Robot/learn/workspace1/install/turtlesim/share/turtlesim/images/dashing.png
[55.639s] -- Installing: /home/nash/PycharmProjects/Celestial_Robot/learn/workspace1/install/turtlesim/share/turtlesim/images/humble.png
[55.639s] -- Installing: /home/nash/PycharmProjects/Celestial_Robot/learn/workspace1/install/turtlesim/share/turtlesim/images/foxy.png
[55.639s] -- Installing: /home/nash/PycharmProjects/Celestial_Robot/learn/workspace1/install/turtlesim/share/turtlesim/images/ardent.png
[55.639s] -- Installing: /home/nash/PycharmProjects/Celestial_Robot/learn/workspace1/install/turtlesim/share/turtlesim/images/crystal.png
[55.640s] -- Installing: /home/nash/PycharmProjects/Celestial_Robot/learn/workspace1/install/turtlesim/share/turtlesim/launch
[55.640s] -- Installing: /home/nash/PycharmProjects/Celestial_Robot/learn/workspace1/install/turtlesim/share/turtlesim/launch/multisim.launch.py
[55.640s] -- Installing: /home/nash/PycharmProjects/Celestial_Robot/learn/workspace1/install/turtlesim/share/ament_index/resource_index/package_run_dependencies/turtlesim
[55.641s] -- Installing: /home/nash/PycharmProjects/Celestial_Robot/learn/workspace1/install/turtlesim/share/ament_index/resource_index/parent_prefix_path/turtlesim
[55.641s] -- Installing: /home/nash/PycharmProjects/Celestial_Robot/learn/workspace1/install/turtlesim/share/turtlesim/environment/ament_prefix_path.sh
[55.641s] -- Installing: /home/nash/PycharmProjects/Celestial_Robot/learn/workspace1/install/turtlesim/share/turtlesim/environment/ament_prefix_path.dsv
[55.642s] -- Installing: /home/nash/PycharmProjects/Celestial_Robot/learn/workspace1/install/turtlesim/share/turtlesim/environment/path.sh
[55.642s] -- Installing: /home/nash/PycharmProjects/Celestial_Robot/learn/workspace1/install/turtlesim/share/turtlesim/environment/path.dsv
[55.642s] -- Installing: /home/nash/PycharmProjects/Celestial_Robot/learn/workspace1/install/turtlesim/share/turtlesim/local_setup.bash
[55.643s] -- Installing: /home/nash/PycharmProjects/Celestial_Robot/learn/workspace1/install/turtlesim/share/turtlesim/local_setup.sh
[55.643s] -- Installing: /home/nash/PycharmProjects/Celestial_Robot/learn/workspace1/install/turtlesim/share/turtlesim/local_setup.zsh
[55.643s] -- Installing: /home/nash/PycharmProjects/Celestial_Robot/learn/workspace1/install/turtlesim/share/turtlesim/local_setup.dsv
[55.644s] -- Installing: /home/nash/PycharmProjects/Celestial_Robot/learn/workspace1/install/turtlesim/share/turtlesim/package.dsv
[55.644s] -- Installing: /home/nash/PycharmProjects/Celestial_Robot/learn/workspace1/install/turtlesim/share/ament_index/resource_index/packages/turtlesim
[55.645s] -- Installing: /home/nash/PycharmProjects/Celestial_Robot/learn/workspace1/install/turtlesim/share/turtlesim/cmake/export_turtlesim__rosidl_generator_cExport.cmake
[55.645s] -- Installing: /home/nash/PycharmProjects/Celestial_Robot/learn/workspace1/install/turtlesim/share/turtlesim/cmake/export_turtlesim__rosidl_generator_cExport-noconfig.cmake
[55.645s] -- Installing: /home/nash/PycharmProjects/Celestial_Robot/learn/workspace1/install/turtlesim/share/turtlesim/cmake/export_turtlesim__rosidl_typesupport_fastrtps_cExport.cmake
[55.646s] -- Installing: /home/nash/PycharmProjects/Celestial_Robot/learn/workspace1/install/turtlesim/share/turtlesim/cmake/export_turtlesim__rosidl_typesupport_fastrtps_cExport-noconfig.cmake
[55.646s] -- Installing: /home/nash/PycharmProjects/Celestial_Robot/learn/workspace1/install/turtlesim/share/turtlesim/cmake/export_turtlesim__rosidl_generator_cppExport.cmake
[55.646s] -- Installing: /home/nash/PycharmProjects/Celestial_Robot/learn/workspace1/install/turtlesim/share/turtlesim/cmake/export_turtlesim__rosidl_typesupport_fastrtps_cppExport.cmake
[55.647s] -- Installing: /home/nash/PycharmProjects/Celestial_Robot/learn/workspace1/install/turtlesim/share/turtlesim/cmake/export_turtlesim__rosidl_typesupport_fastrtps_cppExport-noconfig.cmake
[55.647s] -- Installing: /home/nash/PycharmProjects/Celestial_Robot/learn/workspace1/install/turtlesim/share/turtlesim/cmake/turtlesim__rosidl_typesupport_introspection_cExport.cmake
[55.647s] -- Installing: /home/nash/PycharmProjects/Celestial_Robot/learn/workspace1/install/turtlesim/share/turtlesim/cmake/turtlesim__rosidl_typesupport_introspection_cExport-noconfig.cmake
[55.648s] -- Installing: /home/nash/PycharmProjects/Celestial_Robot/learn/workspace1/install/turtlesim/share/turtlesim/cmake/turtlesim__rosidl_typesupport_cExport.cmake
[55.648s] -- Installing: /home/nash/PycharmProjects/Celestial_Robot/learn/workspace1/install/turtlesim/share/turtlesim/cmake/turtlesim__rosidl_typesupport_cExport-noconfig.cmake
[55.648s] -- Installing: /home/nash/PycharmProjects/Celestial_Robot/learn/workspace1/install/turtlesim/share/turtlesim/cmake/turtlesim__rosidl_typesupport_introspection_cppExport.cmake
[55.649s] -- Installing: /home/nash/PycharmProjects/Celestial_Robot/learn/workspace1/install/turtlesim/share/turtlesim/cmake/turtlesim__rosidl_typesupport_introspection_cppExport-noconfig.cmake
[55.649s] -- Installing: /home/nash/PycharmProjects/Celestial_Robot/learn/workspace1/install/turtlesim/share/turtlesim/cmake/turtlesim__rosidl_typesupport_cppExport.cmake
[55.650s] -- Installing: /home/nash/PycharmProjects/Celestial_Robot/learn/workspace1/install/turtlesim/share/turtlesim/cmake/turtlesim__rosidl_typesupport_cppExport-noconfig.cmake
[55.650s] -- Installing: /home/nash/PycharmProjects/Celestial_Robot/learn/workspace1/install/turtlesim/share/turtlesim/cmake/export_turtlesim__rosidl_generator_pyExport.cmake
[55.650s] -- Installing: /home/nash/PycharmProjects/Celestial_Robot/learn/workspace1/install/turtlesim/share/turtlesim/cmake/export_turtlesim__rosidl_generator_pyExport-noconfig.cmake
[55.651s] -- Installing: /home/nash/PycharmProjects/Celestial_Robot/learn/workspace1/install/turtlesim/share/turtlesim/cmake/rosidl_cmake-extras.cmake
[55.651s] -- Installing: /home/nash/PycharmProjects/Celestial_Robot/learn/workspace1/install/turtlesim/share/turtlesim/cmake/ament_cmake_export_dependencies-extras.cmake
[55.651s] -- Installing: /home/nash/PycharmProjects/Celestial_Robot/learn/workspace1/install/turtlesim/share/turtlesim/cmake/ament_cmake_export_include_directories-extras.cmake
[55.652s] -- Installing: /home/nash/PycharmProjects/Celestial_Robot/learn/workspace1/install/turtlesim/share/turtlesim/cmake/ament_cmake_export_libraries-extras.cmake
[55.652s] -- Installing: /home/nash/PycharmProjects/Celestial_Robot/learn/workspace1/install/turtlesim/share/turtlesim/cmake/ament_cmake_export_targets-extras.cmake
[55.652s] -- Installing: /home/nash/PycharmProjects/Celestial_Robot/learn/workspace1/install/turtlesim/share/turtlesim/cmake/rosidl_cmake_export_typesupport_targets-extras.cmake
[55.653s] -- Installing: /home/nash/PycharmProjects/Celestial_Robot/learn/workspace1/install/turtlesim/share/turtlesim/cmake/rosidl_cmake_export_typesupport_libraries-extras.cmake
[55.653s] -- Installing: /home/nash/PycharmProjects/Celestial_Robot/learn/workspace1/install/turtlesim/share/turtlesim/cmake/turtlesimConfig.cmake
[55.653s] -- Installing: /home/nash/PycharmProjects/Celestial_Robot/learn/workspace1/install/turtlesim/share/turtlesim/cmake/turtlesimConfig-version.cmake
[55.654s] -- Installing: /home/nash/PycharmProjects/Celestial_Robot/learn/workspace1/install/turtlesim/share/turtlesim/package.xml
[55.658s] Invoked command in '/home/nash/PycharmProjects/Celestial_Robot/learn/workspace1/build/turtlesim' returned '0': CMAKE_PREFIX_PATH=/opt/ros/humble /usr/bin/cmake --install /home/nash/PycharmProjects/Celestial_Robot/learn/workspace1/build/turtlesim
