[0.751s] Invoking command in '/home/nash/PycharmProjects/Celestial_Robot/learn/ws2/src/python_parameters': PYTHONPATH=/home/nash/PycharmProjects/Celestial_Robot/learn/ws2/build/python_parameters/prefix_override:/home/nash/PycharmProjects/Celestial_Robot/learn/ws2/install/python_parameters/lib/python3.10/site-packages:${PYTHONPATH} /usr/bin/python3 -W ignore:setup.py install is deprecated setup.py egg_info --egg-base ../../build/python_parameters build --build-base /home/nash/PycharmProjects/Celestial_Robot/learn/ws2/build/python_parameters/build install --record /home/nash/PycharmProjects/Celestial_Robot/learn/ws2/build/python_parameters/install.log --single-version-externally-managed install_data
[1.029s] running egg_info
[1.030s] writing ../../build/python_parameters/python_parameters.egg-info/PKG-INFO
[1.030s] writing dependency_links to ../../build/python_parameters/python_parameters.egg-info/dependency_links.txt
[1.030s] writing entry points to ../../build/python_parameters/python_parameters.egg-info/entry_points.txt
[1.031s] writing requirements to ../../build/python_parameters/python_parameters.egg-info/requires.txt
[1.031s] writing top-level names to ../../build/python_parameters/python_parameters.egg-info/top_level.txt
[1.033s] reading manifest file '../../build/python_parameters/python_parameters.egg-info/SOURCES.txt'
[1.033s] adding license file 'LICENSE'
[1.034s] writing manifest file '../../build/python_parameters/python_parameters.egg-info/SOURCES.txt'
[1.034s] running build
[1.034s] running build_py
[1.035s] running install
[1.035s] running install_lib
[1.037s] running install_data
[1.037s] copying launch/python_parameters_launch.py -> /home/nash/PycharmProjects/Celestial_Robot/learn/ws2/install/python_parameters/share/python_parameters
[1.037s] running install_egg_info
[1.039s] removing '/home/nash/PycharmProjects/Celestial_Robot/learn/ws2/install/python_parameters/lib/python3.10/site-packages/python_parameters-0.0.0-py3.10.egg-info' (and everything under it)
[1.040s] Copying ../../build/python_parameters/python_parameters.egg-info to /home/nash/PycharmProjects/Celestial_Robot/learn/ws2/install/python_parameters/lib/python3.10/site-packages/python_parameters-0.0.0-py3.10.egg-info
[1.041s] running install_scripts
[1.065s] Installing minimal_param_node script to /home/nash/PycharmProjects/Celestial_Robot/learn/ws2/install/python_parameters/lib/python_parameters
[1.066s] writing list of installed files to '/home/nash/PycharmProjects/Celestial_Robot/learn/ws2/build/python_parameters/install.log'
[1.092s] Invoked command in '/home/nash/PycharmProjects/Celestial_Robot/learn/ws2/src/python_parameters' returned '0': PYTHONPATH=/home/nash/PycharmProjects/Celestial_Robot/learn/ws2/build/python_parameters/prefix_override:/home/nash/PycharmProjects/Celestial_Robot/learn/ws2/install/python_parameters/lib/python3.10/site-packages:${PYTHONPATH} /usr/bin/python3 -W ignore:setup.py install is deprecated setup.py egg_info --egg-base ../../build/python_parameters build --build-base /home/nash/PycharmProjects/Celestial_Robot/learn/ws2/build/python_parameters/build install --record /home/nash/PycharmProjects/Celestial_Robot/learn/ws2/build/python_parameters/install.log --single-version-externally-managed install_data
