[0.563s] Invoking command in '/home/nash/PycharmProjects/Celestial_Robot/learn/workspace1/src/py_pubsub': PYTHONPATH=/home/nash/PycharmProjects/Celestial_Robot/learn/workspace1/build/py_pubsub/prefix_override:/home/nash/PycharmProjects/Celestial_Robot/learn/workspace1/install/py_pubsub/lib/python3.10/site-packages: /usr/bin/python3 -W ignore:setup.py install is deprecated setup.py egg_info --egg-base ../../build/py_pubsub build --build-base /home/nash/PycharmProjects/Celestial_Robot/learn/workspace1/build/py_pubsub/build install --record /home/nash/PycharmProjects/Celestial_Robot/learn/workspace1/build/py_pubsub/install.log --single-version-externally-managed install_data
[0.766s] running egg_info
[0.766s] creating ../../build/py_pubsub/py_pubsub.egg-info
[0.766s] writing ../../build/py_pubsub/py_pubsub.egg-info/PKG-INFO
[0.767s] writing dependency_links to ../../build/py_pubsub/py_pubsub.egg-info/dependency_links.txt
[0.767s] writing entry points to ../../build/py_pubsub/py_pubsub.egg-info/entry_points.txt
[0.767s] writing requirements to ../../build/py_pubsub/py_pubsub.egg-info/requires.txt
[0.767s] writing top-level names to ../../build/py_pubsub/py_pubsub.egg-info/top_level.txt
[0.767s] writing manifest file '../../build/py_pubsub/py_pubsub.egg-info/SOURCES.txt'
[0.769s] reading manifest file '../../build/py_pubsub/py_pubsub.egg-info/SOURCES.txt'
[0.769s] adding license file 'LICENSE'
[0.770s] writing manifest file '../../build/py_pubsub/py_pubsub.egg-info/SOURCES.txt'
[0.770s] running build
[0.770s] running build_py
[0.771s] creating /home/nash/PycharmProjects/Celestial_Robot/learn/workspace1/build/py_pubsub/build
[0.771s] creating /home/nash/PycharmProjects/Celestial_Robot/learn/workspace1/build/py_pubsub/build/lib
[0.771s] creating /home/nash/PycharmProjects/Celestial_Robot/learn/workspace1/build/py_pubsub/build/lib/py_pubsub
[0.771s] copying py_pubsub/__init__.py -> /home/nash/PycharmProjects/Celestial_Robot/learn/workspace1/build/py_pubsub/build/lib/py_pubsub
[0.771s] copying py_pubsub/subscriber_member_function.py -> /home/nash/PycharmProjects/Celestial_Robot/learn/workspace1/build/py_pubsub/build/lib/py_pubsub
[0.771s] copying py_pubsub/publisher_member_function.py -> /home/nash/PycharmProjects/Celestial_Robot/learn/workspace1/build/py_pubsub/build/lib/py_pubsub
[0.771s] running install
[0.772s] running install_lib
[0.772s] creating /home/nash/PycharmProjects/Celestial_Robot/learn/workspace1/install/py_pubsub/lib/python3.10/site-packages/py_pubsub
[0.773s] copying /home/nash/PycharmProjects/Celestial_Robot/learn/workspace1/build/py_pubsub/build/lib/py_pubsub/__init__.py -> /home/nash/PycharmProjects/Celestial_Robot/learn/workspace1/install/py_pubsub/lib/python3.10/site-packages/py_pubsub
[0.773s] copying /home/nash/PycharmProjects/Celestial_Robot/learn/workspace1/build/py_pubsub/build/lib/py_pubsub/subscriber_member_function.py -> /home/nash/PycharmProjects/Celestial_Robot/learn/workspace1/install/py_pubsub/lib/python3.10/site-packages/py_pubsub
[0.773s] copying /home/nash/PycharmProjects/Celestial_Robot/learn/workspace1/build/py_pubsub/build/lib/py_pubsub/publisher_member_function.py -> /home/nash/PycharmProjects/Celestial_Robot/learn/workspace1/install/py_pubsub/lib/python3.10/site-packages/py_pubsub
[0.774s] byte-compiling /home/nash/PycharmProjects/Celestial_Robot/learn/workspace1/install/py_pubsub/lib/python3.10/site-packages/py_pubsub/__init__.py to __init__.cpython-310.pyc
[0.774s] byte-compiling /home/nash/PycharmProjects/Celestial_Robot/learn/workspace1/install/py_pubsub/lib/python3.10/site-packages/py_pubsub/subscriber_member_function.py to subscriber_member_function.cpython-310.pyc
[0.774s] byte-compiling /home/nash/PycharmProjects/Celestial_Robot/learn/workspace1/install/py_pubsub/lib/python3.10/site-packages/py_pubsub/publisher_member_function.py to publisher_member_function.cpython-310.pyc
[0.775s] running install_data
[0.775s] creating /home/nash/PycharmProjects/Celestial_Robot/learn/workspace1/install/py_pubsub/share/ament_index
[0.775s] creating /home/nash/PycharmProjects/Celestial_Robot/learn/workspace1/install/py_pubsub/share/ament_index/resource_index
[0.775s] creating /home/nash/PycharmProjects/Celestial_Robot/learn/workspace1/install/py_pubsub/share/ament_index/resource_index/packages
[0.776s] copying resource/py_pubsub -> /home/nash/PycharmProjects/Celestial_Robot/learn/workspace1/install/py_pubsub/share/ament_index/resource_index/packages
[0.776s] copying package.xml -> /home/nash/PycharmProjects/Celestial_Robot/learn/workspace1/install/py_pubsub/share/py_pubsub
[0.776s] running install_egg_info
[0.780s] Copying ../../build/py_pubsub/py_pubsub.egg-info to /home/nash/PycharmProjects/Celestial_Robot/learn/workspace1/install/py_pubsub/lib/python3.10/site-packages/py_pubsub-0.0.0-py3.10.egg-info
[0.781s] running install_scripts
[0.804s] Installing listener script to /home/nash/PycharmProjects/Celestial_Robot/learn/workspace1/install/py_pubsub/lib/py_pubsub
[0.804s] Installing talker script to /home/nash/PycharmProjects/Celestial_Robot/learn/workspace1/install/py_pubsub/lib/py_pubsub
[0.805s] writing list of installed files to '/home/nash/PycharmProjects/Celestial_Robot/learn/workspace1/build/py_pubsub/install.log'
[0.832s] Invoked command in '/home/nash/PycharmProjects/Celestial_Robot/learn/workspace1/src/py_pubsub' returned '0': PYTHONPATH=/home/nash/PycharmProjects/Celestial_Robot/learn/workspace1/build/py_pubsub/prefix_override:/home/nash/PycharmProjects/Celestial_Robot/learn/workspace1/install/py_pubsub/lib/python3.10/site-packages: /usr/bin/python3 -W ignore:setup.py install is deprecated setup.py egg_info --egg-base ../../build/py_pubsub build --build-base /home/nash/PycharmProjects/Celestial_Robot/learn/workspace1/build/py_pubsub/build install --record /home/nash/PycharmProjects/Celestial_Robot/learn/workspace1/build/py_pubsub/install.log --single-version-externally-managed install_data
