[0.011s] Invoking command in '/home/nash/PycharmProjects/Celestial_Robot/learn/workspace1/build/tutorial_interfaces': CMAKE_PREFIX_PATH=/opt/ros/humble /usr/bin/cmake /home/nash/PycharmProjects/Celestial_Robot/learn/workspace1/src/tutorial_interfaces -DCMAKE_INSTALL_PREFIX=/home/nash/PycharmProjects/Celestial_Robot/learn/workspace1/install/tutorial_interfaces
[0.081s] -- The C compiler identification is GNU 11.4.0
[0.147s] -- The CXX compiler identification is GNU 11.4.0
[0.156s] -- Detecting C compiler ABI info
[0.240s] -- Detecting C compiler ABI info - done
[0.250s] -- Check for working C compiler: /usr/bin/cc - skipped
[0.250s] -- Detecting C compile features
[0.251s] -- Detecting C compile features - done
[0.254s] -- Detecting CXX compiler ABI info
[0.351s] -- Detecting CXX compiler ABI info - done
[0.359s] -- Check for working CXX compiler: /usr/bin/c++ - skipped
[0.360s] -- Detecting CXX compile features
[0.360s] -- Detecting CXX compile features - done
[0.363s] -- Found ament_cmake: 1.3.9 (/opt/ros/humble/share/ament_cmake/cmake)
[0.531s] -- Found Python3: /usr/bin/python3 (found version "3.10.12") found components: Interpreter 
[0.636s] -- Found ament_lint_auto: 0.12.11 (/opt/ros/humble/share/ament_lint_auto/cmake)
[0.741s] -- Added test 'lint_cmake' to check CMake code style
[0.744s] -- Added test 'xmllint' to check XML markup files
[0.748s] -- Found geometry_msgs: 4.2.4 (/opt/ros/humble/share/geometry_msgs/cmake)
[0.792s] -- Found rosidl_generator_c: 3.1.5 (/opt/ros/humble/share/rosidl_generator_c/cmake)
[0.798s] -- Found rosidl_adapter: 3.1.5 (/opt/ros/humble/share/rosidl_adapter/cmake)
[0.809s] -- Found rosidl_generator_cpp: 3.1.5 (/opt/ros/humble/share/rosidl_generator_cpp/cmake)
[0.826s] -- Using all available rosidl_typesupport_c: rosidl_typesupport_fastrtps_c;rosidl_typesupport_introspection_c
[0.849s] -- Using all available rosidl_typesupport_cpp: rosidl_typesupport_fastrtps_cpp;rosidl_typesupport_introspection_cpp
[1.001s] -- Found rosidl_default_generators: 1.2.0 (/opt/ros/humble/share/rosidl_default_generators/cmake)
[1.011s] [31mCMake Error at /opt/ros/humble/share/rosidl_cmake/cmake/rosidl_generate_interfaces.cmake:64 (message):
[1.012s]   rosidl_generate_interfaces() must be called before ament_package()
[1.012s] Call Stack (most recent call first):
[1.012s]   CMakeLists.txt:31 (rosidl_generate_interfaces)
[1.012s] 
[1.012s] [0m
[1.012s] -- Configuring incomplete, errors occurred!
[1.012s] See also "/home/nash/PycharmProjects/Celestial_Robot/learn/workspace1/build/tutorial_interfaces/CMakeFiles/CMakeOutput.log".
[1.019s] Invoked command in '/home/nash/PycharmProjects/Celestial_Robot/learn/workspace1/build/tutorial_interfaces' returned '1': CMAKE_PREFIX_PATH=/opt/ros/humble /usr/bin/cmake /home/nash/PycharmProjects/Celestial_Robot/learn/workspace1/src/tutorial_interfaces -DCMAKE_INSTALL_PREFIX=/home/nash/PycharmProjects/Celestial_Robot/learn/workspace1/install/tutorial_interfaces
