[0.857s] Invoking command in '/home/nash/PycharmProjects/Celestial_Robot/learn/workspace1/src/py_pubsub': PYTHONPATH=/home/nash/PycharmProjects/Celestial_Robot/learn/workspace1/build/py_pubsub/prefix_override:/home/nash/PycharmProjects/Celestial_Robot/learn/workspace1/install/py_pubsub/lib/python3.10/site-packages:${PYTHONPATH} /usr/bin/python3 -W ignore:setup.py install is deprecated setup.py egg_info --egg-base ../../build/py_pubsub build --build-base /home/nash/PycharmProjects/Celestial_Robot/learn/workspace1/build/py_pubsub/build install --record /home/nash/PycharmProjects/Celestial_Robot/learn/workspace1/build/py_pubsub/install.log --single-version-externally-managed install_data
[1.110s] running egg_info
[1.111s] writing ../../build/py_pubsub/py_pubsub.egg-info/PKG-INFO
[1.112s] writing dependency_links to ../../build/py_pubsub/py_pubsub.egg-info/dependency_links.txt
[1.112s] writing entry points to ../../build/py_pubsub/py_pubsub.egg-info/entry_points.txt
[1.112s] writing requirements to ../../build/py_pubsub/py_pubsub.egg-info/requires.txt
[1.112s] writing top-level names to ../../build/py_pubsub/py_pubsub.egg-info/top_level.txt
[1.115s] reading manifest file '../../build/py_pubsub/py_pubsub.egg-info/SOURCES.txt'
[1.115s] adding license file 'LICENSE'
[1.118s] writing manifest file '../../build/py_pubsub/py_pubsub.egg-info/SOURCES.txt'
[1.118s] running build
[1.118s] running build_py
[1.121s] running install
[1.123s] running install_lib
[1.130s] running install_data
[1.130s] running install_egg_info
[1.133s] removing '/home/nash/PycharmProjects/Celestial_Robot/learn/workspace1/install/py_pubsub/lib/python3.10/site-packages/py_pubsub-0.0.0-py3.10.egg-info' (and everything under it)
[1.135s] Copying ../../build/py_pubsub/py_pubsub.egg-info to /home/nash/PycharmProjects/Celestial_Robot/learn/workspace1/install/py_pubsub/lib/python3.10/site-packages/py_pubsub-0.0.0-py3.10.egg-info
[1.137s] running install_scripts
[1.165s] Installing listener script to /home/nash/PycharmProjects/Celestial_Robot/learn/workspace1/install/py_pubsub/lib/py_pubsub
[1.165s] Installing talker script to /home/nash/PycharmProjects/Celestial_Robot/learn/workspace1/install/py_pubsub/lib/py_pubsub
[1.165s] writing list of installed files to '/home/nash/PycharmProjects/Celestial_Robot/learn/workspace1/build/py_pubsub/install.log'
[1.198s] Invoked command in '/home/nash/PycharmProjects/Celestial_Robot/learn/workspace1/src/py_pubsub' returned '0': PYTHONPATH=/home/nash/PycharmProjects/Celestial_Robot/learn/workspace1/build/py_pubsub/prefix_override:/home/nash/PycharmProjects/Celestial_Robot/learn/workspace1/install/py_pubsub/lib/python3.10/site-packages:${PYTHONPATH} /usr/bin/python3 -W ignore:setup.py install is deprecated setup.py egg_info --egg-base ../../build/py_pubsub build --build-base /home/nash/PycharmProjects/Celestial_Robot/learn/workspace1/build/py_pubsub/build install --record /home/nash/PycharmProjects/Celestial_Robot/learn/workspace1/build/py_pubsub/install.log --single-version-externally-managed install_data
